[2024-12-17T23:52:55.335+0000] {processor.py:157} INFO - Started process (PID=57) to work on /opt/airflow/dags/analysis_dag.py
[2024-12-17T23:52:55.337+0000] {processor.py:829} INFO - Processing file /opt/airflow/dags/analysis_dag.py for tasks to queue
[2024-12-17T23:52:55.341+0000] {logging_mixin.py:151} INFO - [2024-12-17T23:52:55.341+0000] {dagbag.py:539} INFO - Filling up the DagBag from /opt/airflow/dags/analysis_dag.py
[2024-12-17T23:53:00.205+0000] {processor.py:839} INFO - DAG(s) dict_keys(['youtube_analysis_dag']) retrieved from /opt/airflow/dags/analysis_dag.py
[2024-12-17T23:53:00.328+0000] {logging_mixin.py:151} INFO - [2024-12-17T23:53:00.327+0000] {manager.py:501} INFO - Created Permission View: can read on DAG:youtube_analysis_dag
[2024-12-17T23:53:00.346+0000] {logging_mixin.py:151} INFO - [2024-12-17T23:53:00.345+0000] {manager.py:501} INFO - Created Permission View: can edit on DAG:youtube_analysis_dag
[2024-12-17T23:53:00.359+0000] {logging_mixin.py:151} INFO - [2024-12-17T23:53:00.358+0000] {manager.py:501} INFO - Created Permission View: can delete on DAG:youtube_analysis_dag
[2024-12-17T23:53:00.380+0000] {logging_mixin.py:151} INFO - [2024-12-17T23:53:00.379+0000] {dag.py:2907} INFO - Sync 1 DAGs
[2024-12-17T23:53:00.396+0000] {logging_mixin.py:151} INFO - [2024-12-17T23:53:00.395+0000] {dag.py:2929} INFO - Creating ORM DAG for youtube_analysis_dag
[2024-12-17T23:53:00.397+0000] {logging_mixin.py:151} INFO - [2024-12-17T23:53:00.396+0000] {dag.py:3677} INFO - Setting next_dagrun for youtube_analysis_dag to None, run_after=None
[2024-12-17T23:53:00.422+0000] {processor.py:179} INFO - Processing /opt/airflow/dags/analysis_dag.py took 5.093 seconds
[2024-12-17T23:53:31.225+0000] {processor.py:157} INFO - Started process (PID=133) to work on /opt/airflow/dags/analysis_dag.py
[2024-12-17T23:53:31.227+0000] {processor.py:829} INFO - Processing file /opt/airflow/dags/analysis_dag.py for tasks to queue
[2024-12-17T23:53:31.233+0000] {logging_mixin.py:151} INFO - [2024-12-17T23:53:31.232+0000] {dagbag.py:539} INFO - Filling up the DagBag from /opt/airflow/dags/analysis_dag.py
[2024-12-17T23:53:34.227+0000] {processor.py:839} INFO - DAG(s) dict_keys(['youtube_analysis_dag']) retrieved from /opt/airflow/dags/analysis_dag.py
[2024-12-17T23:53:34.243+0000] {logging_mixin.py:151} INFO - [2024-12-17T23:53:34.242+0000] {dag.py:2907} INFO - Sync 1 DAGs
[2024-12-17T23:53:34.254+0000] {logging_mixin.py:151} INFO - [2024-12-17T23:53:34.254+0000] {dag.py:3677} INFO - Setting next_dagrun for youtube_analysis_dag to None, run_after=None
[2024-12-17T23:53:34.271+0000] {processor.py:179} INFO - Processing /opt/airflow/dags/analysis_dag.py took 3.052 seconds
[2024-12-17T23:54:04.323+0000] {processor.py:157} INFO - Started process (PID=214) to work on /opt/airflow/dags/analysis_dag.py
[2024-12-17T23:54:04.325+0000] {processor.py:829} INFO - Processing file /opt/airflow/dags/analysis_dag.py for tasks to queue
[2024-12-17T23:54:04.328+0000] {logging_mixin.py:151} INFO - [2024-12-17T23:54:04.327+0000] {dagbag.py:539} INFO - Filling up the DagBag from /opt/airflow/dags/analysis_dag.py
[2024-12-17T23:54:06.483+0000] {processor.py:839} INFO - DAG(s) dict_keys(['youtube_analysis_dag']) retrieved from /opt/airflow/dags/analysis_dag.py
[2024-12-17T23:54:06.498+0000] {logging_mixin.py:151} INFO - [2024-12-17T23:54:06.497+0000] {dag.py:2907} INFO - Sync 1 DAGs
[2024-12-17T23:54:06.508+0000] {logging_mixin.py:151} INFO - [2024-12-17T23:54:06.508+0000] {dag.py:3677} INFO - Setting next_dagrun for youtube_analysis_dag to None, run_after=None
[2024-12-17T23:54:06.526+0000] {processor.py:179} INFO - Processing /opt/airflow/dags/analysis_dag.py took 2.206 seconds
[2024-12-17T23:54:37.194+0000] {processor.py:157} INFO - Started process (PID=282) to work on /opt/airflow/dags/analysis_dag.py
[2024-12-17T23:54:37.195+0000] {processor.py:829} INFO - Processing file /opt/airflow/dags/analysis_dag.py for tasks to queue
[2024-12-17T23:54:37.198+0000] {logging_mixin.py:151} INFO - [2024-12-17T23:54:37.198+0000] {dagbag.py:539} INFO - Filling up the DagBag from /opt/airflow/dags/analysis_dag.py
[2024-12-17T23:54:39.263+0000] {processor.py:839} INFO - DAG(s) dict_keys(['youtube_analysis_dag']) retrieved from /opt/airflow/dags/analysis_dag.py
[2024-12-17T23:54:39.281+0000] {logging_mixin.py:151} INFO - [2024-12-17T23:54:39.281+0000] {dag.py:2907} INFO - Sync 1 DAGs
[2024-12-17T23:54:39.294+0000] {logging_mixin.py:151} INFO - [2024-12-17T23:54:39.294+0000] {dag.py:3677} INFO - Setting next_dagrun for youtube_analysis_dag to None, run_after=None
[2024-12-17T23:54:39.343+0000] {processor.py:179} INFO - Processing /opt/airflow/dags/analysis_dag.py took 2.154 seconds
[2024-12-17T23:55:09.425+0000] {processor.py:157} INFO - Started process (PID=344) to work on /opt/airflow/dags/analysis_dag.py
[2024-12-17T23:55:09.427+0000] {processor.py:829} INFO - Processing file /opt/airflow/dags/analysis_dag.py for tasks to queue
[2024-12-17T23:55:09.431+0000] {logging_mixin.py:151} INFO - [2024-12-17T23:55:09.430+0000] {dagbag.py:539} INFO - Filling up the DagBag from /opt/airflow/dags/analysis_dag.py
[2024-12-17T23:55:11.684+0000] {processor.py:839} INFO - DAG(s) dict_keys(['youtube_analysis_dag']) retrieved from /opt/airflow/dags/analysis_dag.py
[2024-12-17T23:55:11.703+0000] {logging_mixin.py:151} INFO - [2024-12-17T23:55:11.702+0000] {dag.py:2907} INFO - Sync 1 DAGs
[2024-12-17T23:55:11.718+0000] {logging_mixin.py:151} INFO - [2024-12-17T23:55:11.718+0000] {dag.py:3677} INFO - Setting next_dagrun for youtube_analysis_dag to None, run_after=None
[2024-12-17T23:55:11.738+0000] {processor.py:179} INFO - Processing /opt/airflow/dags/analysis_dag.py took 2.317 seconds
[2024-12-17T23:55:41.776+0000] {processor.py:157} INFO - Started process (PID=417) to work on /opt/airflow/dags/analysis_dag.py
[2024-12-17T23:55:41.777+0000] {processor.py:829} INFO - Processing file /opt/airflow/dags/analysis_dag.py for tasks to queue
[2024-12-17T23:55:41.780+0000] {logging_mixin.py:151} INFO - [2024-12-17T23:55:41.780+0000] {dagbag.py:539} INFO - Filling up the DagBag from /opt/airflow/dags/analysis_dag.py
[2024-12-17T23:55:43.831+0000] {processor.py:839} INFO - DAG(s) dict_keys(['youtube_analysis_dag']) retrieved from /opt/airflow/dags/analysis_dag.py
[2024-12-17T23:55:43.846+0000] {logging_mixin.py:151} INFO - [2024-12-17T23:55:43.846+0000] {dag.py:2907} INFO - Sync 1 DAGs
[2024-12-17T23:55:43.857+0000] {logging_mixin.py:151} INFO - [2024-12-17T23:55:43.857+0000] {dag.py:3677} INFO - Setting next_dagrun for youtube_analysis_dag to None, run_after=None
[2024-12-17T23:55:43.878+0000] {processor.py:179} INFO - Processing /opt/airflow/dags/analysis_dag.py took 2.106 seconds
[2024-12-17T23:56:14.135+0000] {processor.py:157} INFO - Started process (PID=484) to work on /opt/airflow/dags/analysis_dag.py
[2024-12-17T23:56:14.137+0000] {processor.py:829} INFO - Processing file /opt/airflow/dags/analysis_dag.py for tasks to queue
[2024-12-17T23:56:14.141+0000] {logging_mixin.py:151} INFO - [2024-12-17T23:56:14.140+0000] {dagbag.py:539} INFO - Filling up the DagBag from /opt/airflow/dags/analysis_dag.py
[2024-12-17T23:56:16.190+0000] {processor.py:839} INFO - DAG(s) dict_keys(['youtube_analysis_dag']) retrieved from /opt/airflow/dags/analysis_dag.py
[2024-12-17T23:56:16.206+0000] {logging_mixin.py:151} INFO - [2024-12-17T23:56:16.205+0000] {dag.py:2907} INFO - Sync 1 DAGs
[2024-12-17T23:56:16.220+0000] {logging_mixin.py:151} INFO - [2024-12-17T23:56:16.219+0000] {dag.py:3677} INFO - Setting next_dagrun for youtube_analysis_dag to None, run_after=None
[2024-12-17T23:56:16.239+0000] {processor.py:179} INFO - Processing /opt/airflow/dags/analysis_dag.py took 2.108 seconds
[2024-12-17T23:56:46.547+0000] {processor.py:157} INFO - Started process (PID=546) to work on /opt/airflow/dags/analysis_dag.py
[2024-12-17T23:56:46.548+0000] {processor.py:829} INFO - Processing file /opt/airflow/dags/analysis_dag.py for tasks to queue
[2024-12-17T23:56:46.552+0000] {logging_mixin.py:151} INFO - [2024-12-17T23:56:46.551+0000] {dagbag.py:539} INFO - Filling up the DagBag from /opt/airflow/dags/analysis_dag.py
[2024-12-17T23:56:48.547+0000] {processor.py:839} INFO - DAG(s) dict_keys(['youtube_analysis_dag']) retrieved from /opt/airflow/dags/analysis_dag.py
[2024-12-17T23:56:48.563+0000] {logging_mixin.py:151} INFO - [2024-12-17T23:56:48.562+0000] {dag.py:2907} INFO - Sync 1 DAGs
[2024-12-17T23:56:48.575+0000] {logging_mixin.py:151} INFO - [2024-12-17T23:56:48.574+0000] {dag.py:3677} INFO - Setting next_dagrun for youtube_analysis_dag to None, run_after=None
[2024-12-17T23:56:48.592+0000] {processor.py:179} INFO - Processing /opt/airflow/dags/analysis_dag.py took 2.050 seconds
[2024-12-17T23:57:18.796+0000] {processor.py:157} INFO - Started process (PID=608) to work on /opt/airflow/dags/analysis_dag.py
[2024-12-17T23:57:18.797+0000] {processor.py:829} INFO - Processing file /opt/airflow/dags/analysis_dag.py for tasks to queue
[2024-12-17T23:57:18.801+0000] {logging_mixin.py:151} INFO - [2024-12-17T23:57:18.800+0000] {dagbag.py:539} INFO - Filling up the DagBag from /opt/airflow/dags/analysis_dag.py
[2024-12-17T23:57:20.768+0000] {processor.py:839} INFO - DAG(s) dict_keys(['youtube_analysis_dag']) retrieved from /opt/airflow/dags/analysis_dag.py
[2024-12-17T23:57:20.784+0000] {logging_mixin.py:151} INFO - [2024-12-17T23:57:20.784+0000] {dag.py:2907} INFO - Sync 1 DAGs
[2024-12-17T23:57:20.797+0000] {logging_mixin.py:151} INFO - [2024-12-17T23:57:20.796+0000] {dag.py:3677} INFO - Setting next_dagrun for youtube_analysis_dag to None, run_after=None
[2024-12-17T23:57:20.831+0000] {processor.py:179} INFO - Processing /opt/airflow/dags/analysis_dag.py took 2.040 seconds
[2024-12-17T23:57:51.244+0000] {processor.py:157} INFO - Started process (PID=670) to work on /opt/airflow/dags/analysis_dag.py
[2024-12-17T23:57:51.246+0000] {processor.py:829} INFO - Processing file /opt/airflow/dags/analysis_dag.py for tasks to queue
[2024-12-17T23:57:51.252+0000] {logging_mixin.py:151} INFO - [2024-12-17T23:57:51.251+0000] {dagbag.py:539} INFO - Filling up the DagBag from /opt/airflow/dags/analysis_dag.py
[2024-12-17T23:57:53.268+0000] {processor.py:839} INFO - DAG(s) dict_keys(['youtube_analysis_dag']) retrieved from /opt/airflow/dags/analysis_dag.py
[2024-12-17T23:57:53.282+0000] {logging_mixin.py:151} INFO - [2024-12-17T23:57:53.282+0000] {dag.py:2907} INFO - Sync 1 DAGs
[2024-12-17T23:57:53.294+0000] {logging_mixin.py:151} INFO - [2024-12-17T23:57:53.294+0000] {dag.py:3677} INFO - Setting next_dagrun for youtube_analysis_dag to None, run_after=None
[2024-12-17T23:57:53.326+0000] {processor.py:179} INFO - Processing /opt/airflow/dags/analysis_dag.py took 2.090 seconds
[2024-12-17T23:58:23.593+0000] {processor.py:157} INFO - Started process (PID=732) to work on /opt/airflow/dags/analysis_dag.py
[2024-12-17T23:58:23.594+0000] {processor.py:829} INFO - Processing file /opt/airflow/dags/analysis_dag.py for tasks to queue
[2024-12-17T23:58:23.598+0000] {logging_mixin.py:151} INFO - [2024-12-17T23:58:23.598+0000] {dagbag.py:539} INFO - Filling up the DagBag from /opt/airflow/dags/analysis_dag.py
[2024-12-17T23:58:25.588+0000] {processor.py:839} INFO - DAG(s) dict_keys(['youtube_analysis_dag']) retrieved from /opt/airflow/dags/analysis_dag.py
[2024-12-17T23:58:25.604+0000] {logging_mixin.py:151} INFO - [2024-12-17T23:58:25.603+0000] {dag.py:2907} INFO - Sync 1 DAGs
[2024-12-17T23:58:25.615+0000] {logging_mixin.py:151} INFO - [2024-12-17T23:58:25.614+0000] {dag.py:3677} INFO - Setting next_dagrun for youtube_analysis_dag to None, run_after=None
[2024-12-17T23:58:25.631+0000] {processor.py:179} INFO - Processing /opt/airflow/dags/analysis_dag.py took 2.043 seconds
[2024-12-17T23:58:55.956+0000] {processor.py:157} INFO - Started process (PID=794) to work on /opt/airflow/dags/analysis_dag.py
[2024-12-17T23:58:55.957+0000] {processor.py:829} INFO - Processing file /opt/airflow/dags/analysis_dag.py for tasks to queue
[2024-12-17T23:58:55.960+0000] {logging_mixin.py:151} INFO - [2024-12-17T23:58:55.960+0000] {dagbag.py:539} INFO - Filling up the DagBag from /opt/airflow/dags/analysis_dag.py
[2024-12-17T23:58:57.989+0000] {processor.py:839} INFO - DAG(s) dict_keys(['youtube_analysis_dag']) retrieved from /opt/airflow/dags/analysis_dag.py
[2024-12-17T23:58:58.005+0000] {logging_mixin.py:151} INFO - [2024-12-17T23:58:58.004+0000] {dag.py:2907} INFO - Sync 1 DAGs
[2024-12-17T23:58:58.017+0000] {logging_mixin.py:151} INFO - [2024-12-17T23:58:58.016+0000] {dag.py:3677} INFO - Setting next_dagrun for youtube_analysis_dag to None, run_after=None
[2024-12-17T23:58:58.048+0000] {processor.py:179} INFO - Processing /opt/airflow/dags/analysis_dag.py took 2.096 seconds
[2024-12-17T23:59:28.139+0000] {processor.py:157} INFO - Started process (PID=863) to work on /opt/airflow/dags/analysis_dag.py
[2024-12-17T23:59:28.141+0000] {processor.py:829} INFO - Processing file /opt/airflow/dags/analysis_dag.py for tasks to queue
[2024-12-17T23:59:28.145+0000] {logging_mixin.py:151} INFO - [2024-12-17T23:59:28.144+0000] {dagbag.py:539} INFO - Filling up the DagBag from /opt/airflow/dags/analysis_dag.py
[2024-12-17T23:59:30.109+0000] {processor.py:839} INFO - DAG(s) dict_keys(['youtube_analysis_dag']) retrieved from /opt/airflow/dags/analysis_dag.py
[2024-12-17T23:59:30.124+0000] {logging_mixin.py:151} INFO - [2024-12-17T23:59:30.123+0000] {dag.py:2907} INFO - Sync 1 DAGs
[2024-12-17T23:59:30.135+0000] {logging_mixin.py:151} INFO - [2024-12-17T23:59:30.135+0000] {dag.py:3677} INFO - Setting next_dagrun for youtube_analysis_dag to None, run_after=None
[2024-12-17T23:59:30.159+0000] {processor.py:179} INFO - Processing /opt/airflow/dags/analysis_dag.py took 2.024 seconds
