[2024-12-17T23:52:56.966+0000] {processor.py:157} INFO - Started process (PID=65) to work on /opt/airflow/dags/scraping_dag.py
[2024-12-17T23:52:56.967+0000] {processor.py:829} INFO - Processing file /opt/airflow/dags/scraping_dag.py for tasks to queue
[2024-12-17T23:52:56.971+0000] {logging_mixin.py:151} INFO - [2024-12-17T23:52:56.970+0000] {dagbag.py:539} INFO - Filling up the DagBag from /opt/airflow/dags/scraping_dag.py
[2024-12-17T23:52:57.747+0000] {processor.py:839} INFO - DAG(s) dict_keys(['youtube_scraping_dag']) retrieved from /opt/airflow/dags/scraping_dag.py
[2024-12-17T23:52:57.918+0000] {logging_mixin.py:151} INFO - [2024-12-17T23:52:57.917+0000] {manager.py:501} INFO - Created Permission View: can read on DAG:youtube_scraping_dag
[2024-12-17T23:52:57.933+0000] {logging_mixin.py:151} INFO - [2024-12-17T23:52:57.932+0000] {manager.py:501} INFO - Created Permission View: can edit on DAG:youtube_scraping_dag
[2024-12-17T23:52:57.950+0000] {logging_mixin.py:151} INFO - [2024-12-17T23:52:57.949+0000] {manager.py:501} INFO - Created Permission View: can delete on DAG:youtube_scraping_dag
[2024-12-17T23:52:57.969+0000] {logging_mixin.py:151} INFO - [2024-12-17T23:52:57.969+0000] {dag.py:2907} INFO - Sync 1 DAGs
[2024-12-17T23:52:57.984+0000] {logging_mixin.py:151} INFO - [2024-12-17T23:52:57.984+0000] {dag.py:2929} INFO - Creating ORM DAG for youtube_scraping_dag
[2024-12-17T23:52:58.005+0000] {logging_mixin.py:151} INFO - [2024-12-17T23:52:58.004+0000] {dag.py:3677} INFO - Setting next_dagrun for youtube_scraping_dag to 2024-12-16T00:00:00+00:00, run_after=2024-12-17T00:00:00+00:00
[2024-12-17T23:52:58.034+0000] {processor.py:179} INFO - Processing /opt/airflow/dags/scraping_dag.py took 1.073 seconds
[2024-12-17T23:53:28.432+0000] {processor.py:157} INFO - Started process (PID=126) to work on /opt/airflow/dags/scraping_dag.py
[2024-12-17T23:53:28.433+0000] {processor.py:829} INFO - Processing file /opt/airflow/dags/scraping_dag.py for tasks to queue
[2024-12-17T23:53:28.437+0000] {logging_mixin.py:151} INFO - [2024-12-17T23:53:28.436+0000] {dagbag.py:539} INFO - Filling up the DagBag from /opt/airflow/dags/scraping_dag.py
[2024-12-17T23:53:28.830+0000] {processor.py:839} INFO - DAG(s) dict_keys(['youtube_scraping_dag']) retrieved from /opt/airflow/dags/scraping_dag.py
[2024-12-17T23:53:28.848+0000] {logging_mixin.py:151} INFO - [2024-12-17T23:53:28.848+0000] {dag.py:2907} INFO - Sync 1 DAGs
[2024-12-17T23:53:28.877+0000] {logging_mixin.py:151} INFO - [2024-12-17T23:53:28.877+0000] {dag.py:3677} INFO - Setting next_dagrun for youtube_scraping_dag to 2024-12-16T00:00:00+00:00, run_after=2024-12-17T00:00:00+00:00
[2024-12-17T23:53:28.905+0000] {processor.py:179} INFO - Processing /opt/airflow/dags/scraping_dag.py took 0.479 seconds
[2024-12-17T23:53:59.498+0000] {processor.py:157} INFO - Started process (PID=188) to work on /opt/airflow/dags/scraping_dag.py
[2024-12-17T23:53:59.499+0000] {processor.py:829} INFO - Processing file /opt/airflow/dags/scraping_dag.py for tasks to queue
[2024-12-17T23:53:59.502+0000] {logging_mixin.py:151} INFO - [2024-12-17T23:53:59.501+0000] {dagbag.py:539} INFO - Filling up the DagBag from /opt/airflow/dags/scraping_dag.py
[2024-12-17T23:53:59.874+0000] {processor.py:839} INFO - DAG(s) dict_keys(['youtube_scraping_dag']) retrieved from /opt/airflow/dags/scraping_dag.py
[2024-12-17T23:53:59.898+0000] {logging_mixin.py:151} INFO - [2024-12-17T23:53:59.897+0000] {dag.py:2907} INFO - Sync 1 DAGs
[2024-12-17T23:53:59.925+0000] {logging_mixin.py:151} INFO - [2024-12-17T23:53:59.925+0000] {dag.py:3677} INFO - Setting next_dagrun for youtube_scraping_dag to 2024-12-16T00:00:00+00:00, run_after=2024-12-17T00:00:00+00:00
[2024-12-17T23:53:59.948+0000] {processor.py:179} INFO - Processing /opt/airflow/dags/scraping_dag.py took 0.454 seconds
[2024-12-17T23:54:30.035+0000] {processor.py:157} INFO - Started process (PID=249) to work on /opt/airflow/dags/scraping_dag.py
[2024-12-17T23:54:30.036+0000] {processor.py:829} INFO - Processing file /opt/airflow/dags/scraping_dag.py for tasks to queue
[2024-12-17T23:54:30.041+0000] {logging_mixin.py:151} INFO - [2024-12-17T23:54:30.040+0000] {dagbag.py:539} INFO - Filling up the DagBag from /opt/airflow/dags/scraping_dag.py
[2024-12-17T23:54:30.410+0000] {processor.py:839} INFO - DAG(s) dict_keys(['youtube_scraping_dag']) retrieved from /opt/airflow/dags/scraping_dag.py
[2024-12-17T23:54:30.429+0000] {logging_mixin.py:151} INFO - [2024-12-17T23:54:30.428+0000] {dag.py:2907} INFO - Sync 1 DAGs
[2024-12-17T23:54:30.453+0000] {logging_mixin.py:151} INFO - [2024-12-17T23:54:30.453+0000] {dag.py:3677} INFO - Setting next_dagrun for youtube_scraping_dag to 2024-12-16T00:00:00+00:00, run_after=2024-12-17T00:00:00+00:00
[2024-12-17T23:54:30.481+0000] {processor.py:179} INFO - Processing /opt/airflow/dags/scraping_dag.py took 0.452 seconds
[2024-12-17T23:55:00.646+0000] {processor.py:157} INFO - Started process (PID=310) to work on /opt/airflow/dags/scraping_dag.py
[2024-12-17T23:55:00.647+0000] {processor.py:829} INFO - Processing file /opt/airflow/dags/scraping_dag.py for tasks to queue
[2024-12-17T23:55:00.651+0000] {logging_mixin.py:151} INFO - [2024-12-17T23:55:00.650+0000] {dagbag.py:539} INFO - Filling up the DagBag from /opt/airflow/dags/scraping_dag.py
[2024-12-17T23:55:01.024+0000] {processor.py:839} INFO - DAG(s) dict_keys(['youtube_scraping_dag']) retrieved from /opt/airflow/dags/scraping_dag.py
[2024-12-17T23:55:01.043+0000] {logging_mixin.py:151} INFO - [2024-12-17T23:55:01.042+0000] {dag.py:2907} INFO - Sync 1 DAGs
[2024-12-17T23:55:01.068+0000] {logging_mixin.py:151} INFO - [2024-12-17T23:55:01.068+0000] {dag.py:3677} INFO - Setting next_dagrun for youtube_scraping_dag to 2024-12-16T00:00:00+00:00, run_after=2024-12-17T00:00:00+00:00
[2024-12-17T23:55:01.087+0000] {processor.py:179} INFO - Processing /opt/airflow/dags/scraping_dag.py took 0.446 seconds
[2024-12-17T23:55:31.187+0000] {processor.py:157} INFO - Started process (PID=372) to work on /opt/airflow/dags/scraping_dag.py
[2024-12-17T23:55:31.189+0000] {processor.py:829} INFO - Processing file /opt/airflow/dags/scraping_dag.py for tasks to queue
[2024-12-17T23:55:31.192+0000] {logging_mixin.py:151} INFO - [2024-12-17T23:55:31.192+0000] {dagbag.py:539} INFO - Filling up the DagBag from /opt/airflow/dags/scraping_dag.py
[2024-12-17T23:55:31.609+0000] {processor.py:839} INFO - DAG(s) dict_keys(['youtube_scraping_dag']) retrieved from /opt/airflow/dags/scraping_dag.py
[2024-12-17T23:55:31.632+0000] {logging_mixin.py:151} INFO - [2024-12-17T23:55:31.631+0000] {dag.py:2907} INFO - Sync 1 DAGs
[2024-12-17T23:55:31.658+0000] {logging_mixin.py:151} INFO - [2024-12-17T23:55:31.658+0000] {dag.py:3677} INFO - Setting next_dagrun for youtube_scraping_dag to 2024-12-16T00:00:00+00:00, run_after=2024-12-17T00:00:00+00:00
[2024-12-17T23:55:31.690+0000] {processor.py:179} INFO - Processing /opt/airflow/dags/scraping_dag.py took 0.506 seconds
[2024-12-17T23:56:01.724+0000] {processor.py:157} INFO - Started process (PID=434) to work on /opt/airflow/dags/scraping_dag.py
[2024-12-17T23:56:01.725+0000] {processor.py:829} INFO - Processing file /opt/airflow/dags/scraping_dag.py for tasks to queue
[2024-12-17T23:56:01.729+0000] {logging_mixin.py:151} INFO - [2024-12-17T23:56:01.728+0000] {dagbag.py:539} INFO - Filling up the DagBag from /opt/airflow/dags/scraping_dag.py
[2024-12-17T23:56:02.117+0000] {processor.py:839} INFO - DAG(s) dict_keys(['youtube_scraping_dag']) retrieved from /opt/airflow/dags/scraping_dag.py
[2024-12-17T23:56:02.135+0000] {logging_mixin.py:151} INFO - [2024-12-17T23:56:02.134+0000] {dag.py:2907} INFO - Sync 1 DAGs
[2024-12-17T23:56:02.159+0000] {logging_mixin.py:151} INFO - [2024-12-17T23:56:02.158+0000] {dag.py:3677} INFO - Setting next_dagrun for youtube_scraping_dag to 2024-12-16T00:00:00+00:00, run_after=2024-12-17T00:00:00+00:00
[2024-12-17T23:56:02.182+0000] {processor.py:179} INFO - Processing /opt/airflow/dags/scraping_dag.py took 0.461 seconds
[2024-12-17T23:56:32.418+0000] {processor.py:157} INFO - Started process (PID=495) to work on /opt/airflow/dags/scraping_dag.py
[2024-12-17T23:56:32.420+0000] {processor.py:829} INFO - Processing file /opt/airflow/dags/scraping_dag.py for tasks to queue
[2024-12-17T23:56:32.424+0000] {logging_mixin.py:151} INFO - [2024-12-17T23:56:32.424+0000] {dagbag.py:539} INFO - Filling up the DagBag from /opt/airflow/dags/scraping_dag.py
[2024-12-17T23:56:32.841+0000] {processor.py:839} INFO - DAG(s) dict_keys(['youtube_scraping_dag']) retrieved from /opt/airflow/dags/scraping_dag.py
[2024-12-17T23:56:32.863+0000] {logging_mixin.py:151} INFO - [2024-12-17T23:56:32.861+0000] {dag.py:2907} INFO - Sync 1 DAGs
[2024-12-17T23:56:32.891+0000] {logging_mixin.py:151} INFO - [2024-12-17T23:56:32.890+0000] {dag.py:3677} INFO - Setting next_dagrun for youtube_scraping_dag to 2024-12-16T00:00:00+00:00, run_after=2024-12-17T00:00:00+00:00
[2024-12-17T23:56:32.913+0000] {processor.py:179} INFO - Processing /opt/airflow/dags/scraping_dag.py took 0.499 seconds
[2024-12-17T23:57:03.115+0000] {processor.py:157} INFO - Started process (PID=561) to work on /opt/airflow/dags/scraping_dag.py
[2024-12-17T23:57:03.116+0000] {processor.py:829} INFO - Processing file /opt/airflow/dags/scraping_dag.py for tasks to queue
[2024-12-17T23:57:03.119+0000] {logging_mixin.py:151} INFO - [2024-12-17T23:57:03.119+0000] {dagbag.py:539} INFO - Filling up the DagBag from /opt/airflow/dags/scraping_dag.py
[2024-12-17T23:57:03.493+0000] {processor.py:839} INFO - DAG(s) dict_keys(['youtube_scraping_dag']) retrieved from /opt/airflow/dags/scraping_dag.py
[2024-12-17T23:57:03.510+0000] {logging_mixin.py:151} INFO - [2024-12-17T23:57:03.509+0000] {dag.py:2907} INFO - Sync 1 DAGs
[2024-12-17T23:57:03.535+0000] {logging_mixin.py:151} INFO - [2024-12-17T23:57:03.535+0000] {dag.py:3677} INFO - Setting next_dagrun for youtube_scraping_dag to 2024-12-16T00:00:00+00:00, run_after=2024-12-17T00:00:00+00:00
[2024-12-17T23:57:03.559+0000] {processor.py:179} INFO - Processing /opt/airflow/dags/scraping_dag.py took 0.448 seconds
[2024-12-17T23:57:34.127+0000] {processor.py:157} INFO - Started process (PID=623) to work on /opt/airflow/dags/scraping_dag.py
[2024-12-17T23:57:34.129+0000] {processor.py:829} INFO - Processing file /opt/airflow/dags/scraping_dag.py for tasks to queue
[2024-12-17T23:57:34.132+0000] {logging_mixin.py:151} INFO - [2024-12-17T23:57:34.131+0000] {dagbag.py:539} INFO - Filling up the DagBag from /opt/airflow/dags/scraping_dag.py
[2024-12-17T23:57:34.538+0000] {processor.py:839} INFO - DAG(s) dict_keys(['youtube_scraping_dag']) retrieved from /opt/airflow/dags/scraping_dag.py
[2024-12-17T23:57:34.561+0000] {logging_mixin.py:151} INFO - [2024-12-17T23:57:34.560+0000] {dag.py:2907} INFO - Sync 1 DAGs
[2024-12-17T23:57:34.584+0000] {logging_mixin.py:151} INFO - [2024-12-17T23:57:34.584+0000] {dag.py:3677} INFO - Setting next_dagrun for youtube_scraping_dag to 2024-12-16T00:00:00+00:00, run_after=2024-12-17T00:00:00+00:00
[2024-12-17T23:57:34.755+0000] {processor.py:179} INFO - Processing /opt/airflow/dags/scraping_dag.py took 0.633 seconds
[2024-12-17T23:58:04.816+0000] {processor.py:157} INFO - Started process (PID=686) to work on /opt/airflow/dags/scraping_dag.py
[2024-12-17T23:58:04.818+0000] {processor.py:829} INFO - Processing file /opt/airflow/dags/scraping_dag.py for tasks to queue
[2024-12-17T23:58:04.822+0000] {logging_mixin.py:151} INFO - [2024-12-17T23:58:04.821+0000] {dagbag.py:539} INFO - Filling up the DagBag from /opt/airflow/dags/scraping_dag.py
[2024-12-17T23:58:05.184+0000] {processor.py:839} INFO - DAG(s) dict_keys(['youtube_scraping_dag']) retrieved from /opt/airflow/dags/scraping_dag.py
[2024-12-17T23:58:05.202+0000] {logging_mixin.py:151} INFO - [2024-12-17T23:58:05.202+0000] {dag.py:2907} INFO - Sync 1 DAGs
[2024-12-17T23:58:05.225+0000] {logging_mixin.py:151} INFO - [2024-12-17T23:58:05.224+0000] {dag.py:3677} INFO - Setting next_dagrun for youtube_scraping_dag to 2024-12-16T00:00:00+00:00, run_after=2024-12-17T00:00:00+00:00
[2024-12-17T23:58:05.244+0000] {processor.py:179} INFO - Processing /opt/airflow/dags/scraping_dag.py took 0.432 seconds
[2024-12-17T23:58:35.295+0000] {processor.py:157} INFO - Started process (PID=748) to work on /opt/airflow/dags/scraping_dag.py
[2024-12-17T23:58:35.296+0000] {processor.py:829} INFO - Processing file /opt/airflow/dags/scraping_dag.py for tasks to queue
[2024-12-17T23:58:35.299+0000] {logging_mixin.py:151} INFO - [2024-12-17T23:58:35.299+0000] {dagbag.py:539} INFO - Filling up the DagBag from /opt/airflow/dags/scraping_dag.py
[2024-12-17T23:58:35.647+0000] {processor.py:839} INFO - DAG(s) dict_keys(['youtube_scraping_dag']) retrieved from /opt/airflow/dags/scraping_dag.py
[2024-12-17T23:58:35.667+0000] {logging_mixin.py:151} INFO - [2024-12-17T23:58:35.666+0000] {dag.py:2907} INFO - Sync 1 DAGs
[2024-12-17T23:58:35.690+0000] {logging_mixin.py:151} INFO - [2024-12-17T23:58:35.690+0000] {dag.py:3677} INFO - Setting next_dagrun for youtube_scraping_dag to 2024-12-16T00:00:00+00:00, run_after=2024-12-17T00:00:00+00:00
[2024-12-17T23:58:35.708+0000] {processor.py:179} INFO - Processing /opt/airflow/dags/scraping_dag.py took 0.417 seconds
[2024-12-17T23:59:06.474+0000] {processor.py:157} INFO - Started process (PID=810) to work on /opt/airflow/dags/scraping_dag.py
[2024-12-17T23:59:06.475+0000] {processor.py:829} INFO - Processing file /opt/airflow/dags/scraping_dag.py for tasks to queue
[2024-12-17T23:59:06.480+0000] {logging_mixin.py:151} INFO - [2024-12-17T23:59:06.479+0000] {dagbag.py:539} INFO - Filling up the DagBag from /opt/airflow/dags/scraping_dag.py
[2024-12-17T23:59:06.923+0000] {processor.py:839} INFO - DAG(s) dict_keys(['youtube_scraping_dag']) retrieved from /opt/airflow/dags/scraping_dag.py
[2024-12-17T23:59:06.952+0000] {logging_mixin.py:151} INFO - [2024-12-17T23:59:06.951+0000] {dag.py:2907} INFO - Sync 1 DAGs
[2024-12-17T23:59:07.137+0000] {logging_mixin.py:151} INFO - [2024-12-17T23:59:07.137+0000] {dag.py:3677} INFO - Setting next_dagrun for youtube_scraping_dag to 2024-12-16T00:00:00+00:00, run_after=2024-12-17T00:00:00+00:00
[2024-12-17T23:59:07.166+0000] {processor.py:179} INFO - Processing /opt/airflow/dags/scraping_dag.py took 0.697 seconds
[2024-12-17T23:59:38.087+0000] {processor.py:157} INFO - Started process (PID=877) to work on /opt/airflow/dags/scraping_dag.py
[2024-12-17T23:59:38.088+0000] {processor.py:829} INFO - Processing file /opt/airflow/dags/scraping_dag.py for tasks to queue
[2024-12-17T23:59:38.092+0000] {logging_mixin.py:151} INFO - [2024-12-17T23:59:38.091+0000] {dagbag.py:539} INFO - Filling up the DagBag from /opt/airflow/dags/scraping_dag.py
[2024-12-17T23:59:38.508+0000] {processor.py:839} INFO - DAG(s) dict_keys(['youtube_scraping_dag']) retrieved from /opt/airflow/dags/scraping_dag.py
[2024-12-17T23:59:38.527+0000] {logging_mixin.py:151} INFO - [2024-12-17T23:59:38.526+0000] {dag.py:2907} INFO - Sync 1 DAGs
[2024-12-17T23:59:38.701+0000] {logging_mixin.py:151} INFO - [2024-12-17T23:59:38.701+0000] {dag.py:3677} INFO - Setting next_dagrun for youtube_scraping_dag to 2024-12-16T00:00:00+00:00, run_after=2024-12-17T00:00:00+00:00
[2024-12-17T23:59:38.735+0000] {processor.py:179} INFO - Processing /opt/airflow/dags/scraping_dag.py took 0.653 seconds
