[2024-12-17T23:52:52.430+0000] {processor.py:157} INFO - Started process (PID=51) to work on /opt/airflow/dags/visualization_dag.py
[2024-12-17T23:52:52.433+0000] {processor.py:829} INFO - Processing file /opt/airflow/dags/visualization_dag.py for tasks to queue
[2024-12-17T23:52:52.438+0000] {logging_mixin.py:151} INFO - [2024-12-17T23:52:52.437+0000] {dagbag.py:539} INFO - Filling up the DagBag from /opt/airflow/dags/visualization_dag.py
[2024-12-17T23:52:55.457+0000] {logging_mixin.py:151} INFO - [2024-12-17T23:52:55.456+0000] {font_manager.py:1544} INFO - generated new fontManager
[2024-12-17T23:52:56.622+0000] {processor.py:839} INFO - DAG(s) dict_keys(['youtube_visualization_dag']) retrieved from /opt/airflow/dags/visualization_dag.py
[2024-12-17T23:52:56.814+0000] {logging_mixin.py:151} INFO - [2024-12-17T23:52:56.813+0000] {manager.py:501} INFO - Created Permission View: can read on DAG:youtube_visualization_dag
[2024-12-17T23:52:56.835+0000] {logging_mixin.py:151} INFO - [2024-12-17T23:52:56.834+0000] {manager.py:501} INFO - Created Permission View: can edit on DAG:youtube_visualization_dag
[2024-12-17T23:52:56.846+0000] {logging_mixin.py:151} INFO - [2024-12-17T23:52:56.845+0000] {manager.py:501} INFO - Created Permission View: can delete on DAG:youtube_visualization_dag
[2024-12-17T23:52:56.874+0000] {logging_mixin.py:151} INFO - [2024-12-17T23:52:56.873+0000] {dag.py:2907} INFO - Sync 1 DAGs
[2024-12-17T23:52:56.896+0000] {logging_mixin.py:151} INFO - [2024-12-17T23:52:56.895+0000] {dag.py:2929} INFO - Creating ORM DAG for youtube_visualization_dag
[2024-12-17T23:52:56.897+0000] {logging_mixin.py:151} INFO - [2024-12-17T23:52:56.897+0000] {dag.py:3677} INFO - Setting next_dagrun for youtube_visualization_dag to None, run_after=None
[2024-12-17T23:52:56.931+0000] {processor.py:179} INFO - Processing /opt/airflow/dags/visualization_dag.py took 4.509 seconds
[2024-12-17T23:53:27.437+0000] {processor.py:157} INFO - Started process (PID=124) to work on /opt/airflow/dags/visualization_dag.py
[2024-12-17T23:53:27.438+0000] {processor.py:829} INFO - Processing file /opt/airflow/dags/visualization_dag.py for tasks to queue
[2024-12-17T23:53:27.442+0000] {logging_mixin.py:151} INFO - [2024-12-17T23:53:27.442+0000] {dagbag.py:539} INFO - Filling up the DagBag from /opt/airflow/dags/visualization_dag.py
[2024-12-17T23:53:28.302+0000] {processor.py:839} INFO - DAG(s) dict_keys(['youtube_visualization_dag']) retrieved from /opt/airflow/dags/visualization_dag.py
[2024-12-17T23:53:28.317+0000] {logging_mixin.py:151} INFO - [2024-12-17T23:53:28.317+0000] {dag.py:2907} INFO - Sync 1 DAGs
[2024-12-17T23:53:28.330+0000] {logging_mixin.py:151} INFO - [2024-12-17T23:53:28.330+0000] {dag.py:3677} INFO - Setting next_dagrun for youtube_visualization_dag to None, run_after=None
[2024-12-17T23:53:28.400+0000] {processor.py:179} INFO - Processing /opt/airflow/dags/visualization_dag.py took 0.968 seconds
[2024-12-17T23:53:58.637+0000] {processor.py:157} INFO - Started process (PID=186) to work on /opt/airflow/dags/visualization_dag.py
[2024-12-17T23:53:58.638+0000] {processor.py:829} INFO - Processing file /opt/airflow/dags/visualization_dag.py for tasks to queue
[2024-12-17T23:53:58.642+0000] {logging_mixin.py:151} INFO - [2024-12-17T23:53:58.641+0000] {dagbag.py:539} INFO - Filling up the DagBag from /opt/airflow/dags/visualization_dag.py
[2024-12-17T23:53:59.422+0000] {processor.py:839} INFO - DAG(s) dict_keys(['youtube_visualization_dag']) retrieved from /opt/airflow/dags/visualization_dag.py
[2024-12-17T23:53:59.437+0000] {logging_mixin.py:151} INFO - [2024-12-17T23:53:59.437+0000] {dag.py:2907} INFO - Sync 1 DAGs
[2024-12-17T23:53:59.448+0000] {logging_mixin.py:151} INFO - [2024-12-17T23:53:59.448+0000] {dag.py:3677} INFO - Setting next_dagrun for youtube_visualization_dag to None, run_after=None
[2024-12-17T23:53:59.471+0000] {processor.py:179} INFO - Processing /opt/airflow/dags/visualization_dag.py took 0.839 seconds
[2024-12-17T23:54:30.026+0000] {processor.py:157} INFO - Started process (PID=248) to work on /opt/airflow/dags/visualization_dag.py
[2024-12-17T23:54:30.028+0000] {processor.py:829} INFO - Processing file /opt/airflow/dags/visualization_dag.py for tasks to queue
[2024-12-17T23:54:30.032+0000] {logging_mixin.py:151} INFO - [2024-12-17T23:54:30.032+0000] {dagbag.py:539} INFO - Filling up the DagBag from /opt/airflow/dags/visualization_dag.py
[2024-12-17T23:54:30.839+0000] {processor.py:839} INFO - DAG(s) dict_keys(['youtube_visualization_dag']) retrieved from /opt/airflow/dags/visualization_dag.py
[2024-12-17T23:54:30.855+0000] {logging_mixin.py:151} INFO - [2024-12-17T23:54:30.854+0000] {dag.py:2907} INFO - Sync 1 DAGs
[2024-12-17T23:54:30.866+0000] {logging_mixin.py:151} INFO - [2024-12-17T23:54:30.865+0000] {dag.py:3677} INFO - Setting next_dagrun for youtube_visualization_dag to None, run_after=None
[2024-12-17T23:54:30.888+0000] {processor.py:179} INFO - Processing /opt/airflow/dags/visualization_dag.py took 0.866 seconds
[2024-12-17T23:55:01.113+0000] {processor.py:157} INFO - Started process (PID=312) to work on /opt/airflow/dags/visualization_dag.py
[2024-12-17T23:55:01.114+0000] {processor.py:829} INFO - Processing file /opt/airflow/dags/visualization_dag.py for tasks to queue
[2024-12-17T23:55:01.119+0000] {logging_mixin.py:151} INFO - [2024-12-17T23:55:01.118+0000] {dagbag.py:539} INFO - Filling up the DagBag from /opt/airflow/dags/visualization_dag.py
[2024-12-17T23:55:01.964+0000] {processor.py:839} INFO - DAG(s) dict_keys(['youtube_visualization_dag']) retrieved from /opt/airflow/dags/visualization_dag.py
[2024-12-17T23:55:01.979+0000] {logging_mixin.py:151} INFO - [2024-12-17T23:55:01.979+0000] {dag.py:2907} INFO - Sync 1 DAGs
[2024-12-17T23:55:01.990+0000] {logging_mixin.py:151} INFO - [2024-12-17T23:55:01.990+0000] {dag.py:3677} INFO - Setting next_dagrun for youtube_visualization_dag to None, run_after=None
[2024-12-17T23:55:02.012+0000] {processor.py:179} INFO - Processing /opt/airflow/dags/visualization_dag.py took 0.903 seconds
[2024-12-17T23:55:32.051+0000] {processor.py:157} INFO - Started process (PID=379) to work on /opt/airflow/dags/visualization_dag.py
[2024-12-17T23:55:32.052+0000] {processor.py:829} INFO - Processing file /opt/airflow/dags/visualization_dag.py for tasks to queue
[2024-12-17T23:55:32.055+0000] {logging_mixin.py:151} INFO - [2024-12-17T23:55:32.054+0000] {dagbag.py:539} INFO - Filling up the DagBag from /opt/airflow/dags/visualization_dag.py
[2024-12-17T23:55:32.811+0000] {processor.py:839} INFO - DAG(s) dict_keys(['youtube_visualization_dag']) retrieved from /opt/airflow/dags/visualization_dag.py
[2024-12-17T23:55:32.829+0000] {logging_mixin.py:151} INFO - [2024-12-17T23:55:32.827+0000] {dag.py:2907} INFO - Sync 1 DAGs
[2024-12-17T23:55:32.845+0000] {logging_mixin.py:151} INFO - [2024-12-17T23:55:32.844+0000] {dag.py:3677} INFO - Setting next_dagrun for youtube_visualization_dag to None, run_after=None
[2024-12-17T23:55:32.867+0000] {processor.py:179} INFO - Processing /opt/airflow/dags/visualization_dag.py took 0.820 seconds
[2024-12-17T23:56:03.350+0000] {processor.py:157} INFO - Started process (PID=440) to work on /opt/airflow/dags/visualization_dag.py
[2024-12-17T23:56:03.351+0000] {processor.py:829} INFO - Processing file /opt/airflow/dags/visualization_dag.py for tasks to queue
[2024-12-17T23:56:03.354+0000] {logging_mixin.py:151} INFO - [2024-12-17T23:56:03.353+0000] {dagbag.py:539} INFO - Filling up the DagBag from /opt/airflow/dags/visualization_dag.py
[2024-12-17T23:56:04.349+0000] {processor.py:839} INFO - DAG(s) dict_keys(['youtube_visualization_dag']) retrieved from /opt/airflow/dags/visualization_dag.py
[2024-12-17T23:56:04.367+0000] {logging_mixin.py:151} INFO - [2024-12-17T23:56:04.367+0000] {dag.py:2907} INFO - Sync 1 DAGs
[2024-12-17T23:56:04.382+0000] {logging_mixin.py:151} INFO - [2024-12-17T23:56:04.382+0000] {dag.py:3677} INFO - Setting next_dagrun for youtube_visualization_dag to None, run_after=None
[2024-12-17T23:56:04.404+0000] {processor.py:179} INFO - Processing /opt/airflow/dags/visualization_dag.py took 1.057 seconds
[2024-12-17T23:56:34.475+0000] {processor.py:157} INFO - Started process (PID=509) to work on /opt/airflow/dags/visualization_dag.py
[2024-12-17T23:56:34.476+0000] {processor.py:829} INFO - Processing file /opt/airflow/dags/visualization_dag.py for tasks to queue
[2024-12-17T23:56:34.480+0000] {logging_mixin.py:151} INFO - [2024-12-17T23:56:34.479+0000] {dagbag.py:539} INFO - Filling up the DagBag from /opt/airflow/dags/visualization_dag.py
[2024-12-17T23:56:35.333+0000] {processor.py:839} INFO - DAG(s) dict_keys(['youtube_visualization_dag']) retrieved from /opt/airflow/dags/visualization_dag.py
[2024-12-17T23:56:35.348+0000] {logging_mixin.py:151} INFO - [2024-12-17T23:56:35.348+0000] {dag.py:2907} INFO - Sync 1 DAGs
[2024-12-17T23:56:35.360+0000] {logging_mixin.py:151} INFO - [2024-12-17T23:56:35.359+0000] {dag.py:3677} INFO - Setting next_dagrun for youtube_visualization_dag to None, run_after=None
[2024-12-17T23:56:35.377+0000] {processor.py:179} INFO - Processing /opt/airflow/dags/visualization_dag.py took 0.907 seconds
[2024-12-17T23:57:05.916+0000] {processor.py:157} INFO - Started process (PID=574) to work on /opt/airflow/dags/visualization_dag.py
[2024-12-17T23:57:05.918+0000] {processor.py:829} INFO - Processing file /opt/airflow/dags/visualization_dag.py for tasks to queue
[2024-12-17T23:57:05.923+0000] {logging_mixin.py:151} INFO - [2024-12-17T23:57:05.922+0000] {dagbag.py:539} INFO - Filling up the DagBag from /opt/airflow/dags/visualization_dag.py
[2024-12-17T23:57:06.852+0000] {processor.py:839} INFO - DAG(s) dict_keys(['youtube_visualization_dag']) retrieved from /opt/airflow/dags/visualization_dag.py
[2024-12-17T23:57:06.871+0000] {logging_mixin.py:151} INFO - [2024-12-17T23:57:06.870+0000] {dag.py:2907} INFO - Sync 1 DAGs
[2024-12-17T23:57:06.885+0000] {logging_mixin.py:151} INFO - [2024-12-17T23:57:06.884+0000] {dag.py:3677} INFO - Setting next_dagrun for youtube_visualization_dag to None, run_after=None
[2024-12-17T23:57:06.908+0000] {processor.py:179} INFO - Processing /opt/airflow/dags/visualization_dag.py took 0.999 seconds
[2024-12-17T23:57:36.991+0000] {processor.py:157} INFO - Started process (PID=643) to work on /opt/airflow/dags/visualization_dag.py
[2024-12-17T23:57:36.992+0000] {processor.py:829} INFO - Processing file /opt/airflow/dags/visualization_dag.py for tasks to queue
[2024-12-17T23:57:36.996+0000] {logging_mixin.py:151} INFO - [2024-12-17T23:57:36.995+0000] {dagbag.py:539} INFO - Filling up the DagBag from /opt/airflow/dags/visualization_dag.py
[2024-12-17T23:57:37.826+0000] {processor.py:839} INFO - DAG(s) dict_keys(['youtube_visualization_dag']) retrieved from /opt/airflow/dags/visualization_dag.py
[2024-12-17T23:57:37.841+0000] {logging_mixin.py:151} INFO - [2024-12-17T23:57:37.841+0000] {dag.py:2907} INFO - Sync 1 DAGs
[2024-12-17T23:57:37.852+0000] {logging_mixin.py:151} INFO - [2024-12-17T23:57:37.852+0000] {dag.py:3677} INFO - Setting next_dagrun for youtube_visualization_dag to None, run_after=None
[2024-12-17T23:57:37.873+0000] {processor.py:179} INFO - Processing /opt/airflow/dags/visualization_dag.py took 0.886 seconds
[2024-12-17T23:58:08.580+0000] {processor.py:157} INFO - Started process (PID=707) to work on /opt/airflow/dags/visualization_dag.py
[2024-12-17T23:58:08.581+0000] {processor.py:829} INFO - Processing file /opt/airflow/dags/visualization_dag.py for tasks to queue
[2024-12-17T23:58:08.585+0000] {logging_mixin.py:151} INFO - [2024-12-17T23:58:08.584+0000] {dagbag.py:539} INFO - Filling up the DagBag from /opt/airflow/dags/visualization_dag.py
[2024-12-17T23:58:09.458+0000] {processor.py:839} INFO - DAG(s) dict_keys(['youtube_visualization_dag']) retrieved from /opt/airflow/dags/visualization_dag.py
[2024-12-17T23:58:09.475+0000] {logging_mixin.py:151} INFO - [2024-12-17T23:58:09.474+0000] {dag.py:2907} INFO - Sync 1 DAGs
[2024-12-17T23:58:09.485+0000] {logging_mixin.py:151} INFO - [2024-12-17T23:58:09.485+0000] {dag.py:3677} INFO - Setting next_dagrun for youtube_visualization_dag to None, run_after=None
[2024-12-17T23:58:09.502+0000] {processor.py:179} INFO - Processing /opt/airflow/dags/visualization_dag.py took 0.927 seconds
[2024-12-17T23:58:40.376+0000] {processor.py:157} INFO - Started process (PID=775) to work on /opt/airflow/dags/visualization_dag.py
[2024-12-17T23:58:40.378+0000] {processor.py:829} INFO - Processing file /opt/airflow/dags/visualization_dag.py for tasks to queue
[2024-12-17T23:58:40.381+0000] {logging_mixin.py:151} INFO - [2024-12-17T23:58:40.381+0000] {dagbag.py:539} INFO - Filling up the DagBag from /opt/airflow/dags/visualization_dag.py
[2024-12-17T23:58:41.154+0000] {processor.py:839} INFO - DAG(s) dict_keys(['youtube_visualization_dag']) retrieved from /opt/airflow/dags/visualization_dag.py
[2024-12-17T23:58:41.169+0000] {logging_mixin.py:151} INFO - [2024-12-17T23:58:41.169+0000] {dag.py:2907} INFO - Sync 1 DAGs
[2024-12-17T23:58:41.181+0000] {logging_mixin.py:151} INFO - [2024-12-17T23:58:41.181+0000] {dag.py:3677} INFO - Setting next_dagrun for youtube_visualization_dag to None, run_after=None
[2024-12-17T23:58:41.199+0000] {processor.py:179} INFO - Processing /opt/airflow/dags/visualization_dag.py took 0.828 seconds
[2024-12-17T23:59:11.587+0000] {processor.py:157} INFO - Started process (PID=837) to work on /opt/airflow/dags/visualization_dag.py
[2024-12-17T23:59:11.589+0000] {processor.py:829} INFO - Processing file /opt/airflow/dags/visualization_dag.py for tasks to queue
[2024-12-17T23:59:11.595+0000] {logging_mixin.py:151} INFO - [2024-12-17T23:59:11.594+0000] {dagbag.py:539} INFO - Filling up the DagBag from /opt/airflow/dags/visualization_dag.py
[2024-12-17T23:59:12.381+0000] {processor.py:839} INFO - DAG(s) dict_keys(['youtube_visualization_dag']) retrieved from /opt/airflow/dags/visualization_dag.py
[2024-12-17T23:59:12.397+0000] {logging_mixin.py:151} INFO - [2024-12-17T23:59:12.396+0000] {dag.py:2907} INFO - Sync 1 DAGs
[2024-12-17T23:59:12.407+0000] {logging_mixin.py:151} INFO - [2024-12-17T23:59:12.407+0000] {dag.py:3677} INFO - Setting next_dagrun for youtube_visualization_dag to None, run_after=None
[2024-12-17T23:59:12.424+0000] {processor.py:179} INFO - Processing /opt/airflow/dags/visualization_dag.py took 0.849 seconds
[2024-12-17T23:59:42.798+0000] {processor.py:157} INFO - Started process (PID=899) to work on /opt/airflow/dags/visualization_dag.py
[2024-12-17T23:59:42.799+0000] {processor.py:829} INFO - Processing file /opt/airflow/dags/visualization_dag.py for tasks to queue
[2024-12-17T23:59:42.804+0000] {logging_mixin.py:151} INFO - [2024-12-17T23:59:42.803+0000] {dagbag.py:539} INFO - Filling up the DagBag from /opt/airflow/dags/visualization_dag.py
[2024-12-17T23:59:43.583+0000] {processor.py:839} INFO - DAG(s) dict_keys(['youtube_visualization_dag']) retrieved from /opt/airflow/dags/visualization_dag.py
[2024-12-17T23:59:43.599+0000] {logging_mixin.py:151} INFO - [2024-12-17T23:59:43.599+0000] {dag.py:2907} INFO - Sync 1 DAGs
[2024-12-17T23:59:43.610+0000] {logging_mixin.py:151} INFO - [2024-12-17T23:59:43.610+0000] {dag.py:3677} INFO - Setting next_dagrun for youtube_visualization_dag to None, run_after=None
[2024-12-17T23:59:43.642+0000] {processor.py:179} INFO - Processing /opt/airflow/dags/visualization_dag.py took 0.849 seconds
