[2024-12-17T23:53:01.544+0000] {processor.py:157} INFO - Started process (PID=80) to work on /home/airflow/.local/lib/python3.9/site-packages/airflow/example_dags/example_branch_operator_decorator.py
[2024-12-17T23:53:01.547+0000] {processor.py:829} INFO - Processing file /home/airflow/.local/lib/python3.9/site-packages/airflow/example_dags/example_branch_operator_decorator.py for tasks to queue
[2024-12-17T23:53:01.551+0000] {logging_mixin.py:151} INFO - [2024-12-17T23:53:01.550+0000] {dagbag.py:539} INFO - Filling up the DagBag from /home/airflow/.local/lib/python3.9/site-packages/airflow/example_dags/example_branch_operator_decorator.py
[2024-12-17T23:53:01.571+0000] {processor.py:839} INFO - DAG(s) dict_keys(['example_branch_python_operator_decorator']) retrieved from /home/airflow/.local/lib/python3.9/site-packages/airflow/example_dags/example_branch_operator_decorator.py
[2024-12-17T23:53:01.721+0000] {logging_mixin.py:151} INFO - [2024-12-17T23:53:01.721+0000] {manager.py:501} INFO - Created Permission View: can read on DAG:example_branch_python_operator_decorator
[2024-12-17T23:53:01.737+0000] {logging_mixin.py:151} INFO - [2024-12-17T23:53:01.737+0000] {manager.py:501} INFO - Created Permission View: can edit on DAG:example_branch_python_operator_decorator
[2024-12-17T23:53:01.747+0000] {logging_mixin.py:151} INFO - [2024-12-17T23:53:01.746+0000] {manager.py:501} INFO - Created Permission View: can delete on DAG:example_branch_python_operator_decorator
[2024-12-17T23:53:01.764+0000] {logging_mixin.py:151} INFO - [2024-12-17T23:53:01.763+0000] {dag.py:2907} INFO - Sync 1 DAGs
[2024-12-17T23:53:01.780+0000] {logging_mixin.py:151} INFO - [2024-12-17T23:53:01.780+0000] {dag.py:2929} INFO - Creating ORM DAG for example_branch_python_operator_decorator
[2024-12-17T23:53:01.796+0000] {logging_mixin.py:151} INFO - [2024-12-17T23:53:01.796+0000] {dag.py:3677} INFO - Setting next_dagrun for example_branch_python_operator_decorator to 2024-12-16T00:00:00+00:00, run_after=2024-12-17T00:00:00+00:00
[2024-12-17T23:53:01.825+0000] {processor.py:179} INFO - Processing /home/airflow/.local/lib/python3.9/site-packages/airflow/example_dags/example_branch_operator_decorator.py took 0.284 seconds
[2024-12-17T23:53:32.234+0000] {processor.py:157} INFO - Started process (PID=141) to work on /home/airflow/.local/lib/python3.9/site-packages/airflow/example_dags/example_branch_operator_decorator.py
[2024-12-17T23:53:32.235+0000] {processor.py:829} INFO - Processing file /home/airflow/.local/lib/python3.9/site-packages/airflow/example_dags/example_branch_operator_decorator.py for tasks to queue
[2024-12-17T23:53:32.238+0000] {logging_mixin.py:151} INFO - [2024-12-17T23:53:32.238+0000] {dagbag.py:539} INFO - Filling up the DagBag from /home/airflow/.local/lib/python3.9/site-packages/airflow/example_dags/example_branch_operator_decorator.py
[2024-12-17T23:53:32.254+0000] {processor.py:839} INFO - DAG(s) dict_keys(['example_branch_python_operator_decorator']) retrieved from /home/airflow/.local/lib/python3.9/site-packages/airflow/example_dags/example_branch_operator_decorator.py
[2024-12-17T23:53:32.283+0000] {logging_mixin.py:151} INFO - [2024-12-17T23:53:32.282+0000] {dag.py:2907} INFO - Sync 1 DAGs
[2024-12-17T23:53:32.308+0000] {logging_mixin.py:151} INFO - [2024-12-17T23:53:32.307+0000] {dag.py:3677} INFO - Setting next_dagrun for example_branch_python_operator_decorator to 2024-12-16T00:00:00+00:00, run_after=2024-12-17T00:00:00+00:00
[2024-12-17T23:53:32.345+0000] {processor.py:179} INFO - Processing /home/airflow/.local/lib/python3.9/site-packages/airflow/example_dags/example_branch_operator_decorator.py took 0.114 seconds
[2024-12-17T23:54:02.394+0000] {processor.py:157} INFO - Started process (PID=202) to work on /home/airflow/.local/lib/python3.9/site-packages/airflow/example_dags/example_branch_operator_decorator.py
[2024-12-17T23:54:02.395+0000] {processor.py:829} INFO - Processing file /home/airflow/.local/lib/python3.9/site-packages/airflow/example_dags/example_branch_operator_decorator.py for tasks to queue
[2024-12-17T23:54:02.398+0000] {logging_mixin.py:151} INFO - [2024-12-17T23:54:02.398+0000] {dagbag.py:539} INFO - Filling up the DagBag from /home/airflow/.local/lib/python3.9/site-packages/airflow/example_dags/example_branch_operator_decorator.py
[2024-12-17T23:54:02.414+0000] {processor.py:839} INFO - DAG(s) dict_keys(['example_branch_python_operator_decorator']) retrieved from /home/airflow/.local/lib/python3.9/site-packages/airflow/example_dags/example_branch_operator_decorator.py
[2024-12-17T23:54:02.438+0000] {logging_mixin.py:151} INFO - [2024-12-17T23:54:02.438+0000] {dag.py:2907} INFO - Sync 1 DAGs
[2024-12-17T23:54:02.473+0000] {logging_mixin.py:151} INFO - [2024-12-17T23:54:02.473+0000] {dag.py:3677} INFO - Setting next_dagrun for example_branch_python_operator_decorator to 2024-12-16T00:00:00+00:00, run_after=2024-12-17T00:00:00+00:00
[2024-12-17T23:54:02.499+0000] {processor.py:179} INFO - Processing /home/airflow/.local/lib/python3.9/site-packages/airflow/example_dags/example_branch_operator_decorator.py took 0.110 seconds
[2024-12-17T23:54:32.722+0000] {processor.py:157} INFO - Started process (PID=264) to work on /home/airflow/.local/lib/python3.9/site-packages/airflow/example_dags/example_branch_operator_decorator.py
[2024-12-17T23:54:32.724+0000] {processor.py:829} INFO - Processing file /home/airflow/.local/lib/python3.9/site-packages/airflow/example_dags/example_branch_operator_decorator.py for tasks to queue
[2024-12-17T23:54:32.727+0000] {logging_mixin.py:151} INFO - [2024-12-17T23:54:32.726+0000] {dagbag.py:539} INFO - Filling up the DagBag from /home/airflow/.local/lib/python3.9/site-packages/airflow/example_dags/example_branch_operator_decorator.py
[2024-12-17T23:54:32.740+0000] {processor.py:839} INFO - DAG(s) dict_keys(['example_branch_python_operator_decorator']) retrieved from /home/airflow/.local/lib/python3.9/site-packages/airflow/example_dags/example_branch_operator_decorator.py
[2024-12-17T23:54:32.770+0000] {logging_mixin.py:151} INFO - [2024-12-17T23:54:32.769+0000] {dag.py:2907} INFO - Sync 1 DAGs
[2024-12-17T23:54:32.803+0000] {logging_mixin.py:151} INFO - [2024-12-17T23:54:32.802+0000] {dag.py:3677} INFO - Setting next_dagrun for example_branch_python_operator_decorator to 2024-12-16T00:00:00+00:00, run_after=2024-12-17T00:00:00+00:00
[2024-12-17T23:54:32.829+0000] {processor.py:179} INFO - Processing /home/airflow/.local/lib/python3.9/site-packages/airflow/example_dags/example_branch_operator_decorator.py took 0.111 seconds
[2024-12-17T23:55:03.124+0000] {processor.py:157} INFO - Started process (PID=326) to work on /home/airflow/.local/lib/python3.9/site-packages/airflow/example_dags/example_branch_operator_decorator.py
[2024-12-17T23:55:03.125+0000] {processor.py:829} INFO - Processing file /home/airflow/.local/lib/python3.9/site-packages/airflow/example_dags/example_branch_operator_decorator.py for tasks to queue
[2024-12-17T23:55:03.128+0000] {logging_mixin.py:151} INFO - [2024-12-17T23:55:03.128+0000] {dagbag.py:539} INFO - Filling up the DagBag from /home/airflow/.local/lib/python3.9/site-packages/airflow/example_dags/example_branch_operator_decorator.py
[2024-12-17T23:55:03.141+0000] {processor.py:839} INFO - DAG(s) dict_keys(['example_branch_python_operator_decorator']) retrieved from /home/airflow/.local/lib/python3.9/site-packages/airflow/example_dags/example_branch_operator_decorator.py
[2024-12-17T23:55:03.167+0000] {logging_mixin.py:151} INFO - [2024-12-17T23:55:03.167+0000] {dag.py:2907} INFO - Sync 1 DAGs
[2024-12-17T23:55:03.193+0000] {logging_mixin.py:151} INFO - [2024-12-17T23:55:03.193+0000] {dag.py:3677} INFO - Setting next_dagrun for example_branch_python_operator_decorator to 2024-12-16T00:00:00+00:00, run_after=2024-12-17T00:00:00+00:00
[2024-12-17T23:55:03.216+0000] {processor.py:179} INFO - Processing /home/airflow/.local/lib/python3.9/site-packages/airflow/example_dags/example_branch_operator_decorator.py took 0.098 seconds
[2024-12-17T23:55:33.321+0000] {processor.py:157} INFO - Started process (PID=388) to work on /home/airflow/.local/lib/python3.9/site-packages/airflow/example_dags/example_branch_operator_decorator.py
[2024-12-17T23:55:33.323+0000] {processor.py:829} INFO - Processing file /home/airflow/.local/lib/python3.9/site-packages/airflow/example_dags/example_branch_operator_decorator.py for tasks to queue
[2024-12-17T23:55:33.326+0000] {logging_mixin.py:151} INFO - [2024-12-17T23:55:33.326+0000] {dagbag.py:539} INFO - Filling up the DagBag from /home/airflow/.local/lib/python3.9/site-packages/airflow/example_dags/example_branch_operator_decorator.py
[2024-12-17T23:55:33.338+0000] {processor.py:839} INFO - DAG(s) dict_keys(['example_branch_python_operator_decorator']) retrieved from /home/airflow/.local/lib/python3.9/site-packages/airflow/example_dags/example_branch_operator_decorator.py
[2024-12-17T23:55:33.365+0000] {logging_mixin.py:151} INFO - [2024-12-17T23:55:33.365+0000] {dag.py:2907} INFO - Sync 1 DAGs
[2024-12-17T23:55:33.391+0000] {logging_mixin.py:151} INFO - [2024-12-17T23:55:33.390+0000] {dag.py:3677} INFO - Setting next_dagrun for example_branch_python_operator_decorator to 2024-12-16T00:00:00+00:00, run_after=2024-12-17T00:00:00+00:00
[2024-12-17T23:55:33.419+0000] {processor.py:179} INFO - Processing /home/airflow/.local/lib/python3.9/site-packages/airflow/example_dags/example_branch_operator_decorator.py took 0.104 seconds
[2024-12-17T23:56:04.284+0000] {processor.py:157} INFO - Started process (PID=449) to work on /home/airflow/.local/lib/python3.9/site-packages/airflow/example_dags/example_branch_operator_decorator.py
[2024-12-17T23:56:04.285+0000] {processor.py:829} INFO - Processing file /home/airflow/.local/lib/python3.9/site-packages/airflow/example_dags/example_branch_operator_decorator.py for tasks to queue
[2024-12-17T23:56:04.287+0000] {logging_mixin.py:151} INFO - [2024-12-17T23:56:04.287+0000] {dagbag.py:539} INFO - Filling up the DagBag from /home/airflow/.local/lib/python3.9/site-packages/airflow/example_dags/example_branch_operator_decorator.py
[2024-12-17T23:56:04.298+0000] {processor.py:839} INFO - DAG(s) dict_keys(['example_branch_python_operator_decorator']) retrieved from /home/airflow/.local/lib/python3.9/site-packages/airflow/example_dags/example_branch_operator_decorator.py
[2024-12-17T23:56:04.321+0000] {logging_mixin.py:151} INFO - [2024-12-17T23:56:04.320+0000] {dag.py:2907} INFO - Sync 1 DAGs
[2024-12-17T23:56:04.345+0000] {logging_mixin.py:151} INFO - [2024-12-17T23:56:04.344+0000] {dag.py:3677} INFO - Setting next_dagrun for example_branch_python_operator_decorator to 2024-12-16T00:00:00+00:00, run_after=2024-12-17T00:00:00+00:00
[2024-12-17T23:56:04.368+0000] {processor.py:179} INFO - Processing /home/airflow/.local/lib/python3.9/site-packages/airflow/example_dags/example_branch_operator_decorator.py took 0.088 seconds
[2024-12-17T23:56:34.484+0000] {processor.py:157} INFO - Started process (PID=510) to work on /home/airflow/.local/lib/python3.9/site-packages/airflow/example_dags/example_branch_operator_decorator.py
[2024-12-17T23:56:34.485+0000] {processor.py:829} INFO - Processing file /home/airflow/.local/lib/python3.9/site-packages/airflow/example_dags/example_branch_operator_decorator.py for tasks to queue
[2024-12-17T23:56:34.489+0000] {logging_mixin.py:151} INFO - [2024-12-17T23:56:34.488+0000] {dagbag.py:539} INFO - Filling up the DagBag from /home/airflow/.local/lib/python3.9/site-packages/airflow/example_dags/example_branch_operator_decorator.py
[2024-12-17T23:56:34.508+0000] {processor.py:839} INFO - DAG(s) dict_keys(['example_branch_python_operator_decorator']) retrieved from /home/airflow/.local/lib/python3.9/site-packages/airflow/example_dags/example_branch_operator_decorator.py
[2024-12-17T23:56:34.542+0000] {logging_mixin.py:151} INFO - [2024-12-17T23:56:34.541+0000] {dag.py:2907} INFO - Sync 1 DAGs
[2024-12-17T23:56:34.580+0000] {logging_mixin.py:151} INFO - [2024-12-17T23:56:34.579+0000] {dag.py:3677} INFO - Setting next_dagrun for example_branch_python_operator_decorator to 2024-12-16T00:00:00+00:00, run_after=2024-12-17T00:00:00+00:00
[2024-12-17T23:56:34.614+0000] {processor.py:179} INFO - Processing /home/airflow/.local/lib/python3.9/site-packages/airflow/example_dags/example_branch_operator_decorator.py took 0.136 seconds
[2024-12-17T23:57:04.672+0000] {processor.py:157} INFO - Started process (PID=571) to work on /home/airflow/.local/lib/python3.9/site-packages/airflow/example_dags/example_branch_operator_decorator.py
[2024-12-17T23:57:04.673+0000] {processor.py:829} INFO - Processing file /home/airflow/.local/lib/python3.9/site-packages/airflow/example_dags/example_branch_operator_decorator.py for tasks to queue
[2024-12-17T23:57:04.677+0000] {logging_mixin.py:151} INFO - [2024-12-17T23:57:04.676+0000] {dagbag.py:539} INFO - Filling up the DagBag from /home/airflow/.local/lib/python3.9/site-packages/airflow/example_dags/example_branch_operator_decorator.py
[2024-12-17T23:57:04.690+0000] {processor.py:839} INFO - DAG(s) dict_keys(['example_branch_python_operator_decorator']) retrieved from /home/airflow/.local/lib/python3.9/site-packages/airflow/example_dags/example_branch_operator_decorator.py
[2024-12-17T23:57:04.719+0000] {logging_mixin.py:151} INFO - [2024-12-17T23:57:04.719+0000] {dag.py:2907} INFO - Sync 1 DAGs
[2024-12-17T23:57:04.754+0000] {logging_mixin.py:151} INFO - [2024-12-17T23:57:04.754+0000] {dag.py:3677} INFO - Setting next_dagrun for example_branch_python_operator_decorator to 2024-12-16T00:00:00+00:00, run_after=2024-12-17T00:00:00+00:00
[2024-12-17T23:57:04.780+0000] {processor.py:179} INFO - Processing /home/airflow/.local/lib/python3.9/site-packages/airflow/example_dags/example_branch_operator_decorator.py took 0.112 seconds
[2024-12-17T23:57:35.150+0000] {processor.py:157} INFO - Started process (PID=633) to work on /home/airflow/.local/lib/python3.9/site-packages/airflow/example_dags/example_branch_operator_decorator.py
[2024-12-17T23:57:35.151+0000] {processor.py:829} INFO - Processing file /home/airflow/.local/lib/python3.9/site-packages/airflow/example_dags/example_branch_operator_decorator.py for tasks to queue
[2024-12-17T23:57:35.155+0000] {logging_mixin.py:151} INFO - [2024-12-17T23:57:35.155+0000] {dagbag.py:539} INFO - Filling up the DagBag from /home/airflow/.local/lib/python3.9/site-packages/airflow/example_dags/example_branch_operator_decorator.py
[2024-12-17T23:57:35.168+0000] {processor.py:839} INFO - DAG(s) dict_keys(['example_branch_python_operator_decorator']) retrieved from /home/airflow/.local/lib/python3.9/site-packages/airflow/example_dags/example_branch_operator_decorator.py
[2024-12-17T23:57:35.194+0000] {logging_mixin.py:151} INFO - [2024-12-17T23:57:35.194+0000] {dag.py:2907} INFO - Sync 1 DAGs
[2024-12-17T23:57:35.223+0000] {logging_mixin.py:151} INFO - [2024-12-17T23:57:35.223+0000] {dag.py:3677} INFO - Setting next_dagrun for example_branch_python_operator_decorator to 2024-12-16T00:00:00+00:00, run_after=2024-12-17T00:00:00+00:00
[2024-12-17T23:57:35.252+0000] {processor.py:179} INFO - Processing /home/airflow/.local/lib/python3.9/site-packages/airflow/example_dags/example_branch_operator_decorator.py took 0.107 seconds
[2024-12-17T23:58:05.699+0000] {processor.py:157} INFO - Started process (PID=695) to work on /home/airflow/.local/lib/python3.9/site-packages/airflow/example_dags/example_branch_operator_decorator.py
[2024-12-17T23:58:05.700+0000] {processor.py:829} INFO - Processing file /home/airflow/.local/lib/python3.9/site-packages/airflow/example_dags/example_branch_operator_decorator.py for tasks to queue
[2024-12-17T23:58:05.703+0000] {logging_mixin.py:151} INFO - [2024-12-17T23:58:05.702+0000] {dagbag.py:539} INFO - Filling up the DagBag from /home/airflow/.local/lib/python3.9/site-packages/airflow/example_dags/example_branch_operator_decorator.py
[2024-12-17T23:58:05.715+0000] {processor.py:839} INFO - DAG(s) dict_keys(['example_branch_python_operator_decorator']) retrieved from /home/airflow/.local/lib/python3.9/site-packages/airflow/example_dags/example_branch_operator_decorator.py
[2024-12-17T23:58:05.740+0000] {logging_mixin.py:151} INFO - [2024-12-17T23:58:05.740+0000] {dag.py:2907} INFO - Sync 1 DAGs
[2024-12-17T23:58:05.769+0000] {logging_mixin.py:151} INFO - [2024-12-17T23:58:05.768+0000] {dag.py:3677} INFO - Setting next_dagrun for example_branch_python_operator_decorator to 2024-12-16T00:00:00+00:00, run_after=2024-12-17T00:00:00+00:00
[2024-12-17T23:58:05.796+0000] {processor.py:179} INFO - Processing /home/airflow/.local/lib/python3.9/site-packages/airflow/example_dags/example_branch_operator_decorator.py took 0.102 seconds
[2024-12-17T23:58:36.086+0000] {processor.py:157} INFO - Started process (PID=757) to work on /home/airflow/.local/lib/python3.9/site-packages/airflow/example_dags/example_branch_operator_decorator.py
[2024-12-17T23:58:36.087+0000] {processor.py:829} INFO - Processing file /home/airflow/.local/lib/python3.9/site-packages/airflow/example_dags/example_branch_operator_decorator.py for tasks to queue
[2024-12-17T23:58:36.090+0000] {logging_mixin.py:151} INFO - [2024-12-17T23:58:36.090+0000] {dagbag.py:539} INFO - Filling up the DagBag from /home/airflow/.local/lib/python3.9/site-packages/airflow/example_dags/example_branch_operator_decorator.py
[2024-12-17T23:58:36.107+0000] {processor.py:839} INFO - DAG(s) dict_keys(['example_branch_python_operator_decorator']) retrieved from /home/airflow/.local/lib/python3.9/site-packages/airflow/example_dags/example_branch_operator_decorator.py
[2024-12-17T23:58:36.137+0000] {logging_mixin.py:151} INFO - [2024-12-17T23:58:36.137+0000] {dag.py:2907} INFO - Sync 1 DAGs
[2024-12-17T23:58:36.169+0000] {logging_mixin.py:151} INFO - [2024-12-17T23:58:36.169+0000] {dag.py:3677} INFO - Setting next_dagrun for example_branch_python_operator_decorator to 2024-12-16T00:00:00+00:00, run_after=2024-12-17T00:00:00+00:00
[2024-12-17T23:58:36.192+0000] {processor.py:179} INFO - Processing /home/airflow/.local/lib/python3.9/site-packages/airflow/example_dags/example_branch_operator_decorator.py took 0.111 seconds
[2024-12-17T23:59:07.201+0000] {processor.py:157} INFO - Started process (PID=819) to work on /home/airflow/.local/lib/python3.9/site-packages/airflow/example_dags/example_branch_operator_decorator.py
[2024-12-17T23:59:07.203+0000] {processor.py:829} INFO - Processing file /home/airflow/.local/lib/python3.9/site-packages/airflow/example_dags/example_branch_operator_decorator.py for tasks to queue
[2024-12-17T23:59:07.207+0000] {logging_mixin.py:151} INFO - [2024-12-17T23:59:07.207+0000] {dagbag.py:539} INFO - Filling up the DagBag from /home/airflow/.local/lib/python3.9/site-packages/airflow/example_dags/example_branch_operator_decorator.py
[2024-12-17T23:59:07.223+0000] {processor.py:839} INFO - DAG(s) dict_keys(['example_branch_python_operator_decorator']) retrieved from /home/airflow/.local/lib/python3.9/site-packages/airflow/example_dags/example_branch_operator_decorator.py
[2024-12-17T23:59:07.258+0000] {logging_mixin.py:151} INFO - [2024-12-17T23:59:07.258+0000] {dag.py:2907} INFO - Sync 1 DAGs
[2024-12-17T23:59:07.296+0000] {logging_mixin.py:151} INFO - [2024-12-17T23:59:07.295+0000] {dag.py:3677} INFO - Setting next_dagrun for example_branch_python_operator_decorator to 2024-12-16T00:00:00+00:00, run_after=2024-12-17T00:00:00+00:00
[2024-12-17T23:59:07.322+0000] {processor.py:179} INFO - Processing /home/airflow/.local/lib/python3.9/site-packages/airflow/example_dags/example_branch_operator_decorator.py took 0.125 seconds
[2024-12-17T23:59:38.338+0000] {processor.py:157} INFO - Started process (PID=881) to work on /home/airflow/.local/lib/python3.9/site-packages/airflow/example_dags/example_branch_operator_decorator.py
[2024-12-17T23:59:38.340+0000] {processor.py:829} INFO - Processing file /home/airflow/.local/lib/python3.9/site-packages/airflow/example_dags/example_branch_operator_decorator.py for tasks to queue
[2024-12-17T23:59:38.343+0000] {logging_mixin.py:151} INFO - [2024-12-17T23:59:38.342+0000] {dagbag.py:539} INFO - Filling up the DagBag from /home/airflow/.local/lib/python3.9/site-packages/airflow/example_dags/example_branch_operator_decorator.py
[2024-12-17T23:59:38.354+0000] {processor.py:839} INFO - DAG(s) dict_keys(['example_branch_python_operator_decorator']) retrieved from /home/airflow/.local/lib/python3.9/site-packages/airflow/example_dags/example_branch_operator_decorator.py
[2024-12-17T23:59:38.378+0000] {logging_mixin.py:151} INFO - [2024-12-17T23:59:38.378+0000] {dag.py:2907} INFO - Sync 1 DAGs
[2024-12-17T23:59:38.402+0000] {logging_mixin.py:151} INFO - [2024-12-17T23:59:38.402+0000] {dag.py:3677} INFO - Setting next_dagrun for example_branch_python_operator_decorator to 2024-12-16T00:00:00+00:00, run_after=2024-12-17T00:00:00+00:00
[2024-12-17T23:59:38.427+0000] {processor.py:179} INFO - Processing /home/airflow/.local/lib/python3.9/site-packages/airflow/example_dags/example_branch_operator_decorator.py took 0.094 seconds
