[2024-12-17T23:53:03.976+0000] {processor.py:157} INFO - Started process (PID=94) to work on /home/airflow/.local/lib/python3.9/site-packages/airflow/example_dags/example_branch_datetime_operator.py
[2024-12-17T23:53:03.977+0000] {processor.py:829} INFO - Processing file /home/airflow/.local/lib/python3.9/site-packages/airflow/example_dags/example_branch_datetime_operator.py for tasks to queue
[2024-12-17T23:53:03.980+0000] {logging_mixin.py:151} INFO - [2024-12-17T23:53:03.980+0000] {dagbag.py:539} INFO - Filling up the DagBag from /home/airflow/.local/lib/python3.9/site-packages/airflow/example_dags/example_branch_datetime_operator.py
[2024-12-17T23:53:03.997+0000] {processor.py:839} INFO - DAG(s) dict_keys(['example_branch_datetime_operator_3', 'example_branch_datetime_operator_2', 'example_branch_datetime_operator']) retrieved from /home/airflow/.local/lib/python3.9/site-packages/airflow/example_dags/example_branch_datetime_operator.py
[2024-12-17T23:53:04.134+0000] {logging_mixin.py:151} INFO - [2024-12-17T23:53:04.133+0000] {manager.py:501} INFO - Created Permission View: can read on DAG:example_branch_datetime_operator_3
[2024-12-17T23:53:04.147+0000] {logging_mixin.py:151} INFO - [2024-12-17T23:53:04.146+0000] {manager.py:501} INFO - Created Permission View: can edit on DAG:example_branch_datetime_operator_3
[2024-12-17T23:53:04.156+0000] {logging_mixin.py:151} INFO - [2024-12-17T23:53:04.156+0000] {manager.py:501} INFO - Created Permission View: can delete on DAG:example_branch_datetime_operator_3
[2024-12-17T23:53:04.186+0000] {logging_mixin.py:151} INFO - [2024-12-17T23:53:04.186+0000] {manager.py:501} INFO - Created Permission View: can read on DAG:example_branch_datetime_operator_2
[2024-12-17T23:53:04.197+0000] {logging_mixin.py:151} INFO - [2024-12-17T23:53:04.197+0000] {manager.py:501} INFO - Created Permission View: can edit on DAG:example_branch_datetime_operator_2
[2024-12-17T23:53:04.209+0000] {logging_mixin.py:151} INFO - [2024-12-17T23:53:04.209+0000] {manager.py:501} INFO - Created Permission View: can delete on DAG:example_branch_datetime_operator_2
[2024-12-17T23:53:04.239+0000] {logging_mixin.py:151} INFO - [2024-12-17T23:53:04.238+0000] {manager.py:501} INFO - Created Permission View: can read on DAG:example_branch_datetime_operator
[2024-12-17T23:53:04.249+0000] {logging_mixin.py:151} INFO - [2024-12-17T23:53:04.249+0000] {manager.py:501} INFO - Created Permission View: can edit on DAG:example_branch_datetime_operator
[2024-12-17T23:53:04.260+0000] {logging_mixin.py:151} INFO - [2024-12-17T23:53:04.260+0000] {manager.py:501} INFO - Created Permission View: can delete on DAG:example_branch_datetime_operator
[2024-12-17T23:53:04.269+0000] {logging_mixin.py:151} INFO - [2024-12-17T23:53:04.269+0000] {dag.py:2907} INFO - Sync 3 DAGs
[2024-12-17T23:53:04.283+0000] {logging_mixin.py:151} INFO - [2024-12-17T23:53:04.283+0000] {dag.py:2929} INFO - Creating ORM DAG for example_branch_datetime_operator_2
[2024-12-17T23:53:04.284+0000] {logging_mixin.py:151} INFO - [2024-12-17T23:53:04.284+0000] {dag.py:2929} INFO - Creating ORM DAG for example_branch_datetime_operator_3
[2024-12-17T23:53:04.285+0000] {logging_mixin.py:151} INFO - [2024-12-17T23:53:04.285+0000] {dag.py:2929} INFO - Creating ORM DAG for example_branch_datetime_operator
[2024-12-17T23:53:04.301+0000] {logging_mixin.py:151} INFO - [2024-12-17T23:53:04.300+0000] {dag.py:3677} INFO - Setting next_dagrun for example_branch_datetime_operator to 2024-12-16T00:00:00+00:00, run_after=2024-12-17T00:00:00+00:00
[2024-12-17T23:53:04.304+0000] {logging_mixin.py:151} INFO - [2024-12-17T23:53:04.303+0000] {dag.py:3677} INFO - Setting next_dagrun for example_branch_datetime_operator_2 to 2024-12-16T00:00:00+00:00, run_after=2024-12-17T00:00:00+00:00
[2024-12-17T23:53:04.307+0000] {logging_mixin.py:151} INFO - [2024-12-17T23:53:04.306+0000] {dag.py:3677} INFO - Setting next_dagrun for example_branch_datetime_operator_3 to 2024-12-16T00:00:00+00:00, run_after=2024-12-17T00:00:00+00:00
[2024-12-17T23:53:04.331+0000] {processor.py:179} INFO - Processing /home/airflow/.local/lib/python3.9/site-packages/airflow/example_dags/example_branch_datetime_operator.py took 0.359 seconds
[2024-12-17T23:53:34.407+0000] {processor.py:157} INFO - Started process (PID=155) to work on /home/airflow/.local/lib/python3.9/site-packages/airflow/example_dags/example_branch_datetime_operator.py
[2024-12-17T23:53:34.409+0000] {processor.py:829} INFO - Processing file /home/airflow/.local/lib/python3.9/site-packages/airflow/example_dags/example_branch_datetime_operator.py for tasks to queue
[2024-12-17T23:53:34.412+0000] {logging_mixin.py:151} INFO - [2024-12-17T23:53:34.412+0000] {dagbag.py:539} INFO - Filling up the DagBag from /home/airflow/.local/lib/python3.9/site-packages/airflow/example_dags/example_branch_datetime_operator.py
[2024-12-17T23:53:34.430+0000] {processor.py:839} INFO - DAG(s) dict_keys(['example_branch_datetime_operator_3', 'example_branch_datetime_operator_2', 'example_branch_datetime_operator']) retrieved from /home/airflow/.local/lib/python3.9/site-packages/airflow/example_dags/example_branch_datetime_operator.py
[2024-12-17T23:53:34.466+0000] {logging_mixin.py:151} INFO - [2024-12-17T23:53:34.466+0000] {dag.py:2907} INFO - Sync 3 DAGs
[2024-12-17T23:53:34.495+0000] {logging_mixin.py:151} INFO - [2024-12-17T23:53:34.495+0000] {dag.py:3677} INFO - Setting next_dagrun for example_branch_datetime_operator to 2024-12-16T00:00:00+00:00, run_after=2024-12-17T00:00:00+00:00
[2024-12-17T23:53:34.501+0000] {logging_mixin.py:151} INFO - [2024-12-17T23:53:34.501+0000] {dag.py:3677} INFO - Setting next_dagrun for example_branch_datetime_operator_2 to 2024-12-16T00:00:00+00:00, run_after=2024-12-17T00:00:00+00:00
[2024-12-17T23:53:34.505+0000] {logging_mixin.py:151} INFO - [2024-12-17T23:53:34.505+0000] {dag.py:3677} INFO - Setting next_dagrun for example_branch_datetime_operator_3 to 2024-12-16T00:00:00+00:00, run_after=2024-12-17T00:00:00+00:00
[2024-12-17T23:53:34.527+0000] {processor.py:179} INFO - Processing /home/airflow/.local/lib/python3.9/site-packages/airflow/example_dags/example_branch_datetime_operator.py took 0.125 seconds
[2024-12-17T23:54:05.491+0000] {processor.py:157} INFO - Started process (PID=216) to work on /home/airflow/.local/lib/python3.9/site-packages/airflow/example_dags/example_branch_datetime_operator.py
[2024-12-17T23:54:05.492+0000] {processor.py:829} INFO - Processing file /home/airflow/.local/lib/python3.9/site-packages/airflow/example_dags/example_branch_datetime_operator.py for tasks to queue
[2024-12-17T23:54:05.495+0000] {logging_mixin.py:151} INFO - [2024-12-17T23:54:05.495+0000] {dagbag.py:539} INFO - Filling up the DagBag from /home/airflow/.local/lib/python3.9/site-packages/airflow/example_dags/example_branch_datetime_operator.py
[2024-12-17T23:54:05.506+0000] {processor.py:839} INFO - DAG(s) dict_keys(['example_branch_datetime_operator_2', 'example_branch_datetime_operator_3', 'example_branch_datetime_operator']) retrieved from /home/airflow/.local/lib/python3.9/site-packages/airflow/example_dags/example_branch_datetime_operator.py
[2024-12-17T23:54:05.538+0000] {logging_mixin.py:151} INFO - [2024-12-17T23:54:05.538+0000] {dag.py:2907} INFO - Sync 3 DAGs
[2024-12-17T23:54:05.564+0000] {logging_mixin.py:151} INFO - [2024-12-17T23:54:05.563+0000] {dag.py:3677} INFO - Setting next_dagrun for example_branch_datetime_operator to 2024-12-16T00:00:00+00:00, run_after=2024-12-17T00:00:00+00:00
[2024-12-17T23:54:05.569+0000] {logging_mixin.py:151} INFO - [2024-12-17T23:54:05.569+0000] {dag.py:3677} INFO - Setting next_dagrun for example_branch_datetime_operator_2 to 2024-12-16T00:00:00+00:00, run_after=2024-12-17T00:00:00+00:00
[2024-12-17T23:54:05.573+0000] {logging_mixin.py:151} INFO - [2024-12-17T23:54:05.572+0000] {dag.py:3677} INFO - Setting next_dagrun for example_branch_datetime_operator_3 to 2024-12-16T00:00:00+00:00, run_after=2024-12-17T00:00:00+00:00
[2024-12-17T23:54:05.594+0000] {processor.py:179} INFO - Processing /home/airflow/.local/lib/python3.9/site-packages/airflow/example_dags/example_branch_datetime_operator.py took 0.106 seconds
[2024-12-17T23:54:35.639+0000] {processor.py:157} INFO - Started process (PID=277) to work on /home/airflow/.local/lib/python3.9/site-packages/airflow/example_dags/example_branch_datetime_operator.py
[2024-12-17T23:54:35.640+0000] {processor.py:829} INFO - Processing file /home/airflow/.local/lib/python3.9/site-packages/airflow/example_dags/example_branch_datetime_operator.py for tasks to queue
[2024-12-17T23:54:35.643+0000] {logging_mixin.py:151} INFO - [2024-12-17T23:54:35.643+0000] {dagbag.py:539} INFO - Filling up the DagBag from /home/airflow/.local/lib/python3.9/site-packages/airflow/example_dags/example_branch_datetime_operator.py
[2024-12-17T23:54:35.655+0000] {processor.py:839} INFO - DAG(s) dict_keys(['example_branch_datetime_operator', 'example_branch_datetime_operator_3', 'example_branch_datetime_operator_2']) retrieved from /home/airflow/.local/lib/python3.9/site-packages/airflow/example_dags/example_branch_datetime_operator.py
[2024-12-17T23:54:35.695+0000] {logging_mixin.py:151} INFO - [2024-12-17T23:54:35.694+0000] {dag.py:2907} INFO - Sync 3 DAGs
[2024-12-17T23:54:35.736+0000] {logging_mixin.py:151} INFO - [2024-12-17T23:54:35.736+0000] {dag.py:3677} INFO - Setting next_dagrun for example_branch_datetime_operator to 2024-12-16T00:00:00+00:00, run_after=2024-12-17T00:00:00+00:00
[2024-12-17T23:54:35.745+0000] {logging_mixin.py:151} INFO - [2024-12-17T23:54:35.745+0000] {dag.py:3677} INFO - Setting next_dagrun for example_branch_datetime_operator_2 to 2024-12-16T00:00:00+00:00, run_after=2024-12-17T00:00:00+00:00
[2024-12-17T23:54:35.751+0000] {logging_mixin.py:151} INFO - [2024-12-17T23:54:35.751+0000] {dag.py:3677} INFO - Setting next_dagrun for example_branch_datetime_operator_3 to 2024-12-16T00:00:00+00:00, run_after=2024-12-17T00:00:00+00:00
[2024-12-17T23:54:35.776+0000] {processor.py:179} INFO - Processing /home/airflow/.local/lib/python3.9/site-packages/airflow/example_dags/example_branch_datetime_operator.py took 0.141 seconds
[2024-12-17T23:55:06.038+0000] {processor.py:157} INFO - Started process (PID=339) to work on /home/airflow/.local/lib/python3.9/site-packages/airflow/example_dags/example_branch_datetime_operator.py
[2024-12-17T23:55:06.039+0000] {processor.py:829} INFO - Processing file /home/airflow/.local/lib/python3.9/site-packages/airflow/example_dags/example_branch_datetime_operator.py for tasks to queue
[2024-12-17T23:55:06.043+0000] {logging_mixin.py:151} INFO - [2024-12-17T23:55:06.042+0000] {dagbag.py:539} INFO - Filling up the DagBag from /home/airflow/.local/lib/python3.9/site-packages/airflow/example_dags/example_branch_datetime_operator.py
[2024-12-17T23:55:06.056+0000] {processor.py:839} INFO - DAG(s) dict_keys(['example_branch_datetime_operator_2', 'example_branch_datetime_operator_3', 'example_branch_datetime_operator']) retrieved from /home/airflow/.local/lib/python3.9/site-packages/airflow/example_dags/example_branch_datetime_operator.py
[2024-12-17T23:55:06.104+0000] {logging_mixin.py:151} INFO - [2024-12-17T23:55:06.104+0000] {dag.py:2907} INFO - Sync 3 DAGs
[2024-12-17T23:55:06.139+0000] {logging_mixin.py:151} INFO - [2024-12-17T23:55:06.139+0000] {dag.py:3677} INFO - Setting next_dagrun for example_branch_datetime_operator to 2024-12-16T00:00:00+00:00, run_after=2024-12-17T00:00:00+00:00
[2024-12-17T23:55:06.146+0000] {logging_mixin.py:151} INFO - [2024-12-17T23:55:06.146+0000] {dag.py:3677} INFO - Setting next_dagrun for example_branch_datetime_operator_2 to 2024-12-16T00:00:00+00:00, run_after=2024-12-17T00:00:00+00:00
[2024-12-17T23:55:06.150+0000] {logging_mixin.py:151} INFO - [2024-12-17T23:55:06.150+0000] {dag.py:3677} INFO - Setting next_dagrun for example_branch_datetime_operator_3 to 2024-12-16T00:00:00+00:00, run_after=2024-12-17T00:00:00+00:00
[2024-12-17T23:55:06.175+0000] {processor.py:179} INFO - Processing /home/airflow/.local/lib/python3.9/site-packages/airflow/example_dags/example_branch_datetime_operator.py took 0.143 seconds
[2024-12-17T23:55:36.210+0000] {processor.py:157} INFO - Started process (PID=401) to work on /home/airflow/.local/lib/python3.9/site-packages/airflow/example_dags/example_branch_datetime_operator.py
[2024-12-17T23:55:36.212+0000] {processor.py:829} INFO - Processing file /home/airflow/.local/lib/python3.9/site-packages/airflow/example_dags/example_branch_datetime_operator.py for tasks to queue
[2024-12-17T23:55:36.215+0000] {logging_mixin.py:151} INFO - [2024-12-17T23:55:36.215+0000] {dagbag.py:539} INFO - Filling up the DagBag from /home/airflow/.local/lib/python3.9/site-packages/airflow/example_dags/example_branch_datetime_operator.py
[2024-12-17T23:55:36.229+0000] {processor.py:839} INFO - DAG(s) dict_keys(['example_branch_datetime_operator_3', 'example_branch_datetime_operator', 'example_branch_datetime_operator_2']) retrieved from /home/airflow/.local/lib/python3.9/site-packages/airflow/example_dags/example_branch_datetime_operator.py
[2024-12-17T23:55:36.263+0000] {logging_mixin.py:151} INFO - [2024-12-17T23:55:36.263+0000] {dag.py:2907} INFO - Sync 3 DAGs
[2024-12-17T23:55:36.293+0000] {logging_mixin.py:151} INFO - [2024-12-17T23:55:36.293+0000] {dag.py:3677} INFO - Setting next_dagrun for example_branch_datetime_operator to 2024-12-16T00:00:00+00:00, run_after=2024-12-17T00:00:00+00:00
[2024-12-17T23:55:36.301+0000] {logging_mixin.py:151} INFO - [2024-12-17T23:55:36.301+0000] {dag.py:3677} INFO - Setting next_dagrun for example_branch_datetime_operator_2 to 2024-12-16T00:00:00+00:00, run_after=2024-12-17T00:00:00+00:00
[2024-12-17T23:55:36.305+0000] {logging_mixin.py:151} INFO - [2024-12-17T23:55:36.304+0000] {dag.py:3677} INFO - Setting next_dagrun for example_branch_datetime_operator_3 to 2024-12-16T00:00:00+00:00, run_after=2024-12-17T00:00:00+00:00
[2024-12-17T23:55:36.326+0000] {processor.py:179} INFO - Processing /home/airflow/.local/lib/python3.9/site-packages/airflow/example_dags/example_branch_datetime_operator.py took 0.121 seconds
[2024-12-17T23:56:07.114+0000] {processor.py:157} INFO - Started process (PID=462) to work on /home/airflow/.local/lib/python3.9/site-packages/airflow/example_dags/example_branch_datetime_operator.py
[2024-12-17T23:56:07.115+0000] {processor.py:829} INFO - Processing file /home/airflow/.local/lib/python3.9/site-packages/airflow/example_dags/example_branch_datetime_operator.py for tasks to queue
[2024-12-17T23:56:07.119+0000] {logging_mixin.py:151} INFO - [2024-12-17T23:56:07.118+0000] {dagbag.py:539} INFO - Filling up the DagBag from /home/airflow/.local/lib/python3.9/site-packages/airflow/example_dags/example_branch_datetime_operator.py
[2024-12-17T23:56:07.133+0000] {processor.py:839} INFO - DAG(s) dict_keys(['example_branch_datetime_operator', 'example_branch_datetime_operator_2', 'example_branch_datetime_operator_3']) retrieved from /home/airflow/.local/lib/python3.9/site-packages/airflow/example_dags/example_branch_datetime_operator.py
[2024-12-17T23:56:07.172+0000] {logging_mixin.py:151} INFO - [2024-12-17T23:56:07.171+0000] {dag.py:2907} INFO - Sync 3 DAGs
[2024-12-17T23:56:07.203+0000] {logging_mixin.py:151} INFO - [2024-12-17T23:56:07.202+0000] {dag.py:3677} INFO - Setting next_dagrun for example_branch_datetime_operator to 2024-12-16T00:00:00+00:00, run_after=2024-12-17T00:00:00+00:00
[2024-12-17T23:56:07.209+0000] {logging_mixin.py:151} INFO - [2024-12-17T23:56:07.209+0000] {dag.py:3677} INFO - Setting next_dagrun for example_branch_datetime_operator_2 to 2024-12-16T00:00:00+00:00, run_after=2024-12-17T00:00:00+00:00
[2024-12-17T23:56:07.212+0000] {logging_mixin.py:151} INFO - [2024-12-17T23:56:07.212+0000] {dag.py:3677} INFO - Setting next_dagrun for example_branch_datetime_operator_3 to 2024-12-16T00:00:00+00:00, run_after=2024-12-17T00:00:00+00:00
[2024-12-17T23:56:07.232+0000] {processor.py:179} INFO - Processing /home/airflow/.local/lib/python3.9/site-packages/airflow/example_dags/example_branch_datetime_operator.py took 0.124 seconds
[2024-12-17T23:56:37.536+0000] {processor.py:157} INFO - Started process (PID=524) to work on /home/airflow/.local/lib/python3.9/site-packages/airflow/example_dags/example_branch_datetime_operator.py
[2024-12-17T23:56:37.537+0000] {processor.py:829} INFO - Processing file /home/airflow/.local/lib/python3.9/site-packages/airflow/example_dags/example_branch_datetime_operator.py for tasks to queue
[2024-12-17T23:56:37.542+0000] {logging_mixin.py:151} INFO - [2024-12-17T23:56:37.542+0000] {dagbag.py:539} INFO - Filling up the DagBag from /home/airflow/.local/lib/python3.9/site-packages/airflow/example_dags/example_branch_datetime_operator.py
[2024-12-17T23:56:37.559+0000] {processor.py:839} INFO - DAG(s) dict_keys(['example_branch_datetime_operator_3', 'example_branch_datetime_operator', 'example_branch_datetime_operator_2']) retrieved from /home/airflow/.local/lib/python3.9/site-packages/airflow/example_dags/example_branch_datetime_operator.py
[2024-12-17T23:56:37.593+0000] {logging_mixin.py:151} INFO - [2024-12-17T23:56:37.592+0000] {dag.py:2907} INFO - Sync 3 DAGs
[2024-12-17T23:56:37.628+0000] {logging_mixin.py:151} INFO - [2024-12-17T23:56:37.628+0000] {dag.py:3677} INFO - Setting next_dagrun for example_branch_datetime_operator to 2024-12-16T00:00:00+00:00, run_after=2024-12-17T00:00:00+00:00
[2024-12-17T23:56:37.635+0000] {logging_mixin.py:151} INFO - [2024-12-17T23:56:37.635+0000] {dag.py:3677} INFO - Setting next_dagrun for example_branch_datetime_operator_2 to 2024-12-16T00:00:00+00:00, run_after=2024-12-17T00:00:00+00:00
[2024-12-17T23:56:37.639+0000] {logging_mixin.py:151} INFO - [2024-12-17T23:56:37.639+0000] {dag.py:3677} INFO - Setting next_dagrun for example_branch_datetime_operator_3 to 2024-12-16T00:00:00+00:00, run_after=2024-12-17T00:00:00+00:00
[2024-12-17T23:56:37.662+0000] {processor.py:179} INFO - Processing /home/airflow/.local/lib/python3.9/site-packages/airflow/example_dags/example_branch_datetime_operator.py took 0.131 seconds
[2024-12-17T23:57:08.002+0000] {processor.py:157} INFO - Started process (PID=586) to work on /home/airflow/.local/lib/python3.9/site-packages/airflow/example_dags/example_branch_datetime_operator.py
[2024-12-17T23:57:08.005+0000] {processor.py:829} INFO - Processing file /home/airflow/.local/lib/python3.9/site-packages/airflow/example_dags/example_branch_datetime_operator.py for tasks to queue
[2024-12-17T23:57:08.009+0000] {logging_mixin.py:151} INFO - [2024-12-17T23:57:08.008+0000] {dagbag.py:539} INFO - Filling up the DagBag from /home/airflow/.local/lib/python3.9/site-packages/airflow/example_dags/example_branch_datetime_operator.py
[2024-12-17T23:57:08.026+0000] {processor.py:839} INFO - DAG(s) dict_keys(['example_branch_datetime_operator', 'example_branch_datetime_operator_3', 'example_branch_datetime_operator_2']) retrieved from /home/airflow/.local/lib/python3.9/site-packages/airflow/example_dags/example_branch_datetime_operator.py
[2024-12-17T23:57:08.060+0000] {logging_mixin.py:151} INFO - [2024-12-17T23:57:08.060+0000] {dag.py:2907} INFO - Sync 3 DAGs
[2024-12-17T23:57:08.092+0000] {logging_mixin.py:151} INFO - [2024-12-17T23:57:08.091+0000] {dag.py:3677} INFO - Setting next_dagrun for example_branch_datetime_operator to 2024-12-16T00:00:00+00:00, run_after=2024-12-17T00:00:00+00:00
[2024-12-17T23:57:08.099+0000] {logging_mixin.py:151} INFO - [2024-12-17T23:57:08.099+0000] {dag.py:3677} INFO - Setting next_dagrun for example_branch_datetime_operator_2 to 2024-12-16T00:00:00+00:00, run_after=2024-12-17T00:00:00+00:00
[2024-12-17T23:57:08.103+0000] {logging_mixin.py:151} INFO - [2024-12-17T23:57:08.103+0000] {dag.py:3677} INFO - Setting next_dagrun for example_branch_datetime_operator_3 to 2024-12-16T00:00:00+00:00, run_after=2024-12-17T00:00:00+00:00
[2024-12-17T23:57:08.125+0000] {processor.py:179} INFO - Processing /home/airflow/.local/lib/python3.9/site-packages/airflow/example_dags/example_branch_datetime_operator.py took 0.128 seconds
[2024-12-17T23:57:38.228+0000] {processor.py:157} INFO - Started process (PID=648) to work on /home/airflow/.local/lib/python3.9/site-packages/airflow/example_dags/example_branch_datetime_operator.py
[2024-12-17T23:57:38.230+0000] {processor.py:829} INFO - Processing file /home/airflow/.local/lib/python3.9/site-packages/airflow/example_dags/example_branch_datetime_operator.py for tasks to queue
[2024-12-17T23:57:38.233+0000] {logging_mixin.py:151} INFO - [2024-12-17T23:57:38.233+0000] {dagbag.py:539} INFO - Filling up the DagBag from /home/airflow/.local/lib/python3.9/site-packages/airflow/example_dags/example_branch_datetime_operator.py
[2024-12-17T23:57:38.246+0000] {processor.py:839} INFO - DAG(s) dict_keys(['example_branch_datetime_operator', 'example_branch_datetime_operator_3', 'example_branch_datetime_operator_2']) retrieved from /home/airflow/.local/lib/python3.9/site-packages/airflow/example_dags/example_branch_datetime_operator.py
[2024-12-17T23:57:38.278+0000] {logging_mixin.py:151} INFO - [2024-12-17T23:57:38.278+0000] {dag.py:2907} INFO - Sync 3 DAGs
[2024-12-17T23:57:38.307+0000] {logging_mixin.py:151} INFO - [2024-12-17T23:57:38.307+0000] {dag.py:3677} INFO - Setting next_dagrun for example_branch_datetime_operator to 2024-12-16T00:00:00+00:00, run_after=2024-12-17T00:00:00+00:00
[2024-12-17T23:57:38.314+0000] {logging_mixin.py:151} INFO - [2024-12-17T23:57:38.314+0000] {dag.py:3677} INFO - Setting next_dagrun for example_branch_datetime_operator_2 to 2024-12-16T00:00:00+00:00, run_after=2024-12-17T00:00:00+00:00
[2024-12-17T23:57:38.318+0000] {logging_mixin.py:151} INFO - [2024-12-17T23:57:38.318+0000] {dag.py:3677} INFO - Setting next_dagrun for example_branch_datetime_operator_3 to 2024-12-16T00:00:00+00:00, run_after=2024-12-17T00:00:00+00:00
[2024-12-17T23:57:38.338+0000] {processor.py:179} INFO - Processing /home/airflow/.local/lib/python3.9/site-packages/airflow/example_dags/example_branch_datetime_operator.py took 0.114 seconds
[2024-12-17T23:58:08.697+0000] {processor.py:157} INFO - Started process (PID=710) to work on /home/airflow/.local/lib/python3.9/site-packages/airflow/example_dags/example_branch_datetime_operator.py
[2024-12-17T23:58:08.698+0000] {processor.py:829} INFO - Processing file /home/airflow/.local/lib/python3.9/site-packages/airflow/example_dags/example_branch_datetime_operator.py for tasks to queue
[2024-12-17T23:58:08.701+0000] {logging_mixin.py:151} INFO - [2024-12-17T23:58:08.701+0000] {dagbag.py:539} INFO - Filling up the DagBag from /home/airflow/.local/lib/python3.9/site-packages/airflow/example_dags/example_branch_datetime_operator.py
[2024-12-17T23:58:08.713+0000] {processor.py:839} INFO - DAG(s) dict_keys(['example_branch_datetime_operator_2', 'example_branch_datetime_operator', 'example_branch_datetime_operator_3']) retrieved from /home/airflow/.local/lib/python3.9/site-packages/airflow/example_dags/example_branch_datetime_operator.py
[2024-12-17T23:58:08.747+0000] {logging_mixin.py:151} INFO - [2024-12-17T23:58:08.746+0000] {dag.py:2907} INFO - Sync 3 DAGs
[2024-12-17T23:58:08.782+0000] {logging_mixin.py:151} INFO - [2024-12-17T23:58:08.782+0000] {dag.py:3677} INFO - Setting next_dagrun for example_branch_datetime_operator to 2024-12-16T00:00:00+00:00, run_after=2024-12-17T00:00:00+00:00
[2024-12-17T23:58:08.788+0000] {logging_mixin.py:151} INFO - [2024-12-17T23:58:08.788+0000] {dag.py:3677} INFO - Setting next_dagrun for example_branch_datetime_operator_2 to 2024-12-16T00:00:00+00:00, run_after=2024-12-17T00:00:00+00:00
[2024-12-17T23:58:08.792+0000] {logging_mixin.py:151} INFO - [2024-12-17T23:58:08.791+0000] {dag.py:3677} INFO - Setting next_dagrun for example_branch_datetime_operator_3 to 2024-12-16T00:00:00+00:00, run_after=2024-12-17T00:00:00+00:00
[2024-12-17T23:58:08.810+0000] {processor.py:179} INFO - Processing /home/airflow/.local/lib/python3.9/site-packages/airflow/example_dags/example_branch_datetime_operator.py took 0.117 seconds
[2024-12-17T23:58:39.025+0000] {processor.py:157} INFO - Started process (PID=770) to work on /home/airflow/.local/lib/python3.9/site-packages/airflow/example_dags/example_branch_datetime_operator.py
[2024-12-17T23:58:39.026+0000] {processor.py:829} INFO - Processing file /home/airflow/.local/lib/python3.9/site-packages/airflow/example_dags/example_branch_datetime_operator.py for tasks to queue
[2024-12-17T23:58:39.030+0000] {logging_mixin.py:151} INFO - [2024-12-17T23:58:39.029+0000] {dagbag.py:539} INFO - Filling up the DagBag from /home/airflow/.local/lib/python3.9/site-packages/airflow/example_dags/example_branch_datetime_operator.py
[2024-12-17T23:58:39.044+0000] {processor.py:839} INFO - DAG(s) dict_keys(['example_branch_datetime_operator', 'example_branch_datetime_operator_3', 'example_branch_datetime_operator_2']) retrieved from /home/airflow/.local/lib/python3.9/site-packages/airflow/example_dags/example_branch_datetime_operator.py
[2024-12-17T23:58:39.080+0000] {logging_mixin.py:151} INFO - [2024-12-17T23:58:39.079+0000] {dag.py:2907} INFO - Sync 3 DAGs
[2024-12-17T23:58:39.110+0000] {logging_mixin.py:151} INFO - [2024-12-17T23:58:39.110+0000] {dag.py:3677} INFO - Setting next_dagrun for example_branch_datetime_operator to 2024-12-16T00:00:00+00:00, run_after=2024-12-17T00:00:00+00:00
[2024-12-17T23:58:39.117+0000] {logging_mixin.py:151} INFO - [2024-12-17T23:58:39.117+0000] {dag.py:3677} INFO - Setting next_dagrun for example_branch_datetime_operator_2 to 2024-12-16T00:00:00+00:00, run_after=2024-12-17T00:00:00+00:00
[2024-12-17T23:58:39.123+0000] {logging_mixin.py:151} INFO - [2024-12-17T23:58:39.123+0000] {dag.py:3677} INFO - Setting next_dagrun for example_branch_datetime_operator_3 to 2024-12-16T00:00:00+00:00, run_after=2024-12-17T00:00:00+00:00
[2024-12-17T23:58:39.144+0000] {processor.py:179} INFO - Processing /home/airflow/.local/lib/python3.9/site-packages/airflow/example_dags/example_branch_datetime_operator.py took 0.125 seconds
[2024-12-17T23:59:09.205+0000] {processor.py:157} INFO - Started process (PID=832) to work on /home/airflow/.local/lib/python3.9/site-packages/airflow/example_dags/example_branch_datetime_operator.py
[2024-12-17T23:59:09.207+0000] {processor.py:829} INFO - Processing file /home/airflow/.local/lib/python3.9/site-packages/airflow/example_dags/example_branch_datetime_operator.py for tasks to queue
[2024-12-17T23:59:09.210+0000] {logging_mixin.py:151} INFO - [2024-12-17T23:59:09.209+0000] {dagbag.py:539} INFO - Filling up the DagBag from /home/airflow/.local/lib/python3.9/site-packages/airflow/example_dags/example_branch_datetime_operator.py
[2024-12-17T23:59:09.224+0000] {processor.py:839} INFO - DAG(s) dict_keys(['example_branch_datetime_operator_3', 'example_branch_datetime_operator', 'example_branch_datetime_operator_2']) retrieved from /home/airflow/.local/lib/python3.9/site-packages/airflow/example_dags/example_branch_datetime_operator.py
[2024-12-17T23:59:09.261+0000] {logging_mixin.py:151} INFO - [2024-12-17T23:59:09.261+0000] {dag.py:2907} INFO - Sync 3 DAGs
[2024-12-17T23:59:09.289+0000] {logging_mixin.py:151} INFO - [2024-12-17T23:59:09.289+0000] {dag.py:3677} INFO - Setting next_dagrun for example_branch_datetime_operator to 2024-12-16T00:00:00+00:00, run_after=2024-12-17T00:00:00+00:00
[2024-12-17T23:59:09.295+0000] {logging_mixin.py:151} INFO - [2024-12-17T23:59:09.295+0000] {dag.py:3677} INFO - Setting next_dagrun for example_branch_datetime_operator_2 to 2024-12-16T00:00:00+00:00, run_after=2024-12-17T00:00:00+00:00
[2024-12-17T23:59:09.298+0000] {logging_mixin.py:151} INFO - [2024-12-17T23:59:09.298+0000] {dag.py:3677} INFO - Setting next_dagrun for example_branch_datetime_operator_3 to 2024-12-16T00:00:00+00:00, run_after=2024-12-17T00:00:00+00:00
[2024-12-17T23:59:09.321+0000] {processor.py:179} INFO - Processing /home/airflow/.local/lib/python3.9/site-packages/airflow/example_dags/example_branch_datetime_operator.py took 0.120 seconds
[2024-12-17T23:59:39.439+0000] {processor.py:157} INFO - Started process (PID=894) to work on /home/airflow/.local/lib/python3.9/site-packages/airflow/example_dags/example_branch_datetime_operator.py
[2024-12-17T23:59:39.440+0000] {processor.py:829} INFO - Processing file /home/airflow/.local/lib/python3.9/site-packages/airflow/example_dags/example_branch_datetime_operator.py for tasks to queue
[2024-12-17T23:59:39.443+0000] {logging_mixin.py:151} INFO - [2024-12-17T23:59:39.443+0000] {dagbag.py:539} INFO - Filling up the DagBag from /home/airflow/.local/lib/python3.9/site-packages/airflow/example_dags/example_branch_datetime_operator.py
[2024-12-17T23:59:39.455+0000] {processor.py:839} INFO - DAG(s) dict_keys(['example_branch_datetime_operator_2', 'example_branch_datetime_operator', 'example_branch_datetime_operator_3']) retrieved from /home/airflow/.local/lib/python3.9/site-packages/airflow/example_dags/example_branch_datetime_operator.py
[2024-12-17T23:59:39.483+0000] {logging_mixin.py:151} INFO - [2024-12-17T23:59:39.483+0000] {dag.py:2907} INFO - Sync 3 DAGs
[2024-12-17T23:59:39.508+0000] {logging_mixin.py:151} INFO - [2024-12-17T23:59:39.507+0000] {dag.py:3677} INFO - Setting next_dagrun for example_branch_datetime_operator to 2024-12-16T00:00:00+00:00, run_after=2024-12-17T00:00:00+00:00
[2024-12-17T23:59:39.513+0000] {logging_mixin.py:151} INFO - [2024-12-17T23:59:39.513+0000] {dag.py:3677} INFO - Setting next_dagrun for example_branch_datetime_operator_2 to 2024-12-16T00:00:00+00:00, run_after=2024-12-17T00:00:00+00:00
[2024-12-17T23:59:39.517+0000] {logging_mixin.py:151} INFO - [2024-12-17T23:59:39.517+0000] {dag.py:3677} INFO - Setting next_dagrun for example_branch_datetime_operator_3 to 2024-12-16T00:00:00+00:00, run_after=2024-12-17T00:00:00+00:00
[2024-12-17T23:59:39.535+0000] {processor.py:179} INFO - Processing /home/airflow/.local/lib/python3.9/site-packages/airflow/example_dags/example_branch_datetime_operator.py took 0.100 seconds
