[2024-12-17T23:53:00.697+0000] {processor.py:157} INFO - Started process (PID=75) to work on /home/airflow/.local/lib/python3.9/site-packages/airflow/example_dags/example_dynamic_task_mapping_with_no_taskflow_operators.py
[2024-12-17T23:53:00.699+0000] {processor.py:829} INFO - Processing file /home/airflow/.local/lib/python3.9/site-packages/airflow/example_dags/example_dynamic_task_mapping_with_no_taskflow_operators.py for tasks to queue
[2024-12-17T23:53:00.702+0000] {logging_mixin.py:151} INFO - [2024-12-17T23:53:00.702+0000] {dagbag.py:539} INFO - Filling up the DagBag from /home/airflow/.local/lib/python3.9/site-packages/airflow/example_dags/example_dynamic_task_mapping_with_no_taskflow_operators.py
[2024-12-17T23:53:00.716+0000] {processor.py:839} INFO - DAG(s) dict_keys(['example_dynamic_task_mapping_with_no_taskflow_operators']) retrieved from /home/airflow/.local/lib/python3.9/site-packages/airflow/example_dags/example_dynamic_task_mapping_with_no_taskflow_operators.py
[2024-12-17T23:53:00.843+0000] {logging_mixin.py:151} INFO - [2024-12-17T23:53:00.842+0000] {manager.py:501} INFO - Created Permission View: can read on DAG:example_dynamic_task_mapping_with_no_taskflow_operators
[2024-12-17T23:53:00.861+0000] {logging_mixin.py:151} INFO - [2024-12-17T23:53:00.860+0000] {manager.py:501} INFO - Created Permission View: can edit on DAG:example_dynamic_task_mapping_with_no_taskflow_operators
[2024-12-17T23:53:00.873+0000] {logging_mixin.py:151} INFO - [2024-12-17T23:53:00.873+0000] {manager.py:501} INFO - Created Permission View: can delete on DAG:example_dynamic_task_mapping_with_no_taskflow_operators
[2024-12-17T23:53:00.896+0000] {logging_mixin.py:151} INFO - [2024-12-17T23:53:00.896+0000] {dag.py:2907} INFO - Sync 1 DAGs
[2024-12-17T23:53:00.911+0000] {logging_mixin.py:151} INFO - [2024-12-17T23:53:00.911+0000] {dag.py:2929} INFO - Creating ORM DAG for example_dynamic_task_mapping_with_no_taskflow_operators
[2024-12-17T23:53:00.923+0000] {logging_mixin.py:151} INFO - [2024-12-17T23:53:00.923+0000] {dag.py:3677} INFO - Setting next_dagrun for example_dynamic_task_mapping_with_no_taskflow_operators to 2024-12-16T23:53:00.923232+00:00, run_after=2024-12-17T23:53:00.923232+00:00
[2024-12-17T23:53:00.947+0000] {processor.py:179} INFO - Processing /home/airflow/.local/lib/python3.9/site-packages/airflow/example_dags/example_dynamic_task_mapping_with_no_taskflow_operators.py took 0.255 seconds
[2024-12-17T23:53:31.614+0000] {processor.py:157} INFO - Started process (PID=136) to work on /home/airflow/.local/lib/python3.9/site-packages/airflow/example_dags/example_dynamic_task_mapping_with_no_taskflow_operators.py
[2024-12-17T23:53:31.617+0000] {processor.py:829} INFO - Processing file /home/airflow/.local/lib/python3.9/site-packages/airflow/example_dags/example_dynamic_task_mapping_with_no_taskflow_operators.py for tasks to queue
[2024-12-17T23:53:31.621+0000] {logging_mixin.py:151} INFO - [2024-12-17T23:53:31.620+0000] {dagbag.py:539} INFO - Filling up the DagBag from /home/airflow/.local/lib/python3.9/site-packages/airflow/example_dags/example_dynamic_task_mapping_with_no_taskflow_operators.py
[2024-12-17T23:53:31.631+0000] {processor.py:839} INFO - DAG(s) dict_keys(['example_dynamic_task_mapping_with_no_taskflow_operators']) retrieved from /home/airflow/.local/lib/python3.9/site-packages/airflow/example_dags/example_dynamic_task_mapping_with_no_taskflow_operators.py
[2024-12-17T23:53:31.669+0000] {logging_mixin.py:151} INFO - [2024-12-17T23:53:31.669+0000] {dag.py:2907} INFO - Sync 1 DAGs
[2024-12-17T23:53:31.702+0000] {logging_mixin.py:151} INFO - [2024-12-17T23:53:31.702+0000] {dag.py:3677} INFO - Setting next_dagrun for example_dynamic_task_mapping_with_no_taskflow_operators to 2024-12-16T23:53:31.701911+00:00, run_after=2024-12-17T23:53:31.701911+00:00
[2024-12-17T23:53:31.732+0000] {processor.py:179} INFO - Processing /home/airflow/.local/lib/python3.9/site-packages/airflow/example_dags/example_dynamic_task_mapping_with_no_taskflow_operators.py took 0.125 seconds
[2024-12-17T23:54:02.000+0000] {processor.py:157} INFO - Started process (PID=197) to work on /home/airflow/.local/lib/python3.9/site-packages/airflow/example_dags/example_dynamic_task_mapping_with_no_taskflow_operators.py
[2024-12-17T23:54:02.002+0000] {processor.py:829} INFO - Processing file /home/airflow/.local/lib/python3.9/site-packages/airflow/example_dags/example_dynamic_task_mapping_with_no_taskflow_operators.py for tasks to queue
[2024-12-17T23:54:02.005+0000] {logging_mixin.py:151} INFO - [2024-12-17T23:54:02.005+0000] {dagbag.py:539} INFO - Filling up the DagBag from /home/airflow/.local/lib/python3.9/site-packages/airflow/example_dags/example_dynamic_task_mapping_with_no_taskflow_operators.py
[2024-12-17T23:54:02.016+0000] {processor.py:839} INFO - DAG(s) dict_keys(['example_dynamic_task_mapping_with_no_taskflow_operators']) retrieved from /home/airflow/.local/lib/python3.9/site-packages/airflow/example_dags/example_dynamic_task_mapping_with_no_taskflow_operators.py
[2024-12-17T23:54:02.043+0000] {logging_mixin.py:151} INFO - [2024-12-17T23:54:02.043+0000] {dag.py:2907} INFO - Sync 1 DAGs
[2024-12-17T23:54:02.076+0000] {logging_mixin.py:151} INFO - [2024-12-17T23:54:02.076+0000] {dag.py:3677} INFO - Setting next_dagrun for example_dynamic_task_mapping_with_no_taskflow_operators to 2024-12-16T23:54:02.075928+00:00, run_after=2024-12-17T23:54:02.075928+00:00
[2024-12-17T23:54:02.105+0000] {processor.py:179} INFO - Processing /home/airflow/.local/lib/python3.9/site-packages/airflow/example_dags/example_dynamic_task_mapping_with_no_taskflow_operators.py took 0.109 seconds
[2024-12-17T23:54:32.284+0000] {processor.py:157} INFO - Started process (PID=259) to work on /home/airflow/.local/lib/python3.9/site-packages/airflow/example_dags/example_dynamic_task_mapping_with_no_taskflow_operators.py
[2024-12-17T23:54:32.285+0000] {processor.py:829} INFO - Processing file /home/airflow/.local/lib/python3.9/site-packages/airflow/example_dags/example_dynamic_task_mapping_with_no_taskflow_operators.py for tasks to queue
[2024-12-17T23:54:32.288+0000] {logging_mixin.py:151} INFO - [2024-12-17T23:54:32.288+0000] {dagbag.py:539} INFO - Filling up the DagBag from /home/airflow/.local/lib/python3.9/site-packages/airflow/example_dags/example_dynamic_task_mapping_with_no_taskflow_operators.py
[2024-12-17T23:54:32.296+0000] {processor.py:839} INFO - DAG(s) dict_keys(['example_dynamic_task_mapping_with_no_taskflow_operators']) retrieved from /home/airflow/.local/lib/python3.9/site-packages/airflow/example_dags/example_dynamic_task_mapping_with_no_taskflow_operators.py
[2024-12-17T23:54:32.317+0000] {logging_mixin.py:151} INFO - [2024-12-17T23:54:32.316+0000] {dag.py:2907} INFO - Sync 1 DAGs
[2024-12-17T23:54:32.340+0000] {logging_mixin.py:151} INFO - [2024-12-17T23:54:32.340+0000] {dag.py:3677} INFO - Setting next_dagrun for example_dynamic_task_mapping_with_no_taskflow_operators to 2024-12-16T23:54:32.339883+00:00, run_after=2024-12-17T23:54:32.339883+00:00
[2024-12-17T23:54:32.361+0000] {processor.py:179} INFO - Processing /home/airflow/.local/lib/python3.9/site-packages/airflow/example_dags/example_dynamic_task_mapping_with_no_taskflow_operators.py took 0.081 seconds
[2024-12-17T23:55:02.804+0000] {processor.py:157} INFO - Started process (PID=321) to work on /home/airflow/.local/lib/python3.9/site-packages/airflow/example_dags/example_dynamic_task_mapping_with_no_taskflow_operators.py
[2024-12-17T23:55:02.805+0000] {processor.py:829} INFO - Processing file /home/airflow/.local/lib/python3.9/site-packages/airflow/example_dags/example_dynamic_task_mapping_with_no_taskflow_operators.py for tasks to queue
[2024-12-17T23:55:02.808+0000] {logging_mixin.py:151} INFO - [2024-12-17T23:55:02.807+0000] {dagbag.py:539} INFO - Filling up the DagBag from /home/airflow/.local/lib/python3.9/site-packages/airflow/example_dags/example_dynamic_task_mapping_with_no_taskflow_operators.py
[2024-12-17T23:55:02.816+0000] {processor.py:839} INFO - DAG(s) dict_keys(['example_dynamic_task_mapping_with_no_taskflow_operators']) retrieved from /home/airflow/.local/lib/python3.9/site-packages/airflow/example_dags/example_dynamic_task_mapping_with_no_taskflow_operators.py
[2024-12-17T23:55:02.837+0000] {logging_mixin.py:151} INFO - [2024-12-17T23:55:02.837+0000] {dag.py:2907} INFO - Sync 1 DAGs
[2024-12-17T23:55:02.861+0000] {logging_mixin.py:151} INFO - [2024-12-17T23:55:02.861+0000] {dag.py:3677} INFO - Setting next_dagrun for example_dynamic_task_mapping_with_no_taskflow_operators to 2024-12-16T23:55:02.861389+00:00, run_after=2024-12-17T23:55:02.861389+00:00
[2024-12-17T23:55:02.882+0000] {processor.py:179} INFO - Processing /home/airflow/.local/lib/python3.9/site-packages/airflow/example_dags/example_dynamic_task_mapping_with_no_taskflow_operators.py took 0.082 seconds
[2024-12-17T23:55:32.994+0000] {processor.py:157} INFO - Started process (PID=383) to work on /home/airflow/.local/lib/python3.9/site-packages/airflow/example_dags/example_dynamic_task_mapping_with_no_taskflow_operators.py
[2024-12-17T23:55:32.995+0000] {processor.py:829} INFO - Processing file /home/airflow/.local/lib/python3.9/site-packages/airflow/example_dags/example_dynamic_task_mapping_with_no_taskflow_operators.py for tasks to queue
[2024-12-17T23:55:32.998+0000] {logging_mixin.py:151} INFO - [2024-12-17T23:55:32.998+0000] {dagbag.py:539} INFO - Filling up the DagBag from /home/airflow/.local/lib/python3.9/site-packages/airflow/example_dags/example_dynamic_task_mapping_with_no_taskflow_operators.py
[2024-12-17T23:55:33.007+0000] {processor.py:839} INFO - DAG(s) dict_keys(['example_dynamic_task_mapping_with_no_taskflow_operators']) retrieved from /home/airflow/.local/lib/python3.9/site-packages/airflow/example_dags/example_dynamic_task_mapping_with_no_taskflow_operators.py
[2024-12-17T23:55:33.028+0000] {logging_mixin.py:151} INFO - [2024-12-17T23:55:33.027+0000] {dag.py:2907} INFO - Sync 1 DAGs
[2024-12-17T23:55:33.051+0000] {logging_mixin.py:151} INFO - [2024-12-17T23:55:33.051+0000] {dag.py:3677} INFO - Setting next_dagrun for example_dynamic_task_mapping_with_no_taskflow_operators to 2024-12-16T23:55:33.051310+00:00, run_after=2024-12-17T23:55:33.051310+00:00
[2024-12-17T23:55:33.080+0000] {processor.py:179} INFO - Processing /home/airflow/.local/lib/python3.9/site-packages/airflow/example_dags/example_dynamic_task_mapping_with_no_taskflow_operators.py took 0.090 seconds
[2024-12-17T23:56:03.585+0000] {processor.py:157} INFO - Started process (PID=444) to work on /home/airflow/.local/lib/python3.9/site-packages/airflow/example_dags/example_dynamic_task_mapping_with_no_taskflow_operators.py
[2024-12-17T23:56:03.586+0000] {processor.py:829} INFO - Processing file /home/airflow/.local/lib/python3.9/site-packages/airflow/example_dags/example_dynamic_task_mapping_with_no_taskflow_operators.py for tasks to queue
[2024-12-17T23:56:03.589+0000] {logging_mixin.py:151} INFO - [2024-12-17T23:56:03.589+0000] {dagbag.py:539} INFO - Filling up the DagBag from /home/airflow/.local/lib/python3.9/site-packages/airflow/example_dags/example_dynamic_task_mapping_with_no_taskflow_operators.py
[2024-12-17T23:56:03.597+0000] {processor.py:839} INFO - DAG(s) dict_keys(['example_dynamic_task_mapping_with_no_taskflow_operators']) retrieved from /home/airflow/.local/lib/python3.9/site-packages/airflow/example_dags/example_dynamic_task_mapping_with_no_taskflow_operators.py
[2024-12-17T23:56:03.626+0000] {logging_mixin.py:151} INFO - [2024-12-17T23:56:03.626+0000] {dag.py:2907} INFO - Sync 1 DAGs
[2024-12-17T23:56:03.653+0000] {logging_mixin.py:151} INFO - [2024-12-17T23:56:03.652+0000] {dag.py:3677} INFO - Setting next_dagrun for example_dynamic_task_mapping_with_no_taskflow_operators to 2024-12-16T23:56:03.652682+00:00, run_after=2024-12-17T23:56:03.652682+00:00
[2024-12-17T23:56:03.675+0000] {processor.py:179} INFO - Processing /home/airflow/.local/lib/python3.9/site-packages/airflow/example_dags/example_dynamic_task_mapping_with_no_taskflow_operators.py took 0.094 seconds
[2024-12-17T23:56:34.083+0000] {processor.py:157} INFO - Started process (PID=504) to work on /home/airflow/.local/lib/python3.9/site-packages/airflow/example_dags/example_dynamic_task_mapping_with_no_taskflow_operators.py
[2024-12-17T23:56:34.084+0000] {processor.py:829} INFO - Processing file /home/airflow/.local/lib/python3.9/site-packages/airflow/example_dags/example_dynamic_task_mapping_with_no_taskflow_operators.py for tasks to queue
[2024-12-17T23:56:34.088+0000] {logging_mixin.py:151} INFO - [2024-12-17T23:56:34.087+0000] {dagbag.py:539} INFO - Filling up the DagBag from /home/airflow/.local/lib/python3.9/site-packages/airflow/example_dags/example_dynamic_task_mapping_with_no_taskflow_operators.py
[2024-12-17T23:56:34.096+0000] {processor.py:839} INFO - DAG(s) dict_keys(['example_dynamic_task_mapping_with_no_taskflow_operators']) retrieved from /home/airflow/.local/lib/python3.9/site-packages/airflow/example_dags/example_dynamic_task_mapping_with_no_taskflow_operators.py
[2024-12-17T23:56:34.124+0000] {logging_mixin.py:151} INFO - [2024-12-17T23:56:34.124+0000] {dag.py:2907} INFO - Sync 1 DAGs
[2024-12-17T23:56:34.155+0000] {logging_mixin.py:151} INFO - [2024-12-17T23:56:34.155+0000] {dag.py:3677} INFO - Setting next_dagrun for example_dynamic_task_mapping_with_no_taskflow_operators to 2024-12-16T23:56:34.154825+00:00, run_after=2024-12-17T23:56:34.154825+00:00
[2024-12-17T23:56:34.185+0000] {processor.py:179} INFO - Processing /home/airflow/.local/lib/python3.9/site-packages/airflow/example_dags/example_dynamic_task_mapping_with_no_taskflow_operators.py took 0.105 seconds
[2024-12-17T23:57:04.386+0000] {processor.py:157} INFO - Started process (PID=566) to work on /home/airflow/.local/lib/python3.9/site-packages/airflow/example_dags/example_dynamic_task_mapping_with_no_taskflow_operators.py
[2024-12-17T23:57:04.387+0000] {processor.py:829} INFO - Processing file /home/airflow/.local/lib/python3.9/site-packages/airflow/example_dags/example_dynamic_task_mapping_with_no_taskflow_operators.py for tasks to queue
[2024-12-17T23:57:04.390+0000] {logging_mixin.py:151} INFO - [2024-12-17T23:57:04.390+0000] {dagbag.py:539} INFO - Filling up the DagBag from /home/airflow/.local/lib/python3.9/site-packages/airflow/example_dags/example_dynamic_task_mapping_with_no_taskflow_operators.py
[2024-12-17T23:57:04.398+0000] {processor.py:839} INFO - DAG(s) dict_keys(['example_dynamic_task_mapping_with_no_taskflow_operators']) retrieved from /home/airflow/.local/lib/python3.9/site-packages/airflow/example_dags/example_dynamic_task_mapping_with_no_taskflow_operators.py
[2024-12-17T23:57:04.427+0000] {logging_mixin.py:151} INFO - [2024-12-17T23:57:04.427+0000] {dag.py:2907} INFO - Sync 1 DAGs
[2024-12-17T23:57:04.466+0000] {logging_mixin.py:151} INFO - [2024-12-17T23:57:04.466+0000] {dag.py:3677} INFO - Setting next_dagrun for example_dynamic_task_mapping_with_no_taskflow_operators to 2024-12-16T23:57:04.466176+00:00, run_after=2024-12-17T23:57:04.466176+00:00
[2024-12-17T23:57:04.493+0000] {processor.py:179} INFO - Processing /home/airflow/.local/lib/python3.9/site-packages/airflow/example_dags/example_dynamic_task_mapping_with_no_taskflow_operators.py took 0.111 seconds
[2024-12-17T23:57:34.907+0000] {processor.py:157} INFO - Started process (PID=628) to work on /home/airflow/.local/lib/python3.9/site-packages/airflow/example_dags/example_dynamic_task_mapping_with_no_taskflow_operators.py
[2024-12-17T23:57:34.909+0000] {processor.py:829} INFO - Processing file /home/airflow/.local/lib/python3.9/site-packages/airflow/example_dags/example_dynamic_task_mapping_with_no_taskflow_operators.py for tasks to queue
[2024-12-17T23:57:34.912+0000] {logging_mixin.py:151} INFO - [2024-12-17T23:57:34.911+0000] {dagbag.py:539} INFO - Filling up the DagBag from /home/airflow/.local/lib/python3.9/site-packages/airflow/example_dags/example_dynamic_task_mapping_with_no_taskflow_operators.py
[2024-12-17T23:57:34.921+0000] {processor.py:839} INFO - DAG(s) dict_keys(['example_dynamic_task_mapping_with_no_taskflow_operators']) retrieved from /home/airflow/.local/lib/python3.9/site-packages/airflow/example_dags/example_dynamic_task_mapping_with_no_taskflow_operators.py
[2024-12-17T23:57:34.944+0000] {logging_mixin.py:151} INFO - [2024-12-17T23:57:34.944+0000] {dag.py:2907} INFO - Sync 1 DAGs
[2024-12-17T23:57:34.973+0000] {logging_mixin.py:151} INFO - [2024-12-17T23:57:34.972+0000] {dag.py:3677} INFO - Setting next_dagrun for example_dynamic_task_mapping_with_no_taskflow_operators to 2024-12-16T23:57:34.972631+00:00, run_after=2024-12-17T23:57:34.972631+00:00
[2024-12-17T23:57:34.994+0000] {processor.py:179} INFO - Processing /home/airflow/.local/lib/python3.9/site-packages/airflow/example_dags/example_dynamic_task_mapping_with_no_taskflow_operators.py took 0.090 seconds
[2024-12-17T23:58:05.381+0000] {processor.py:157} INFO - Started process (PID=690) to work on /home/airflow/.local/lib/python3.9/site-packages/airflow/example_dags/example_dynamic_task_mapping_with_no_taskflow_operators.py
[2024-12-17T23:58:05.382+0000] {processor.py:829} INFO - Processing file /home/airflow/.local/lib/python3.9/site-packages/airflow/example_dags/example_dynamic_task_mapping_with_no_taskflow_operators.py for tasks to queue
[2024-12-17T23:58:05.385+0000] {logging_mixin.py:151} INFO - [2024-12-17T23:58:05.385+0000] {dagbag.py:539} INFO - Filling up the DagBag from /home/airflow/.local/lib/python3.9/site-packages/airflow/example_dags/example_dynamic_task_mapping_with_no_taskflow_operators.py
[2024-12-17T23:58:05.393+0000] {processor.py:839} INFO - DAG(s) dict_keys(['example_dynamic_task_mapping_with_no_taskflow_operators']) retrieved from /home/airflow/.local/lib/python3.9/site-packages/airflow/example_dags/example_dynamic_task_mapping_with_no_taskflow_operators.py
[2024-12-17T23:58:05.415+0000] {logging_mixin.py:151} INFO - [2024-12-17T23:58:05.415+0000] {dag.py:2907} INFO - Sync 1 DAGs
[2024-12-17T23:58:05.438+0000] {logging_mixin.py:151} INFO - [2024-12-17T23:58:05.438+0000] {dag.py:3677} INFO - Setting next_dagrun for example_dynamic_task_mapping_with_no_taskflow_operators to 2024-12-16T23:58:05.438468+00:00, run_after=2024-12-17T23:58:05.438468+00:00
[2024-12-17T23:58:05.459+0000] {processor.py:179} INFO - Processing /home/airflow/.local/lib/python3.9/site-packages/airflow/example_dags/example_dynamic_task_mapping_with_no_taskflow_operators.py took 0.081 seconds
[2024-12-17T23:58:35.843+0000] {processor.py:157} INFO - Started process (PID=752) to work on /home/airflow/.local/lib/python3.9/site-packages/airflow/example_dags/example_dynamic_task_mapping_with_no_taskflow_operators.py
[2024-12-17T23:58:35.844+0000] {processor.py:829} INFO - Processing file /home/airflow/.local/lib/python3.9/site-packages/airflow/example_dags/example_dynamic_task_mapping_with_no_taskflow_operators.py for tasks to queue
[2024-12-17T23:58:35.847+0000] {logging_mixin.py:151} INFO - [2024-12-17T23:58:35.847+0000] {dagbag.py:539} INFO - Filling up the DagBag from /home/airflow/.local/lib/python3.9/site-packages/airflow/example_dags/example_dynamic_task_mapping_with_no_taskflow_operators.py
[2024-12-17T23:58:35.855+0000] {processor.py:839} INFO - DAG(s) dict_keys(['example_dynamic_task_mapping_with_no_taskflow_operators']) retrieved from /home/airflow/.local/lib/python3.9/site-packages/airflow/example_dags/example_dynamic_task_mapping_with_no_taskflow_operators.py
[2024-12-17T23:58:35.878+0000] {logging_mixin.py:151} INFO - [2024-12-17T23:58:35.877+0000] {dag.py:2907} INFO - Sync 1 DAGs
[2024-12-17T23:58:35.904+0000] {logging_mixin.py:151} INFO - [2024-12-17T23:58:35.904+0000] {dag.py:3677} INFO - Setting next_dagrun for example_dynamic_task_mapping_with_no_taskflow_operators to 2024-12-16T23:58:35.903965+00:00, run_after=2024-12-17T23:58:35.903965+00:00
[2024-12-17T23:58:35.927+0000] {processor.py:179} INFO - Processing /home/airflow/.local/lib/python3.9/site-packages/airflow/example_dags/example_dynamic_task_mapping_with_no_taskflow_operators.py took 0.088 seconds
[2024-12-17T23:59:06.691+0000] {processor.py:157} INFO - Started process (PID=814) to work on /home/airflow/.local/lib/python3.9/site-packages/airflow/example_dags/example_dynamic_task_mapping_with_no_taskflow_operators.py
[2024-12-17T23:59:06.692+0000] {processor.py:829} INFO - Processing file /home/airflow/.local/lib/python3.9/site-packages/airflow/example_dags/example_dynamic_task_mapping_with_no_taskflow_operators.py for tasks to queue
[2024-12-17T23:59:06.695+0000] {logging_mixin.py:151} INFO - [2024-12-17T23:59:06.695+0000] {dagbag.py:539} INFO - Filling up the DagBag from /home/airflow/.local/lib/python3.9/site-packages/airflow/example_dags/example_dynamic_task_mapping_with_no_taskflow_operators.py
[2024-12-17T23:59:06.702+0000] {processor.py:839} INFO - DAG(s) dict_keys(['example_dynamic_task_mapping_with_no_taskflow_operators']) retrieved from /home/airflow/.local/lib/python3.9/site-packages/airflow/example_dags/example_dynamic_task_mapping_with_no_taskflow_operators.py
[2024-12-17T23:59:06.725+0000] {logging_mixin.py:151} INFO - [2024-12-17T23:59:06.724+0000] {dag.py:2907} INFO - Sync 1 DAGs
[2024-12-17T23:59:06.749+0000] {logging_mixin.py:151} INFO - [2024-12-17T23:59:06.748+0000] {dag.py:3677} INFO - Setting next_dagrun for example_dynamic_task_mapping_with_no_taskflow_operators to 2024-12-16T23:59:06.748561+00:00, run_after=2024-12-17T23:59:06.748561+00:00
[2024-12-17T23:59:06.770+0000] {processor.py:179} INFO - Processing /home/airflow/.local/lib/python3.9/site-packages/airflow/example_dags/example_dynamic_task_mapping_with_no_taskflow_operators.py took 0.082 seconds
[2024-12-17T23:59:36.837+0000] {processor.py:157} INFO - Started process (PID=874) to work on /home/airflow/.local/lib/python3.9/site-packages/airflow/example_dags/example_dynamic_task_mapping_with_no_taskflow_operators.py
[2024-12-17T23:59:36.838+0000] {processor.py:829} INFO - Processing file /home/airflow/.local/lib/python3.9/site-packages/airflow/example_dags/example_dynamic_task_mapping_with_no_taskflow_operators.py for tasks to queue
[2024-12-17T23:59:36.841+0000] {logging_mixin.py:151} INFO - [2024-12-17T23:59:36.841+0000] {dagbag.py:539} INFO - Filling up the DagBag from /home/airflow/.local/lib/python3.9/site-packages/airflow/example_dags/example_dynamic_task_mapping_with_no_taskflow_operators.py
[2024-12-17T23:59:36.849+0000] {processor.py:839} INFO - DAG(s) dict_keys(['example_dynamic_task_mapping_with_no_taskflow_operators']) retrieved from /home/airflow/.local/lib/python3.9/site-packages/airflow/example_dags/example_dynamic_task_mapping_with_no_taskflow_operators.py
[2024-12-17T23:59:36.870+0000] {logging_mixin.py:151} INFO - [2024-12-17T23:59:36.869+0000] {dag.py:2907} INFO - Sync 1 DAGs
[2024-12-17T23:59:36.894+0000] {logging_mixin.py:151} INFO - [2024-12-17T23:59:36.893+0000] {dag.py:3677} INFO - Setting next_dagrun for example_dynamic_task_mapping_with_no_taskflow_operators to 2024-12-16T23:59:36.893580+00:00, run_after=2024-12-17T23:59:36.893580+00:00
[2024-12-17T23:59:36.914+0000] {processor.py:179} INFO - Processing /home/airflow/.local/lib/python3.9/site-packages/airflow/example_dags/example_dynamic_task_mapping_with_no_taskflow_operators.py took 0.081 seconds
