[2024-12-17T23:53:04.726+0000] {processor.py:157} INFO - Started process (PID=96) to work on /home/airflow/.local/lib/python3.9/site-packages/airflow/example_dags/example_latest_only_with_trigger.py
[2024-12-17T23:53:04.728+0000] {processor.py:829} INFO - Processing file /home/airflow/.local/lib/python3.9/site-packages/airflow/example_dags/example_latest_only_with_trigger.py for tasks to queue
[2024-12-17T23:53:04.732+0000] {logging_mixin.py:151} INFO - [2024-12-17T23:53:04.731+0000] {dagbag.py:539} INFO - Filling up the DagBag from /home/airflow/.local/lib/python3.9/site-packages/airflow/example_dags/example_latest_only_with_trigger.py
[2024-12-17T23:53:04.744+0000] {processor.py:839} INFO - DAG(s) dict_keys(['latest_only_with_trigger']) retrieved from /home/airflow/.local/lib/python3.9/site-packages/airflow/example_dags/example_latest_only_with_trigger.py
[2024-12-17T23:53:04.887+0000] {logging_mixin.py:151} INFO - [2024-12-17T23:53:04.887+0000] {manager.py:501} INFO - Created Permission View: can read on DAG:latest_only_with_trigger
[2024-12-17T23:53:04.914+0000] {logging_mixin.py:151} INFO - [2024-12-17T23:53:04.914+0000] {manager.py:501} INFO - Created Permission View: can edit on DAG:latest_only_with_trigger
[2024-12-17T23:53:04.925+0000] {logging_mixin.py:151} INFO - [2024-12-17T23:53:04.925+0000] {manager.py:501} INFO - Created Permission View: can delete on DAG:latest_only_with_trigger
[2024-12-17T23:53:04.948+0000] {logging_mixin.py:151} INFO - [2024-12-17T23:53:04.947+0000] {dag.py:2907} INFO - Sync 1 DAGs
[2024-12-17T23:53:04.967+0000] {logging_mixin.py:151} INFO - [2024-12-17T23:53:04.967+0000] {dag.py:2929} INFO - Creating ORM DAG for latest_only_with_trigger
[2024-12-17T23:53:04.984+0000] {logging_mixin.py:151} INFO - [2024-12-17T23:53:04.983+0000] {dag.py:3677} INFO - Setting next_dagrun for latest_only_with_trigger to 2024-12-17T19:53:04.983514+00:00, run_after=2024-12-17T23:53:04.983514+00:00
[2024-12-17T23:53:05.008+0000] {processor.py:179} INFO - Processing /home/airflow/.local/lib/python3.9/site-packages/airflow/example_dags/example_latest_only_with_trigger.py took 0.287 seconds
[2024-12-17T23:53:35.457+0000] {processor.py:157} INFO - Started process (PID=157) to work on /home/airflow/.local/lib/python3.9/site-packages/airflow/example_dags/example_latest_only_with_trigger.py
[2024-12-17T23:53:35.459+0000] {processor.py:829} INFO - Processing file /home/airflow/.local/lib/python3.9/site-packages/airflow/example_dags/example_latest_only_with_trigger.py for tasks to queue
[2024-12-17T23:53:35.463+0000] {logging_mixin.py:151} INFO - [2024-12-17T23:53:35.462+0000] {dagbag.py:539} INFO - Filling up the DagBag from /home/airflow/.local/lib/python3.9/site-packages/airflow/example_dags/example_latest_only_with_trigger.py
[2024-12-17T23:53:35.473+0000] {processor.py:839} INFO - DAG(s) dict_keys(['latest_only_with_trigger']) retrieved from /home/airflow/.local/lib/python3.9/site-packages/airflow/example_dags/example_latest_only_with_trigger.py
[2024-12-17T23:53:35.505+0000] {logging_mixin.py:151} INFO - [2024-12-17T23:53:35.505+0000] {dag.py:2907} INFO - Sync 1 DAGs
[2024-12-17T23:53:35.532+0000] {logging_mixin.py:151} INFO - [2024-12-17T23:53:35.532+0000] {dag.py:3677} INFO - Setting next_dagrun for latest_only_with_trigger to 2024-12-17T19:53:35.532138+00:00, run_after=2024-12-17T23:53:35.532138+00:00
[2024-12-17T23:53:35.563+0000] {processor.py:179} INFO - Processing /home/airflow/.local/lib/python3.9/site-packages/airflow/example_dags/example_latest_only_with_trigger.py took 0.115 seconds
[2024-12-17T23:54:05.713+0000] {processor.py:157} INFO - Started process (PID=218) to work on /home/airflow/.local/lib/python3.9/site-packages/airflow/example_dags/example_latest_only_with_trigger.py
[2024-12-17T23:54:05.714+0000] {processor.py:829} INFO - Processing file /home/airflow/.local/lib/python3.9/site-packages/airflow/example_dags/example_latest_only_with_trigger.py for tasks to queue
[2024-12-17T23:54:05.717+0000] {logging_mixin.py:151} INFO - [2024-12-17T23:54:05.716+0000] {dagbag.py:539} INFO - Filling up the DagBag from /home/airflow/.local/lib/python3.9/site-packages/airflow/example_dags/example_latest_only_with_trigger.py
[2024-12-17T23:54:05.723+0000] {processor.py:839} INFO - DAG(s) dict_keys(['latest_only_with_trigger']) retrieved from /home/airflow/.local/lib/python3.9/site-packages/airflow/example_dags/example_latest_only_with_trigger.py
[2024-12-17T23:54:05.746+0000] {logging_mixin.py:151} INFO - [2024-12-17T23:54:05.746+0000] {dag.py:2907} INFO - Sync 1 DAGs
[2024-12-17T23:54:05.770+0000] {logging_mixin.py:151} INFO - [2024-12-17T23:54:05.769+0000] {dag.py:3677} INFO - Setting next_dagrun for latest_only_with_trigger to 2024-12-17T19:54:05.769698+00:00, run_after=2024-12-17T23:54:05.769698+00:00
[2024-12-17T23:54:05.790+0000] {processor.py:179} INFO - Processing /home/airflow/.local/lib/python3.9/site-packages/airflow/example_dags/example_latest_only_with_trigger.py took 0.081 seconds
[2024-12-17T23:54:35.897+0000] {processor.py:157} INFO - Started process (PID=279) to work on /home/airflow/.local/lib/python3.9/site-packages/airflow/example_dags/example_latest_only_with_trigger.py
[2024-12-17T23:54:35.899+0000] {processor.py:829} INFO - Processing file /home/airflow/.local/lib/python3.9/site-packages/airflow/example_dags/example_latest_only_with_trigger.py for tasks to queue
[2024-12-17T23:54:35.904+0000] {logging_mixin.py:151} INFO - [2024-12-17T23:54:35.903+0000] {dagbag.py:539} INFO - Filling up the DagBag from /home/airflow/.local/lib/python3.9/site-packages/airflow/example_dags/example_latest_only_with_trigger.py
[2024-12-17T23:54:35.915+0000] {processor.py:839} INFO - DAG(s) dict_keys(['latest_only_with_trigger']) retrieved from /home/airflow/.local/lib/python3.9/site-packages/airflow/example_dags/example_latest_only_with_trigger.py
[2024-12-17T23:54:35.954+0000] {logging_mixin.py:151} INFO - [2024-12-17T23:54:35.954+0000] {dag.py:2907} INFO - Sync 1 DAGs
[2024-12-17T23:54:35.997+0000] {logging_mixin.py:151} INFO - [2024-12-17T23:54:35.997+0000] {dag.py:3677} INFO - Setting next_dagrun for latest_only_with_trigger to 2024-12-17T19:54:35.996809+00:00, run_after=2024-12-17T23:54:35.996809+00:00
[2024-12-17T23:54:36.035+0000] {processor.py:179} INFO - Processing /home/airflow/.local/lib/python3.9/site-packages/airflow/example_dags/example_latest_only_with_trigger.py took 0.144 seconds
[2024-12-17T23:55:06.204+0000] {processor.py:157} INFO - Started process (PID=341) to work on /home/airflow/.local/lib/python3.9/site-packages/airflow/example_dags/example_latest_only_with_trigger.py
[2024-12-17T23:55:06.205+0000] {processor.py:829} INFO - Processing file /home/airflow/.local/lib/python3.9/site-packages/airflow/example_dags/example_latest_only_with_trigger.py for tasks to queue
[2024-12-17T23:55:06.209+0000] {logging_mixin.py:151} INFO - [2024-12-17T23:55:06.208+0000] {dagbag.py:539} INFO - Filling up the DagBag from /home/airflow/.local/lib/python3.9/site-packages/airflow/example_dags/example_latest_only_with_trigger.py
[2024-12-17T23:55:06.216+0000] {processor.py:839} INFO - DAG(s) dict_keys(['latest_only_with_trigger']) retrieved from /home/airflow/.local/lib/python3.9/site-packages/airflow/example_dags/example_latest_only_with_trigger.py
[2024-12-17T23:55:06.248+0000] {logging_mixin.py:151} INFO - [2024-12-17T23:55:06.248+0000] {dag.py:2907} INFO - Sync 1 DAGs
[2024-12-17T23:55:06.281+0000] {logging_mixin.py:151} INFO - [2024-12-17T23:55:06.281+0000] {dag.py:3677} INFO - Setting next_dagrun for latest_only_with_trigger to 2024-12-17T19:55:06.281027+00:00, run_after=2024-12-17T23:55:06.281027+00:00
[2024-12-17T23:55:06.312+0000] {processor.py:179} INFO - Processing /home/airflow/.local/lib/python3.9/site-packages/airflow/example_dags/example_latest_only_with_trigger.py took 0.111 seconds
[2024-12-17T23:55:36.352+0000] {processor.py:157} INFO - Started process (PID=403) to work on /home/airflow/.local/lib/python3.9/site-packages/airflow/example_dags/example_latest_only_with_trigger.py
[2024-12-17T23:55:36.354+0000] {processor.py:829} INFO - Processing file /home/airflow/.local/lib/python3.9/site-packages/airflow/example_dags/example_latest_only_with_trigger.py for tasks to queue
[2024-12-17T23:55:36.357+0000] {logging_mixin.py:151} INFO - [2024-12-17T23:55:36.357+0000] {dagbag.py:539} INFO - Filling up the DagBag from /home/airflow/.local/lib/python3.9/site-packages/airflow/example_dags/example_latest_only_with_trigger.py
[2024-12-17T23:55:36.364+0000] {processor.py:839} INFO - DAG(s) dict_keys(['latest_only_with_trigger']) retrieved from /home/airflow/.local/lib/python3.9/site-packages/airflow/example_dags/example_latest_only_with_trigger.py
[2024-12-17T23:55:36.390+0000] {logging_mixin.py:151} INFO - [2024-12-17T23:55:36.390+0000] {dag.py:2907} INFO - Sync 1 DAGs
[2024-12-17T23:55:36.424+0000] {logging_mixin.py:151} INFO - [2024-12-17T23:55:36.424+0000] {dag.py:3677} INFO - Setting next_dagrun for latest_only_with_trigger to 2024-12-17T19:55:36.423848+00:00, run_after=2024-12-17T23:55:36.423848+00:00
[2024-12-17T23:55:36.452+0000] {processor.py:179} INFO - Processing /home/airflow/.local/lib/python3.9/site-packages/airflow/example_dags/example_latest_only_with_trigger.py took 0.104 seconds
[2024-12-17T23:56:07.259+0000] {processor.py:157} INFO - Started process (PID=464) to work on /home/airflow/.local/lib/python3.9/site-packages/airflow/example_dags/example_latest_only_with_trigger.py
[2024-12-17T23:56:07.261+0000] {processor.py:829} INFO - Processing file /home/airflow/.local/lib/python3.9/site-packages/airflow/example_dags/example_latest_only_with_trigger.py for tasks to queue
[2024-12-17T23:56:07.264+0000] {logging_mixin.py:151} INFO - [2024-12-17T23:56:07.264+0000] {dagbag.py:539} INFO - Filling up the DagBag from /home/airflow/.local/lib/python3.9/site-packages/airflow/example_dags/example_latest_only_with_trigger.py
[2024-12-17T23:56:07.271+0000] {processor.py:839} INFO - DAG(s) dict_keys(['latest_only_with_trigger']) retrieved from /home/airflow/.local/lib/python3.9/site-packages/airflow/example_dags/example_latest_only_with_trigger.py
[2024-12-17T23:56:07.297+0000] {logging_mixin.py:151} INFO - [2024-12-17T23:56:07.296+0000] {dag.py:2907} INFO - Sync 1 DAGs
[2024-12-17T23:56:07.322+0000] {logging_mixin.py:151} INFO - [2024-12-17T23:56:07.322+0000] {dag.py:3677} INFO - Setting next_dagrun for latest_only_with_trigger to 2024-12-17T19:56:07.322117+00:00, run_after=2024-12-17T23:56:07.322117+00:00
[2024-12-17T23:56:07.348+0000] {processor.py:179} INFO - Processing /home/airflow/.local/lib/python3.9/site-packages/airflow/example_dags/example_latest_only_with_trigger.py took 0.093 seconds
[2024-12-17T23:56:37.685+0000] {processor.py:157} INFO - Started process (PID=526) to work on /home/airflow/.local/lib/python3.9/site-packages/airflow/example_dags/example_latest_only_with_trigger.py
[2024-12-17T23:56:37.686+0000] {processor.py:829} INFO - Processing file /home/airflow/.local/lib/python3.9/site-packages/airflow/example_dags/example_latest_only_with_trigger.py for tasks to queue
[2024-12-17T23:56:37.689+0000] {logging_mixin.py:151} INFO - [2024-12-17T23:56:37.689+0000] {dagbag.py:539} INFO - Filling up the DagBag from /home/airflow/.local/lib/python3.9/site-packages/airflow/example_dags/example_latest_only_with_trigger.py
[2024-12-17T23:56:37.696+0000] {processor.py:839} INFO - DAG(s) dict_keys(['latest_only_with_trigger']) retrieved from /home/airflow/.local/lib/python3.9/site-packages/airflow/example_dags/example_latest_only_with_trigger.py
[2024-12-17T23:56:37.724+0000] {logging_mixin.py:151} INFO - [2024-12-17T23:56:37.723+0000] {dag.py:2907} INFO - Sync 1 DAGs
[2024-12-17T23:56:37.751+0000] {logging_mixin.py:151} INFO - [2024-12-17T23:56:37.751+0000] {dag.py:3677} INFO - Setting next_dagrun for latest_only_with_trigger to 2024-12-17T19:56:37.750847+00:00, run_after=2024-12-17T23:56:37.750847+00:00
[2024-12-17T23:56:37.775+0000] {processor.py:179} INFO - Processing /home/airflow/.local/lib/python3.9/site-packages/airflow/example_dags/example_latest_only_with_trigger.py took 0.094 seconds
[2024-12-17T23:57:08.159+0000] {processor.py:157} INFO - Started process (PID=588) to work on /home/airflow/.local/lib/python3.9/site-packages/airflow/example_dags/example_latest_only_with_trigger.py
[2024-12-17T23:57:08.160+0000] {processor.py:829} INFO - Processing file /home/airflow/.local/lib/python3.9/site-packages/airflow/example_dags/example_latest_only_with_trigger.py for tasks to queue
[2024-12-17T23:57:08.165+0000] {logging_mixin.py:151} INFO - [2024-12-17T23:57:08.164+0000] {dagbag.py:539} INFO - Filling up the DagBag from /home/airflow/.local/lib/python3.9/site-packages/airflow/example_dags/example_latest_only_with_trigger.py
[2024-12-17T23:57:08.175+0000] {processor.py:839} INFO - DAG(s) dict_keys(['latest_only_with_trigger']) retrieved from /home/airflow/.local/lib/python3.9/site-packages/airflow/example_dags/example_latest_only_with_trigger.py
[2024-12-17T23:57:08.205+0000] {logging_mixin.py:151} INFO - [2024-12-17T23:57:08.204+0000] {dag.py:2907} INFO - Sync 1 DAGs
[2024-12-17T23:57:08.237+0000] {logging_mixin.py:151} INFO - [2024-12-17T23:57:08.237+0000] {dag.py:3677} INFO - Setting next_dagrun for latest_only_with_trigger to 2024-12-17T19:57:08.236762+00:00, run_after=2024-12-17T23:57:08.236762+00:00
[2024-12-17T23:57:08.261+0000] {processor.py:179} INFO - Processing /home/airflow/.local/lib/python3.9/site-packages/airflow/example_dags/example_latest_only_with_trigger.py took 0.107 seconds
[2024-12-17T23:57:38.365+0000] {processor.py:157} INFO - Started process (PID=650) to work on /home/airflow/.local/lib/python3.9/site-packages/airflow/example_dags/example_latest_only_with_trigger.py
[2024-12-17T23:57:38.367+0000] {processor.py:829} INFO - Processing file /home/airflow/.local/lib/python3.9/site-packages/airflow/example_dags/example_latest_only_with_trigger.py for tasks to queue
[2024-12-17T23:57:38.370+0000] {logging_mixin.py:151} INFO - [2024-12-17T23:57:38.370+0000] {dagbag.py:539} INFO - Filling up the DagBag from /home/airflow/.local/lib/python3.9/site-packages/airflow/example_dags/example_latest_only_with_trigger.py
[2024-12-17T23:57:38.377+0000] {processor.py:839} INFO - DAG(s) dict_keys(['latest_only_with_trigger']) retrieved from /home/airflow/.local/lib/python3.9/site-packages/airflow/example_dags/example_latest_only_with_trigger.py
[2024-12-17T23:57:38.403+0000] {logging_mixin.py:151} INFO - [2024-12-17T23:57:38.403+0000] {dag.py:2907} INFO - Sync 1 DAGs
[2024-12-17T23:57:38.429+0000] {logging_mixin.py:151} INFO - [2024-12-17T23:57:38.429+0000] {dag.py:3677} INFO - Setting next_dagrun for latest_only_with_trigger to 2024-12-17T19:57:38.428872+00:00, run_after=2024-12-17T23:57:38.428872+00:00
[2024-12-17T23:57:38.452+0000] {processor.py:179} INFO - Processing /home/airflow/.local/lib/python3.9/site-packages/airflow/example_dags/example_latest_only_with_trigger.py took 0.092 seconds
[2024-12-17T23:58:08.930+0000] {processor.py:157} INFO - Started process (PID=712) to work on /home/airflow/.local/lib/python3.9/site-packages/airflow/example_dags/example_latest_only_with_trigger.py
[2024-12-17T23:58:08.931+0000] {processor.py:829} INFO - Processing file /home/airflow/.local/lib/python3.9/site-packages/airflow/example_dags/example_latest_only_with_trigger.py for tasks to queue
[2024-12-17T23:58:08.934+0000] {logging_mixin.py:151} INFO - [2024-12-17T23:58:08.934+0000] {dagbag.py:539} INFO - Filling up the DagBag from /home/airflow/.local/lib/python3.9/site-packages/airflow/example_dags/example_latest_only_with_trigger.py
[2024-12-17T23:58:08.940+0000] {processor.py:839} INFO - DAG(s) dict_keys(['latest_only_with_trigger']) retrieved from /home/airflow/.local/lib/python3.9/site-packages/airflow/example_dags/example_latest_only_with_trigger.py
[2024-12-17T23:58:08.964+0000] {logging_mixin.py:151} INFO - [2024-12-17T23:58:08.964+0000] {dag.py:2907} INFO - Sync 1 DAGs
[2024-12-17T23:58:08.988+0000] {logging_mixin.py:151} INFO - [2024-12-17T23:58:08.988+0000] {dag.py:3677} INFO - Setting next_dagrun for latest_only_with_trigger to 2024-12-17T19:58:08.988094+00:00, run_after=2024-12-17T23:58:08.988094+00:00
[2024-12-17T23:58:09.018+0000] {processor.py:179} INFO - Processing /home/airflow/.local/lib/python3.9/site-packages/airflow/example_dags/example_latest_only_with_trigger.py took 0.092 seconds
[2024-12-17T23:58:39.170+0000] {processor.py:157} INFO - Started process (PID=772) to work on /home/airflow/.local/lib/python3.9/site-packages/airflow/example_dags/example_latest_only_with_trigger.py
[2024-12-17T23:58:39.171+0000] {processor.py:829} INFO - Processing file /home/airflow/.local/lib/python3.9/site-packages/airflow/example_dags/example_latest_only_with_trigger.py for tasks to queue
[2024-12-17T23:58:39.175+0000] {logging_mixin.py:151} INFO - [2024-12-17T23:58:39.174+0000] {dagbag.py:539} INFO - Filling up the DagBag from /home/airflow/.local/lib/python3.9/site-packages/airflow/example_dags/example_latest_only_with_trigger.py
[2024-12-17T23:58:39.182+0000] {processor.py:839} INFO - DAG(s) dict_keys(['latest_only_with_trigger']) retrieved from /home/airflow/.local/lib/python3.9/site-packages/airflow/example_dags/example_latest_only_with_trigger.py
[2024-12-17T23:58:39.211+0000] {logging_mixin.py:151} INFO - [2024-12-17T23:58:39.211+0000] {dag.py:2907} INFO - Sync 1 DAGs
[2024-12-17T23:58:39.238+0000] {logging_mixin.py:151} INFO - [2024-12-17T23:58:39.238+0000] {dag.py:3677} INFO - Setting next_dagrun for latest_only_with_trigger to 2024-12-17T19:58:39.238483+00:00, run_after=2024-12-17T23:58:39.238483+00:00
[2024-12-17T23:58:39.262+0000] {processor.py:179} INFO - Processing /home/airflow/.local/lib/python3.9/site-packages/airflow/example_dags/example_latest_only_with_trigger.py took 0.095 seconds
[2024-12-17T23:59:09.350+0000] {processor.py:157} INFO - Started process (PID=834) to work on /home/airflow/.local/lib/python3.9/site-packages/airflow/example_dags/example_latest_only_with_trigger.py
[2024-12-17T23:59:09.351+0000] {processor.py:829} INFO - Processing file /home/airflow/.local/lib/python3.9/site-packages/airflow/example_dags/example_latest_only_with_trigger.py for tasks to queue
[2024-12-17T23:59:09.354+0000] {logging_mixin.py:151} INFO - [2024-12-17T23:59:09.354+0000] {dagbag.py:539} INFO - Filling up the DagBag from /home/airflow/.local/lib/python3.9/site-packages/airflow/example_dags/example_latest_only_with_trigger.py
[2024-12-17T23:59:09.361+0000] {processor.py:839} INFO - DAG(s) dict_keys(['latest_only_with_trigger']) retrieved from /home/airflow/.local/lib/python3.9/site-packages/airflow/example_dags/example_latest_only_with_trigger.py
[2024-12-17T23:59:09.385+0000] {logging_mixin.py:151} INFO - [2024-12-17T23:59:09.384+0000] {dag.py:2907} INFO - Sync 1 DAGs
[2024-12-17T23:59:09.411+0000] {logging_mixin.py:151} INFO - [2024-12-17T23:59:09.410+0000] {dag.py:3677} INFO - Setting next_dagrun for latest_only_with_trigger to 2024-12-17T19:59:09.410460+00:00, run_after=2024-12-17T23:59:09.410460+00:00
[2024-12-17T23:59:09.436+0000] {processor.py:179} INFO - Processing /home/airflow/.local/lib/python3.9/site-packages/airflow/example_dags/example_latest_only_with_trigger.py took 0.092 seconds
[2024-12-17T23:59:39.563+0000] {processor.py:157} INFO - Started process (PID=896) to work on /home/airflow/.local/lib/python3.9/site-packages/airflow/example_dags/example_latest_only_with_trigger.py
[2024-12-17T23:59:39.565+0000] {processor.py:829} INFO - Processing file /home/airflow/.local/lib/python3.9/site-packages/airflow/example_dags/example_latest_only_with_trigger.py for tasks to queue
[2024-12-17T23:59:39.568+0000] {logging_mixin.py:151} INFO - [2024-12-17T23:59:39.567+0000] {dagbag.py:539} INFO - Filling up the DagBag from /home/airflow/.local/lib/python3.9/site-packages/airflow/example_dags/example_latest_only_with_trigger.py
[2024-12-17T23:59:39.575+0000] {processor.py:839} INFO - DAG(s) dict_keys(['latest_only_with_trigger']) retrieved from /home/airflow/.local/lib/python3.9/site-packages/airflow/example_dags/example_latest_only_with_trigger.py
[2024-12-17T23:59:39.600+0000] {logging_mixin.py:151} INFO - [2024-12-17T23:59:39.600+0000] {dag.py:2907} INFO - Sync 1 DAGs
[2024-12-17T23:59:39.625+0000] {logging_mixin.py:151} INFO - [2024-12-17T23:59:39.625+0000] {dag.py:3677} INFO - Setting next_dagrun for latest_only_with_trigger to 2024-12-17T19:59:39.625008+00:00, run_after=2024-12-17T23:59:39.625008+00:00
[2024-12-17T23:59:39.653+0000] {processor.py:179} INFO - Processing /home/airflow/.local/lib/python3.9/site-packages/airflow/example_dags/example_latest_only_with_trigger.py took 0.095 seconds
