[2024-12-17T23:53:05.035+0000] {processor.py:157} INFO - Started process (PID=97) to work on /home/airflow/.local/lib/python3.9/site-packages/airflow/example_dags/example_trigger_target_dag.py
[2024-12-17T23:53:05.036+0000] {processor.py:829} INFO - Processing file /home/airflow/.local/lib/python3.9/site-packages/airflow/example_dags/example_trigger_target_dag.py for tasks to queue
[2024-12-17T23:53:05.040+0000] {logging_mixin.py:151} INFO - [2024-12-17T23:53:05.040+0000] {dagbag.py:539} INFO - Filling up the DagBag from /home/airflow/.local/lib/python3.9/site-packages/airflow/example_dags/example_trigger_target_dag.py
[2024-12-17T23:53:05.051+0000] {processor.py:839} INFO - DAG(s) dict_keys(['example_trigger_target_dag']) retrieved from /home/airflow/.local/lib/python3.9/site-packages/airflow/example_dags/example_trigger_target_dag.py
[2024-12-17T23:53:05.182+0000] {logging_mixin.py:151} INFO - [2024-12-17T23:53:05.181+0000] {manager.py:501} INFO - Created Permission View: can read on DAG:example_trigger_target_dag
[2024-12-17T23:53:05.198+0000] {logging_mixin.py:151} INFO - [2024-12-17T23:53:05.198+0000] {manager.py:501} INFO - Created Permission View: can edit on DAG:example_trigger_target_dag
[2024-12-17T23:53:05.207+0000] {logging_mixin.py:151} INFO - [2024-12-17T23:53:05.207+0000] {manager.py:501} INFO - Created Permission View: can delete on DAG:example_trigger_target_dag
[2024-12-17T23:53:05.224+0000] {logging_mixin.py:151} INFO - [2024-12-17T23:53:05.224+0000] {dag.py:2907} INFO - Sync 1 DAGs
[2024-12-17T23:53:05.238+0000] {logging_mixin.py:151} INFO - [2024-12-17T23:53:05.238+0000] {dag.py:2929} INFO - Creating ORM DAG for example_trigger_target_dag
[2024-12-17T23:53:05.239+0000] {logging_mixin.py:151} INFO - [2024-12-17T23:53:05.239+0000] {dag.py:3677} INFO - Setting next_dagrun for example_trigger_target_dag to None, run_after=None
[2024-12-17T23:53:05.265+0000] {processor.py:179} INFO - Processing /home/airflow/.local/lib/python3.9/site-packages/airflow/example_dags/example_trigger_target_dag.py took 0.236 seconds
[2024-12-17T23:53:35.577+0000] {processor.py:157} INFO - Started process (PID=158) to work on /home/airflow/.local/lib/python3.9/site-packages/airflow/example_dags/example_trigger_target_dag.py
[2024-12-17T23:53:35.578+0000] {processor.py:829} INFO - Processing file /home/airflow/.local/lib/python3.9/site-packages/airflow/example_dags/example_trigger_target_dag.py for tasks to queue
[2024-12-17T23:53:35.581+0000] {logging_mixin.py:151} INFO - [2024-12-17T23:53:35.581+0000] {dagbag.py:539} INFO - Filling up the DagBag from /home/airflow/.local/lib/python3.9/site-packages/airflow/example_dags/example_trigger_target_dag.py
[2024-12-17T23:53:35.588+0000] {processor.py:839} INFO - DAG(s) dict_keys(['example_trigger_target_dag']) retrieved from /home/airflow/.local/lib/python3.9/site-packages/airflow/example_dags/example_trigger_target_dag.py
[2024-12-17T23:53:35.610+0000] {logging_mixin.py:151} INFO - [2024-12-17T23:53:35.610+0000] {dag.py:2907} INFO - Sync 1 DAGs
[2024-12-17T23:53:35.624+0000] {logging_mixin.py:151} INFO - [2024-12-17T23:53:35.624+0000] {dag.py:3677} INFO - Setting next_dagrun for example_trigger_target_dag to None, run_after=None
[2024-12-17T23:53:35.649+0000] {processor.py:179} INFO - Processing /home/airflow/.local/lib/python3.9/site-packages/airflow/example_dags/example_trigger_target_dag.py took 0.076 seconds
[2024-12-17T23:54:05.810+0000] {processor.py:157} INFO - Started process (PID=219) to work on /home/airflow/.local/lib/python3.9/site-packages/airflow/example_dags/example_trigger_target_dag.py
[2024-12-17T23:54:05.811+0000] {processor.py:829} INFO - Processing file /home/airflow/.local/lib/python3.9/site-packages/airflow/example_dags/example_trigger_target_dag.py for tasks to queue
[2024-12-17T23:54:05.814+0000] {logging_mixin.py:151} INFO - [2024-12-17T23:54:05.814+0000] {dagbag.py:539} INFO - Filling up the DagBag from /home/airflow/.local/lib/python3.9/site-packages/airflow/example_dags/example_trigger_target_dag.py
[2024-12-17T23:54:05.821+0000] {processor.py:839} INFO - DAG(s) dict_keys(['example_trigger_target_dag']) retrieved from /home/airflow/.local/lib/python3.9/site-packages/airflow/example_dags/example_trigger_target_dag.py
[2024-12-17T23:54:05.842+0000] {logging_mixin.py:151} INFO - [2024-12-17T23:54:05.842+0000] {dag.py:2907} INFO - Sync 1 DAGs
[2024-12-17T23:54:05.857+0000] {logging_mixin.py:151} INFO - [2024-12-17T23:54:05.856+0000] {dag.py:3677} INFO - Setting next_dagrun for example_trigger_target_dag to None, run_after=None
[2024-12-17T23:54:05.877+0000] {processor.py:179} INFO - Processing /home/airflow/.local/lib/python3.9/site-packages/airflow/example_dags/example_trigger_target_dag.py took 0.070 seconds
[2024-12-17T23:54:36.072+0000] {processor.py:157} INFO - Started process (PID=280) to work on /home/airflow/.local/lib/python3.9/site-packages/airflow/example_dags/example_trigger_target_dag.py
[2024-12-17T23:54:36.075+0000] {processor.py:829} INFO - Processing file /home/airflow/.local/lib/python3.9/site-packages/airflow/example_dags/example_trigger_target_dag.py for tasks to queue
[2024-12-17T23:54:36.081+0000] {logging_mixin.py:151} INFO - [2024-12-17T23:54:36.080+0000] {dagbag.py:539} INFO - Filling up the DagBag from /home/airflow/.local/lib/python3.9/site-packages/airflow/example_dags/example_trigger_target_dag.py
[2024-12-17T23:54:36.094+0000] {processor.py:839} INFO - DAG(s) dict_keys(['example_trigger_target_dag']) retrieved from /home/airflow/.local/lib/python3.9/site-packages/airflow/example_dags/example_trigger_target_dag.py
[2024-12-17T23:54:36.121+0000] {logging_mixin.py:151} INFO - [2024-12-17T23:54:36.121+0000] {dag.py:2907} INFO - Sync 1 DAGs
[2024-12-17T23:54:36.137+0000] {logging_mixin.py:151} INFO - [2024-12-17T23:54:36.137+0000] {dag.py:3677} INFO - Setting next_dagrun for example_trigger_target_dag to None, run_after=None
[2024-12-17T23:54:36.163+0000] {processor.py:179} INFO - Processing /home/airflow/.local/lib/python3.9/site-packages/airflow/example_dags/example_trigger_target_dag.py took 0.099 seconds
[2024-12-17T23:55:06.272+0000] {processor.py:157} INFO - Started process (PID=342) to work on /home/airflow/.local/lib/python3.9/site-packages/airflow/example_dags/example_trigger_target_dag.py
[2024-12-17T23:55:06.274+0000] {processor.py:829} INFO - Processing file /home/airflow/.local/lib/python3.9/site-packages/airflow/example_dags/example_trigger_target_dag.py for tasks to queue
[2024-12-17T23:55:06.277+0000] {logging_mixin.py:151} INFO - [2024-12-17T23:55:06.276+0000] {dagbag.py:539} INFO - Filling up the DagBag from /home/airflow/.local/lib/python3.9/site-packages/airflow/example_dags/example_trigger_target_dag.py
[2024-12-17T23:55:06.285+0000] {processor.py:839} INFO - DAG(s) dict_keys(['example_trigger_target_dag']) retrieved from /home/airflow/.local/lib/python3.9/site-packages/airflow/example_dags/example_trigger_target_dag.py
[2024-12-17T23:55:06.311+0000] {logging_mixin.py:151} INFO - [2024-12-17T23:55:06.310+0000] {dag.py:2907} INFO - Sync 1 DAGs
[2024-12-17T23:55:06.329+0000] {logging_mixin.py:151} INFO - [2024-12-17T23:55:06.329+0000] {dag.py:3677} INFO - Setting next_dagrun for example_trigger_target_dag to None, run_after=None
[2024-12-17T23:55:06.359+0000] {processor.py:179} INFO - Processing /home/airflow/.local/lib/python3.9/site-packages/airflow/example_dags/example_trigger_target_dag.py took 0.090 seconds
[2024-12-17T23:55:36.430+0000] {processor.py:157} INFO - Started process (PID=404) to work on /home/airflow/.local/lib/python3.9/site-packages/airflow/example_dags/example_trigger_target_dag.py
[2024-12-17T23:55:36.432+0000] {processor.py:829} INFO - Processing file /home/airflow/.local/lib/python3.9/site-packages/airflow/example_dags/example_trigger_target_dag.py for tasks to queue
[2024-12-17T23:55:36.436+0000] {logging_mixin.py:151} INFO - [2024-12-17T23:55:36.435+0000] {dagbag.py:539} INFO - Filling up the DagBag from /home/airflow/.local/lib/python3.9/site-packages/airflow/example_dags/example_trigger_target_dag.py
[2024-12-17T23:55:36.445+0000] {processor.py:839} INFO - DAG(s) dict_keys(['example_trigger_target_dag']) retrieved from /home/airflow/.local/lib/python3.9/site-packages/airflow/example_dags/example_trigger_target_dag.py
[2024-12-17T23:55:36.473+0000] {logging_mixin.py:151} INFO - [2024-12-17T23:55:36.473+0000] {dag.py:2907} INFO - Sync 1 DAGs
[2024-12-17T23:55:36.494+0000] {logging_mixin.py:151} INFO - [2024-12-17T23:55:36.493+0000] {dag.py:3677} INFO - Setting next_dagrun for example_trigger_target_dag to None, run_after=None
[2024-12-17T23:55:36.521+0000] {processor.py:179} INFO - Processing /home/airflow/.local/lib/python3.9/site-packages/airflow/example_dags/example_trigger_target_dag.py took 0.095 seconds
[2024-12-17T23:56:07.355+0000] {processor.py:157} INFO - Started process (PID=465) to work on /home/airflow/.local/lib/python3.9/site-packages/airflow/example_dags/example_trigger_target_dag.py
[2024-12-17T23:56:07.356+0000] {processor.py:829} INFO - Processing file /home/airflow/.local/lib/python3.9/site-packages/airflow/example_dags/example_trigger_target_dag.py for tasks to queue
[2024-12-17T23:56:07.361+0000] {logging_mixin.py:151} INFO - [2024-12-17T23:56:07.360+0000] {dagbag.py:539} INFO - Filling up the DagBag from /home/airflow/.local/lib/python3.9/site-packages/airflow/example_dags/example_trigger_target_dag.py
[2024-12-17T23:56:07.370+0000] {processor.py:839} INFO - DAG(s) dict_keys(['example_trigger_target_dag']) retrieved from /home/airflow/.local/lib/python3.9/site-packages/airflow/example_dags/example_trigger_target_dag.py
[2024-12-17T23:56:07.395+0000] {logging_mixin.py:151} INFO - [2024-12-17T23:56:07.395+0000] {dag.py:2907} INFO - Sync 1 DAGs
[2024-12-17T23:56:07.412+0000] {logging_mixin.py:151} INFO - [2024-12-17T23:56:07.411+0000] {dag.py:3677} INFO - Setting next_dagrun for example_trigger_target_dag to None, run_after=None
[2024-12-17T23:56:07.435+0000] {processor.py:179} INFO - Processing /home/airflow/.local/lib/python3.9/site-packages/airflow/example_dags/example_trigger_target_dag.py took 0.084 seconds
[2024-12-17T23:56:37.759+0000] {processor.py:157} INFO - Started process (PID=527) to work on /home/airflow/.local/lib/python3.9/site-packages/airflow/example_dags/example_trigger_target_dag.py
[2024-12-17T23:56:37.760+0000] {processor.py:829} INFO - Processing file /home/airflow/.local/lib/python3.9/site-packages/airflow/example_dags/example_trigger_target_dag.py for tasks to queue
[2024-12-17T23:56:37.764+0000] {logging_mixin.py:151} INFO - [2024-12-17T23:56:37.763+0000] {dagbag.py:539} INFO - Filling up the DagBag from /home/airflow/.local/lib/python3.9/site-packages/airflow/example_dags/example_trigger_target_dag.py
[2024-12-17T23:56:37.771+0000] {processor.py:839} INFO - DAG(s) dict_keys(['example_trigger_target_dag']) retrieved from /home/airflow/.local/lib/python3.9/site-packages/airflow/example_dags/example_trigger_target_dag.py
[2024-12-17T23:56:37.795+0000] {logging_mixin.py:151} INFO - [2024-12-17T23:56:37.795+0000] {dag.py:2907} INFO - Sync 1 DAGs
[2024-12-17T23:56:37.812+0000] {logging_mixin.py:151} INFO - [2024-12-17T23:56:37.812+0000] {dag.py:3677} INFO - Setting next_dagrun for example_trigger_target_dag to None, run_after=None
[2024-12-17T23:56:37.835+0000] {processor.py:179} INFO - Processing /home/airflow/.local/lib/python3.9/site-packages/airflow/example_dags/example_trigger_target_dag.py took 0.081 seconds
[2024-12-17T23:57:08.247+0000] {processor.py:157} INFO - Started process (PID=589) to work on /home/airflow/.local/lib/python3.9/site-packages/airflow/example_dags/example_trigger_target_dag.py
[2024-12-17T23:57:08.248+0000] {processor.py:829} INFO - Processing file /home/airflow/.local/lib/python3.9/site-packages/airflow/example_dags/example_trigger_target_dag.py for tasks to queue
[2024-12-17T23:57:08.252+0000] {logging_mixin.py:151} INFO - [2024-12-17T23:57:08.251+0000] {dagbag.py:539} INFO - Filling up the DagBag from /home/airflow/.local/lib/python3.9/site-packages/airflow/example_dags/example_trigger_target_dag.py
[2024-12-17T23:57:08.259+0000] {processor.py:839} INFO - DAG(s) dict_keys(['example_trigger_target_dag']) retrieved from /home/airflow/.local/lib/python3.9/site-packages/airflow/example_dags/example_trigger_target_dag.py
[2024-12-17T23:57:08.289+0000] {logging_mixin.py:151} INFO - [2024-12-17T23:57:08.289+0000] {dag.py:2907} INFO - Sync 1 DAGs
[2024-12-17T23:57:08.319+0000] {logging_mixin.py:151} INFO - [2024-12-17T23:57:08.318+0000] {dag.py:3677} INFO - Setting next_dagrun for example_trigger_target_dag to None, run_after=None
[2024-12-17T23:57:08.365+0000] {processor.py:179} INFO - Processing /home/airflow/.local/lib/python3.9/site-packages/airflow/example_dags/example_trigger_target_dag.py took 0.123 seconds
[2024-12-17T23:57:38.449+0000] {processor.py:157} INFO - Started process (PID=651) to work on /home/airflow/.local/lib/python3.9/site-packages/airflow/example_dags/example_trigger_target_dag.py
[2024-12-17T23:57:38.450+0000] {processor.py:829} INFO - Processing file /home/airflow/.local/lib/python3.9/site-packages/airflow/example_dags/example_trigger_target_dag.py for tasks to queue
[2024-12-17T23:57:38.454+0000] {logging_mixin.py:151} INFO - [2024-12-17T23:57:38.453+0000] {dagbag.py:539} INFO - Filling up the DagBag from /home/airflow/.local/lib/python3.9/site-packages/airflow/example_dags/example_trigger_target_dag.py
[2024-12-17T23:57:38.461+0000] {processor.py:839} INFO - DAG(s) dict_keys(['example_trigger_target_dag']) retrieved from /home/airflow/.local/lib/python3.9/site-packages/airflow/example_dags/example_trigger_target_dag.py
[2024-12-17T23:57:38.485+0000] {logging_mixin.py:151} INFO - [2024-12-17T23:57:38.485+0000] {dag.py:2907} INFO - Sync 1 DAGs
[2024-12-17T23:57:38.501+0000] {logging_mixin.py:151} INFO - [2024-12-17T23:57:38.501+0000] {dag.py:3677} INFO - Setting next_dagrun for example_trigger_target_dag to None, run_after=None
[2024-12-17T23:57:38.527+0000] {processor.py:179} INFO - Processing /home/airflow/.local/lib/python3.9/site-packages/airflow/example_dags/example_trigger_target_dag.py took 0.082 seconds
[2024-12-17T23:58:09.042+0000] {processor.py:157} INFO - Started process (PID=713) to work on /home/airflow/.local/lib/python3.9/site-packages/airflow/example_dags/example_trigger_target_dag.py
[2024-12-17T23:58:09.043+0000] {processor.py:829} INFO - Processing file /home/airflow/.local/lib/python3.9/site-packages/airflow/example_dags/example_trigger_target_dag.py for tasks to queue
[2024-12-17T23:58:09.046+0000] {logging_mixin.py:151} INFO - [2024-12-17T23:58:09.046+0000] {dagbag.py:539} INFO - Filling up the DagBag from /home/airflow/.local/lib/python3.9/site-packages/airflow/example_dags/example_trigger_target_dag.py
[2024-12-17T23:58:09.054+0000] {processor.py:839} INFO - DAG(s) dict_keys(['example_trigger_target_dag']) retrieved from /home/airflow/.local/lib/python3.9/site-packages/airflow/example_dags/example_trigger_target_dag.py
[2024-12-17T23:58:09.077+0000] {logging_mixin.py:151} INFO - [2024-12-17T23:58:09.077+0000] {dag.py:2907} INFO - Sync 1 DAGs
[2024-12-17T23:58:09.090+0000] {logging_mixin.py:151} INFO - [2024-12-17T23:58:09.090+0000] {dag.py:3677} INFO - Setting next_dagrun for example_trigger_target_dag to None, run_after=None
[2024-12-17T23:58:09.111+0000] {processor.py:179} INFO - Processing /home/airflow/.local/lib/python3.9/site-packages/airflow/example_dags/example_trigger_target_dag.py took 0.073 seconds
[2024-12-17T23:58:39.249+0000] {processor.py:157} INFO - Started process (PID=773) to work on /home/airflow/.local/lib/python3.9/site-packages/airflow/example_dags/example_trigger_target_dag.py
[2024-12-17T23:58:39.250+0000] {processor.py:829} INFO - Processing file /home/airflow/.local/lib/python3.9/site-packages/airflow/example_dags/example_trigger_target_dag.py for tasks to queue
[2024-12-17T23:58:39.253+0000] {logging_mixin.py:151} INFO - [2024-12-17T23:58:39.252+0000] {dagbag.py:539} INFO - Filling up the DagBag from /home/airflow/.local/lib/python3.9/site-packages/airflow/example_dags/example_trigger_target_dag.py
[2024-12-17T23:58:39.260+0000] {processor.py:839} INFO - DAG(s) dict_keys(['example_trigger_target_dag']) retrieved from /home/airflow/.local/lib/python3.9/site-packages/airflow/example_dags/example_trigger_target_dag.py
[2024-12-17T23:58:39.284+0000] {logging_mixin.py:151} INFO - [2024-12-17T23:58:39.284+0000] {dag.py:2907} INFO - Sync 1 DAGs
[2024-12-17T23:58:39.300+0000] {logging_mixin.py:151} INFO - [2024-12-17T23:58:39.300+0000] {dag.py:3677} INFO - Setting next_dagrun for example_trigger_target_dag to None, run_after=None
[2024-12-17T23:58:39.326+0000] {processor.py:179} INFO - Processing /home/airflow/.local/lib/python3.9/site-packages/airflow/example_dags/example_trigger_target_dag.py took 0.081 seconds
[2024-12-17T23:59:09.435+0000] {processor.py:157} INFO - Started process (PID=835) to work on /home/airflow/.local/lib/python3.9/site-packages/airflow/example_dags/example_trigger_target_dag.py
[2024-12-17T23:59:09.436+0000] {processor.py:829} INFO - Processing file /home/airflow/.local/lib/python3.9/site-packages/airflow/example_dags/example_trigger_target_dag.py for tasks to queue
[2024-12-17T23:59:09.440+0000] {logging_mixin.py:151} INFO - [2024-12-17T23:59:09.439+0000] {dagbag.py:539} INFO - Filling up the DagBag from /home/airflow/.local/lib/python3.9/site-packages/airflow/example_dags/example_trigger_target_dag.py
[2024-12-17T23:59:09.447+0000] {processor.py:839} INFO - DAG(s) dict_keys(['example_trigger_target_dag']) retrieved from /home/airflow/.local/lib/python3.9/site-packages/airflow/example_dags/example_trigger_target_dag.py
[2024-12-17T23:59:09.472+0000] {logging_mixin.py:151} INFO - [2024-12-17T23:59:09.472+0000] {dag.py:2907} INFO - Sync 1 DAGs
[2024-12-17T23:59:09.488+0000] {logging_mixin.py:151} INFO - [2024-12-17T23:59:09.488+0000] {dag.py:3677} INFO - Setting next_dagrun for example_trigger_target_dag to None, run_after=None
[2024-12-17T23:59:09.513+0000] {processor.py:179} INFO - Processing /home/airflow/.local/lib/python3.9/site-packages/airflow/example_dags/example_trigger_target_dag.py took 0.082 seconds
[2024-12-17T23:59:39.668+0000] {processor.py:157} INFO - Started process (PID=897) to work on /home/airflow/.local/lib/python3.9/site-packages/airflow/example_dags/example_trigger_target_dag.py
[2024-12-17T23:59:39.669+0000] {processor.py:829} INFO - Processing file /home/airflow/.local/lib/python3.9/site-packages/airflow/example_dags/example_trigger_target_dag.py for tasks to queue
[2024-12-17T23:59:39.672+0000] {logging_mixin.py:151} INFO - [2024-12-17T23:59:39.672+0000] {dagbag.py:539} INFO - Filling up the DagBag from /home/airflow/.local/lib/python3.9/site-packages/airflow/example_dags/example_trigger_target_dag.py
[2024-12-17T23:59:39.679+0000] {processor.py:839} INFO - DAG(s) dict_keys(['example_trigger_target_dag']) retrieved from /home/airflow/.local/lib/python3.9/site-packages/airflow/example_dags/example_trigger_target_dag.py
[2024-12-17T23:59:39.701+0000] {logging_mixin.py:151} INFO - [2024-12-17T23:59:39.701+0000] {dag.py:2907} INFO - Sync 1 DAGs
[2024-12-17T23:59:39.716+0000] {logging_mixin.py:151} INFO - [2024-12-17T23:59:39.715+0000] {dag.py:3677} INFO - Setting next_dagrun for example_trigger_target_dag to None, run_after=None
[2024-12-17T23:59:39.737+0000] {processor.py:179} INFO - Processing /home/airflow/.local/lib/python3.9/site-packages/airflow/example_dags/example_trigger_target_dag.py took 0.073 seconds
