[2024-12-17T23:52:59.446+0000] {processor.py:157} INFO - Started process (PID=70) to work on /home/airflow/.local/lib/python3.9/site-packages/airflow/example_dags/example_xcom.py
[2024-12-17T23:52:59.447+0000] {processor.py:829} INFO - Processing file /home/airflow/.local/lib/python3.9/site-packages/airflow/example_dags/example_xcom.py for tasks to queue
[2024-12-17T23:52:59.451+0000] {logging_mixin.py:151} INFO - [2024-12-17T23:52:59.450+0000] {dagbag.py:539} INFO - Filling up the DagBag from /home/airflow/.local/lib/python3.9/site-packages/airflow/example_dags/example_xcom.py
[2024-12-17T23:52:59.463+0000] {processor.py:839} INFO - DAG(s) dict_keys(['example_xcom']) retrieved from /home/airflow/.local/lib/python3.9/site-packages/airflow/example_dags/example_xcom.py
[2024-12-17T23:52:59.662+0000] {logging_mixin.py:151} INFO - [2024-12-17T23:52:59.662+0000] {manager.py:501} INFO - Created Permission View: can read on DAG:example_xcom
[2024-12-17T23:52:59.684+0000] {logging_mixin.py:151} INFO - [2024-12-17T23:52:59.683+0000] {manager.py:501} INFO - Created Permission View: can edit on DAG:example_xcom
[2024-12-17T23:52:59.708+0000] {logging_mixin.py:151} INFO - [2024-12-17T23:52:59.707+0000] {manager.py:501} INFO - Created Permission View: can delete on DAG:example_xcom
[2024-12-17T23:52:59.734+0000] {logging_mixin.py:151} INFO - [2024-12-17T23:52:59.733+0000] {dag.py:2907} INFO - Sync 1 DAGs
[2024-12-17T23:52:59.749+0000] {logging_mixin.py:151} INFO - [2024-12-17T23:52:59.749+0000] {dag.py:2929} INFO - Creating ORM DAG for example_xcom
[2024-12-17T23:52:59.763+0000] {logging_mixin.py:151} INFO - [2024-12-17T23:52:59.763+0000] {dag.py:3677} INFO - Setting next_dagrun for example_xcom to 2021-01-01T00:00:00+00:00, run_after=2021-01-01T00:00:00+00:00
[2024-12-17T23:52:59.808+0000] {processor.py:179} INFO - Processing /home/airflow/.local/lib/python3.9/site-packages/airflow/example_dags/example_xcom.py took 0.368 seconds
[2024-12-17T23:53:30.101+0000] {processor.py:157} INFO - Started process (PID=131) to work on /home/airflow/.local/lib/python3.9/site-packages/airflow/example_dags/example_xcom.py
[2024-12-17T23:53:30.103+0000] {processor.py:829} INFO - Processing file /home/airflow/.local/lib/python3.9/site-packages/airflow/example_dags/example_xcom.py for tasks to queue
[2024-12-17T23:53:30.106+0000] {logging_mixin.py:151} INFO - [2024-12-17T23:53:30.106+0000] {dagbag.py:539} INFO - Filling up the DagBag from /home/airflow/.local/lib/python3.9/site-packages/airflow/example_dags/example_xcom.py
[2024-12-17T23:53:30.115+0000] {processor.py:839} INFO - DAG(s) dict_keys(['example_xcom']) retrieved from /home/airflow/.local/lib/python3.9/site-packages/airflow/example_dags/example_xcom.py
[2024-12-17T23:53:30.138+0000] {logging_mixin.py:151} INFO - [2024-12-17T23:53:30.138+0000] {dag.py:2907} INFO - Sync 1 DAGs
[2024-12-17T23:53:30.162+0000] {logging_mixin.py:151} INFO - [2024-12-17T23:53:30.162+0000] {dag.py:3677} INFO - Setting next_dagrun for example_xcom to 2021-01-01T00:00:00+00:00, run_after=2021-01-01T00:00:00+00:00
[2024-12-17T23:53:30.186+0000] {processor.py:179} INFO - Processing /home/airflow/.local/lib/python3.9/site-packages/airflow/example_dags/example_xcom.py took 0.088 seconds
[2024-12-17T23:54:00.766+0000] {processor.py:157} INFO - Started process (PID=193) to work on /home/airflow/.local/lib/python3.9/site-packages/airflow/example_dags/example_xcom.py
[2024-12-17T23:54:00.767+0000] {processor.py:829} INFO - Processing file /home/airflow/.local/lib/python3.9/site-packages/airflow/example_dags/example_xcom.py for tasks to queue
[2024-12-17T23:54:00.770+0000] {logging_mixin.py:151} INFO - [2024-12-17T23:54:00.770+0000] {dagbag.py:539} INFO - Filling up the DagBag from /home/airflow/.local/lib/python3.9/site-packages/airflow/example_dags/example_xcom.py
[2024-12-17T23:54:00.779+0000] {processor.py:839} INFO - DAG(s) dict_keys(['example_xcom']) retrieved from /home/airflow/.local/lib/python3.9/site-packages/airflow/example_dags/example_xcom.py
[2024-12-17T23:54:00.809+0000] {logging_mixin.py:151} INFO - [2024-12-17T23:54:00.809+0000] {dag.py:2907} INFO - Sync 1 DAGs
[2024-12-17T23:54:00.839+0000] {logging_mixin.py:151} INFO - [2024-12-17T23:54:00.839+0000] {dag.py:3677} INFO - Setting next_dagrun for example_xcom to 2021-01-01T00:00:00+00:00, run_after=2021-01-01T00:00:00+00:00
[2024-12-17T23:54:00.861+0000] {processor.py:179} INFO - Processing /home/airflow/.local/lib/python3.9/site-packages/airflow/example_dags/example_xcom.py took 0.099 seconds
[2024-12-17T23:54:31.044+0000] {processor.py:157} INFO - Started process (PID=255) to work on /home/airflow/.local/lib/python3.9/site-packages/airflow/example_dags/example_xcom.py
[2024-12-17T23:54:31.045+0000] {processor.py:829} INFO - Processing file /home/airflow/.local/lib/python3.9/site-packages/airflow/example_dags/example_xcom.py for tasks to queue
[2024-12-17T23:54:31.048+0000] {logging_mixin.py:151} INFO - [2024-12-17T23:54:31.047+0000] {dagbag.py:539} INFO - Filling up the DagBag from /home/airflow/.local/lib/python3.9/site-packages/airflow/example_dags/example_xcom.py
[2024-12-17T23:54:31.056+0000] {processor.py:839} INFO - DAG(s) dict_keys(['example_xcom']) retrieved from /home/airflow/.local/lib/python3.9/site-packages/airflow/example_dags/example_xcom.py
[2024-12-17T23:54:31.079+0000] {logging_mixin.py:151} INFO - [2024-12-17T23:54:31.078+0000] {dag.py:2907} INFO - Sync 1 DAGs
[2024-12-17T23:54:31.101+0000] {logging_mixin.py:151} INFO - [2024-12-17T23:54:31.101+0000] {dag.py:3677} INFO - Setting next_dagrun for example_xcom to 2021-01-01T00:00:00+00:00, run_after=2021-01-01T00:00:00+00:00
[2024-12-17T23:54:31.123+0000] {processor.py:179} INFO - Processing /home/airflow/.local/lib/python3.9/site-packages/airflow/example_dags/example_xcom.py took 0.083 seconds
[2024-12-17T23:55:01.467+0000] {processor.py:157} INFO - Started process (PID=317) to work on /home/airflow/.local/lib/python3.9/site-packages/airflow/example_dags/example_xcom.py
[2024-12-17T23:55:01.468+0000] {processor.py:829} INFO - Processing file /home/airflow/.local/lib/python3.9/site-packages/airflow/example_dags/example_xcom.py for tasks to queue
[2024-12-17T23:55:01.471+0000] {logging_mixin.py:151} INFO - [2024-12-17T23:55:01.471+0000] {dagbag.py:539} INFO - Filling up the DagBag from /home/airflow/.local/lib/python3.9/site-packages/airflow/example_dags/example_xcom.py
[2024-12-17T23:55:01.480+0000] {processor.py:839} INFO - DAG(s) dict_keys(['example_xcom']) retrieved from /home/airflow/.local/lib/python3.9/site-packages/airflow/example_dags/example_xcom.py
[2024-12-17T23:55:01.503+0000] {logging_mixin.py:151} INFO - [2024-12-17T23:55:01.503+0000] {dag.py:2907} INFO - Sync 1 DAGs
[2024-12-17T23:55:01.527+0000] {logging_mixin.py:151} INFO - [2024-12-17T23:55:01.527+0000] {dag.py:3677} INFO - Setting next_dagrun for example_xcom to 2021-01-01T00:00:00+00:00, run_after=2021-01-01T00:00:00+00:00
[2024-12-17T23:55:01.547+0000] {processor.py:179} INFO - Processing /home/airflow/.local/lib/python3.9/site-packages/airflow/example_dags/example_xcom.py took 0.084 seconds
[2024-12-17T23:55:31.729+0000] {processor.py:157} INFO - Started process (PID=377) to work on /home/airflow/.local/lib/python3.9/site-packages/airflow/example_dags/example_xcom.py
[2024-12-17T23:55:31.731+0000] {processor.py:829} INFO - Processing file /home/airflow/.local/lib/python3.9/site-packages/airflow/example_dags/example_xcom.py for tasks to queue
[2024-12-17T23:55:31.736+0000] {logging_mixin.py:151} INFO - [2024-12-17T23:55:31.735+0000] {dagbag.py:539} INFO - Filling up the DagBag from /home/airflow/.local/lib/python3.9/site-packages/airflow/example_dags/example_xcom.py
[2024-12-17T23:55:31.748+0000] {processor.py:839} INFO - DAG(s) dict_keys(['example_xcom']) retrieved from /home/airflow/.local/lib/python3.9/site-packages/airflow/example_dags/example_xcom.py
[2024-12-17T23:55:31.783+0000] {logging_mixin.py:151} INFO - [2024-12-17T23:55:31.783+0000] {dag.py:2907} INFO - Sync 1 DAGs
[2024-12-17T23:55:31.819+0000] {logging_mixin.py:151} INFO - [2024-12-17T23:55:31.819+0000] {dag.py:3677} INFO - Setting next_dagrun for example_xcom to 2021-01-01T00:00:00+00:00, run_after=2021-01-01T00:00:00+00:00
[2024-12-17T23:55:31.860+0000] {processor.py:179} INFO - Processing /home/airflow/.local/lib/python3.9/site-packages/airflow/example_dags/example_xcom.py took 0.135 seconds
[2024-12-17T23:56:02.214+0000] {processor.py:157} INFO - Started process (PID=438) to work on /home/airflow/.local/lib/python3.9/site-packages/airflow/example_dags/example_xcom.py
[2024-12-17T23:56:02.215+0000] {processor.py:829} INFO - Processing file /home/airflow/.local/lib/python3.9/site-packages/airflow/example_dags/example_xcom.py for tasks to queue
[2024-12-17T23:56:02.219+0000] {logging_mixin.py:151} INFO - [2024-12-17T23:56:02.218+0000] {dagbag.py:539} INFO - Filling up the DagBag from /home/airflow/.local/lib/python3.9/site-packages/airflow/example_dags/example_xcom.py
[2024-12-17T23:56:02.230+0000] {processor.py:839} INFO - DAG(s) dict_keys(['example_xcom']) retrieved from /home/airflow/.local/lib/python3.9/site-packages/airflow/example_dags/example_xcom.py
[2024-12-17T23:56:02.256+0000] {logging_mixin.py:151} INFO - [2024-12-17T23:56:02.255+0000] {dag.py:2907} INFO - Sync 1 DAGs
[2024-12-17T23:56:02.287+0000] {logging_mixin.py:151} INFO - [2024-12-17T23:56:02.287+0000] {dag.py:3677} INFO - Setting next_dagrun for example_xcom to 2021-01-01T00:00:00+00:00, run_after=2021-01-01T00:00:00+00:00
[2024-12-17T23:56:02.318+0000] {processor.py:179} INFO - Processing /home/airflow/.local/lib/python3.9/site-packages/airflow/example_dags/example_xcom.py took 0.109 seconds
[2024-12-17T23:56:32.767+0000] {processor.py:157} INFO - Started process (PID=500) to work on /home/airflow/.local/lib/python3.9/site-packages/airflow/example_dags/example_xcom.py
[2024-12-17T23:56:32.768+0000] {processor.py:829} INFO - Processing file /home/airflow/.local/lib/python3.9/site-packages/airflow/example_dags/example_xcom.py for tasks to queue
[2024-12-17T23:56:32.771+0000] {logging_mixin.py:151} INFO - [2024-12-17T23:56:32.770+0000] {dagbag.py:539} INFO - Filling up the DagBag from /home/airflow/.local/lib/python3.9/site-packages/airflow/example_dags/example_xcom.py
[2024-12-17T23:56:32.779+0000] {processor.py:839} INFO - DAG(s) dict_keys(['example_xcom']) retrieved from /home/airflow/.local/lib/python3.9/site-packages/airflow/example_dags/example_xcom.py
[2024-12-17T23:56:32.802+0000] {logging_mixin.py:151} INFO - [2024-12-17T23:56:32.801+0000] {dag.py:2907} INFO - Sync 1 DAGs
[2024-12-17T23:56:32.825+0000] {logging_mixin.py:151} INFO - [2024-12-17T23:56:32.825+0000] {dag.py:3677} INFO - Setting next_dagrun for example_xcom to 2021-01-01T00:00:00+00:00, run_after=2021-01-01T00:00:00+00:00
[2024-12-17T23:56:32.848+0000] {processor.py:179} INFO - Processing /home/airflow/.local/lib/python3.9/site-packages/airflow/example_dags/example_xcom.py took 0.085 seconds
[2024-12-17T23:57:03.016+0000] {processor.py:157} INFO - Started process (PID=560) to work on /home/airflow/.local/lib/python3.9/site-packages/airflow/example_dags/example_xcom.py
[2024-12-17T23:57:03.017+0000] {processor.py:829} INFO - Processing file /home/airflow/.local/lib/python3.9/site-packages/airflow/example_dags/example_xcom.py for tasks to queue
[2024-12-17T23:57:03.020+0000] {logging_mixin.py:151} INFO - [2024-12-17T23:57:03.019+0000] {dagbag.py:539} INFO - Filling up the DagBag from /home/airflow/.local/lib/python3.9/site-packages/airflow/example_dags/example_xcom.py
[2024-12-17T23:57:03.028+0000] {processor.py:839} INFO - DAG(s) dict_keys(['example_xcom']) retrieved from /home/airflow/.local/lib/python3.9/site-packages/airflow/example_dags/example_xcom.py
[2024-12-17T23:57:03.050+0000] {logging_mixin.py:151} INFO - [2024-12-17T23:57:03.049+0000] {dag.py:2907} INFO - Sync 1 DAGs
[2024-12-17T23:57:03.072+0000] {logging_mixin.py:151} INFO - [2024-12-17T23:57:03.072+0000] {dag.py:3677} INFO - Setting next_dagrun for example_xcom to 2021-01-01T00:00:00+00:00, run_after=2021-01-01T00:00:00+00:00
[2024-12-17T23:57:03.093+0000] {processor.py:179} INFO - Processing /home/airflow/.local/lib/python3.9/site-packages/airflow/example_dags/example_xcom.py took 0.081 seconds
[2024-12-17T23:57:33.114+0000] {processor.py:157} INFO - Started process (PID=622) to work on /home/airflow/.local/lib/python3.9/site-packages/airflow/example_dags/example_xcom.py
[2024-12-17T23:57:33.115+0000] {processor.py:829} INFO - Processing file /home/airflow/.local/lib/python3.9/site-packages/airflow/example_dags/example_xcom.py for tasks to queue
[2024-12-17T23:57:33.118+0000] {logging_mixin.py:151} INFO - [2024-12-17T23:57:33.118+0000] {dagbag.py:539} INFO - Filling up the DagBag from /home/airflow/.local/lib/python3.9/site-packages/airflow/example_dags/example_xcom.py
[2024-12-17T23:57:33.128+0000] {processor.py:839} INFO - DAG(s) dict_keys(['example_xcom']) retrieved from /home/airflow/.local/lib/python3.9/site-packages/airflow/example_dags/example_xcom.py
[2024-12-17T23:57:33.153+0000] {logging_mixin.py:151} INFO - [2024-12-17T23:57:33.153+0000] {dag.py:2907} INFO - Sync 1 DAGs
[2024-12-17T23:57:33.179+0000] {logging_mixin.py:151} INFO - [2024-12-17T23:57:33.179+0000] {dag.py:3677} INFO - Setting next_dagrun for example_xcom to 2021-01-01T00:00:00+00:00, run_after=2021-01-01T00:00:00+00:00
[2024-12-17T23:57:33.206+0000] {processor.py:179} INFO - Processing /home/airflow/.local/lib/python3.9/site-packages/airflow/example_dags/example_xcom.py took 0.096 seconds
[2024-12-17T23:58:03.704+0000] {processor.py:157} INFO - Started process (PID=684) to work on /home/airflow/.local/lib/python3.9/site-packages/airflow/example_dags/example_xcom.py
[2024-12-17T23:58:03.705+0000] {processor.py:829} INFO - Processing file /home/airflow/.local/lib/python3.9/site-packages/airflow/example_dags/example_xcom.py for tasks to queue
[2024-12-17T23:58:03.707+0000] {logging_mixin.py:151} INFO - [2024-12-17T23:58:03.707+0000] {dagbag.py:539} INFO - Filling up the DagBag from /home/airflow/.local/lib/python3.9/site-packages/airflow/example_dags/example_xcom.py
[2024-12-17T23:58:03.715+0000] {processor.py:839} INFO - DAG(s) dict_keys(['example_xcom']) retrieved from /home/airflow/.local/lib/python3.9/site-packages/airflow/example_dags/example_xcom.py
[2024-12-17T23:58:03.738+0000] {logging_mixin.py:151} INFO - [2024-12-17T23:58:03.737+0000] {dag.py:2907} INFO - Sync 1 DAGs
[2024-12-17T23:58:03.764+0000] {logging_mixin.py:151} INFO - [2024-12-17T23:58:03.763+0000] {dag.py:3677} INFO - Setting next_dagrun for example_xcom to 2021-01-01T00:00:00+00:00, run_after=2021-01-01T00:00:00+00:00
[2024-12-17T23:58:03.785+0000] {processor.py:179} INFO - Processing /home/airflow/.local/lib/python3.9/site-packages/airflow/example_dags/example_xcom.py took 0.085 seconds
[2024-12-17T23:58:34.087+0000] {processor.py:157} INFO - Started process (PID=746) to work on /home/airflow/.local/lib/python3.9/site-packages/airflow/example_dags/example_xcom.py
[2024-12-17T23:58:34.089+0000] {processor.py:829} INFO - Processing file /home/airflow/.local/lib/python3.9/site-packages/airflow/example_dags/example_xcom.py for tasks to queue
[2024-12-17T23:58:34.092+0000] {logging_mixin.py:151} INFO - [2024-12-17T23:58:34.091+0000] {dagbag.py:539} INFO - Filling up the DagBag from /home/airflow/.local/lib/python3.9/site-packages/airflow/example_dags/example_xcom.py
[2024-12-17T23:58:34.100+0000] {processor.py:839} INFO - DAG(s) dict_keys(['example_xcom']) retrieved from /home/airflow/.local/lib/python3.9/site-packages/airflow/example_dags/example_xcom.py
[2024-12-17T23:58:34.124+0000] {logging_mixin.py:151} INFO - [2024-12-17T23:58:34.124+0000] {dag.py:2907} INFO - Sync 1 DAGs
[2024-12-17T23:58:34.153+0000] {logging_mixin.py:151} INFO - [2024-12-17T23:58:34.152+0000] {dag.py:3677} INFO - Setting next_dagrun for example_xcom to 2021-01-01T00:00:00+00:00, run_after=2021-01-01T00:00:00+00:00
[2024-12-17T23:58:34.174+0000] {processor.py:179} INFO - Processing /home/airflow/.local/lib/python3.9/site-packages/airflow/example_dags/example_xcom.py took 0.090 seconds
[2024-12-17T23:59:04.308+0000] {processor.py:157} INFO - Started process (PID=807) to work on /home/airflow/.local/lib/python3.9/site-packages/airflow/example_dags/example_xcom.py
[2024-12-17T23:59:04.310+0000] {processor.py:829} INFO - Processing file /home/airflow/.local/lib/python3.9/site-packages/airflow/example_dags/example_xcom.py for tasks to queue
[2024-12-17T23:59:04.313+0000] {logging_mixin.py:151} INFO - [2024-12-17T23:59:04.313+0000] {dagbag.py:539} INFO - Filling up the DagBag from /home/airflow/.local/lib/python3.9/site-packages/airflow/example_dags/example_xcom.py
[2024-12-17T23:59:04.322+0000] {processor.py:839} INFO - DAG(s) dict_keys(['example_xcom']) retrieved from /home/airflow/.local/lib/python3.9/site-packages/airflow/example_dags/example_xcom.py
[2024-12-17T23:59:04.352+0000] {logging_mixin.py:151} INFO - [2024-12-17T23:59:04.351+0000] {dag.py:2907} INFO - Sync 1 DAGs
[2024-12-17T23:59:04.381+0000] {logging_mixin.py:151} INFO - [2024-12-17T23:59:04.381+0000] {dag.py:3677} INFO - Setting next_dagrun for example_xcom to 2021-01-01T00:00:00+00:00, run_after=2021-01-01T00:00:00+00:00
[2024-12-17T23:59:04.405+0000] {processor.py:179} INFO - Processing /home/airflow/.local/lib/python3.9/site-packages/airflow/example_dags/example_xcom.py took 0.101 seconds
[2024-12-17T23:59:34.448+0000] {processor.py:157} INFO - Started process (PID=868) to work on /home/airflow/.local/lib/python3.9/site-packages/airflow/example_dags/example_xcom.py
[2024-12-17T23:59:34.449+0000] {processor.py:829} INFO - Processing file /home/airflow/.local/lib/python3.9/site-packages/airflow/example_dags/example_xcom.py for tasks to queue
[2024-12-17T23:59:34.453+0000] {logging_mixin.py:151} INFO - [2024-12-17T23:59:34.453+0000] {dagbag.py:539} INFO - Filling up the DagBag from /home/airflow/.local/lib/python3.9/site-packages/airflow/example_dags/example_xcom.py
[2024-12-17T23:59:34.465+0000] {processor.py:839} INFO - DAG(s) dict_keys(['example_xcom']) retrieved from /home/airflow/.local/lib/python3.9/site-packages/airflow/example_dags/example_xcom.py
[2024-12-17T23:59:34.491+0000] {logging_mixin.py:151} INFO - [2024-12-17T23:59:34.491+0000] {dag.py:2907} INFO - Sync 1 DAGs
[2024-12-17T23:59:34.518+0000] {logging_mixin.py:151} INFO - [2024-12-17T23:59:34.517+0000] {dag.py:3677} INFO - Setting next_dagrun for example_xcom to 2021-01-01T00:00:00+00:00, run_after=2021-01-01T00:00:00+00:00
[2024-12-17T23:59:34.543+0000] {processor.py:179} INFO - Processing /home/airflow/.local/lib/python3.9/site-packages/airflow/example_dags/example_xcom.py took 0.100 seconds
