[2024-12-17T23:52:59.833+0000] {processor.py:157} INFO - Started process (PID=71) to work on /home/airflow/.local/lib/python3.9/site-packages/airflow/example_dags/example_sla_dag.py
[2024-12-17T23:52:59.835+0000] {processor.py:829} INFO - Processing file /home/airflow/.local/lib/python3.9/site-packages/airflow/example_dags/example_sla_dag.py for tasks to queue
[2024-12-17T23:52:59.838+0000] {logging_mixin.py:151} INFO - [2024-12-17T23:52:59.837+0000] {dagbag.py:539} INFO - Filling up the DagBag from /home/airflow/.local/lib/python3.9/site-packages/airflow/example_dags/example_sla_dag.py
[2024-12-17T23:52:59.854+0000] {processor.py:839} INFO - DAG(s) dict_keys(['example_sla_dag']) retrieved from /home/airflow/.local/lib/python3.9/site-packages/airflow/example_dags/example_sla_dag.py
[2024-12-17T23:52:59.986+0000] {logging_mixin.py:151} INFO - [2024-12-17T23:52:59.986+0000] {manager.py:501} INFO - Created Permission View: can read on DAG:example_sla_dag
[2024-12-17T23:53:00.002+0000] {logging_mixin.py:151} INFO - [2024-12-17T23:53:00.001+0000] {manager.py:501} INFO - Created Permission View: can edit on DAG:example_sla_dag
[2024-12-17T23:53:00.015+0000] {logging_mixin.py:151} INFO - [2024-12-17T23:53:00.015+0000] {manager.py:501} INFO - Created Permission View: can delete on DAG:example_sla_dag
[2024-12-17T23:53:00.040+0000] {logging_mixin.py:151} INFO - [2024-12-17T23:53:00.040+0000] {dag.py:2907} INFO - Sync 1 DAGs
[2024-12-17T23:53:00.059+0000] {logging_mixin.py:151} INFO - [2024-12-17T23:53:00.058+0000] {dag.py:2929} INFO - Creating ORM DAG for example_sla_dag
[2024-12-17T23:53:00.084+0000] {logging_mixin.py:151} INFO - [2024-12-17T23:53:00.084+0000] {dag.py:3677} INFO - Setting next_dagrun for example_sla_dag to 2024-12-17T23:50:00+00:00, run_after=2024-12-17T23:52:00+00:00
[2024-12-17T23:53:00.127+0000] {processor.py:179} INFO - Processing /home/airflow/.local/lib/python3.9/site-packages/airflow/example_dags/example_sla_dag.py took 0.298 seconds
[2024-12-17T23:53:30.206+0000] {processor.py:157} INFO - Started process (PID=132) to work on /home/airflow/.local/lib/python3.9/site-packages/airflow/example_dags/example_sla_dag.py
[2024-12-17T23:53:30.207+0000] {processor.py:829} INFO - Processing file /home/airflow/.local/lib/python3.9/site-packages/airflow/example_dags/example_sla_dag.py for tasks to queue
[2024-12-17T23:53:30.211+0000] {logging_mixin.py:151} INFO - [2024-12-17T23:53:30.210+0000] {dagbag.py:539} INFO - Filling up the DagBag from /home/airflow/.local/lib/python3.9/site-packages/airflow/example_dags/example_sla_dag.py
[2024-12-17T23:53:30.220+0000] {processor.py:839} INFO - DAG(s) dict_keys(['example_sla_dag']) retrieved from /home/airflow/.local/lib/python3.9/site-packages/airflow/example_dags/example_sla_dag.py
[2024-12-17T23:53:30.241+0000] {logging_mixin.py:151} INFO - [2024-12-17T23:53:30.241+0000] {dag.py:2907} INFO - Sync 1 DAGs
[2024-12-17T23:53:30.269+0000] {logging_mixin.py:151} INFO - [2024-12-17T23:53:30.269+0000] {dag.py:3677} INFO - Setting next_dagrun for example_sla_dag to 2024-12-17T23:50:00+00:00, run_after=2024-12-17T23:52:00+00:00
[2024-12-17T23:53:30.294+0000] {processor.py:179} INFO - Processing /home/airflow/.local/lib/python3.9/site-packages/airflow/example_dags/example_sla_dag.py took 0.091 seconds
[2024-12-17T23:54:00.785+0000] {processor.py:157} INFO - Started process (PID=194) to work on /home/airflow/.local/lib/python3.9/site-packages/airflow/example_dags/example_sla_dag.py
[2024-12-17T23:54:00.786+0000] {processor.py:829} INFO - Processing file /home/airflow/.local/lib/python3.9/site-packages/airflow/example_dags/example_sla_dag.py for tasks to queue
[2024-12-17T23:54:00.789+0000] {logging_mixin.py:151} INFO - [2024-12-17T23:54:00.789+0000] {dagbag.py:539} INFO - Filling up the DagBag from /home/airflow/.local/lib/python3.9/site-packages/airflow/example_dags/example_sla_dag.py
[2024-12-17T23:54:00.800+0000] {processor.py:839} INFO - DAG(s) dict_keys(['example_sla_dag']) retrieved from /home/airflow/.local/lib/python3.9/site-packages/airflow/example_dags/example_sla_dag.py
[2024-12-17T23:54:00.829+0000] {logging_mixin.py:151} INFO - [2024-12-17T23:54:00.829+0000] {dag.py:2907} INFO - Sync 1 DAGs
[2024-12-17T23:54:00.860+0000] {logging_mixin.py:151} INFO - [2024-12-17T23:54:00.859+0000] {dag.py:3677} INFO - Setting next_dagrun for example_sla_dag to 2024-12-17T23:52:00+00:00, run_after=2024-12-17T23:54:00+00:00
[2024-12-17T23:54:00.881+0000] {processor.py:179} INFO - Processing /home/airflow/.local/lib/python3.9/site-packages/airflow/example_dags/example_sla_dag.py took 0.100 seconds
[2024-12-17T23:54:31.144+0000] {processor.py:157} INFO - Started process (PID=256) to work on /home/airflow/.local/lib/python3.9/site-packages/airflow/example_dags/example_sla_dag.py
[2024-12-17T23:54:31.146+0000] {processor.py:829} INFO - Processing file /home/airflow/.local/lib/python3.9/site-packages/airflow/example_dags/example_sla_dag.py for tasks to queue
[2024-12-17T23:54:31.149+0000] {logging_mixin.py:151} INFO - [2024-12-17T23:54:31.148+0000] {dagbag.py:539} INFO - Filling up the DagBag from /home/airflow/.local/lib/python3.9/site-packages/airflow/example_dags/example_sla_dag.py
[2024-12-17T23:54:31.159+0000] {processor.py:839} INFO - DAG(s) dict_keys(['example_sla_dag']) retrieved from /home/airflow/.local/lib/python3.9/site-packages/airflow/example_dags/example_sla_dag.py
[2024-12-17T23:54:31.180+0000] {logging_mixin.py:151} INFO - [2024-12-17T23:54:31.179+0000] {dag.py:2907} INFO - Sync 1 DAGs
[2024-12-17T23:54:31.206+0000] {logging_mixin.py:151} INFO - [2024-12-17T23:54:31.205+0000] {dag.py:3677} INFO - Setting next_dagrun for example_sla_dag to 2024-12-17T23:52:00+00:00, run_after=2024-12-17T23:54:00+00:00
[2024-12-17T23:54:31.224+0000] {processor.py:179} INFO - Processing /home/airflow/.local/lib/python3.9/site-packages/airflow/example_dags/example_sla_dag.py took 0.084 seconds
[2024-12-17T23:55:01.567+0000] {processor.py:157} INFO - Started process (PID=318) to work on /home/airflow/.local/lib/python3.9/site-packages/airflow/example_dags/example_sla_dag.py
[2024-12-17T23:55:01.568+0000] {processor.py:829} INFO - Processing file /home/airflow/.local/lib/python3.9/site-packages/airflow/example_dags/example_sla_dag.py for tasks to queue
[2024-12-17T23:55:01.570+0000] {logging_mixin.py:151} INFO - [2024-12-17T23:55:01.570+0000] {dagbag.py:539} INFO - Filling up the DagBag from /home/airflow/.local/lib/python3.9/site-packages/airflow/example_dags/example_sla_dag.py
[2024-12-17T23:55:01.580+0000] {processor.py:839} INFO - DAG(s) dict_keys(['example_sla_dag']) retrieved from /home/airflow/.local/lib/python3.9/site-packages/airflow/example_dags/example_sla_dag.py
[2024-12-17T23:55:01.600+0000] {logging_mixin.py:151} INFO - [2024-12-17T23:55:01.600+0000] {dag.py:2907} INFO - Sync 1 DAGs
[2024-12-17T23:55:01.625+0000] {logging_mixin.py:151} INFO - [2024-12-17T23:55:01.625+0000] {dag.py:3677} INFO - Setting next_dagrun for example_sla_dag to 2024-12-17T23:52:00+00:00, run_after=2024-12-17T23:54:00+00:00
[2024-12-17T23:55:01.646+0000] {processor.py:179} INFO - Processing /home/airflow/.local/lib/python3.9/site-packages/airflow/example_dags/example_sla_dag.py took 0.083 seconds
[2024-12-17T23:55:31.895+0000] {processor.py:157} INFO - Started process (PID=378) to work on /home/airflow/.local/lib/python3.9/site-packages/airflow/example_dags/example_sla_dag.py
[2024-12-17T23:55:31.897+0000] {processor.py:829} INFO - Processing file /home/airflow/.local/lib/python3.9/site-packages/airflow/example_dags/example_sla_dag.py for tasks to queue
[2024-12-17T23:55:31.903+0000] {logging_mixin.py:151} INFO - [2024-12-17T23:55:31.902+0000] {dagbag.py:539} INFO - Filling up the DagBag from /home/airflow/.local/lib/python3.9/site-packages/airflow/example_dags/example_sla_dag.py
[2024-12-17T23:55:31.926+0000] {processor.py:839} INFO - DAG(s) dict_keys(['example_sla_dag']) retrieved from /home/airflow/.local/lib/python3.9/site-packages/airflow/example_dags/example_sla_dag.py
[2024-12-17T23:55:31.966+0000] {logging_mixin.py:151} INFO - [2024-12-17T23:55:31.966+0000] {dag.py:2907} INFO - Sync 1 DAGs
[2024-12-17T23:55:32.003+0000] {logging_mixin.py:151} INFO - [2024-12-17T23:55:32.003+0000] {dag.py:3677} INFO - Setting next_dagrun for example_sla_dag to 2024-12-17T23:52:00+00:00, run_after=2024-12-17T23:54:00+00:00
[2024-12-17T23:55:32.029+0000] {processor.py:179} INFO - Processing /home/airflow/.local/lib/python3.9/site-packages/airflow/example_dags/example_sla_dag.py took 0.140 seconds
[2024-12-17T23:56:02.340+0000] {processor.py:157} INFO - Started process (PID=439) to work on /home/airflow/.local/lib/python3.9/site-packages/airflow/example_dags/example_sla_dag.py
[2024-12-17T23:56:02.341+0000] {processor.py:829} INFO - Processing file /home/airflow/.local/lib/python3.9/site-packages/airflow/example_dags/example_sla_dag.py for tasks to queue
[2024-12-17T23:56:02.344+0000] {logging_mixin.py:151} INFO - [2024-12-17T23:56:02.343+0000] {dagbag.py:539} INFO - Filling up the DagBag from /home/airflow/.local/lib/python3.9/site-packages/airflow/example_dags/example_sla_dag.py
[2024-12-17T23:56:02.354+0000] {processor.py:839} INFO - DAG(s) dict_keys(['example_sla_dag']) retrieved from /home/airflow/.local/lib/python3.9/site-packages/airflow/example_dags/example_sla_dag.py
[2024-12-17T23:56:02.375+0000] {logging_mixin.py:151} INFO - [2024-12-17T23:56:02.375+0000] {dag.py:2907} INFO - Sync 1 DAGs
[2024-12-17T23:56:02.402+0000] {logging_mixin.py:151} INFO - [2024-12-17T23:56:02.402+0000] {dag.py:3677} INFO - Setting next_dagrun for example_sla_dag to 2024-12-17T23:54:00+00:00, run_after=2024-12-17T23:56:00+00:00
[2024-12-17T23:56:02.426+0000] {processor.py:179} INFO - Processing /home/airflow/.local/lib/python3.9/site-packages/airflow/example_dags/example_sla_dag.py took 0.090 seconds
[2024-12-17T23:56:32.873+0000] {processor.py:157} INFO - Started process (PID=501) to work on /home/airflow/.local/lib/python3.9/site-packages/airflow/example_dags/example_sla_dag.py
[2024-12-17T23:56:32.874+0000] {processor.py:829} INFO - Processing file /home/airflow/.local/lib/python3.9/site-packages/airflow/example_dags/example_sla_dag.py for tasks to queue
[2024-12-17T23:56:32.877+0000] {logging_mixin.py:151} INFO - [2024-12-17T23:56:32.876+0000] {dagbag.py:539} INFO - Filling up the DagBag from /home/airflow/.local/lib/python3.9/site-packages/airflow/example_dags/example_sla_dag.py
[2024-12-17T23:56:32.887+0000] {processor.py:839} INFO - DAG(s) dict_keys(['example_sla_dag']) retrieved from /home/airflow/.local/lib/python3.9/site-packages/airflow/example_dags/example_sla_dag.py
[2024-12-17T23:56:32.911+0000] {logging_mixin.py:151} INFO - [2024-12-17T23:56:32.911+0000] {dag.py:2907} INFO - Sync 1 DAGs
[2024-12-17T23:56:32.941+0000] {logging_mixin.py:151} INFO - [2024-12-17T23:56:32.941+0000] {dag.py:3677} INFO - Setting next_dagrun for example_sla_dag to 2024-12-17T23:54:00+00:00, run_after=2024-12-17T23:56:00+00:00
[2024-12-17T23:56:32.962+0000] {processor.py:179} INFO - Processing /home/airflow/.local/lib/python3.9/site-packages/airflow/example_dags/example_sla_dag.py took 0.093 seconds
[2024-12-17T23:57:03.125+0000] {processor.py:157} INFO - Started process (PID=562) to work on /home/airflow/.local/lib/python3.9/site-packages/airflow/example_dags/example_sla_dag.py
[2024-12-17T23:57:03.126+0000] {processor.py:829} INFO - Processing file /home/airflow/.local/lib/python3.9/site-packages/airflow/example_dags/example_sla_dag.py for tasks to queue
[2024-12-17T23:57:03.129+0000] {logging_mixin.py:151} INFO - [2024-12-17T23:57:03.128+0000] {dagbag.py:539} INFO - Filling up the DagBag from /home/airflow/.local/lib/python3.9/site-packages/airflow/example_dags/example_sla_dag.py
[2024-12-17T23:57:03.139+0000] {processor.py:839} INFO - DAG(s) dict_keys(['example_sla_dag']) retrieved from /home/airflow/.local/lib/python3.9/site-packages/airflow/example_dags/example_sla_dag.py
[2024-12-17T23:57:03.162+0000] {logging_mixin.py:151} INFO - [2024-12-17T23:57:03.162+0000] {dag.py:2907} INFO - Sync 1 DAGs
[2024-12-17T23:57:03.196+0000] {logging_mixin.py:151} INFO - [2024-12-17T23:57:03.196+0000] {dag.py:3677} INFO - Setting next_dagrun for example_sla_dag to 2024-12-17T23:54:00+00:00, run_after=2024-12-17T23:56:00+00:00
[2024-12-17T23:57:03.218+0000] {processor.py:179} INFO - Processing /home/airflow/.local/lib/python3.9/site-packages/airflow/example_dags/example_sla_dag.py took 0.098 seconds
[2024-12-17T23:57:34.134+0000] {processor.py:157} INFO - Started process (PID=624) to work on /home/airflow/.local/lib/python3.9/site-packages/airflow/example_dags/example_sla_dag.py
[2024-12-17T23:57:34.135+0000] {processor.py:829} INFO - Processing file /home/airflow/.local/lib/python3.9/site-packages/airflow/example_dags/example_sla_dag.py for tasks to queue
[2024-12-17T23:57:34.139+0000] {logging_mixin.py:151} INFO - [2024-12-17T23:57:34.138+0000] {dagbag.py:539} INFO - Filling up the DagBag from /home/airflow/.local/lib/python3.9/site-packages/airflow/example_dags/example_sla_dag.py
[2024-12-17T23:57:34.149+0000] {processor.py:839} INFO - DAG(s) dict_keys(['example_sla_dag']) retrieved from /home/airflow/.local/lib/python3.9/site-packages/airflow/example_dags/example_sla_dag.py
[2024-12-17T23:57:34.174+0000] {logging_mixin.py:151} INFO - [2024-12-17T23:57:34.173+0000] {dag.py:2907} INFO - Sync 1 DAGs
[2024-12-17T23:57:34.203+0000] {logging_mixin.py:151} INFO - [2024-12-17T23:57:34.202+0000] {dag.py:3677} INFO - Setting next_dagrun for example_sla_dag to 2024-12-17T23:54:00+00:00, run_after=2024-12-17T23:56:00+00:00
[2024-12-17T23:57:34.226+0000] {processor.py:179} INFO - Processing /home/airflow/.local/lib/python3.9/site-packages/airflow/example_dags/example_sla_dag.py took 0.097 seconds
[2024-12-17T23:58:04.749+0000] {processor.py:157} INFO - Started process (PID=685) to work on /home/airflow/.local/lib/python3.9/site-packages/airflow/example_dags/example_sla_dag.py
[2024-12-17T23:58:04.753+0000] {processor.py:829} INFO - Processing file /home/airflow/.local/lib/python3.9/site-packages/airflow/example_dags/example_sla_dag.py for tasks to queue
[2024-12-17T23:58:04.760+0000] {logging_mixin.py:151} INFO - [2024-12-17T23:58:04.759+0000] {dagbag.py:539} INFO - Filling up the DagBag from /home/airflow/.local/lib/python3.9/site-packages/airflow/example_dags/example_sla_dag.py
[2024-12-17T23:58:04.784+0000] {processor.py:839} INFO - DAG(s) dict_keys(['example_sla_dag']) retrieved from /home/airflow/.local/lib/python3.9/site-packages/airflow/example_dags/example_sla_dag.py
[2024-12-17T23:58:04.814+0000] {logging_mixin.py:151} INFO - [2024-12-17T23:58:04.814+0000] {dag.py:2907} INFO - Sync 1 DAGs
[2024-12-17T23:58:04.847+0000] {logging_mixin.py:151} INFO - [2024-12-17T23:58:04.846+0000] {dag.py:3677} INFO - Setting next_dagrun for example_sla_dag to 2024-12-17T23:56:00+00:00, run_after=2024-12-17T23:58:00+00:00
[2024-12-17T23:58:04.874+0000] {processor.py:179} INFO - Processing /home/airflow/.local/lib/python3.9/site-packages/airflow/example_dags/example_sla_dag.py took 0.139 seconds
[2024-12-17T23:58:35.171+0000] {processor.py:157} INFO - Started process (PID=747) to work on /home/airflow/.local/lib/python3.9/site-packages/airflow/example_dags/example_sla_dag.py
[2024-12-17T23:58:35.173+0000] {processor.py:829} INFO - Processing file /home/airflow/.local/lib/python3.9/site-packages/airflow/example_dags/example_sla_dag.py for tasks to queue
[2024-12-17T23:58:35.176+0000] {logging_mixin.py:151} INFO - [2024-12-17T23:58:35.176+0000] {dagbag.py:539} INFO - Filling up the DagBag from /home/airflow/.local/lib/python3.9/site-packages/airflow/example_dags/example_sla_dag.py
[2024-12-17T23:58:35.188+0000] {processor.py:839} INFO - DAG(s) dict_keys(['example_sla_dag']) retrieved from /home/airflow/.local/lib/python3.9/site-packages/airflow/example_dags/example_sla_dag.py
[2024-12-17T23:58:35.211+0000] {logging_mixin.py:151} INFO - [2024-12-17T23:58:35.211+0000] {dag.py:2907} INFO - Sync 1 DAGs
[2024-12-17T23:58:35.239+0000] {logging_mixin.py:151} INFO - [2024-12-17T23:58:35.239+0000] {dag.py:3677} INFO - Setting next_dagrun for example_sla_dag to 2024-12-17T23:56:00+00:00, run_after=2024-12-17T23:58:00+00:00
[2024-12-17T23:58:35.273+0000] {processor.py:179} INFO - Processing /home/airflow/.local/lib/python3.9/site-packages/airflow/example_dags/example_sla_dag.py took 0.106 seconds
[2024-12-17T23:59:05.451+0000] {processor.py:157} INFO - Started process (PID=809) to work on /home/airflow/.local/lib/python3.9/site-packages/airflow/example_dags/example_sla_dag.py
[2024-12-17T23:59:05.452+0000] {processor.py:829} INFO - Processing file /home/airflow/.local/lib/python3.9/site-packages/airflow/example_dags/example_sla_dag.py for tasks to queue
[2024-12-17T23:59:05.456+0000] {logging_mixin.py:151} INFO - [2024-12-17T23:59:05.455+0000] {dagbag.py:539} INFO - Filling up the DagBag from /home/airflow/.local/lib/python3.9/site-packages/airflow/example_dags/example_sla_dag.py
[2024-12-17T23:59:05.467+0000] {processor.py:839} INFO - DAG(s) dict_keys(['example_sla_dag']) retrieved from /home/airflow/.local/lib/python3.9/site-packages/airflow/example_dags/example_sla_dag.py
[2024-12-17T23:59:05.490+0000] {logging_mixin.py:151} INFO - [2024-12-17T23:59:05.490+0000] {dag.py:2907} INFO - Sync 1 DAGs
[2024-12-17T23:59:05.517+0000] {logging_mixin.py:151} INFO - [2024-12-17T23:59:05.517+0000] {dag.py:3677} INFO - Setting next_dagrun for example_sla_dag to 2024-12-17T23:56:00+00:00, run_after=2024-12-17T23:58:00+00:00
[2024-12-17T23:59:05.552+0000] {processor.py:179} INFO - Processing /home/airflow/.local/lib/python3.9/site-packages/airflow/example_dags/example_sla_dag.py took 0.105 seconds
[2024-12-17T23:59:35.574+0000] {processor.py:157} INFO - Started process (PID=871) to work on /home/airflow/.local/lib/python3.9/site-packages/airflow/example_dags/example_sla_dag.py
[2024-12-17T23:59:35.575+0000] {processor.py:829} INFO - Processing file /home/airflow/.local/lib/python3.9/site-packages/airflow/example_dags/example_sla_dag.py for tasks to queue
[2024-12-17T23:59:35.578+0000] {logging_mixin.py:151} INFO - [2024-12-17T23:59:35.578+0000] {dagbag.py:539} INFO - Filling up the DagBag from /home/airflow/.local/lib/python3.9/site-packages/airflow/example_dags/example_sla_dag.py
[2024-12-17T23:59:35.588+0000] {processor.py:839} INFO - DAG(s) dict_keys(['example_sla_dag']) retrieved from /home/airflow/.local/lib/python3.9/site-packages/airflow/example_dags/example_sla_dag.py
[2024-12-17T23:59:35.609+0000] {logging_mixin.py:151} INFO - [2024-12-17T23:59:35.609+0000] {dag.py:2907} INFO - Sync 1 DAGs
[2024-12-17T23:59:35.636+0000] {logging_mixin.py:151} INFO - [2024-12-17T23:59:35.636+0000] {dag.py:3677} INFO - Setting next_dagrun for example_sla_dag to 2024-12-17T23:56:00+00:00, run_after=2024-12-17T23:58:00+00:00
[2024-12-17T23:59:35.661+0000] {processor.py:179} INFO - Processing /home/airflow/.local/lib/python3.9/site-packages/airflow/example_dags/example_sla_dag.py took 0.091 seconds
