[2024-12-17T23:53:01.235+0000] {processor.py:157} INFO - Started process (PID=78) to work on /home/airflow/.local/lib/python3.9/site-packages/airflow/example_dags/example_setup_teardown.py
[2024-12-17T23:53:01.236+0000] {processor.py:829} INFO - Processing file /home/airflow/.local/lib/python3.9/site-packages/airflow/example_dags/example_setup_teardown.py for tasks to queue
[2024-12-17T23:53:01.239+0000] {logging_mixin.py:151} INFO - [2024-12-17T23:53:01.238+0000] {dagbag.py:539} INFO - Filling up the DagBag from /home/airflow/.local/lib/python3.9/site-packages/airflow/example_dags/example_setup_teardown.py
[2024-12-17T23:53:01.249+0000] {processor.py:839} INFO - DAG(s) dict_keys(['example_setup_teardown']) retrieved from /home/airflow/.local/lib/python3.9/site-packages/airflow/example_dags/example_setup_teardown.py
[2024-12-17T23:53:01.395+0000] {logging_mixin.py:151} INFO - [2024-12-17T23:53:01.395+0000] {manager.py:501} INFO - Created Permission View: can read on DAG:example_setup_teardown
[2024-12-17T23:53:01.408+0000] {logging_mixin.py:151} INFO - [2024-12-17T23:53:01.408+0000] {manager.py:501} INFO - Created Permission View: can edit on DAG:example_setup_teardown
[2024-12-17T23:53:01.418+0000] {logging_mixin.py:151} INFO - [2024-12-17T23:53:01.417+0000] {manager.py:501} INFO - Created Permission View: can delete on DAG:example_setup_teardown
[2024-12-17T23:53:01.462+0000] {logging_mixin.py:151} INFO - [2024-12-17T23:53:01.462+0000] {dag.py:2907} INFO - Sync 1 DAGs
[2024-12-17T23:53:01.476+0000] {logging_mixin.py:151} INFO - [2024-12-17T23:53:01.476+0000] {dag.py:2929} INFO - Creating ORM DAG for example_setup_teardown
[2024-12-17T23:53:01.492+0000] {logging_mixin.py:151} INFO - [2024-12-17T23:53:01.492+0000] {dag.py:3677} INFO - Setting next_dagrun for example_setup_teardown to 2024-12-16T23:53:01.492083+00:00, run_after=2024-12-17T23:53:01.492083+00:00
[2024-12-17T23:53:01.519+0000] {processor.py:179} INFO - Processing /home/airflow/.local/lib/python3.9/site-packages/airflow/example_dags/example_setup_teardown.py took 0.288 seconds
[2024-12-17T23:53:31.995+0000] {processor.py:157} INFO - Started process (PID=139) to work on /home/airflow/.local/lib/python3.9/site-packages/airflow/example_dags/example_setup_teardown.py
[2024-12-17T23:53:31.996+0000] {processor.py:829} INFO - Processing file /home/airflow/.local/lib/python3.9/site-packages/airflow/example_dags/example_setup_teardown.py for tasks to queue
[2024-12-17T23:53:31.999+0000] {logging_mixin.py:151} INFO - [2024-12-17T23:53:31.999+0000] {dagbag.py:539} INFO - Filling up the DagBag from /home/airflow/.local/lib/python3.9/site-packages/airflow/example_dags/example_setup_teardown.py
[2024-12-17T23:53:32.007+0000] {processor.py:839} INFO - DAG(s) dict_keys(['example_setup_teardown']) retrieved from /home/airflow/.local/lib/python3.9/site-packages/airflow/example_dags/example_setup_teardown.py
[2024-12-17T23:53:32.029+0000] {logging_mixin.py:151} INFO - [2024-12-17T23:53:32.029+0000] {dag.py:2907} INFO - Sync 1 DAGs
[2024-12-17T23:53:32.053+0000] {logging_mixin.py:151} INFO - [2024-12-17T23:53:32.053+0000] {dag.py:3677} INFO - Setting next_dagrun for example_setup_teardown to 2024-12-16T23:53:32.053376+00:00, run_after=2024-12-17T23:53:32.053376+00:00
[2024-12-17T23:53:32.076+0000] {processor.py:179} INFO - Processing /home/airflow/.local/lib/python3.9/site-packages/airflow/example_dags/example_setup_teardown.py took 0.084 seconds
[2024-12-17T23:54:02.154+0000] {processor.py:157} INFO - Started process (PID=200) to work on /home/airflow/.local/lib/python3.9/site-packages/airflow/example_dags/example_setup_teardown.py
[2024-12-17T23:54:02.156+0000] {processor.py:829} INFO - Processing file /home/airflow/.local/lib/python3.9/site-packages/airflow/example_dags/example_setup_teardown.py for tasks to queue
[2024-12-17T23:54:02.160+0000] {logging_mixin.py:151} INFO - [2024-12-17T23:54:02.160+0000] {dagbag.py:539} INFO - Filling up the DagBag from /home/airflow/.local/lib/python3.9/site-packages/airflow/example_dags/example_setup_teardown.py
[2024-12-17T23:54:02.169+0000] {processor.py:839} INFO - DAG(s) dict_keys(['example_setup_teardown']) retrieved from /home/airflow/.local/lib/python3.9/site-packages/airflow/example_dags/example_setup_teardown.py
[2024-12-17T23:54:02.196+0000] {logging_mixin.py:151} INFO - [2024-12-17T23:54:02.196+0000] {dag.py:2907} INFO - Sync 1 DAGs
[2024-12-17T23:54:02.228+0000] {logging_mixin.py:151} INFO - [2024-12-17T23:54:02.228+0000] {dag.py:3677} INFO - Setting next_dagrun for example_setup_teardown to 2024-12-16T23:54:02.228113+00:00, run_after=2024-12-17T23:54:02.228113+00:00
[2024-12-17T23:54:02.252+0000] {processor.py:179} INFO - Processing /home/airflow/.local/lib/python3.9/site-packages/airflow/example_dags/example_setup_teardown.py took 0.102 seconds
[2024-12-17T23:54:32.487+0000] {processor.py:157} INFO - Started process (PID=262) to work on /home/airflow/.local/lib/python3.9/site-packages/airflow/example_dags/example_setup_teardown.py
[2024-12-17T23:54:32.489+0000] {processor.py:829} INFO - Processing file /home/airflow/.local/lib/python3.9/site-packages/airflow/example_dags/example_setup_teardown.py for tasks to queue
[2024-12-17T23:54:32.492+0000] {logging_mixin.py:151} INFO - [2024-12-17T23:54:32.491+0000] {dagbag.py:539} INFO - Filling up the DagBag from /home/airflow/.local/lib/python3.9/site-packages/airflow/example_dags/example_setup_teardown.py
[2024-12-17T23:54:32.500+0000] {processor.py:839} INFO - DAG(s) dict_keys(['example_setup_teardown']) retrieved from /home/airflow/.local/lib/python3.9/site-packages/airflow/example_dags/example_setup_teardown.py
[2024-12-17T23:54:32.528+0000] {logging_mixin.py:151} INFO - [2024-12-17T23:54:32.528+0000] {dag.py:2907} INFO - Sync 1 DAGs
[2024-12-17T23:54:32.554+0000] {logging_mixin.py:151} INFO - [2024-12-17T23:54:32.553+0000] {dag.py:3677} INFO - Setting next_dagrun for example_setup_teardown to 2024-12-16T23:54:32.553609+00:00, run_after=2024-12-17T23:54:32.553609+00:00
[2024-12-17T23:54:32.579+0000] {processor.py:179} INFO - Processing /home/airflow/.local/lib/python3.9/site-packages/airflow/example_dags/example_setup_teardown.py took 0.096 seconds
[2024-12-17T23:55:03.017+0000] {processor.py:157} INFO - Started process (PID=324) to work on /home/airflow/.local/lib/python3.9/site-packages/airflow/example_dags/example_setup_teardown.py
[2024-12-17T23:55:03.019+0000] {processor.py:829} INFO - Processing file /home/airflow/.local/lib/python3.9/site-packages/airflow/example_dags/example_setup_teardown.py for tasks to queue
[2024-12-17T23:55:03.021+0000] {logging_mixin.py:151} INFO - [2024-12-17T23:55:03.021+0000] {dagbag.py:539} INFO - Filling up the DagBag from /home/airflow/.local/lib/python3.9/site-packages/airflow/example_dags/example_setup_teardown.py
[2024-12-17T23:55:03.029+0000] {processor.py:839} INFO - DAG(s) dict_keys(['example_setup_teardown']) retrieved from /home/airflow/.local/lib/python3.9/site-packages/airflow/example_dags/example_setup_teardown.py
[2024-12-17T23:55:03.051+0000] {logging_mixin.py:151} INFO - [2024-12-17T23:55:03.051+0000] {dag.py:2907} INFO - Sync 1 DAGs
[2024-12-17T23:55:03.074+0000] {logging_mixin.py:151} INFO - [2024-12-17T23:55:03.074+0000] {dag.py:3677} INFO - Setting next_dagrun for example_setup_teardown to 2024-12-16T23:55:03.073849+00:00, run_after=2024-12-17T23:55:03.073849+00:00
[2024-12-17T23:55:03.094+0000] {processor.py:179} INFO - Processing /home/airflow/.local/lib/python3.9/site-packages/airflow/example_dags/example_setup_teardown.py took 0.080 seconds
[2024-12-17T23:55:33.218+0000] {processor.py:157} INFO - Started process (PID=386) to work on /home/airflow/.local/lib/python3.9/site-packages/airflow/example_dags/example_setup_teardown.py
[2024-12-17T23:55:33.219+0000] {processor.py:829} INFO - Processing file /home/airflow/.local/lib/python3.9/site-packages/airflow/example_dags/example_setup_teardown.py for tasks to queue
[2024-12-17T23:55:33.222+0000] {logging_mixin.py:151} INFO - [2024-12-17T23:55:33.221+0000] {dagbag.py:539} INFO - Filling up the DagBag from /home/airflow/.local/lib/python3.9/site-packages/airflow/example_dags/example_setup_teardown.py
[2024-12-17T23:55:33.230+0000] {processor.py:839} INFO - DAG(s) dict_keys(['example_setup_teardown']) retrieved from /home/airflow/.local/lib/python3.9/site-packages/airflow/example_dags/example_setup_teardown.py
[2024-12-17T23:55:33.251+0000] {logging_mixin.py:151} INFO - [2024-12-17T23:55:33.251+0000] {dag.py:2907} INFO - Sync 1 DAGs
[2024-12-17T23:55:33.274+0000] {logging_mixin.py:151} INFO - [2024-12-17T23:55:33.273+0000] {dag.py:3677} INFO - Setting next_dagrun for example_setup_teardown to 2024-12-16T23:55:33.273626+00:00, run_after=2024-12-17T23:55:33.273626+00:00
[2024-12-17T23:55:33.292+0000] {processor.py:179} INFO - Processing /home/airflow/.local/lib/python3.9/site-packages/airflow/example_dags/example_setup_teardown.py took 0.078 seconds
[2024-12-17T23:56:03.959+0000] {processor.py:157} INFO - Started process (PID=447) to work on /home/airflow/.local/lib/python3.9/site-packages/airflow/example_dags/example_setup_teardown.py
[2024-12-17T23:56:03.961+0000] {processor.py:829} INFO - Processing file /home/airflow/.local/lib/python3.9/site-packages/airflow/example_dags/example_setup_teardown.py for tasks to queue
[2024-12-17T23:56:03.967+0000] {logging_mixin.py:151} INFO - [2024-12-17T23:56:03.966+0000] {dagbag.py:539} INFO - Filling up the DagBag from /home/airflow/.local/lib/python3.9/site-packages/airflow/example_dags/example_setup_teardown.py
[2024-12-17T23:56:03.980+0000] {processor.py:839} INFO - DAG(s) dict_keys(['example_setup_teardown']) retrieved from /home/airflow/.local/lib/python3.9/site-packages/airflow/example_dags/example_setup_teardown.py
[2024-12-17T23:56:04.021+0000] {logging_mixin.py:151} INFO - [2024-12-17T23:56:04.021+0000] {dag.py:2907} INFO - Sync 1 DAGs
[2024-12-17T23:56:04.070+0000] {logging_mixin.py:151} INFO - [2024-12-17T23:56:04.070+0000] {dag.py:3677} INFO - Setting next_dagrun for example_setup_teardown to 2024-12-16T23:56:04.069619+00:00, run_after=2024-12-17T23:56:04.069619+00:00
[2024-12-17T23:56:04.110+0000] {processor.py:179} INFO - Processing /home/airflow/.local/lib/python3.9/site-packages/airflow/example_dags/example_setup_teardown.py took 0.157 seconds
[2024-12-17T23:56:34.224+0000] {processor.py:157} INFO - Started process (PID=507) to work on /home/airflow/.local/lib/python3.9/site-packages/airflow/example_dags/example_setup_teardown.py
[2024-12-17T23:56:34.225+0000] {processor.py:829} INFO - Processing file /home/airflow/.local/lib/python3.9/site-packages/airflow/example_dags/example_setup_teardown.py for tasks to queue
[2024-12-17T23:56:34.231+0000] {logging_mixin.py:151} INFO - [2024-12-17T23:56:34.230+0000] {dagbag.py:539} INFO - Filling up the DagBag from /home/airflow/.local/lib/python3.9/site-packages/airflow/example_dags/example_setup_teardown.py
[2024-12-17T23:56:34.240+0000] {processor.py:839} INFO - DAG(s) dict_keys(['example_setup_teardown']) retrieved from /home/airflow/.local/lib/python3.9/site-packages/airflow/example_dags/example_setup_teardown.py
[2024-12-17T23:56:34.267+0000] {logging_mixin.py:151} INFO - [2024-12-17T23:56:34.267+0000] {dag.py:2907} INFO - Sync 1 DAGs
[2024-12-17T23:56:34.294+0000] {logging_mixin.py:151} INFO - [2024-12-17T23:56:34.294+0000] {dag.py:3677} INFO - Setting next_dagrun for example_setup_teardown to 2024-12-16T23:56:34.294072+00:00, run_after=2024-12-17T23:56:34.294072+00:00
[2024-12-17T23:56:34.320+0000] {processor.py:179} INFO - Processing /home/airflow/.local/lib/python3.9/site-packages/airflow/example_dags/example_setup_teardown.py took 0.099 seconds
[2024-12-17T23:57:04.541+0000] {processor.py:157} INFO - Started process (PID=569) to work on /home/airflow/.local/lib/python3.9/site-packages/airflow/example_dags/example_setup_teardown.py
[2024-12-17T23:57:04.543+0000] {processor.py:829} INFO - Processing file /home/airflow/.local/lib/python3.9/site-packages/airflow/example_dags/example_setup_teardown.py for tasks to queue
[2024-12-17T23:57:04.546+0000] {logging_mixin.py:151} INFO - [2024-12-17T23:57:04.546+0000] {dagbag.py:539} INFO - Filling up the DagBag from /home/airflow/.local/lib/python3.9/site-packages/airflow/example_dags/example_setup_teardown.py
[2024-12-17T23:57:04.557+0000] {processor.py:839} INFO - DAG(s) dict_keys(['example_setup_teardown']) retrieved from /home/airflow/.local/lib/python3.9/site-packages/airflow/example_dags/example_setup_teardown.py
[2024-12-17T23:57:04.590+0000] {logging_mixin.py:151} INFO - [2024-12-17T23:57:04.590+0000] {dag.py:2907} INFO - Sync 1 DAGs
[2024-12-17T23:57:04.616+0000] {logging_mixin.py:151} INFO - [2024-12-17T23:57:04.616+0000] {dag.py:3677} INFO - Setting next_dagrun for example_setup_teardown to 2024-12-16T23:57:04.615882+00:00, run_after=2024-12-17T23:57:04.615882+00:00
[2024-12-17T23:57:04.642+0000] {processor.py:179} INFO - Processing /home/airflow/.local/lib/python3.9/site-packages/airflow/example_dags/example_setup_teardown.py took 0.106 seconds
[2024-12-17T23:57:35.034+0000] {processor.py:157} INFO - Started process (PID=631) to work on /home/airflow/.local/lib/python3.9/site-packages/airflow/example_dags/example_setup_teardown.py
[2024-12-17T23:57:35.036+0000] {processor.py:829} INFO - Processing file /home/airflow/.local/lib/python3.9/site-packages/airflow/example_dags/example_setup_teardown.py for tasks to queue
[2024-12-17T23:57:35.039+0000] {logging_mixin.py:151} INFO - [2024-12-17T23:57:35.038+0000] {dagbag.py:539} INFO - Filling up the DagBag from /home/airflow/.local/lib/python3.9/site-packages/airflow/example_dags/example_setup_teardown.py
[2024-12-17T23:57:35.047+0000] {processor.py:839} INFO - DAG(s) dict_keys(['example_setup_teardown']) retrieved from /home/airflow/.local/lib/python3.9/site-packages/airflow/example_dags/example_setup_teardown.py
[2024-12-17T23:57:35.074+0000] {logging_mixin.py:151} INFO - [2024-12-17T23:57:35.074+0000] {dag.py:2907} INFO - Sync 1 DAGs
[2024-12-17T23:57:35.100+0000] {logging_mixin.py:151} INFO - [2024-12-17T23:57:35.100+0000] {dag.py:3677} INFO - Setting next_dagrun for example_setup_teardown to 2024-12-16T23:57:35.100386+00:00, run_after=2024-12-17T23:57:35.100386+00:00
[2024-12-17T23:57:35.125+0000] {processor.py:179} INFO - Processing /home/airflow/.local/lib/python3.9/site-packages/airflow/example_dags/example_setup_teardown.py took 0.094 seconds
[2024-12-17T23:58:05.590+0000] {processor.py:157} INFO - Started process (PID=693) to work on /home/airflow/.local/lib/python3.9/site-packages/airflow/example_dags/example_setup_teardown.py
[2024-12-17T23:58:05.591+0000] {processor.py:829} INFO - Processing file /home/airflow/.local/lib/python3.9/site-packages/airflow/example_dags/example_setup_teardown.py for tasks to queue
[2024-12-17T23:58:05.594+0000] {logging_mixin.py:151} INFO - [2024-12-17T23:58:05.594+0000] {dagbag.py:539} INFO - Filling up the DagBag from /home/airflow/.local/lib/python3.9/site-packages/airflow/example_dags/example_setup_teardown.py
[2024-12-17T23:58:05.602+0000] {processor.py:839} INFO - DAG(s) dict_keys(['example_setup_teardown']) retrieved from /home/airflow/.local/lib/python3.9/site-packages/airflow/example_dags/example_setup_teardown.py
[2024-12-17T23:58:05.625+0000] {logging_mixin.py:151} INFO - [2024-12-17T23:58:05.624+0000] {dag.py:2907} INFO - Sync 1 DAGs
[2024-12-17T23:58:05.649+0000] {logging_mixin.py:151} INFO - [2024-12-17T23:58:05.648+0000] {dag.py:3677} INFO - Setting next_dagrun for example_setup_teardown to 2024-12-16T23:58:05.648421+00:00, run_after=2024-12-17T23:58:05.648421+00:00
[2024-12-17T23:58:05.670+0000] {processor.py:179} INFO - Processing /home/airflow/.local/lib/python3.9/site-packages/airflow/example_dags/example_setup_teardown.py took 0.084 seconds
[2024-12-17T23:58:35.966+0000] {processor.py:157} INFO - Started process (PID=755) to work on /home/airflow/.local/lib/python3.9/site-packages/airflow/example_dags/example_setup_teardown.py
[2024-12-17T23:58:35.967+0000] {processor.py:829} INFO - Processing file /home/airflow/.local/lib/python3.9/site-packages/airflow/example_dags/example_setup_teardown.py for tasks to queue
[2024-12-17T23:58:35.971+0000] {logging_mixin.py:151} INFO - [2024-12-17T23:58:35.970+0000] {dagbag.py:539} INFO - Filling up the DagBag from /home/airflow/.local/lib/python3.9/site-packages/airflow/example_dags/example_setup_teardown.py
[2024-12-17T23:58:35.980+0000] {processor.py:839} INFO - DAG(s) dict_keys(['example_setup_teardown']) retrieved from /home/airflow/.local/lib/python3.9/site-packages/airflow/example_dags/example_setup_teardown.py
[2024-12-17T23:58:36.008+0000] {logging_mixin.py:151} INFO - [2024-12-17T23:58:36.007+0000] {dag.py:2907} INFO - Sync 1 DAGs
[2024-12-17T23:58:36.036+0000] {logging_mixin.py:151} INFO - [2024-12-17T23:58:36.035+0000] {dag.py:3677} INFO - Setting next_dagrun for example_setup_teardown to 2024-12-16T23:58:36.035575+00:00, run_after=2024-12-17T23:58:36.035575+00:00
[2024-12-17T23:58:36.059+0000] {processor.py:179} INFO - Processing /home/airflow/.local/lib/python3.9/site-packages/airflow/example_dags/example_setup_teardown.py took 0.096 seconds
[2024-12-17T23:59:07.027+0000] {processor.py:157} INFO - Started process (PID=817) to work on /home/airflow/.local/lib/python3.9/site-packages/airflow/example_dags/example_setup_teardown.py
[2024-12-17T23:59:07.028+0000] {processor.py:829} INFO - Processing file /home/airflow/.local/lib/python3.9/site-packages/airflow/example_dags/example_setup_teardown.py for tasks to queue
[2024-12-17T23:59:07.032+0000] {logging_mixin.py:151} INFO - [2024-12-17T23:59:07.031+0000] {dagbag.py:539} INFO - Filling up the DagBag from /home/airflow/.local/lib/python3.9/site-packages/airflow/example_dags/example_setup_teardown.py
[2024-12-17T23:59:07.042+0000] {processor.py:839} INFO - DAG(s) dict_keys(['example_setup_teardown']) retrieved from /home/airflow/.local/lib/python3.9/site-packages/airflow/example_dags/example_setup_teardown.py
[2024-12-17T23:59:07.076+0000] {logging_mixin.py:151} INFO - [2024-12-17T23:59:07.075+0000] {dag.py:2907} INFO - Sync 1 DAGs
[2024-12-17T23:59:07.117+0000] {logging_mixin.py:151} INFO - [2024-12-17T23:59:07.117+0000] {dag.py:3677} INFO - Setting next_dagrun for example_setup_teardown to 2024-12-16T23:59:07.116653+00:00, run_after=2024-12-17T23:59:07.116653+00:00
[2024-12-17T23:59:07.156+0000] {processor.py:179} INFO - Processing /home/airflow/.local/lib/python3.9/site-packages/airflow/example_dags/example_setup_teardown.py took 0.134 seconds
[2024-12-17T23:59:38.095+0000] {processor.py:157} INFO - Started process (PID=878) to work on /home/airflow/.local/lib/python3.9/site-packages/airflow/example_dags/example_setup_teardown.py
[2024-12-17T23:59:38.096+0000] {processor.py:829} INFO - Processing file /home/airflow/.local/lib/python3.9/site-packages/airflow/example_dags/example_setup_teardown.py for tasks to queue
[2024-12-17T23:59:38.099+0000] {logging_mixin.py:151} INFO - [2024-12-17T23:59:38.098+0000] {dagbag.py:539} INFO - Filling up the DagBag from /home/airflow/.local/lib/python3.9/site-packages/airflow/example_dags/example_setup_teardown.py
[2024-12-17T23:59:38.107+0000] {processor.py:839} INFO - DAG(s) dict_keys(['example_setup_teardown']) retrieved from /home/airflow/.local/lib/python3.9/site-packages/airflow/example_dags/example_setup_teardown.py
[2024-12-17T23:59:38.134+0000] {logging_mixin.py:151} INFO - [2024-12-17T23:59:38.134+0000] {dag.py:2907} INFO - Sync 1 DAGs
[2024-12-17T23:59:38.160+0000] {logging_mixin.py:151} INFO - [2024-12-17T23:59:38.160+0000] {dag.py:3677} INFO - Setting next_dagrun for example_setup_teardown to 2024-12-16T23:59:38.159857+00:00, run_after=2024-12-17T23:59:38.159857+00:00
[2024-12-17T23:59:38.190+0000] {processor.py:179} INFO - Processing /home/airflow/.local/lib/python3.9/site-packages/airflow/example_dags/example_setup_teardown.py took 0.100 seconds
