[2024-12-17T23:53:00.152+0000] {processor.py:157} INFO - Started process (PID=73) to work on /home/airflow/.local/lib/python3.9/site-packages/airflow/example_dags/example_branch_python_dop_operator_3.py
[2024-12-17T23:53:00.154+0000] {processor.py:829} INFO - Processing file /home/airflow/.local/lib/python3.9/site-packages/airflow/example_dags/example_branch_python_dop_operator_3.py for tasks to queue
[2024-12-17T23:53:00.158+0000] {logging_mixin.py:151} INFO - [2024-12-17T23:53:00.157+0000] {dagbag.py:539} INFO - Filling up the DagBag from /home/airflow/.local/lib/python3.9/site-packages/airflow/example_dags/example_branch_python_dop_operator_3.py
[2024-12-17T23:53:00.181+0000] {processor.py:839} INFO - DAG(s) dict_keys(['example_branch_dop_operator_v3']) retrieved from /home/airflow/.local/lib/python3.9/site-packages/airflow/example_dags/example_branch_python_dop_operator_3.py
[2024-12-17T23:53:00.328+0000] {logging_mixin.py:151} INFO - [2024-12-17T23:53:00.328+0000] {manager.py:501} INFO - Created Permission View: can read on DAG:example_branch_dop_operator_v3
[2024-12-17T23:53:00.346+0000] {logging_mixin.py:151} INFO - [2024-12-17T23:53:00.346+0000] {manager.py:501} INFO - Created Permission View: can edit on DAG:example_branch_dop_operator_v3
[2024-12-17T23:53:00.358+0000] {logging_mixin.py:151} INFO - [2024-12-17T23:53:00.358+0000] {manager.py:501} INFO - Created Permission View: can delete on DAG:example_branch_dop_operator_v3
[2024-12-17T23:53:00.378+0000] {logging_mixin.py:151} INFO - [2024-12-17T23:53:00.378+0000] {dag.py:2907} INFO - Sync 1 DAGs
[2024-12-17T23:53:00.397+0000] {logging_mixin.py:151} INFO - [2024-12-17T23:53:00.397+0000] {dag.py:2929} INFO - Creating ORM DAG for example_branch_dop_operator_v3
[2024-12-17T23:53:00.419+0000] {logging_mixin.py:151} INFO - [2024-12-17T23:53:00.419+0000] {dag.py:3677} INFO - Setting next_dagrun for example_branch_dop_operator_v3 to 2024-12-17T23:52:00+00:00, run_after=2024-12-17T23:53:00+00:00
[2024-12-17T23:53:00.442+0000] {processor.py:179} INFO - Processing /home/airflow/.local/lib/python3.9/site-packages/airflow/example_dags/example_branch_python_dop_operator_3.py took 0.294 seconds
[2024-12-17T23:53:31.236+0000] {processor.py:157} INFO - Started process (PID=134) to work on /home/airflow/.local/lib/python3.9/site-packages/airflow/example_dags/example_branch_python_dop_operator_3.py
[2024-12-17T23:53:31.238+0000] {processor.py:829} INFO - Processing file /home/airflow/.local/lib/python3.9/site-packages/airflow/example_dags/example_branch_python_dop_operator_3.py for tasks to queue
[2024-12-17T23:53:31.247+0000] {logging_mixin.py:151} INFO - [2024-12-17T23:53:31.247+0000] {dagbag.py:539} INFO - Filling up the DagBag from /home/airflow/.local/lib/python3.9/site-packages/airflow/example_dags/example_branch_python_dop_operator_3.py
[2024-12-17T23:53:31.265+0000] {processor.py:839} INFO - DAG(s) dict_keys(['example_branch_dop_operator_v3']) retrieved from /home/airflow/.local/lib/python3.9/site-packages/airflow/example_dags/example_branch_python_dop_operator_3.py
[2024-12-17T23:53:31.295+0000] {logging_mixin.py:151} INFO - [2024-12-17T23:53:31.295+0000] {dag.py:2907} INFO - Sync 1 DAGs
[2024-12-17T23:53:31.338+0000] {logging_mixin.py:151} INFO - [2024-12-17T23:53:31.338+0000] {dag.py:3677} INFO - Setting next_dagrun for example_branch_dop_operator_v3 to 2024-12-17T23:52:00+00:00, run_after=2024-12-17T23:53:00+00:00
[2024-12-17T23:53:31.377+0000] {processor.py:179} INFO - Processing /home/airflow/.local/lib/python3.9/site-packages/airflow/example_dags/example_branch_python_dop_operator_3.py took 0.147 seconds
[2024-12-17T23:54:01.887+0000] {processor.py:157} INFO - Started process (PID=195) to work on /home/airflow/.local/lib/python3.9/site-packages/airflow/example_dags/example_branch_python_dop_operator_3.py
[2024-12-17T23:54:01.888+0000] {processor.py:829} INFO - Processing file /home/airflow/.local/lib/python3.9/site-packages/airflow/example_dags/example_branch_python_dop_operator_3.py for tasks to queue
[2024-12-17T23:54:01.892+0000] {logging_mixin.py:151} INFO - [2024-12-17T23:54:01.891+0000] {dagbag.py:539} INFO - Filling up the DagBag from /home/airflow/.local/lib/python3.9/site-packages/airflow/example_dags/example_branch_python_dop_operator_3.py
[2024-12-17T23:54:01.906+0000] {processor.py:839} INFO - DAG(s) dict_keys(['example_branch_dop_operator_v3']) retrieved from /home/airflow/.local/lib/python3.9/site-packages/airflow/example_dags/example_branch_python_dop_operator_3.py
[2024-12-17T23:54:01.940+0000] {logging_mixin.py:151} INFO - [2024-12-17T23:54:01.940+0000] {dag.py:2907} INFO - Sync 1 DAGs
[2024-12-17T23:54:01.980+0000] {logging_mixin.py:151} INFO - [2024-12-17T23:54:01.980+0000] {dag.py:3677} INFO - Setting next_dagrun for example_branch_dop_operator_v3 to 2024-12-17T23:53:00+00:00, run_after=2024-12-17T23:54:00+00:00
[2024-12-17T23:54:02.008+0000] {processor.py:179} INFO - Processing /home/airflow/.local/lib/python3.9/site-packages/airflow/example_dags/example_branch_python_dop_operator_3.py took 0.124 seconds
[2024-12-17T23:54:32.159+0000] {processor.py:157} INFO - Started process (PID=257) to work on /home/airflow/.local/lib/python3.9/site-packages/airflow/example_dags/example_branch_python_dop_operator_3.py
[2024-12-17T23:54:32.161+0000] {processor.py:829} INFO - Processing file /home/airflow/.local/lib/python3.9/site-packages/airflow/example_dags/example_branch_python_dop_operator_3.py for tasks to queue
[2024-12-17T23:54:32.164+0000] {logging_mixin.py:151} INFO - [2024-12-17T23:54:32.164+0000] {dagbag.py:539} INFO - Filling up the DagBag from /home/airflow/.local/lib/python3.9/site-packages/airflow/example_dags/example_branch_python_dop_operator_3.py
[2024-12-17T23:54:32.181+0000] {processor.py:839} INFO - DAG(s) dict_keys(['example_branch_dop_operator_v3']) retrieved from /home/airflow/.local/lib/python3.9/site-packages/airflow/example_dags/example_branch_python_dop_operator_3.py
[2024-12-17T23:54:32.208+0000] {logging_mixin.py:151} INFO - [2024-12-17T23:54:32.208+0000] {dag.py:2907} INFO - Sync 1 DAGs
[2024-12-17T23:54:32.245+0000] {logging_mixin.py:151} INFO - [2024-12-17T23:54:32.245+0000] {dag.py:3677} INFO - Setting next_dagrun for example_branch_dop_operator_v3 to 2024-12-17T23:53:00+00:00, run_after=2024-12-17T23:54:00+00:00
[2024-12-17T23:54:32.269+0000] {processor.py:179} INFO - Processing /home/airflow/.local/lib/python3.9/site-packages/airflow/example_dags/example_branch_python_dop_operator_3.py took 0.115 seconds
[2024-12-17T23:55:02.685+0000] {processor.py:157} INFO - Started process (PID=319) to work on /home/airflow/.local/lib/python3.9/site-packages/airflow/example_dags/example_branch_python_dop_operator_3.py
[2024-12-17T23:55:02.686+0000] {processor.py:829} INFO - Processing file /home/airflow/.local/lib/python3.9/site-packages/airflow/example_dags/example_branch_python_dop_operator_3.py for tasks to queue
[2024-12-17T23:55:02.690+0000] {logging_mixin.py:151} INFO - [2024-12-17T23:55:02.689+0000] {dagbag.py:539} INFO - Filling up the DagBag from /home/airflow/.local/lib/python3.9/site-packages/airflow/example_dags/example_branch_python_dop_operator_3.py
[2024-12-17T23:55:02.703+0000] {processor.py:839} INFO - DAG(s) dict_keys(['example_branch_dop_operator_v3']) retrieved from /home/airflow/.local/lib/python3.9/site-packages/airflow/example_dags/example_branch_python_dop_operator_3.py
[2024-12-17T23:55:02.729+0000] {logging_mixin.py:151} INFO - [2024-12-17T23:55:02.729+0000] {dag.py:2907} INFO - Sync 1 DAGs
[2024-12-17T23:55:02.764+0000] {logging_mixin.py:151} INFO - [2024-12-17T23:55:02.763+0000] {dag.py:3677} INFO - Setting next_dagrun for example_branch_dop_operator_v3 to 2024-12-17T23:54:00+00:00, run_after=2024-12-17T23:55:00+00:00
[2024-12-17T23:55:02.786+0000] {processor.py:179} INFO - Processing /home/airflow/.local/lib/python3.9/site-packages/airflow/example_dags/example_branch_python_dop_operator_3.py took 0.106 seconds
[2024-12-17T23:55:32.894+0000] {processor.py:157} INFO - Started process (PID=381) to work on /home/airflow/.local/lib/python3.9/site-packages/airflow/example_dags/example_branch_python_dop_operator_3.py
[2024-12-17T23:55:32.895+0000] {processor.py:829} INFO - Processing file /home/airflow/.local/lib/python3.9/site-packages/airflow/example_dags/example_branch_python_dop_operator_3.py for tasks to queue
[2024-12-17T23:55:32.899+0000] {logging_mixin.py:151} INFO - [2024-12-17T23:55:32.898+0000] {dagbag.py:539} INFO - Filling up the DagBag from /home/airflow/.local/lib/python3.9/site-packages/airflow/example_dags/example_branch_python_dop_operator_3.py
[2024-12-17T23:55:32.911+0000] {processor.py:839} INFO - DAG(s) dict_keys(['example_branch_dop_operator_v3']) retrieved from /home/airflow/.local/lib/python3.9/site-packages/airflow/example_dags/example_branch_python_dop_operator_3.py
[2024-12-17T23:55:32.934+0000] {logging_mixin.py:151} INFO - [2024-12-17T23:55:32.934+0000] {dag.py:2907} INFO - Sync 1 DAGs
[2024-12-17T23:55:32.965+0000] {logging_mixin.py:151} INFO - [2024-12-17T23:55:32.965+0000] {dag.py:3677} INFO - Setting next_dagrun for example_branch_dop_operator_v3 to 2024-12-17T23:54:00+00:00, run_after=2024-12-17T23:55:00+00:00
[2024-12-17T23:55:32.988+0000] {processor.py:179} INFO - Processing /home/airflow/.local/lib/python3.9/site-packages/airflow/example_dags/example_branch_python_dop_operator_3.py took 0.098 seconds
[2024-12-17T23:56:03.356+0000] {processor.py:157} INFO - Started process (PID=441) to work on /home/airflow/.local/lib/python3.9/site-packages/airflow/example_dags/example_branch_python_dop_operator_3.py
[2024-12-17T23:56:03.357+0000] {processor.py:829} INFO - Processing file /home/airflow/.local/lib/python3.9/site-packages/airflow/example_dags/example_branch_python_dop_operator_3.py for tasks to queue
[2024-12-17T23:56:03.360+0000] {logging_mixin.py:151} INFO - [2024-12-17T23:56:03.360+0000] {dagbag.py:539} INFO - Filling up the DagBag from /home/airflow/.local/lib/python3.9/site-packages/airflow/example_dags/example_branch_python_dop_operator_3.py
[2024-12-17T23:56:03.370+0000] {processor.py:839} INFO - DAG(s) dict_keys(['example_branch_dop_operator_v3']) retrieved from /home/airflow/.local/lib/python3.9/site-packages/airflow/example_dags/example_branch_python_dop_operator_3.py
[2024-12-17T23:56:03.395+0000] {logging_mixin.py:151} INFO - [2024-12-17T23:56:03.394+0000] {dag.py:2907} INFO - Sync 1 DAGs
[2024-12-17T23:56:03.431+0000] {logging_mixin.py:151} INFO - [2024-12-17T23:56:03.431+0000] {dag.py:3677} INFO - Setting next_dagrun for example_branch_dop_operator_v3 to 2024-12-17T23:55:00+00:00, run_after=2024-12-17T23:56:00+00:00
[2024-12-17T23:56:03.467+0000] {processor.py:179} INFO - Processing /home/airflow/.local/lib/python3.9/site-packages/airflow/example_dags/example_branch_python_dop_operator_3.py took 0.115 seconds
[2024-12-17T23:56:33.955+0000] {processor.py:157} INFO - Started process (PID=502) to work on /home/airflow/.local/lib/python3.9/site-packages/airflow/example_dags/example_branch_python_dop_operator_3.py
[2024-12-17T23:56:33.956+0000] {processor.py:829} INFO - Processing file /home/airflow/.local/lib/python3.9/site-packages/airflow/example_dags/example_branch_python_dop_operator_3.py for tasks to queue
[2024-12-17T23:56:33.960+0000] {logging_mixin.py:151} INFO - [2024-12-17T23:56:33.959+0000] {dagbag.py:539} INFO - Filling up the DagBag from /home/airflow/.local/lib/python3.9/site-packages/airflow/example_dags/example_branch_python_dop_operator_3.py
[2024-12-17T23:56:33.973+0000] {processor.py:839} INFO - DAG(s) dict_keys(['example_branch_dop_operator_v3']) retrieved from /home/airflow/.local/lib/python3.9/site-packages/airflow/example_dags/example_branch_python_dop_operator_3.py
[2024-12-17T23:56:34.005+0000] {logging_mixin.py:151} INFO - [2024-12-17T23:56:34.005+0000] {dag.py:2907} INFO - Sync 1 DAGs
[2024-12-17T23:56:34.038+0000] {logging_mixin.py:151} INFO - [2024-12-17T23:56:34.038+0000] {dag.py:3677} INFO - Setting next_dagrun for example_branch_dop_operator_v3 to 2024-12-17T23:55:00+00:00, run_after=2024-12-17T23:56:00+00:00
[2024-12-17T23:56:34.069+0000] {processor.py:179} INFO - Processing /home/airflow/.local/lib/python3.9/site-packages/airflow/example_dags/example_branch_python_dop_operator_3.py took 0.118 seconds
[2024-12-17T23:57:04.266+0000] {processor.py:157} INFO - Started process (PID=564) to work on /home/airflow/.local/lib/python3.9/site-packages/airflow/example_dags/example_branch_python_dop_operator_3.py
[2024-12-17T23:57:04.268+0000] {processor.py:829} INFO - Processing file /home/airflow/.local/lib/python3.9/site-packages/airflow/example_dags/example_branch_python_dop_operator_3.py for tasks to queue
[2024-12-17T23:57:04.272+0000] {logging_mixin.py:151} INFO - [2024-12-17T23:57:04.272+0000] {dagbag.py:539} INFO - Filling up the DagBag from /home/airflow/.local/lib/python3.9/site-packages/airflow/example_dags/example_branch_python_dop_operator_3.py
[2024-12-17T23:57:04.287+0000] {processor.py:839} INFO - DAG(s) dict_keys(['example_branch_dop_operator_v3']) retrieved from /home/airflow/.local/lib/python3.9/site-packages/airflow/example_dags/example_branch_python_dop_operator_3.py
[2024-12-17T23:57:04.313+0000] {logging_mixin.py:151} INFO - [2024-12-17T23:57:04.313+0000] {dag.py:2907} INFO - Sync 1 DAGs
[2024-12-17T23:57:04.345+0000] {logging_mixin.py:151} INFO - [2024-12-17T23:57:04.345+0000] {dag.py:3677} INFO - Setting next_dagrun for example_branch_dop_operator_v3 to 2024-12-17T23:56:00+00:00, run_after=2024-12-17T23:57:00+00:00
[2024-12-17T23:57:04.373+0000] {processor.py:179} INFO - Processing /home/airflow/.local/lib/python3.9/site-packages/airflow/example_dags/example_branch_python_dop_operator_3.py took 0.113 seconds
[2024-12-17T23:57:34.799+0000] {processor.py:157} INFO - Started process (PID=626) to work on /home/airflow/.local/lib/python3.9/site-packages/airflow/example_dags/example_branch_python_dop_operator_3.py
[2024-12-17T23:57:34.800+0000] {processor.py:829} INFO - Processing file /home/airflow/.local/lib/python3.9/site-packages/airflow/example_dags/example_branch_python_dop_operator_3.py for tasks to queue
[2024-12-17T23:57:34.804+0000] {logging_mixin.py:151} INFO - [2024-12-17T23:57:34.803+0000] {dagbag.py:539} INFO - Filling up the DagBag from /home/airflow/.local/lib/python3.9/site-packages/airflow/example_dags/example_branch_python_dop_operator_3.py
[2024-12-17T23:57:34.817+0000] {processor.py:839} INFO - DAG(s) dict_keys(['example_branch_dop_operator_v3']) retrieved from /home/airflow/.local/lib/python3.9/site-packages/airflow/example_dags/example_branch_python_dop_operator_3.py
[2024-12-17T23:57:34.842+0000] {logging_mixin.py:151} INFO - [2024-12-17T23:57:34.842+0000] {dag.py:2907} INFO - Sync 1 DAGs
[2024-12-17T23:57:34.876+0000] {logging_mixin.py:151} INFO - [2024-12-17T23:57:34.876+0000] {dag.py:3677} INFO - Setting next_dagrun for example_branch_dop_operator_v3 to 2024-12-17T23:56:00+00:00, run_after=2024-12-17T23:57:00+00:00
[2024-12-17T23:57:34.899+0000] {processor.py:179} INFO - Processing /home/airflow/.local/lib/python3.9/site-packages/airflow/example_dags/example_branch_python_dop_operator_3.py took 0.107 seconds
[2024-12-17T23:58:05.268+0000] {processor.py:157} INFO - Started process (PID=688) to work on /home/airflow/.local/lib/python3.9/site-packages/airflow/example_dags/example_branch_python_dop_operator_3.py
[2024-12-17T23:58:05.269+0000] {processor.py:829} INFO - Processing file /home/airflow/.local/lib/python3.9/site-packages/airflow/example_dags/example_branch_python_dop_operator_3.py for tasks to queue
[2024-12-17T23:58:05.272+0000] {logging_mixin.py:151} INFO - [2024-12-17T23:58:05.272+0000] {dagbag.py:539} INFO - Filling up the DagBag from /home/airflow/.local/lib/python3.9/site-packages/airflow/example_dags/example_branch_python_dop_operator_3.py
[2024-12-17T23:58:05.284+0000] {processor.py:839} INFO - DAG(s) dict_keys(['example_branch_dop_operator_v3']) retrieved from /home/airflow/.local/lib/python3.9/site-packages/airflow/example_dags/example_branch_python_dop_operator_3.py
[2024-12-17T23:58:05.308+0000] {logging_mixin.py:151} INFO - [2024-12-17T23:58:05.308+0000] {dag.py:2907} INFO - Sync 1 DAGs
[2024-12-17T23:58:05.340+0000] {logging_mixin.py:151} INFO - [2024-12-17T23:58:05.340+0000] {dag.py:3677} INFO - Setting next_dagrun for example_branch_dop_operator_v3 to 2024-12-17T23:57:00+00:00, run_after=2024-12-17T23:58:00+00:00
[2024-12-17T23:58:05.366+0000] {processor.py:179} INFO - Processing /home/airflow/.local/lib/python3.9/site-packages/airflow/example_dags/example_branch_python_dop_operator_3.py took 0.102 seconds
[2024-12-17T23:58:35.733+0000] {processor.py:157} INFO - Started process (PID=750) to work on /home/airflow/.local/lib/python3.9/site-packages/airflow/example_dags/example_branch_python_dop_operator_3.py
[2024-12-17T23:58:35.734+0000] {processor.py:829} INFO - Processing file /home/airflow/.local/lib/python3.9/site-packages/airflow/example_dags/example_branch_python_dop_operator_3.py for tasks to queue
[2024-12-17T23:58:35.737+0000] {logging_mixin.py:151} INFO - [2024-12-17T23:58:35.737+0000] {dagbag.py:539} INFO - Filling up the DagBag from /home/airflow/.local/lib/python3.9/site-packages/airflow/example_dags/example_branch_python_dop_operator_3.py
[2024-12-17T23:58:35.748+0000] {processor.py:839} INFO - DAG(s) dict_keys(['example_branch_dop_operator_v3']) retrieved from /home/airflow/.local/lib/python3.9/site-packages/airflow/example_dags/example_branch_python_dop_operator_3.py
[2024-12-17T23:58:35.771+0000] {logging_mixin.py:151} INFO - [2024-12-17T23:58:35.771+0000] {dag.py:2907} INFO - Sync 1 DAGs
[2024-12-17T23:58:35.806+0000] {logging_mixin.py:151} INFO - [2024-12-17T23:58:35.805+0000] {dag.py:3677} INFO - Setting next_dagrun for example_branch_dop_operator_v3 to 2024-12-17T23:57:00+00:00, run_after=2024-12-17T23:58:00+00:00
[2024-12-17T23:58:35.829+0000] {processor.py:179} INFO - Processing /home/airflow/.local/lib/python3.9/site-packages/airflow/example_dags/example_branch_python_dop_operator_3.py took 0.100 seconds
[2024-12-17T23:59:06.481+0000] {processor.py:157} INFO - Started process (PID=811) to work on /home/airflow/.local/lib/python3.9/site-packages/airflow/example_dags/example_branch_python_dop_operator_3.py
[2024-12-17T23:59:06.482+0000] {processor.py:829} INFO - Processing file /home/airflow/.local/lib/python3.9/site-packages/airflow/example_dags/example_branch_python_dop_operator_3.py for tasks to queue
[2024-12-17T23:59:06.488+0000] {logging_mixin.py:151} INFO - [2024-12-17T23:59:06.488+0000] {dagbag.py:539} INFO - Filling up the DagBag from /home/airflow/.local/lib/python3.9/site-packages/airflow/example_dags/example_branch_python_dop_operator_3.py
[2024-12-17T23:59:06.499+0000] {processor.py:839} INFO - DAG(s) dict_keys(['example_branch_dop_operator_v3']) retrieved from /home/airflow/.local/lib/python3.9/site-packages/airflow/example_dags/example_branch_python_dop_operator_3.py
[2024-12-17T23:59:06.523+0000] {logging_mixin.py:151} INFO - [2024-12-17T23:59:06.523+0000] {dag.py:2907} INFO - Sync 1 DAGs
[2024-12-17T23:59:06.552+0000] {logging_mixin.py:151} INFO - [2024-12-17T23:59:06.552+0000] {dag.py:3677} INFO - Setting next_dagrun for example_branch_dop_operator_v3 to 2024-12-17T23:58:00+00:00, run_after=2024-12-17T23:59:00+00:00
[2024-12-17T23:59:06.580+0000] {processor.py:179} INFO - Processing /home/airflow/.local/lib/python3.9/site-packages/airflow/example_dags/example_branch_python_dop_operator_3.py took 0.104 seconds
[2024-12-17T23:59:36.715+0000] {processor.py:157} INFO - Started process (PID=872) to work on /home/airflow/.local/lib/python3.9/site-packages/airflow/example_dags/example_branch_python_dop_operator_3.py
[2024-12-17T23:59:36.717+0000] {processor.py:829} INFO - Processing file /home/airflow/.local/lib/python3.9/site-packages/airflow/example_dags/example_branch_python_dop_operator_3.py for tasks to queue
[2024-12-17T23:59:36.723+0000] {logging_mixin.py:151} INFO - [2024-12-17T23:59:36.722+0000] {dagbag.py:539} INFO - Filling up the DagBag from /home/airflow/.local/lib/python3.9/site-packages/airflow/example_dags/example_branch_python_dop_operator_3.py
[2024-12-17T23:59:36.741+0000] {processor.py:839} INFO - DAG(s) dict_keys(['example_branch_dop_operator_v3']) retrieved from /home/airflow/.local/lib/python3.9/site-packages/airflow/example_dags/example_branch_python_dop_operator_3.py
[2024-12-17T23:59:36.767+0000] {logging_mixin.py:151} INFO - [2024-12-17T23:59:36.767+0000] {dag.py:2907} INFO - Sync 1 DAGs
[2024-12-17T23:59:36.802+0000] {logging_mixin.py:151} INFO - [2024-12-17T23:59:36.802+0000] {dag.py:3677} INFO - Setting next_dagrun for example_branch_dop_operator_v3 to 2024-12-17T23:58:00+00:00, run_after=2024-12-17T23:59:00+00:00
[2024-12-17T23:59:36.826+0000] {processor.py:179} INFO - Processing /home/airflow/.local/lib/python3.9/site-packages/airflow/example_dags/example_branch_python_dop_operator_3.py took 0.119 seconds
