[2024-12-17T23:52:58.580+0000] {processor.py:157} INFO - Started process (PID=68) to work on /home/airflow/.local/lib/python3.9/site-packages/airflow/example_dags/example_branch_day_of_week_operator.py
[2024-12-17T23:52:58.581+0000] {processor.py:829} INFO - Processing file /home/airflow/.local/lib/python3.9/site-packages/airflow/example_dags/example_branch_day_of_week_operator.py for tasks to queue
[2024-12-17T23:52:58.585+0000] {logging_mixin.py:151} INFO - [2024-12-17T23:52:58.585+0000] {dagbag.py:539} INFO - Filling up the DagBag from /home/airflow/.local/lib/python3.9/site-packages/airflow/example_dags/example_branch_day_of_week_operator.py
[2024-12-17T23:52:58.604+0000] {processor.py:839} INFO - DAG(s) dict_keys(['example_weekday_branch_operator']) retrieved from /home/airflow/.local/lib/python3.9/site-packages/airflow/example_dags/example_branch_day_of_week_operator.py
[2024-12-17T23:52:58.865+0000] {logging_mixin.py:151} INFO - [2024-12-17T23:52:58.864+0000] {manager.py:501} INFO - Created Permission View: can read on DAG:example_weekday_branch_operator
[2024-12-17T23:52:58.886+0000] {logging_mixin.py:151} INFO - [2024-12-17T23:52:58.885+0000] {manager.py:501} INFO - Created Permission View: can edit on DAG:example_weekday_branch_operator
[2024-12-17T23:52:58.904+0000] {logging_mixin.py:151} INFO - [2024-12-17T23:52:58.903+0000] {manager.py:501} INFO - Created Permission View: can delete on DAG:example_weekday_branch_operator
[2024-12-17T23:52:58.936+0000] {logging_mixin.py:151} INFO - [2024-12-17T23:52:58.936+0000] {dag.py:2907} INFO - Sync 1 DAGs
[2024-12-17T23:52:58.962+0000] {logging_mixin.py:151} INFO - [2024-12-17T23:52:58.962+0000] {dag.py:2929} INFO - Creating ORM DAG for example_weekday_branch_operator
[2024-12-17T23:52:58.987+0000] {logging_mixin.py:151} INFO - [2024-12-17T23:52:58.987+0000] {dag.py:3677} INFO - Setting next_dagrun for example_weekday_branch_operator to 2024-12-16T00:00:00+00:00, run_after=2024-12-17T00:00:00+00:00
[2024-12-17T23:52:59.033+0000] {processor.py:179} INFO - Processing /home/airflow/.local/lib/python3.9/site-packages/airflow/example_dags/example_branch_day_of_week_operator.py took 0.457 seconds
[2024-12-17T23:53:29.944+0000] {processor.py:157} INFO - Started process (PID=129) to work on /home/airflow/.local/lib/python3.9/site-packages/airflow/example_dags/example_branch_day_of_week_operator.py
[2024-12-17T23:53:29.945+0000] {processor.py:829} INFO - Processing file /home/airflow/.local/lib/python3.9/site-packages/airflow/example_dags/example_branch_day_of_week_operator.py for tasks to queue
[2024-12-17T23:53:29.949+0000] {logging_mixin.py:151} INFO - [2024-12-17T23:53:29.948+0000] {dagbag.py:539} INFO - Filling up the DagBag from /home/airflow/.local/lib/python3.9/site-packages/airflow/example_dags/example_branch_day_of_week_operator.py
[2024-12-17T23:53:29.964+0000] {processor.py:839} INFO - DAG(s) dict_keys(['example_weekday_branch_operator']) retrieved from /home/airflow/.local/lib/python3.9/site-packages/airflow/example_dags/example_branch_day_of_week_operator.py
[2024-12-17T23:53:29.992+0000] {logging_mixin.py:151} INFO - [2024-12-17T23:53:29.992+0000] {dag.py:2907} INFO - Sync 1 DAGs
[2024-12-17T23:53:30.035+0000] {logging_mixin.py:151} INFO - [2024-12-17T23:53:30.035+0000] {dag.py:3677} INFO - Setting next_dagrun for example_weekday_branch_operator to 2024-12-16T00:00:00+00:00, run_after=2024-12-17T00:00:00+00:00
[2024-12-17T23:53:30.075+0000] {processor.py:179} INFO - Processing /home/airflow/.local/lib/python3.9/site-packages/airflow/example_dags/example_branch_day_of_week_operator.py took 0.138 seconds
[2024-12-17T23:54:00.635+0000] {processor.py:157} INFO - Started process (PID=191) to work on /home/airflow/.local/lib/python3.9/site-packages/airflow/example_dags/example_branch_day_of_week_operator.py
[2024-12-17T23:54:00.636+0000] {processor.py:829} INFO - Processing file /home/airflow/.local/lib/python3.9/site-packages/airflow/example_dags/example_branch_day_of_week_operator.py for tasks to queue
[2024-12-17T23:54:00.640+0000] {logging_mixin.py:151} INFO - [2024-12-17T23:54:00.639+0000] {dagbag.py:539} INFO - Filling up the DagBag from /home/airflow/.local/lib/python3.9/site-packages/airflow/example_dags/example_branch_day_of_week_operator.py
[2024-12-17T23:54:00.654+0000] {processor.py:839} INFO - DAG(s) dict_keys(['example_weekday_branch_operator']) retrieved from /home/airflow/.local/lib/python3.9/site-packages/airflow/example_dags/example_branch_day_of_week_operator.py
[2024-12-17T23:54:00.684+0000] {logging_mixin.py:151} INFO - [2024-12-17T23:54:00.684+0000] {dag.py:2907} INFO - Sync 1 DAGs
[2024-12-17T23:54:00.713+0000] {logging_mixin.py:151} INFO - [2024-12-17T23:54:00.713+0000] {dag.py:3677} INFO - Setting next_dagrun for example_weekday_branch_operator to 2024-12-16T00:00:00+00:00, run_after=2024-12-17T00:00:00+00:00
[2024-12-17T23:54:00.743+0000] {processor.py:179} INFO - Processing /home/airflow/.local/lib/python3.9/site-packages/airflow/example_dags/example_branch_day_of_week_operator.py took 0.113 seconds
[2024-12-17T23:54:30.916+0000] {processor.py:157} INFO - Started process (PID=253) to work on /home/airflow/.local/lib/python3.9/site-packages/airflow/example_dags/example_branch_day_of_week_operator.py
[2024-12-17T23:54:30.917+0000] {processor.py:829} INFO - Processing file /home/airflow/.local/lib/python3.9/site-packages/airflow/example_dags/example_branch_day_of_week_operator.py for tasks to queue
[2024-12-17T23:54:30.920+0000] {logging_mixin.py:151} INFO - [2024-12-17T23:54:30.920+0000] {dagbag.py:539} INFO - Filling up the DagBag from /home/airflow/.local/lib/python3.9/site-packages/airflow/example_dags/example_branch_day_of_week_operator.py
[2024-12-17T23:54:30.931+0000] {processor.py:839} INFO - DAG(s) dict_keys(['example_weekday_branch_operator']) retrieved from /home/airflow/.local/lib/python3.9/site-packages/airflow/example_dags/example_branch_day_of_week_operator.py
[2024-12-17T23:54:30.967+0000] {logging_mixin.py:151} INFO - [2024-12-17T23:54:30.966+0000] {dag.py:2907} INFO - Sync 1 DAGs
[2024-12-17T23:54:30.992+0000] {logging_mixin.py:151} INFO - [2024-12-17T23:54:30.992+0000] {dag.py:3677} INFO - Setting next_dagrun for example_weekday_branch_operator to 2024-12-16T00:00:00+00:00, run_after=2024-12-17T00:00:00+00:00
[2024-12-17T23:54:31.019+0000] {processor.py:179} INFO - Processing /home/airflow/.local/lib/python3.9/site-packages/airflow/example_dags/example_branch_day_of_week_operator.py took 0.108 seconds
[2024-12-17T23:55:01.239+0000] {processor.py:157} INFO - Started process (PID=315) to work on /home/airflow/.local/lib/python3.9/site-packages/airflow/example_dags/example_branch_day_of_week_operator.py
[2024-12-17T23:55:01.240+0000] {processor.py:829} INFO - Processing file /home/airflow/.local/lib/python3.9/site-packages/airflow/example_dags/example_branch_day_of_week_operator.py for tasks to queue
[2024-12-17T23:55:01.243+0000] {logging_mixin.py:151} INFO - [2024-12-17T23:55:01.243+0000] {dagbag.py:539} INFO - Filling up the DagBag from /home/airflow/.local/lib/python3.9/site-packages/airflow/example_dags/example_branch_day_of_week_operator.py
[2024-12-17T23:55:01.255+0000] {processor.py:839} INFO - DAG(s) dict_keys(['example_weekday_branch_operator']) retrieved from /home/airflow/.local/lib/python3.9/site-packages/airflow/example_dags/example_branch_day_of_week_operator.py
[2024-12-17T23:55:01.284+0000] {logging_mixin.py:151} INFO - [2024-12-17T23:55:01.283+0000] {dag.py:2907} INFO - Sync 1 DAGs
[2024-12-17T23:55:01.308+0000] {logging_mixin.py:151} INFO - [2024-12-17T23:55:01.308+0000] {dag.py:3677} INFO - Setting next_dagrun for example_weekday_branch_operator to 2024-12-16T00:00:00+00:00, run_after=2024-12-17T00:00:00+00:00
[2024-12-17T23:55:01.334+0000] {processor.py:179} INFO - Processing /home/airflow/.local/lib/python3.9/site-packages/airflow/example_dags/example_branch_day_of_week_operator.py took 0.099 seconds
[2024-12-17T23:55:31.591+0000] {processor.py:157} INFO - Started process (PID=375) to work on /home/airflow/.local/lib/python3.9/site-packages/airflow/example_dags/example_branch_day_of_week_operator.py
[2024-12-17T23:55:31.592+0000] {processor.py:829} INFO - Processing file /home/airflow/.local/lib/python3.9/site-packages/airflow/example_dags/example_branch_day_of_week_operator.py for tasks to queue
[2024-12-17T23:55:31.596+0000] {logging_mixin.py:151} INFO - [2024-12-17T23:55:31.596+0000] {dagbag.py:539} INFO - Filling up the DagBag from /home/airflow/.local/lib/python3.9/site-packages/airflow/example_dags/example_branch_day_of_week_operator.py
[2024-12-17T23:55:31.606+0000] {processor.py:839} INFO - DAG(s) dict_keys(['example_weekday_branch_operator']) retrieved from /home/airflow/.local/lib/python3.9/site-packages/airflow/example_dags/example_branch_day_of_week_operator.py
[2024-12-17T23:55:31.632+0000] {logging_mixin.py:151} INFO - [2024-12-17T23:55:31.632+0000] {dag.py:2907} INFO - Sync 1 DAGs
[2024-12-17T23:55:31.658+0000] {logging_mixin.py:151} INFO - [2024-12-17T23:55:31.658+0000] {dag.py:3677} INFO - Setting next_dagrun for example_weekday_branch_operator to 2024-12-16T00:00:00+00:00, run_after=2024-12-17T00:00:00+00:00
[2024-12-17T23:55:31.688+0000] {processor.py:179} INFO - Processing /home/airflow/.local/lib/python3.9/site-packages/airflow/example_dags/example_branch_day_of_week_operator.py took 0.103 seconds
[2024-12-17T23:56:01.730+0000] {processor.py:157} INFO - Started process (PID=435) to work on /home/airflow/.local/lib/python3.9/site-packages/airflow/example_dags/example_branch_day_of_week_operator.py
[2024-12-17T23:56:01.732+0000] {processor.py:829} INFO - Processing file /home/airflow/.local/lib/python3.9/site-packages/airflow/example_dags/example_branch_day_of_week_operator.py for tasks to queue
[2024-12-17T23:56:01.736+0000] {logging_mixin.py:151} INFO - [2024-12-17T23:56:01.735+0000] {dagbag.py:539} INFO - Filling up the DagBag from /home/airflow/.local/lib/python3.9/site-packages/airflow/example_dags/example_branch_day_of_week_operator.py
[2024-12-17T23:56:01.748+0000] {processor.py:839} INFO - DAG(s) dict_keys(['example_weekday_branch_operator']) retrieved from /home/airflow/.local/lib/python3.9/site-packages/airflow/example_dags/example_branch_day_of_week_operator.py
[2024-12-17T23:56:01.774+0000] {logging_mixin.py:151} INFO - [2024-12-17T23:56:01.774+0000] {dag.py:2907} INFO - Sync 1 DAGs
[2024-12-17T23:56:01.801+0000] {logging_mixin.py:151} INFO - [2024-12-17T23:56:01.801+0000] {dag.py:3677} INFO - Setting next_dagrun for example_weekday_branch_operator to 2024-12-16T00:00:00+00:00, run_after=2024-12-17T00:00:00+00:00
[2024-12-17T23:56:01.822+0000] {processor.py:179} INFO - Processing /home/airflow/.local/lib/python3.9/site-packages/airflow/example_dags/example_branch_day_of_week_operator.py took 0.096 seconds
[2024-12-17T23:56:32.547+0000] {processor.py:157} INFO - Started process (PID=498) to work on /home/airflow/.local/lib/python3.9/site-packages/airflow/example_dags/example_branch_day_of_week_operator.py
[2024-12-17T23:56:32.548+0000] {processor.py:829} INFO - Processing file /home/airflow/.local/lib/python3.9/site-packages/airflow/example_dags/example_branch_day_of_week_operator.py for tasks to queue
[2024-12-17T23:56:32.551+0000] {logging_mixin.py:151} INFO - [2024-12-17T23:56:32.550+0000] {dagbag.py:539} INFO - Filling up the DagBag from /home/airflow/.local/lib/python3.9/site-packages/airflow/example_dags/example_branch_day_of_week_operator.py
[2024-12-17T23:56:32.560+0000] {processor.py:839} INFO - DAG(s) dict_keys(['example_weekday_branch_operator']) retrieved from /home/airflow/.local/lib/python3.9/site-packages/airflow/example_dags/example_branch_day_of_week_operator.py
[2024-12-17T23:56:32.583+0000] {logging_mixin.py:151} INFO - [2024-12-17T23:56:32.583+0000] {dag.py:2907} INFO - Sync 1 DAGs
[2024-12-17T23:56:32.607+0000] {logging_mixin.py:151} INFO - [2024-12-17T23:56:32.607+0000] {dag.py:3677} INFO - Setting next_dagrun for example_weekday_branch_operator to 2024-12-16T00:00:00+00:00, run_after=2024-12-17T00:00:00+00:00
[2024-12-17T23:56:32.634+0000] {processor.py:179} INFO - Processing /home/airflow/.local/lib/python3.9/site-packages/airflow/example_dags/example_branch_day_of_week_operator.py took 0.091 seconds
[2024-12-17T23:57:02.785+0000] {processor.py:157} INFO - Started process (PID=558) to work on /home/airflow/.local/lib/python3.9/site-packages/airflow/example_dags/example_branch_day_of_week_operator.py
[2024-12-17T23:57:02.786+0000] {processor.py:829} INFO - Processing file /home/airflow/.local/lib/python3.9/site-packages/airflow/example_dags/example_branch_day_of_week_operator.py for tasks to queue
[2024-12-17T23:57:02.790+0000] {logging_mixin.py:151} INFO - [2024-12-17T23:57:02.790+0000] {dagbag.py:539} INFO - Filling up the DagBag from /home/airflow/.local/lib/python3.9/site-packages/airflow/example_dags/example_branch_day_of_week_operator.py
[2024-12-17T23:57:02.803+0000] {processor.py:839} INFO - DAG(s) dict_keys(['example_weekday_branch_operator']) retrieved from /home/airflow/.local/lib/python3.9/site-packages/airflow/example_dags/example_branch_day_of_week_operator.py
[2024-12-17T23:57:02.835+0000] {logging_mixin.py:151} INFO - [2024-12-17T23:57:02.835+0000] {dag.py:2907} INFO - Sync 1 DAGs
[2024-12-17T23:57:02.863+0000] {logging_mixin.py:151} INFO - [2024-12-17T23:57:02.863+0000] {dag.py:3677} INFO - Setting next_dagrun for example_weekday_branch_operator to 2024-12-16T00:00:00+00:00, run_after=2024-12-17T00:00:00+00:00
[2024-12-17T23:57:02.889+0000] {processor.py:179} INFO - Processing /home/airflow/.local/lib/python3.9/site-packages/airflow/example_dags/example_branch_day_of_week_operator.py took 0.111 seconds
[2024-12-17T23:57:32.986+0000] {processor.py:157} INFO - Started process (PID=620) to work on /home/airflow/.local/lib/python3.9/site-packages/airflow/example_dags/example_branch_day_of_week_operator.py
[2024-12-17T23:57:32.987+0000] {processor.py:829} INFO - Processing file /home/airflow/.local/lib/python3.9/site-packages/airflow/example_dags/example_branch_day_of_week_operator.py for tasks to queue
[2024-12-17T23:57:32.991+0000] {logging_mixin.py:151} INFO - [2024-12-17T23:57:32.990+0000] {dagbag.py:539} INFO - Filling up the DagBag from /home/airflow/.local/lib/python3.9/site-packages/airflow/example_dags/example_branch_day_of_week_operator.py
[2024-12-17T23:57:33.004+0000] {processor.py:839} INFO - DAG(s) dict_keys(['example_weekday_branch_operator']) retrieved from /home/airflow/.local/lib/python3.9/site-packages/airflow/example_dags/example_branch_day_of_week_operator.py
[2024-12-17T23:57:33.033+0000] {logging_mixin.py:151} INFO - [2024-12-17T23:57:33.032+0000] {dag.py:2907} INFO - Sync 1 DAGs
[2024-12-17T23:57:33.061+0000] {logging_mixin.py:151} INFO - [2024-12-17T23:57:33.061+0000] {dag.py:3677} INFO - Setting next_dagrun for example_weekday_branch_operator to 2024-12-16T00:00:00+00:00, run_after=2024-12-17T00:00:00+00:00
[2024-12-17T23:57:33.086+0000] {processor.py:179} INFO - Processing /home/airflow/.local/lib/python3.9/site-packages/airflow/example_dags/example_branch_day_of_week_operator.py took 0.105 seconds
[2024-12-17T23:58:03.467+0000] {processor.py:157} INFO - Started process (PID=682) to work on /home/airflow/.local/lib/python3.9/site-packages/airflow/example_dags/example_branch_day_of_week_operator.py
[2024-12-17T23:58:03.469+0000] {processor.py:829} INFO - Processing file /home/airflow/.local/lib/python3.9/site-packages/airflow/example_dags/example_branch_day_of_week_operator.py for tasks to queue
[2024-12-17T23:58:03.473+0000] {logging_mixin.py:151} INFO - [2024-12-17T23:58:03.473+0000] {dagbag.py:539} INFO - Filling up the DagBag from /home/airflow/.local/lib/python3.9/site-packages/airflow/example_dags/example_branch_day_of_week_operator.py
[2024-12-17T23:58:03.490+0000] {processor.py:839} INFO - DAG(s) dict_keys(['example_weekday_branch_operator']) retrieved from /home/airflow/.local/lib/python3.9/site-packages/airflow/example_dags/example_branch_day_of_week_operator.py
[2024-12-17T23:58:03.518+0000] {logging_mixin.py:151} INFO - [2024-12-17T23:58:03.517+0000] {dag.py:2907} INFO - Sync 1 DAGs
[2024-12-17T23:58:03.550+0000] {logging_mixin.py:151} INFO - [2024-12-17T23:58:03.550+0000] {dag.py:3677} INFO - Setting next_dagrun for example_weekday_branch_operator to 2024-12-16T00:00:00+00:00, run_after=2024-12-17T00:00:00+00:00
[2024-12-17T23:58:03.575+0000] {processor.py:179} INFO - Processing /home/airflow/.local/lib/python3.9/site-packages/airflow/example_dags/example_branch_day_of_week_operator.py took 0.113 seconds
[2024-12-17T23:58:33.862+0000] {processor.py:157} INFO - Started process (PID=744) to work on /home/airflow/.local/lib/python3.9/site-packages/airflow/example_dags/example_branch_day_of_week_operator.py
[2024-12-17T23:58:33.862+0000] {processor.py:829} INFO - Processing file /home/airflow/.local/lib/python3.9/site-packages/airflow/example_dags/example_branch_day_of_week_operator.py for tasks to queue
[2024-12-17T23:58:33.866+0000] {logging_mixin.py:151} INFO - [2024-12-17T23:58:33.866+0000] {dagbag.py:539} INFO - Filling up the DagBag from /home/airflow/.local/lib/python3.9/site-packages/airflow/example_dags/example_branch_day_of_week_operator.py
[2024-12-17T23:58:33.875+0000] {processor.py:839} INFO - DAG(s) dict_keys(['example_weekday_branch_operator']) retrieved from /home/airflow/.local/lib/python3.9/site-packages/airflow/example_dags/example_branch_day_of_week_operator.py
[2024-12-17T23:58:33.897+0000] {logging_mixin.py:151} INFO - [2024-12-17T23:58:33.897+0000] {dag.py:2907} INFO - Sync 1 DAGs
[2024-12-17T23:58:33.923+0000] {logging_mixin.py:151} INFO - [2024-12-17T23:58:33.923+0000] {dag.py:3677} INFO - Setting next_dagrun for example_weekday_branch_operator to 2024-12-16T00:00:00+00:00, run_after=2024-12-17T00:00:00+00:00
[2024-12-17T23:58:33.949+0000] {processor.py:179} INFO - Processing /home/airflow/.local/lib/python3.9/site-packages/airflow/example_dags/example_branch_day_of_week_operator.py took 0.092 seconds
[2024-12-17T23:59:04.064+0000] {processor.py:157} INFO - Started process (PID=804) to work on /home/airflow/.local/lib/python3.9/site-packages/airflow/example_dags/example_branch_day_of_week_operator.py
[2024-12-17T23:59:04.065+0000] {processor.py:829} INFO - Processing file /home/airflow/.local/lib/python3.9/site-packages/airflow/example_dags/example_branch_day_of_week_operator.py for tasks to queue
[2024-12-17T23:59:04.068+0000] {logging_mixin.py:151} INFO - [2024-12-17T23:59:04.068+0000] {dagbag.py:539} INFO - Filling up the DagBag from /home/airflow/.local/lib/python3.9/site-packages/airflow/example_dags/example_branch_day_of_week_operator.py
[2024-12-17T23:59:04.078+0000] {processor.py:839} INFO - DAG(s) dict_keys(['example_weekday_branch_operator']) retrieved from /home/airflow/.local/lib/python3.9/site-packages/airflow/example_dags/example_branch_day_of_week_operator.py
[2024-12-17T23:59:04.110+0000] {logging_mixin.py:151} INFO - [2024-12-17T23:59:04.110+0000] {dag.py:2907} INFO - Sync 1 DAGs
[2024-12-17T23:59:04.137+0000] {logging_mixin.py:151} INFO - [2024-12-17T23:59:04.137+0000] {dag.py:3677} INFO - Setting next_dagrun for example_weekday_branch_operator to 2024-12-16T00:00:00+00:00, run_after=2024-12-17T00:00:00+00:00
[2024-12-17T23:59:04.168+0000] {processor.py:179} INFO - Processing /home/airflow/.local/lib/python3.9/site-packages/airflow/example_dags/example_branch_day_of_week_operator.py took 0.109 seconds
[2024-12-17T23:59:34.212+0000] {processor.py:157} INFO - Started process (PID=866) to work on /home/airflow/.local/lib/python3.9/site-packages/airflow/example_dags/example_branch_day_of_week_operator.py
[2024-12-17T23:59:34.213+0000] {processor.py:829} INFO - Processing file /home/airflow/.local/lib/python3.9/site-packages/airflow/example_dags/example_branch_day_of_week_operator.py for tasks to queue
[2024-12-17T23:59:34.217+0000] {logging_mixin.py:151} INFO - [2024-12-17T23:59:34.217+0000] {dagbag.py:539} INFO - Filling up the DagBag from /home/airflow/.local/lib/python3.9/site-packages/airflow/example_dags/example_branch_day_of_week_operator.py
[2024-12-17T23:59:34.227+0000] {processor.py:839} INFO - DAG(s) dict_keys(['example_weekday_branch_operator']) retrieved from /home/airflow/.local/lib/python3.9/site-packages/airflow/example_dags/example_branch_day_of_week_operator.py
[2024-12-17T23:59:34.256+0000] {logging_mixin.py:151} INFO - [2024-12-17T23:59:34.256+0000] {dag.py:2907} INFO - Sync 1 DAGs
[2024-12-17T23:59:34.283+0000] {logging_mixin.py:151} INFO - [2024-12-17T23:59:34.282+0000] {dag.py:3677} INFO - Setting next_dagrun for example_weekday_branch_operator to 2024-12-16T00:00:00+00:00, run_after=2024-12-17T00:00:00+00:00
[2024-12-17T23:59:34.308+0000] {processor.py:179} INFO - Processing /home/airflow/.local/lib/python3.9/site-packages/airflow/example_dags/example_branch_day_of_week_operator.py took 0.102 seconds
