[2024-12-17T23:52:59.074+0000] {processor.py:157} INFO - Started process (PID=69) to work on /home/airflow/.local/lib/python3.9/site-packages/airflow/example_dags/example_task_group_decorator.py
[2024-12-17T23:52:59.077+0000] {processor.py:829} INFO - Processing file /home/airflow/.local/lib/python3.9/site-packages/airflow/example_dags/example_task_group_decorator.py for tasks to queue
[2024-12-17T23:52:59.083+0000] {logging_mixin.py:151} INFO - [2024-12-17T23:52:59.082+0000] {dagbag.py:539} INFO - Filling up the DagBag from /home/airflow/.local/lib/python3.9/site-packages/airflow/example_dags/example_task_group_decorator.py
[2024-12-17T23:52:59.120+0000] {processor.py:839} INFO - DAG(s) dict_keys(['example_task_group_decorator']) retrieved from /home/airflow/.local/lib/python3.9/site-packages/airflow/example_dags/example_task_group_decorator.py
[2024-12-17T23:52:59.293+0000] {logging_mixin.py:151} INFO - [2024-12-17T23:52:59.292+0000] {manager.py:501} INFO - Created Permission View: can read on DAG:example_task_group_decorator
[2024-12-17T23:52:59.313+0000] {logging_mixin.py:151} INFO - [2024-12-17T23:52:59.313+0000] {manager.py:501} INFO - Created Permission View: can edit on DAG:example_task_group_decorator
[2024-12-17T23:52:59.329+0000] {logging_mixin.py:151} INFO - [2024-12-17T23:52:59.329+0000] {manager.py:501} INFO - Created Permission View: can delete on DAG:example_task_group_decorator
[2024-12-17T23:52:59.351+0000] {logging_mixin.py:151} INFO - [2024-12-17T23:52:59.351+0000] {dag.py:2907} INFO - Sync 1 DAGs
[2024-12-17T23:52:59.364+0000] {logging_mixin.py:151} INFO - [2024-12-17T23:52:59.364+0000] {dag.py:2929} INFO - Creating ORM DAG for example_task_group_decorator
[2024-12-17T23:52:59.379+0000] {logging_mixin.py:151} INFO - [2024-12-17T23:52:59.379+0000] {dag.py:3677} INFO - Setting next_dagrun for example_task_group_decorator to 2024-12-16T23:52:59.379144+00:00, run_after=2024-12-17T23:52:59.379144+00:00
[2024-12-17T23:52:59.410+0000] {processor.py:179} INFO - Processing /home/airflow/.local/lib/python3.9/site-packages/airflow/example_dags/example_task_group_decorator.py took 0.343 seconds
[2024-12-17T23:53:29.949+0000] {processor.py:157} INFO - Started process (PID=130) to work on /home/airflow/.local/lib/python3.9/site-packages/airflow/example_dags/example_task_group_decorator.py
[2024-12-17T23:53:29.954+0000] {processor.py:829} INFO - Processing file /home/airflow/.local/lib/python3.9/site-packages/airflow/example_dags/example_task_group_decorator.py for tasks to queue
[2024-12-17T23:53:29.956+0000] {logging_mixin.py:151} INFO - [2024-12-17T23:53:29.956+0000] {dagbag.py:539} INFO - Filling up the DagBag from /home/airflow/.local/lib/python3.9/site-packages/airflow/example_dags/example_task_group_decorator.py
[2024-12-17T23:53:29.982+0000] {processor.py:839} INFO - DAG(s) dict_keys(['example_task_group_decorator']) retrieved from /home/airflow/.local/lib/python3.9/site-packages/airflow/example_dags/example_task_group_decorator.py
[2024-12-17T23:53:30.023+0000] {logging_mixin.py:151} INFO - [2024-12-17T23:53:30.023+0000] {dag.py:2907} INFO - Sync 1 DAGs
[2024-12-17T23:53:30.054+0000] {logging_mixin.py:151} INFO - [2024-12-17T23:53:30.053+0000] {dag.py:3677} INFO - Setting next_dagrun for example_task_group_decorator to 2024-12-16T23:53:30.053621+00:00, run_after=2024-12-17T23:53:30.053621+00:00
[2024-12-17T23:53:30.079+0000] {processor.py:179} INFO - Processing /home/airflow/.local/lib/python3.9/site-packages/airflow/example_dags/example_task_group_decorator.py took 0.135 seconds
[2024-12-17T23:54:00.642+0000] {processor.py:157} INFO - Started process (PID=192) to work on /home/airflow/.local/lib/python3.9/site-packages/airflow/example_dags/example_task_group_decorator.py
[2024-12-17T23:54:00.644+0000] {processor.py:829} INFO - Processing file /home/airflow/.local/lib/python3.9/site-packages/airflow/example_dags/example_task_group_decorator.py for tasks to queue
[2024-12-17T23:54:00.647+0000] {logging_mixin.py:151} INFO - [2024-12-17T23:54:00.646+0000] {dagbag.py:539} INFO - Filling up the DagBag from /home/airflow/.local/lib/python3.9/site-packages/airflow/example_dags/example_task_group_decorator.py
[2024-12-17T23:54:00.675+0000] {processor.py:839} INFO - DAG(s) dict_keys(['example_task_group_decorator']) retrieved from /home/airflow/.local/lib/python3.9/site-packages/airflow/example_dags/example_task_group_decorator.py
[2024-12-17T23:54:00.710+0000] {logging_mixin.py:151} INFO - [2024-12-17T23:54:00.710+0000] {dag.py:2907} INFO - Sync 1 DAGs
[2024-12-17T23:54:00.738+0000] {logging_mixin.py:151} INFO - [2024-12-17T23:54:00.737+0000] {dag.py:3677} INFO - Setting next_dagrun for example_task_group_decorator to 2024-12-16T23:54:00.737643+00:00, run_after=2024-12-17T23:54:00.737643+00:00
[2024-12-17T23:54:00.760+0000] {processor.py:179} INFO - Processing /home/airflow/.local/lib/python3.9/site-packages/airflow/example_dags/example_task_group_decorator.py took 0.123 seconds
[2024-12-17T23:54:30.923+0000] {processor.py:157} INFO - Started process (PID=254) to work on /home/airflow/.local/lib/python3.9/site-packages/airflow/example_dags/example_task_group_decorator.py
[2024-12-17T23:54:30.924+0000] {processor.py:829} INFO - Processing file /home/airflow/.local/lib/python3.9/site-packages/airflow/example_dags/example_task_group_decorator.py for tasks to queue
[2024-12-17T23:54:30.927+0000] {logging_mixin.py:151} INFO - [2024-12-17T23:54:30.927+0000] {dagbag.py:539} INFO - Filling up the DagBag from /home/airflow/.local/lib/python3.9/site-packages/airflow/example_dags/example_task_group_decorator.py
[2024-12-17T23:54:30.946+0000] {processor.py:839} INFO - DAG(s) dict_keys(['example_task_group_decorator']) retrieved from /home/airflow/.local/lib/python3.9/site-packages/airflow/example_dags/example_task_group_decorator.py
[2024-12-17T23:54:30.978+0000] {logging_mixin.py:151} INFO - [2024-12-17T23:54:30.978+0000] {dag.py:2907} INFO - Sync 1 DAGs
[2024-12-17T23:54:31.002+0000] {logging_mixin.py:151} INFO - [2024-12-17T23:54:31.002+0000] {dag.py:3677} INFO - Setting next_dagrun for example_task_group_decorator to 2024-12-16T23:54:31.002190+00:00, run_after=2024-12-17T23:54:31.002190+00:00
[2024-12-17T23:54:31.028+0000] {processor.py:179} INFO - Processing /home/airflow/.local/lib/python3.9/site-packages/airflow/example_dags/example_task_group_decorator.py took 0.110 seconds
[2024-12-17T23:55:01.355+0000] {processor.py:157} INFO - Started process (PID=316) to work on /home/airflow/.local/lib/python3.9/site-packages/airflow/example_dags/example_task_group_decorator.py
[2024-12-17T23:55:01.356+0000] {processor.py:829} INFO - Processing file /home/airflow/.local/lib/python3.9/site-packages/airflow/example_dags/example_task_group_decorator.py for tasks to queue
[2024-12-17T23:55:01.359+0000] {logging_mixin.py:151} INFO - [2024-12-17T23:55:01.359+0000] {dagbag.py:539} INFO - Filling up the DagBag from /home/airflow/.local/lib/python3.9/site-packages/airflow/example_dags/example_task_group_decorator.py
[2024-12-17T23:55:01.375+0000] {processor.py:839} INFO - DAG(s) dict_keys(['example_task_group_decorator']) retrieved from /home/airflow/.local/lib/python3.9/site-packages/airflow/example_dags/example_task_group_decorator.py
[2024-12-17T23:55:01.401+0000] {logging_mixin.py:151} INFO - [2024-12-17T23:55:01.401+0000] {dag.py:2907} INFO - Sync 1 DAGs
[2024-12-17T23:55:01.425+0000] {logging_mixin.py:151} INFO - [2024-12-17T23:55:01.425+0000] {dag.py:3677} INFO - Setting next_dagrun for example_task_group_decorator to 2024-12-16T23:55:01.425211+00:00, run_after=2024-12-17T23:55:01.425211+00:00
[2024-12-17T23:55:01.446+0000] {processor.py:179} INFO - Processing /home/airflow/.local/lib/python3.9/site-packages/airflow/example_dags/example_task_group_decorator.py took 0.095 seconds
[2024-12-17T23:55:31.712+0000] {processor.py:157} INFO - Started process (PID=376) to work on /home/airflow/.local/lib/python3.9/site-packages/airflow/example_dags/example_task_group_decorator.py
[2024-12-17T23:55:31.714+0000] {processor.py:829} INFO - Processing file /home/airflow/.local/lib/python3.9/site-packages/airflow/example_dags/example_task_group_decorator.py for tasks to queue
[2024-12-17T23:55:31.718+0000] {logging_mixin.py:151} INFO - [2024-12-17T23:55:31.717+0000] {dagbag.py:539} INFO - Filling up the DagBag from /home/airflow/.local/lib/python3.9/site-packages/airflow/example_dags/example_task_group_decorator.py
[2024-12-17T23:55:31.745+0000] {processor.py:839} INFO - DAG(s) dict_keys(['example_task_group_decorator']) retrieved from /home/airflow/.local/lib/python3.9/site-packages/airflow/example_dags/example_task_group_decorator.py
[2024-12-17T23:55:31.786+0000] {logging_mixin.py:151} INFO - [2024-12-17T23:55:31.785+0000] {dag.py:2907} INFO - Sync 1 DAGs
[2024-12-17T23:55:31.824+0000] {logging_mixin.py:151} INFO - [2024-12-17T23:55:31.824+0000] {dag.py:3677} INFO - Setting next_dagrun for example_task_group_decorator to 2024-12-16T23:55:31.823997+00:00, run_after=2024-12-17T23:55:31.823997+00:00
[2024-12-17T23:55:31.862+0000] {processor.py:179} INFO - Processing /home/airflow/.local/lib/python3.9/site-packages/airflow/example_dags/example_task_group_decorator.py took 0.154 seconds
[2024-12-17T23:56:02.206+0000] {processor.py:157} INFO - Started process (PID=437) to work on /home/airflow/.local/lib/python3.9/site-packages/airflow/example_dags/example_task_group_decorator.py
[2024-12-17T23:56:02.207+0000] {processor.py:829} INFO - Processing file /home/airflow/.local/lib/python3.9/site-packages/airflow/example_dags/example_task_group_decorator.py for tasks to queue
[2024-12-17T23:56:02.211+0000] {logging_mixin.py:151} INFO - [2024-12-17T23:56:02.210+0000] {dagbag.py:539} INFO - Filling up the DagBag from /home/airflow/.local/lib/python3.9/site-packages/airflow/example_dags/example_task_group_decorator.py
[2024-12-17T23:56:02.235+0000] {processor.py:839} INFO - DAG(s) dict_keys(['example_task_group_decorator']) retrieved from /home/airflow/.local/lib/python3.9/site-packages/airflow/example_dags/example_task_group_decorator.py
[2024-12-17T23:56:02.263+0000] {logging_mixin.py:151} INFO - [2024-12-17T23:56:02.263+0000] {dag.py:2907} INFO - Sync 1 DAGs
[2024-12-17T23:56:02.292+0000] {logging_mixin.py:151} INFO - [2024-12-17T23:56:02.292+0000] {dag.py:3677} INFO - Setting next_dagrun for example_task_group_decorator to 2024-12-16T23:56:02.292012+00:00, run_after=2024-12-17T23:56:02.292012+00:00
[2024-12-17T23:56:02.318+0000] {processor.py:179} INFO - Processing /home/airflow/.local/lib/python3.9/site-packages/airflow/example_dags/example_task_group_decorator.py took 0.117 seconds
[2024-12-17T23:56:32.654+0000] {processor.py:157} INFO - Started process (PID=499) to work on /home/airflow/.local/lib/python3.9/site-packages/airflow/example_dags/example_task_group_decorator.py
[2024-12-17T23:56:32.655+0000] {processor.py:829} INFO - Processing file /home/airflow/.local/lib/python3.9/site-packages/airflow/example_dags/example_task_group_decorator.py for tasks to queue
[2024-12-17T23:56:32.658+0000] {logging_mixin.py:151} INFO - [2024-12-17T23:56:32.658+0000] {dagbag.py:539} INFO - Filling up the DagBag from /home/airflow/.local/lib/python3.9/site-packages/airflow/example_dags/example_task_group_decorator.py
[2024-12-17T23:56:32.674+0000] {processor.py:839} INFO - DAG(s) dict_keys(['example_task_group_decorator']) retrieved from /home/airflow/.local/lib/python3.9/site-packages/airflow/example_dags/example_task_group_decorator.py
[2024-12-17T23:56:32.700+0000] {logging_mixin.py:151} INFO - [2024-12-17T23:56:32.700+0000] {dag.py:2907} INFO - Sync 1 DAGs
[2024-12-17T23:56:32.724+0000] {logging_mixin.py:151} INFO - [2024-12-17T23:56:32.724+0000] {dag.py:3677} INFO - Setting next_dagrun for example_task_group_decorator to 2024-12-16T23:56:32.724308+00:00, run_after=2024-12-17T23:56:32.724308+00:00
[2024-12-17T23:56:32.746+0000] {processor.py:179} INFO - Processing /home/airflow/.local/lib/python3.9/site-packages/airflow/example_dags/example_task_group_decorator.py took 0.095 seconds
[2024-12-17T23:57:02.909+0000] {processor.py:157} INFO - Started process (PID=559) to work on /home/airflow/.local/lib/python3.9/site-packages/airflow/example_dags/example_task_group_decorator.py
[2024-12-17T23:57:02.910+0000] {processor.py:829} INFO - Processing file /home/airflow/.local/lib/python3.9/site-packages/airflow/example_dags/example_task_group_decorator.py for tasks to queue
[2024-12-17T23:57:02.913+0000] {logging_mixin.py:151} INFO - [2024-12-17T23:57:02.913+0000] {dagbag.py:539} INFO - Filling up the DagBag from /home/airflow/.local/lib/python3.9/site-packages/airflow/example_dags/example_task_group_decorator.py
[2024-12-17T23:57:02.929+0000] {processor.py:839} INFO - DAG(s) dict_keys(['example_task_group_decorator']) retrieved from /home/airflow/.local/lib/python3.9/site-packages/airflow/example_dags/example_task_group_decorator.py
[2024-12-17T23:57:02.954+0000] {logging_mixin.py:151} INFO - [2024-12-17T23:57:02.954+0000] {dag.py:2907} INFO - Sync 1 DAGs
[2024-12-17T23:57:02.977+0000] {logging_mixin.py:151} INFO - [2024-12-17T23:57:02.976+0000] {dag.py:3677} INFO - Setting next_dagrun for example_task_group_decorator to 2024-12-16T23:57:02.976698+00:00, run_after=2024-12-17T23:57:02.976698+00:00
[2024-12-17T23:57:02.995+0000] {processor.py:179} INFO - Processing /home/airflow/.local/lib/python3.9/site-packages/airflow/example_dags/example_task_group_decorator.py took 0.090 seconds
[2024-12-17T23:57:33.100+0000] {processor.py:157} INFO - Started process (PID=621) to work on /home/airflow/.local/lib/python3.9/site-packages/airflow/example_dags/example_task_group_decorator.py
[2024-12-17T23:57:33.101+0000] {processor.py:829} INFO - Processing file /home/airflow/.local/lib/python3.9/site-packages/airflow/example_dags/example_task_group_decorator.py for tasks to queue
[2024-12-17T23:57:33.104+0000] {logging_mixin.py:151} INFO - [2024-12-17T23:57:33.104+0000] {dagbag.py:539} INFO - Filling up the DagBag from /home/airflow/.local/lib/python3.9/site-packages/airflow/example_dags/example_task_group_decorator.py
[2024-12-17T23:57:33.122+0000] {processor.py:839} INFO - DAG(s) dict_keys(['example_task_group_decorator']) retrieved from /home/airflow/.local/lib/python3.9/site-packages/airflow/example_dags/example_task_group_decorator.py
[2024-12-17T23:57:33.149+0000] {logging_mixin.py:151} INFO - [2024-12-17T23:57:33.149+0000] {dag.py:2907} INFO - Sync 1 DAGs
[2024-12-17T23:57:33.177+0000] {logging_mixin.py:151} INFO - [2024-12-17T23:57:33.177+0000] {dag.py:3677} INFO - Setting next_dagrun for example_task_group_decorator to 2024-12-16T23:57:33.177096+00:00, run_after=2024-12-17T23:57:33.177096+00:00
[2024-12-17T23:57:33.204+0000] {processor.py:179} INFO - Processing /home/airflow/.local/lib/python3.9/site-packages/airflow/example_dags/example_task_group_decorator.py took 0.107 seconds
[2024-12-17T23:58:03.594+0000] {processor.py:157} INFO - Started process (PID=683) to work on /home/airflow/.local/lib/python3.9/site-packages/airflow/example_dags/example_task_group_decorator.py
[2024-12-17T23:58:03.595+0000] {processor.py:829} INFO - Processing file /home/airflow/.local/lib/python3.9/site-packages/airflow/example_dags/example_task_group_decorator.py for tasks to queue
[2024-12-17T23:58:03.598+0000] {logging_mixin.py:151} INFO - [2024-12-17T23:58:03.597+0000] {dagbag.py:539} INFO - Filling up the DagBag from /home/airflow/.local/lib/python3.9/site-packages/airflow/example_dags/example_task_group_decorator.py
[2024-12-17T23:58:03.614+0000] {processor.py:839} INFO - DAG(s) dict_keys(['example_task_group_decorator']) retrieved from /home/airflow/.local/lib/python3.9/site-packages/airflow/example_dags/example_task_group_decorator.py
[2024-12-17T23:58:03.641+0000] {logging_mixin.py:151} INFO - [2024-12-17T23:58:03.640+0000] {dag.py:2907} INFO - Sync 1 DAGs
[2024-12-17T23:58:03.664+0000] {logging_mixin.py:151} INFO - [2024-12-17T23:58:03.663+0000] {dag.py:3677} INFO - Setting next_dagrun for example_task_group_decorator to 2024-12-16T23:58:03.663510+00:00, run_after=2024-12-17T23:58:03.663510+00:00
[2024-12-17T23:58:03.683+0000] {processor.py:179} INFO - Processing /home/airflow/.local/lib/python3.9/site-packages/airflow/example_dags/example_task_group_decorator.py took 0.093 seconds
[2024-12-17T23:58:33.974+0000] {processor.py:157} INFO - Started process (PID=745) to work on /home/airflow/.local/lib/python3.9/site-packages/airflow/example_dags/example_task_group_decorator.py
[2024-12-17T23:58:33.975+0000] {processor.py:829} INFO - Processing file /home/airflow/.local/lib/python3.9/site-packages/airflow/example_dags/example_task_group_decorator.py for tasks to queue
[2024-12-17T23:58:33.979+0000] {logging_mixin.py:151} INFO - [2024-12-17T23:58:33.979+0000] {dagbag.py:539} INFO - Filling up the DagBag from /home/airflow/.local/lib/python3.9/site-packages/airflow/example_dags/example_task_group_decorator.py
[2024-12-17T23:58:33.995+0000] {processor.py:839} INFO - DAG(s) dict_keys(['example_task_group_decorator']) retrieved from /home/airflow/.local/lib/python3.9/site-packages/airflow/example_dags/example_task_group_decorator.py
[2024-12-17T23:58:34.021+0000] {logging_mixin.py:151} INFO - [2024-12-17T23:58:34.020+0000] {dag.py:2907} INFO - Sync 1 DAGs
[2024-12-17T23:58:34.044+0000] {logging_mixin.py:151} INFO - [2024-12-17T23:58:34.044+0000] {dag.py:3677} INFO - Setting next_dagrun for example_task_group_decorator to 2024-12-16T23:58:34.043948+00:00, run_after=2024-12-17T23:58:34.043948+00:00
[2024-12-17T23:58:34.065+0000] {processor.py:179} INFO - Processing /home/airflow/.local/lib/python3.9/site-packages/airflow/example_dags/example_task_group_decorator.py took 0.096 seconds
[2024-12-17T23:59:04.187+0000] {processor.py:157} INFO - Started process (PID=805) to work on /home/airflow/.local/lib/python3.9/site-packages/airflow/example_dags/example_task_group_decorator.py
[2024-12-17T23:59:04.188+0000] {processor.py:829} INFO - Processing file /home/airflow/.local/lib/python3.9/site-packages/airflow/example_dags/example_task_group_decorator.py for tasks to queue
[2024-12-17T23:59:04.191+0000] {logging_mixin.py:151} INFO - [2024-12-17T23:59:04.191+0000] {dagbag.py:539} INFO - Filling up the DagBag from /home/airflow/.local/lib/python3.9/site-packages/airflow/example_dags/example_task_group_decorator.py
[2024-12-17T23:59:04.207+0000] {processor.py:839} INFO - DAG(s) dict_keys(['example_task_group_decorator']) retrieved from /home/airflow/.local/lib/python3.9/site-packages/airflow/example_dags/example_task_group_decorator.py
[2024-12-17T23:59:04.233+0000] {logging_mixin.py:151} INFO - [2024-12-17T23:59:04.232+0000] {dag.py:2907} INFO - Sync 1 DAGs
[2024-12-17T23:59:04.256+0000] {logging_mixin.py:151} INFO - [2024-12-17T23:59:04.255+0000] {dag.py:3677} INFO - Setting next_dagrun for example_task_group_decorator to 2024-12-16T23:59:04.255588+00:00, run_after=2024-12-17T23:59:04.255588+00:00
[2024-12-17T23:59:04.281+0000] {processor.py:179} INFO - Processing /home/airflow/.local/lib/python3.9/site-packages/airflow/example_dags/example_task_group_decorator.py took 0.098 seconds
[2024-12-17T23:59:34.329+0000] {processor.py:157} INFO - Started process (PID=867) to work on /home/airflow/.local/lib/python3.9/site-packages/airflow/example_dags/example_task_group_decorator.py
[2024-12-17T23:59:34.329+0000] {processor.py:829} INFO - Processing file /home/airflow/.local/lib/python3.9/site-packages/airflow/example_dags/example_task_group_decorator.py for tasks to queue
[2024-12-17T23:59:34.333+0000] {logging_mixin.py:151} INFO - [2024-12-17T23:59:34.332+0000] {dagbag.py:539} INFO - Filling up the DagBag from /home/airflow/.local/lib/python3.9/site-packages/airflow/example_dags/example_task_group_decorator.py
[2024-12-17T23:59:34.348+0000] {processor.py:839} INFO - DAG(s) dict_keys(['example_task_group_decorator']) retrieved from /home/airflow/.local/lib/python3.9/site-packages/airflow/example_dags/example_task_group_decorator.py
[2024-12-17T23:59:34.374+0000] {logging_mixin.py:151} INFO - [2024-12-17T23:59:34.373+0000] {dag.py:2907} INFO - Sync 1 DAGs
[2024-12-17T23:59:34.397+0000] {logging_mixin.py:151} INFO - [2024-12-17T23:59:34.396+0000] {dag.py:3677} INFO - Setting next_dagrun for example_task_group_decorator to 2024-12-16T23:59:34.396682+00:00, run_after=2024-12-17T23:59:34.396682+00:00
[2024-12-17T23:59:34.421+0000] {processor.py:179} INFO - Processing /home/airflow/.local/lib/python3.9/site-packages/airflow/example_dags/example_task_group_decorator.py took 0.096 seconds
