[2024-12-17T23:53:00.703+0000] {processor.py:157} INFO - Started process (PID=76) to work on /home/airflow/.local/lib/python3.9/site-packages/airflow/example_dags/example_dynamic_task_mapping.py
[2024-12-17T23:53:00.705+0000] {processor.py:829} INFO - Processing file /home/airflow/.local/lib/python3.9/site-packages/airflow/example_dags/example_dynamic_task_mapping.py for tasks to queue
[2024-12-17T23:53:00.708+0000] {logging_mixin.py:151} INFO - [2024-12-17T23:53:00.708+0000] {dagbag.py:539} INFO - Filling up the DagBag from /home/airflow/.local/lib/python3.9/site-packages/airflow/example_dags/example_dynamic_task_mapping.py
[2024-12-17T23:53:00.724+0000] {processor.py:839} INFO - DAG(s) dict_keys(['example_dynamic_task_mapping']) retrieved from /home/airflow/.local/lib/python3.9/site-packages/airflow/example_dags/example_dynamic_task_mapping.py
[2024-12-17T23:53:00.856+0000] {logging_mixin.py:151} INFO - [2024-12-17T23:53:00.855+0000] {manager.py:501} INFO - Created Permission View: can read on DAG:example_dynamic_task_mapping
[2024-12-17T23:53:00.874+0000] {logging_mixin.py:151} INFO - [2024-12-17T23:53:00.874+0000] {manager.py:501} INFO - Created Permission View: can edit on DAG:example_dynamic_task_mapping
[2024-12-17T23:53:00.888+0000] {logging_mixin.py:151} INFO - [2024-12-17T23:53:00.887+0000] {manager.py:501} INFO - Created Permission View: can delete on DAG:example_dynamic_task_mapping
[2024-12-17T23:53:00.909+0000] {logging_mixin.py:151} INFO - [2024-12-17T23:53:00.909+0000] {dag.py:2907} INFO - Sync 1 DAGs
[2024-12-17T23:53:00.926+0000] {logging_mixin.py:151} INFO - [2024-12-17T23:53:00.925+0000] {dag.py:2929} INFO - Creating ORM DAG for example_dynamic_task_mapping
[2024-12-17T23:53:00.938+0000] {logging_mixin.py:151} INFO - [2024-12-17T23:53:00.938+0000] {dag.py:3677} INFO - Setting next_dagrun for example_dynamic_task_mapping to 2022-03-04T00:00:00+00:00, run_after=2022-03-05T00:00:00+00:00
[2024-12-17T23:53:00.966+0000] {processor.py:179} INFO - Processing /home/airflow/.local/lib/python3.9/site-packages/airflow/example_dags/example_dynamic_task_mapping.py took 0.267 seconds
[2024-12-17T23:53:31.754+0000] {processor.py:157} INFO - Started process (PID=137) to work on /home/airflow/.local/lib/python3.9/site-packages/airflow/example_dags/example_dynamic_task_mapping.py
[2024-12-17T23:53:31.756+0000] {processor.py:829} INFO - Processing file /home/airflow/.local/lib/python3.9/site-packages/airflow/example_dags/example_dynamic_task_mapping.py for tasks to queue
[2024-12-17T23:53:31.759+0000] {logging_mixin.py:151} INFO - [2024-12-17T23:53:31.758+0000] {dagbag.py:539} INFO - Filling up the DagBag from /home/airflow/.local/lib/python3.9/site-packages/airflow/example_dags/example_dynamic_task_mapping.py
[2024-12-17T23:53:31.770+0000] {processor.py:839} INFO - DAG(s) dict_keys(['example_dynamic_task_mapping']) retrieved from /home/airflow/.local/lib/python3.9/site-packages/airflow/example_dags/example_dynamic_task_mapping.py
[2024-12-17T23:53:31.800+0000] {logging_mixin.py:151} INFO - [2024-12-17T23:53:31.800+0000] {dag.py:2907} INFO - Sync 1 DAGs
[2024-12-17T23:53:31.825+0000] {logging_mixin.py:151} INFO - [2024-12-17T23:53:31.825+0000] {dag.py:3677} INFO - Setting next_dagrun for example_dynamic_task_mapping to 2022-03-04T00:00:00+00:00, run_after=2022-03-05T00:00:00+00:00
[2024-12-17T23:53:31.849+0000] {processor.py:179} INFO - Processing /home/airflow/.local/lib/python3.9/site-packages/airflow/example_dags/example_dynamic_task_mapping.py took 0.098 seconds
[2024-12-17T23:54:02.033+0000] {processor.py:157} INFO - Started process (PID=198) to work on /home/airflow/.local/lib/python3.9/site-packages/airflow/example_dags/example_dynamic_task_mapping.py
[2024-12-17T23:54:02.035+0000] {processor.py:829} INFO - Processing file /home/airflow/.local/lib/python3.9/site-packages/airflow/example_dags/example_dynamic_task_mapping.py for tasks to queue
[2024-12-17T23:54:02.038+0000] {logging_mixin.py:151} INFO - [2024-12-17T23:54:02.038+0000] {dagbag.py:539} INFO - Filling up the DagBag from /home/airflow/.local/lib/python3.9/site-packages/airflow/example_dags/example_dynamic_task_mapping.py
[2024-12-17T23:54:02.048+0000] {processor.py:839} INFO - DAG(s) dict_keys(['example_dynamic_task_mapping']) retrieved from /home/airflow/.local/lib/python3.9/site-packages/airflow/example_dags/example_dynamic_task_mapping.py
[2024-12-17T23:54:02.074+0000] {logging_mixin.py:151} INFO - [2024-12-17T23:54:02.073+0000] {dag.py:2907} INFO - Sync 1 DAGs
[2024-12-17T23:54:02.103+0000] {logging_mixin.py:151} INFO - [2024-12-17T23:54:02.103+0000] {dag.py:3677} INFO - Setting next_dagrun for example_dynamic_task_mapping to 2022-03-04T00:00:00+00:00, run_after=2022-03-05T00:00:00+00:00
[2024-12-17T23:54:02.127+0000] {processor.py:179} INFO - Processing /home/airflow/.local/lib/python3.9/site-packages/airflow/example_dags/example_dynamic_task_mapping.py took 0.098 seconds
[2024-12-17T23:54:32.381+0000] {processor.py:157} INFO - Started process (PID=260) to work on /home/airflow/.local/lib/python3.9/site-packages/airflow/example_dags/example_dynamic_task_mapping.py
[2024-12-17T23:54:32.382+0000] {processor.py:829} INFO - Processing file /home/airflow/.local/lib/python3.9/site-packages/airflow/example_dags/example_dynamic_task_mapping.py for tasks to queue
[2024-12-17T23:54:32.385+0000] {logging_mixin.py:151} INFO - [2024-12-17T23:54:32.385+0000] {dagbag.py:539} INFO - Filling up the DagBag from /home/airflow/.local/lib/python3.9/site-packages/airflow/example_dags/example_dynamic_task_mapping.py
[2024-12-17T23:54:32.393+0000] {processor.py:839} INFO - DAG(s) dict_keys(['example_dynamic_task_mapping']) retrieved from /home/airflow/.local/lib/python3.9/site-packages/airflow/example_dags/example_dynamic_task_mapping.py
[2024-12-17T23:54:32.415+0000] {logging_mixin.py:151} INFO - [2024-12-17T23:54:32.415+0000] {dag.py:2907} INFO - Sync 1 DAGs
[2024-12-17T23:54:32.438+0000] {logging_mixin.py:151} INFO - [2024-12-17T23:54:32.438+0000] {dag.py:3677} INFO - Setting next_dagrun for example_dynamic_task_mapping to 2022-03-04T00:00:00+00:00, run_after=2022-03-05T00:00:00+00:00
[2024-12-17T23:54:32.458+0000] {processor.py:179} INFO - Processing /home/airflow/.local/lib/python3.9/site-packages/airflow/example_dags/example_dynamic_task_mapping.py took 0.081 seconds
[2024-12-17T23:55:02.902+0000] {processor.py:157} INFO - Started process (PID=322) to work on /home/airflow/.local/lib/python3.9/site-packages/airflow/example_dags/example_dynamic_task_mapping.py
[2024-12-17T23:55:02.903+0000] {processor.py:829} INFO - Processing file /home/airflow/.local/lib/python3.9/site-packages/airflow/example_dags/example_dynamic_task_mapping.py for tasks to queue
[2024-12-17T23:55:02.906+0000] {logging_mixin.py:151} INFO - [2024-12-17T23:55:02.905+0000] {dagbag.py:539} INFO - Filling up the DagBag from /home/airflow/.local/lib/python3.9/site-packages/airflow/example_dags/example_dynamic_task_mapping.py
[2024-12-17T23:55:02.914+0000] {processor.py:839} INFO - DAG(s) dict_keys(['example_dynamic_task_mapping']) retrieved from /home/airflow/.local/lib/python3.9/site-packages/airflow/example_dags/example_dynamic_task_mapping.py
[2024-12-17T23:55:02.937+0000] {logging_mixin.py:151} INFO - [2024-12-17T23:55:02.937+0000] {dag.py:2907} INFO - Sync 1 DAGs
[2024-12-17T23:55:02.967+0000] {logging_mixin.py:151} INFO - [2024-12-17T23:55:02.966+0000] {dag.py:3677} INFO - Setting next_dagrun for example_dynamic_task_mapping to 2022-03-04T00:00:00+00:00, run_after=2022-03-05T00:00:00+00:00
[2024-12-17T23:55:02.995+0000] {processor.py:179} INFO - Processing /home/airflow/.local/lib/python3.9/site-packages/airflow/example_dags/example_dynamic_task_mapping.py took 0.097 seconds
[2024-12-17T23:55:33.101+0000] {processor.py:157} INFO - Started process (PID=384) to work on /home/airflow/.local/lib/python3.9/site-packages/airflow/example_dags/example_dynamic_task_mapping.py
[2024-12-17T23:55:33.103+0000] {processor.py:829} INFO - Processing file /home/airflow/.local/lib/python3.9/site-packages/airflow/example_dags/example_dynamic_task_mapping.py for tasks to queue
[2024-12-17T23:55:33.106+0000] {logging_mixin.py:151} INFO - [2024-12-17T23:55:33.106+0000] {dagbag.py:539} INFO - Filling up the DagBag from /home/airflow/.local/lib/python3.9/site-packages/airflow/example_dags/example_dynamic_task_mapping.py
[2024-12-17T23:55:33.115+0000] {processor.py:839} INFO - DAG(s) dict_keys(['example_dynamic_task_mapping']) retrieved from /home/airflow/.local/lib/python3.9/site-packages/airflow/example_dags/example_dynamic_task_mapping.py
[2024-12-17T23:55:33.139+0000] {logging_mixin.py:151} INFO - [2024-12-17T23:55:33.139+0000] {dag.py:2907} INFO - Sync 1 DAGs
[2024-12-17T23:55:33.165+0000] {logging_mixin.py:151} INFO - [2024-12-17T23:55:33.164+0000] {dag.py:3677} INFO - Setting next_dagrun for example_dynamic_task_mapping to 2022-03-04T00:00:00+00:00, run_after=2022-03-05T00:00:00+00:00
[2024-12-17T23:55:33.196+0000] {processor.py:179} INFO - Processing /home/airflow/.local/lib/python3.9/site-packages/airflow/example_dags/example_dynamic_task_mapping.py took 0.099 seconds
[2024-12-17T23:56:03.696+0000] {processor.py:157} INFO - Started process (PID=445) to work on /home/airflow/.local/lib/python3.9/site-packages/airflow/example_dags/example_dynamic_task_mapping.py
[2024-12-17T23:56:03.697+0000] {processor.py:829} INFO - Processing file /home/airflow/.local/lib/python3.9/site-packages/airflow/example_dags/example_dynamic_task_mapping.py for tasks to queue
[2024-12-17T23:56:03.700+0000] {logging_mixin.py:151} INFO - [2024-12-17T23:56:03.700+0000] {dagbag.py:539} INFO - Filling up the DagBag from /home/airflow/.local/lib/python3.9/site-packages/airflow/example_dags/example_dynamic_task_mapping.py
[2024-12-17T23:56:03.709+0000] {processor.py:839} INFO - DAG(s) dict_keys(['example_dynamic_task_mapping']) retrieved from /home/airflow/.local/lib/python3.9/site-packages/airflow/example_dags/example_dynamic_task_mapping.py
[2024-12-17T23:56:03.733+0000] {logging_mixin.py:151} INFO - [2024-12-17T23:56:03.733+0000] {dag.py:2907} INFO - Sync 1 DAGs
[2024-12-17T23:56:03.764+0000] {logging_mixin.py:151} INFO - [2024-12-17T23:56:03.764+0000] {dag.py:3677} INFO - Setting next_dagrun for example_dynamic_task_mapping to 2022-03-04T00:00:00+00:00, run_after=2022-03-05T00:00:00+00:00
[2024-12-17T23:56:03.795+0000] {processor.py:179} INFO - Processing /home/airflow/.local/lib/python3.9/site-packages/airflow/example_dags/example_dynamic_task_mapping.py took 0.103 seconds
[2024-12-17T23:56:34.098+0000] {processor.py:157} INFO - Started process (PID=505) to work on /home/airflow/.local/lib/python3.9/site-packages/airflow/example_dags/example_dynamic_task_mapping.py
[2024-12-17T23:56:34.099+0000] {processor.py:829} INFO - Processing file /home/airflow/.local/lib/python3.9/site-packages/airflow/example_dags/example_dynamic_task_mapping.py for tasks to queue
[2024-12-17T23:56:34.103+0000] {logging_mixin.py:151} INFO - [2024-12-17T23:56:34.102+0000] {dagbag.py:539} INFO - Filling up the DagBag from /home/airflow/.local/lib/python3.9/site-packages/airflow/example_dags/example_dynamic_task_mapping.py
[2024-12-17T23:56:34.114+0000] {processor.py:839} INFO - DAG(s) dict_keys(['example_dynamic_task_mapping']) retrieved from /home/airflow/.local/lib/python3.9/site-packages/airflow/example_dags/example_dynamic_task_mapping.py
[2024-12-17T23:56:34.142+0000] {logging_mixin.py:151} INFO - [2024-12-17T23:56:34.141+0000] {dag.py:2907} INFO - Sync 1 DAGs
[2024-12-17T23:56:34.172+0000] {logging_mixin.py:151} INFO - [2024-12-17T23:56:34.171+0000] {dag.py:3677} INFO - Setting next_dagrun for example_dynamic_task_mapping to 2022-03-04T00:00:00+00:00, run_after=2022-03-05T00:00:00+00:00
[2024-12-17T23:56:34.195+0000] {processor.py:179} INFO - Processing /home/airflow/.local/lib/python3.9/site-packages/airflow/example_dags/example_dynamic_task_mapping.py took 0.102 seconds
[2024-12-17T23:57:04.400+0000] {processor.py:157} INFO - Started process (PID=567) to work on /home/airflow/.local/lib/python3.9/site-packages/airflow/example_dags/example_dynamic_task_mapping.py
[2024-12-17T23:57:04.401+0000] {processor.py:829} INFO - Processing file /home/airflow/.local/lib/python3.9/site-packages/airflow/example_dags/example_dynamic_task_mapping.py for tasks to queue
[2024-12-17T23:57:04.404+0000] {logging_mixin.py:151} INFO - [2024-12-17T23:57:04.404+0000] {dagbag.py:539} INFO - Filling up the DagBag from /home/airflow/.local/lib/python3.9/site-packages/airflow/example_dags/example_dynamic_task_mapping.py
[2024-12-17T23:57:04.414+0000] {processor.py:839} INFO - DAG(s) dict_keys(['example_dynamic_task_mapping']) retrieved from /home/airflow/.local/lib/python3.9/site-packages/airflow/example_dags/example_dynamic_task_mapping.py
[2024-12-17T23:57:04.448+0000] {logging_mixin.py:151} INFO - [2024-12-17T23:57:04.448+0000] {dag.py:2907} INFO - Sync 1 DAGs
[2024-12-17T23:57:04.482+0000] {logging_mixin.py:151} INFO - [2024-12-17T23:57:04.481+0000] {dag.py:3677} INFO - Setting next_dagrun for example_dynamic_task_mapping to 2022-03-04T00:00:00+00:00, run_after=2022-03-05T00:00:00+00:00
[2024-12-17T23:57:04.510+0000] {processor.py:179} INFO - Processing /home/airflow/.local/lib/python3.9/site-packages/airflow/example_dags/example_dynamic_task_mapping.py took 0.115 seconds
[2024-12-17T23:57:34.925+0000] {processor.py:157} INFO - Started process (PID=629) to work on /home/airflow/.local/lib/python3.9/site-packages/airflow/example_dags/example_dynamic_task_mapping.py
[2024-12-17T23:57:34.926+0000] {processor.py:829} INFO - Processing file /home/airflow/.local/lib/python3.9/site-packages/airflow/example_dags/example_dynamic_task_mapping.py for tasks to queue
[2024-12-17T23:57:34.929+0000] {logging_mixin.py:151} INFO - [2024-12-17T23:57:34.929+0000] {dagbag.py:539} INFO - Filling up the DagBag from /home/airflow/.local/lib/python3.9/site-packages/airflow/example_dags/example_dynamic_task_mapping.py
[2024-12-17T23:57:34.937+0000] {processor.py:839} INFO - DAG(s) dict_keys(['example_dynamic_task_mapping']) retrieved from /home/airflow/.local/lib/python3.9/site-packages/airflow/example_dags/example_dynamic_task_mapping.py
[2024-12-17T23:57:34.960+0000] {logging_mixin.py:151} INFO - [2024-12-17T23:57:34.960+0000] {dag.py:2907} INFO - Sync 1 DAGs
[2024-12-17T23:57:34.986+0000] {logging_mixin.py:151} INFO - [2024-12-17T23:57:34.985+0000] {dag.py:3677} INFO - Setting next_dagrun for example_dynamic_task_mapping to 2022-03-04T00:00:00+00:00, run_after=2022-03-05T00:00:00+00:00
[2024-12-17T23:57:35.007+0000] {processor.py:179} INFO - Processing /home/airflow/.local/lib/python3.9/site-packages/airflow/example_dags/example_dynamic_task_mapping.py took 0.086 seconds
[2024-12-17T23:58:05.479+0000] {processor.py:157} INFO - Started process (PID=691) to work on /home/airflow/.local/lib/python3.9/site-packages/airflow/example_dags/example_dynamic_task_mapping.py
[2024-12-17T23:58:05.480+0000] {processor.py:829} INFO - Processing file /home/airflow/.local/lib/python3.9/site-packages/airflow/example_dags/example_dynamic_task_mapping.py for tasks to queue
[2024-12-17T23:58:05.484+0000] {logging_mixin.py:151} INFO - [2024-12-17T23:58:05.484+0000] {dagbag.py:539} INFO - Filling up the DagBag from /home/airflow/.local/lib/python3.9/site-packages/airflow/example_dags/example_dynamic_task_mapping.py
[2024-12-17T23:58:05.494+0000] {processor.py:839} INFO - DAG(s) dict_keys(['example_dynamic_task_mapping']) retrieved from /home/airflow/.local/lib/python3.9/site-packages/airflow/example_dags/example_dynamic_task_mapping.py
[2024-12-17T23:58:05.518+0000] {logging_mixin.py:151} INFO - [2024-12-17T23:58:05.518+0000] {dag.py:2907} INFO - Sync 1 DAGs
[2024-12-17T23:58:05.543+0000] {logging_mixin.py:151} INFO - [2024-12-17T23:58:05.543+0000] {dag.py:3677} INFO - Setting next_dagrun for example_dynamic_task_mapping to 2022-03-04T00:00:00+00:00, run_after=2022-03-05T00:00:00+00:00
[2024-12-17T23:58:05.567+0000] {processor.py:179} INFO - Processing /home/airflow/.local/lib/python3.9/site-packages/airflow/example_dags/example_dynamic_task_mapping.py took 0.092 seconds
[2024-12-17T23:58:35.855+0000] {processor.py:157} INFO - Started process (PID=753) to work on /home/airflow/.local/lib/python3.9/site-packages/airflow/example_dags/example_dynamic_task_mapping.py
[2024-12-17T23:58:35.856+0000] {processor.py:829} INFO - Processing file /home/airflow/.local/lib/python3.9/site-packages/airflow/example_dags/example_dynamic_task_mapping.py for tasks to queue
[2024-12-17T23:58:35.860+0000] {logging_mixin.py:151} INFO - [2024-12-17T23:58:35.859+0000] {dagbag.py:539} INFO - Filling up the DagBag from /home/airflow/.local/lib/python3.9/site-packages/airflow/example_dags/example_dynamic_task_mapping.py
[2024-12-17T23:58:35.868+0000] {processor.py:839} INFO - DAG(s) dict_keys(['example_dynamic_task_mapping']) retrieved from /home/airflow/.local/lib/python3.9/site-packages/airflow/example_dags/example_dynamic_task_mapping.py
[2024-12-17T23:58:35.892+0000] {logging_mixin.py:151} INFO - [2024-12-17T23:58:35.891+0000] {dag.py:2907} INFO - Sync 1 DAGs
[2024-12-17T23:58:35.917+0000] {logging_mixin.py:151} INFO - [2024-12-17T23:58:35.917+0000] {dag.py:3677} INFO - Setting next_dagrun for example_dynamic_task_mapping to 2022-03-04T00:00:00+00:00, run_after=2022-03-05T00:00:00+00:00
[2024-12-17T23:58:35.940+0000] {processor.py:179} INFO - Processing /home/airflow/.local/lib/python3.9/site-packages/airflow/example_dags/example_dynamic_task_mapping.py took 0.089 seconds
[2024-12-17T23:59:06.789+0000] {processor.py:157} INFO - Started process (PID=815) to work on /home/airflow/.local/lib/python3.9/site-packages/airflow/example_dags/example_dynamic_task_mapping.py
[2024-12-17T23:59:06.790+0000] {processor.py:829} INFO - Processing file /home/airflow/.local/lib/python3.9/site-packages/airflow/example_dags/example_dynamic_task_mapping.py for tasks to queue
[2024-12-17T23:59:06.794+0000] {logging_mixin.py:151} INFO - [2024-12-17T23:59:06.793+0000] {dagbag.py:539} INFO - Filling up the DagBag from /home/airflow/.local/lib/python3.9/site-packages/airflow/example_dags/example_dynamic_task_mapping.py
[2024-12-17T23:59:06.801+0000] {processor.py:839} INFO - DAG(s) dict_keys(['example_dynamic_task_mapping']) retrieved from /home/airflow/.local/lib/python3.9/site-packages/airflow/example_dags/example_dynamic_task_mapping.py
[2024-12-17T23:59:06.825+0000] {logging_mixin.py:151} INFO - [2024-12-17T23:59:06.825+0000] {dag.py:2907} INFO - Sync 1 DAGs
[2024-12-17T23:59:06.850+0000] {logging_mixin.py:151} INFO - [2024-12-17T23:59:06.849+0000] {dag.py:3677} INFO - Setting next_dagrun for example_dynamic_task_mapping to 2022-03-04T00:00:00+00:00, run_after=2022-03-05T00:00:00+00:00
[2024-12-17T23:59:06.871+0000] {processor.py:179} INFO - Processing /home/airflow/.local/lib/python3.9/site-packages/airflow/example_dags/example_dynamic_task_mapping.py took 0.086 seconds
[2024-12-17T23:59:36.935+0000] {processor.py:157} INFO - Started process (PID=875) to work on /home/airflow/.local/lib/python3.9/site-packages/airflow/example_dags/example_dynamic_task_mapping.py
[2024-12-17T23:59:36.937+0000] {processor.py:829} INFO - Processing file /home/airflow/.local/lib/python3.9/site-packages/airflow/example_dags/example_dynamic_task_mapping.py for tasks to queue
[2024-12-17T23:59:36.941+0000] {logging_mixin.py:151} INFO - [2024-12-17T23:59:36.941+0000] {dagbag.py:539} INFO - Filling up the DagBag from /home/airflow/.local/lib/python3.9/site-packages/airflow/example_dags/example_dynamic_task_mapping.py
[2024-12-17T23:59:36.951+0000] {processor.py:839} INFO - DAG(s) dict_keys(['example_dynamic_task_mapping']) retrieved from /home/airflow/.local/lib/python3.9/site-packages/airflow/example_dags/example_dynamic_task_mapping.py
[2024-12-17T23:59:36.975+0000] {logging_mixin.py:151} INFO - [2024-12-17T23:59:36.975+0000] {dag.py:2907} INFO - Sync 1 DAGs
[2024-12-17T23:59:37.008+0000] {logging_mixin.py:151} INFO - [2024-12-17T23:59:37.008+0000] {dag.py:3677} INFO - Setting next_dagrun for example_dynamic_task_mapping to 2022-03-04T00:00:00+00:00, run_after=2022-03-05T00:00:00+00:00
[2024-12-17T23:59:37.035+0000] {processor.py:179} INFO - Processing /home/airflow/.local/lib/python3.9/site-packages/airflow/example_dags/example_dynamic_task_mapping.py took 0.105 seconds
