[2024-12-17T23:53:01.642+0000] {processor.py:157} INFO - Started process (PID=81) to work on /home/airflow/.local/lib/python3.9/site-packages/airflow/example_dags/example_xcomargs.py
[2024-12-17T23:53:01.643+0000] {processor.py:829} INFO - Processing file /home/airflow/.local/lib/python3.9/site-packages/airflow/example_dags/example_xcomargs.py for tasks to queue
[2024-12-17T23:53:01.647+0000] {logging_mixin.py:151} INFO - [2024-12-17T23:53:01.647+0000] {dagbag.py:539} INFO - Filling up the DagBag from /home/airflow/.local/lib/python3.9/site-packages/airflow/example_dags/example_xcomargs.py
[2024-12-17T23:53:01.661+0000] {processor.py:839} INFO - DAG(s) dict_keys(['example_xcom_args', 'example_xcom_args_with_operators']) retrieved from /home/airflow/.local/lib/python3.9/site-packages/airflow/example_dags/example_xcomargs.py
[2024-12-17T23:53:01.798+0000] {logging_mixin.py:151} INFO - [2024-12-17T23:53:01.798+0000] {manager.py:501} INFO - Created Permission View: can read on DAG:example_xcom_args
[2024-12-17T23:53:01.815+0000] {logging_mixin.py:151} INFO - [2024-12-17T23:53:01.813+0000] {manager.py:501} INFO - Created Permission View: can edit on DAG:example_xcom_args
[2024-12-17T23:53:01.828+0000] {logging_mixin.py:151} INFO - [2024-12-17T23:53:01.827+0000] {manager.py:501} INFO - Created Permission View: can delete on DAG:example_xcom_args
[2024-12-17T23:53:01.869+0000] {logging_mixin.py:151} INFO - [2024-12-17T23:53:01.869+0000] {manager.py:501} INFO - Created Permission View: can read on DAG:example_xcom_args_with_operators
[2024-12-17T23:53:01.886+0000] {logging_mixin.py:151} INFO - [2024-12-17T23:53:01.885+0000] {manager.py:501} INFO - Created Permission View: can edit on DAG:example_xcom_args_with_operators
[2024-12-17T23:53:01.903+0000] {logging_mixin.py:151} INFO - [2024-12-17T23:53:01.902+0000] {manager.py:501} INFO - Created Permission View: can delete on DAG:example_xcom_args_with_operators
[2024-12-17T23:53:01.914+0000] {logging_mixin.py:151} INFO - [2024-12-17T23:53:01.914+0000] {dag.py:2907} INFO - Sync 2 DAGs
[2024-12-17T23:53:01.931+0000] {logging_mixin.py:151} INFO - [2024-12-17T23:53:01.931+0000] {dag.py:2929} INFO - Creating ORM DAG for example_xcom_args_with_operators
[2024-12-17T23:53:01.932+0000] {logging_mixin.py:151} INFO - [2024-12-17T23:53:01.932+0000] {dag.py:2929} INFO - Creating ORM DAG for example_xcom_args
[2024-12-17T23:53:01.933+0000] {logging_mixin.py:151} INFO - [2024-12-17T23:53:01.933+0000] {dag.py:3677} INFO - Setting next_dagrun for example_xcom_args to None, run_after=None
[2024-12-17T23:53:01.934+0000] {logging_mixin.py:151} INFO - [2024-12-17T23:53:01.934+0000] {dag.py:3677} INFO - Setting next_dagrun for example_xcom_args_with_operators to None, run_after=None
[2024-12-17T23:53:01.956+0000] {processor.py:179} INFO - Processing /home/airflow/.local/lib/python3.9/site-packages/airflow/example_dags/example_xcomargs.py took 0.320 seconds
[2024-12-17T23:53:32.368+0000] {processor.py:157} INFO - Started process (PID=142) to work on /home/airflow/.local/lib/python3.9/site-packages/airflow/example_dags/example_xcomargs.py
[2024-12-17T23:53:32.369+0000] {processor.py:829} INFO - Processing file /home/airflow/.local/lib/python3.9/site-packages/airflow/example_dags/example_xcomargs.py for tasks to queue
[2024-12-17T23:53:32.372+0000] {logging_mixin.py:151} INFO - [2024-12-17T23:53:32.372+0000] {dagbag.py:539} INFO - Filling up the DagBag from /home/airflow/.local/lib/python3.9/site-packages/airflow/example_dags/example_xcomargs.py
[2024-12-17T23:53:32.382+0000] {processor.py:839} INFO - DAG(s) dict_keys(['example_xcom_args_with_operators', 'example_xcom_args']) retrieved from /home/airflow/.local/lib/python3.9/site-packages/airflow/example_dags/example_xcomargs.py
[2024-12-17T23:53:32.416+0000] {logging_mixin.py:151} INFO - [2024-12-17T23:53:32.416+0000] {dag.py:2907} INFO - Sync 2 DAGs
[2024-12-17T23:53:32.439+0000] {logging_mixin.py:151} INFO - [2024-12-17T23:53:32.438+0000] {dag.py:3677} INFO - Setting next_dagrun for example_xcom_args to None, run_after=None
[2024-12-17T23:53:32.444+0000] {logging_mixin.py:151} INFO - [2024-12-17T23:53:32.444+0000] {dag.py:3677} INFO - Setting next_dagrun for example_xcom_args_with_operators to None, run_after=None
[2024-12-17T23:53:32.481+0000] {processor.py:179} INFO - Processing /home/airflow/.local/lib/python3.9/site-packages/airflow/example_dags/example_xcomargs.py took 0.118 seconds
[2024-12-17T23:54:02.518+0000] {processor.py:157} INFO - Started process (PID=203) to work on /home/airflow/.local/lib/python3.9/site-packages/airflow/example_dags/example_xcomargs.py
[2024-12-17T23:54:02.519+0000] {processor.py:829} INFO - Processing file /home/airflow/.local/lib/python3.9/site-packages/airflow/example_dags/example_xcomargs.py for tasks to queue
[2024-12-17T23:54:02.522+0000] {logging_mixin.py:151} INFO - [2024-12-17T23:54:02.522+0000] {dagbag.py:539} INFO - Filling up the DagBag from /home/airflow/.local/lib/python3.9/site-packages/airflow/example_dags/example_xcomargs.py
[2024-12-17T23:54:02.532+0000] {processor.py:839} INFO - DAG(s) dict_keys(['example_xcom_args_with_operators', 'example_xcom_args']) retrieved from /home/airflow/.local/lib/python3.9/site-packages/airflow/example_dags/example_xcomargs.py
[2024-12-17T23:54:02.558+0000] {logging_mixin.py:151} INFO - [2024-12-17T23:54:02.558+0000] {dag.py:2907} INFO - Sync 2 DAGs
[2024-12-17T23:54:02.573+0000] {logging_mixin.py:151} INFO - [2024-12-17T23:54:02.573+0000] {dag.py:3677} INFO - Setting next_dagrun for example_xcom_args to None, run_after=None
[2024-12-17T23:54:02.577+0000] {logging_mixin.py:151} INFO - [2024-12-17T23:54:02.577+0000] {dag.py:3677} INFO - Setting next_dagrun for example_xcom_args_with_operators to None, run_after=None
[2024-12-17T23:54:02.594+0000] {processor.py:179} INFO - Processing /home/airflow/.local/lib/python3.9/site-packages/airflow/example_dags/example_xcomargs.py took 0.080 seconds
[2024-12-17T23:54:32.729+0000] {processor.py:157} INFO - Started process (PID=265) to work on /home/airflow/.local/lib/python3.9/site-packages/airflow/example_dags/example_xcomargs.py
[2024-12-17T23:54:32.730+0000] {processor.py:829} INFO - Processing file /home/airflow/.local/lib/python3.9/site-packages/airflow/example_dags/example_xcomargs.py for tasks to queue
[2024-12-17T23:54:32.734+0000] {logging_mixin.py:151} INFO - [2024-12-17T23:54:32.733+0000] {dagbag.py:539} INFO - Filling up the DagBag from /home/airflow/.local/lib/python3.9/site-packages/airflow/example_dags/example_xcomargs.py
[2024-12-17T23:54:32.744+0000] {processor.py:839} INFO - DAG(s) dict_keys(['example_xcom_args', 'example_xcom_args_with_operators']) retrieved from /home/airflow/.local/lib/python3.9/site-packages/airflow/example_dags/example_xcomargs.py
[2024-12-17T23:54:32.779+0000] {logging_mixin.py:151} INFO - [2024-12-17T23:54:32.779+0000] {dag.py:2907} INFO - Sync 2 DAGs
[2024-12-17T23:54:32.794+0000] {logging_mixin.py:151} INFO - [2024-12-17T23:54:32.794+0000] {dag.py:3677} INFO - Setting next_dagrun for example_xcom_args to None, run_after=None
[2024-12-17T23:54:32.800+0000] {logging_mixin.py:151} INFO - [2024-12-17T23:54:32.800+0000] {dag.py:3677} INFO - Setting next_dagrun for example_xcom_args_with_operators to None, run_after=None
[2024-12-17T23:54:32.825+0000] {processor.py:179} INFO - Processing /home/airflow/.local/lib/python3.9/site-packages/airflow/example_dags/example_xcomargs.py took 0.100 seconds
[2024-12-17T23:55:03.241+0000] {processor.py:157} INFO - Started process (PID=327) to work on /home/airflow/.local/lib/python3.9/site-packages/airflow/example_dags/example_xcomargs.py
[2024-12-17T23:55:03.242+0000] {processor.py:829} INFO - Processing file /home/airflow/.local/lib/python3.9/site-packages/airflow/example_dags/example_xcomargs.py for tasks to queue
[2024-12-17T23:55:03.245+0000] {logging_mixin.py:151} INFO - [2024-12-17T23:55:03.245+0000] {dagbag.py:539} INFO - Filling up the DagBag from /home/airflow/.local/lib/python3.9/site-packages/airflow/example_dags/example_xcomargs.py
[2024-12-17T23:55:03.255+0000] {processor.py:839} INFO - DAG(s) dict_keys(['example_xcom_args', 'example_xcom_args_with_operators']) retrieved from /home/airflow/.local/lib/python3.9/site-packages/airflow/example_dags/example_xcomargs.py
[2024-12-17T23:55:03.287+0000] {logging_mixin.py:151} INFO - [2024-12-17T23:55:03.287+0000] {dag.py:2907} INFO - Sync 2 DAGs
[2024-12-17T23:55:03.308+0000] {logging_mixin.py:151} INFO - [2024-12-17T23:55:03.308+0000] {dag.py:3677} INFO - Setting next_dagrun for example_xcom_args to None, run_after=None
[2024-12-17T23:55:03.313+0000] {logging_mixin.py:151} INFO - [2024-12-17T23:55:03.312+0000] {dag.py:3677} INFO - Setting next_dagrun for example_xcom_args_with_operators to None, run_after=None
[2024-12-17T23:55:03.335+0000] {processor.py:179} INFO - Processing /home/airflow/.local/lib/python3.9/site-packages/airflow/example_dags/example_xcomargs.py took 0.099 seconds
[2024-12-17T23:55:33.443+0000] {processor.py:157} INFO - Started process (PID=389) to work on /home/airflow/.local/lib/python3.9/site-packages/airflow/example_dags/example_xcomargs.py
[2024-12-17T23:55:33.444+0000] {processor.py:829} INFO - Processing file /home/airflow/.local/lib/python3.9/site-packages/airflow/example_dags/example_xcomargs.py for tasks to queue
[2024-12-17T23:55:33.447+0000] {logging_mixin.py:151} INFO - [2024-12-17T23:55:33.446+0000] {dagbag.py:539} INFO - Filling up the DagBag from /home/airflow/.local/lib/python3.9/site-packages/airflow/example_dags/example_xcomargs.py
[2024-12-17T23:55:33.456+0000] {processor.py:839} INFO - DAG(s) dict_keys(['example_xcom_args_with_operators', 'example_xcom_args']) retrieved from /home/airflow/.local/lib/python3.9/site-packages/airflow/example_dags/example_xcomargs.py
[2024-12-17T23:55:33.487+0000] {logging_mixin.py:151} INFO - [2024-12-17T23:55:33.486+0000] {dag.py:2907} INFO - Sync 2 DAGs
[2024-12-17T23:55:33.504+0000] {logging_mixin.py:151} INFO - [2024-12-17T23:55:33.503+0000] {dag.py:3677} INFO - Setting next_dagrun for example_xcom_args to None, run_after=None
[2024-12-17T23:55:33.508+0000] {logging_mixin.py:151} INFO - [2024-12-17T23:55:33.508+0000] {dag.py:3677} INFO - Setting next_dagrun for example_xcom_args_with_operators to None, run_after=None
[2024-12-17T23:55:33.529+0000] {processor.py:179} INFO - Processing /home/airflow/.local/lib/python3.9/site-packages/airflow/example_dags/example_xcomargs.py took 0.090 seconds
[2024-12-17T23:56:04.390+0000] {processor.py:157} INFO - Started process (PID=450) to work on /home/airflow/.local/lib/python3.9/site-packages/airflow/example_dags/example_xcomargs.py
[2024-12-17T23:56:04.391+0000] {processor.py:829} INFO - Processing file /home/airflow/.local/lib/python3.9/site-packages/airflow/example_dags/example_xcomargs.py for tasks to queue
[2024-12-17T23:56:04.394+0000] {logging_mixin.py:151} INFO - [2024-12-17T23:56:04.393+0000] {dagbag.py:539} INFO - Filling up the DagBag from /home/airflow/.local/lib/python3.9/site-packages/airflow/example_dags/example_xcomargs.py
[2024-12-17T23:56:04.406+0000] {processor.py:839} INFO - DAG(s) dict_keys(['example_xcom_args', 'example_xcom_args_with_operators']) retrieved from /home/airflow/.local/lib/python3.9/site-packages/airflow/example_dags/example_xcomargs.py
[2024-12-17T23:56:04.449+0000] {logging_mixin.py:151} INFO - [2024-12-17T23:56:04.449+0000] {dag.py:2907} INFO - Sync 2 DAGs
[2024-12-17T23:56:04.470+0000] {logging_mixin.py:151} INFO - [2024-12-17T23:56:04.469+0000] {dag.py:3677} INFO - Setting next_dagrun for example_xcom_args to None, run_after=None
[2024-12-17T23:56:04.476+0000] {logging_mixin.py:151} INFO - [2024-12-17T23:56:04.476+0000] {dag.py:3677} INFO - Setting next_dagrun for example_xcom_args_with_operators to None, run_after=None
[2024-12-17T23:56:04.504+0000] {processor.py:179} INFO - Processing /home/airflow/.local/lib/python3.9/site-packages/airflow/example_dags/example_xcomargs.py took 0.118 seconds
[2024-12-17T23:56:34.643+0000] {processor.py:157} INFO - Started process (PID=512) to work on /home/airflow/.local/lib/python3.9/site-packages/airflow/example_dags/example_xcomargs.py
[2024-12-17T23:56:34.644+0000] {processor.py:829} INFO - Processing file /home/airflow/.local/lib/python3.9/site-packages/airflow/example_dags/example_xcomargs.py for tasks to queue
[2024-12-17T23:56:34.648+0000] {logging_mixin.py:151} INFO - [2024-12-17T23:56:34.647+0000] {dagbag.py:539} INFO - Filling up the DagBag from /home/airflow/.local/lib/python3.9/site-packages/airflow/example_dags/example_xcomargs.py
[2024-12-17T23:56:34.661+0000] {processor.py:839} INFO - DAG(s) dict_keys(['example_xcom_args_with_operators', 'example_xcom_args']) retrieved from /home/airflow/.local/lib/python3.9/site-packages/airflow/example_dags/example_xcomargs.py
[2024-12-17T23:56:34.692+0000] {logging_mixin.py:151} INFO - [2024-12-17T23:56:34.692+0000] {dag.py:2907} INFO - Sync 2 DAGs
[2024-12-17T23:56:34.707+0000] {logging_mixin.py:151} INFO - [2024-12-17T23:56:34.707+0000] {dag.py:3677} INFO - Setting next_dagrun for example_xcom_args to None, run_after=None
[2024-12-17T23:56:34.712+0000] {logging_mixin.py:151} INFO - [2024-12-17T23:56:34.712+0000] {dag.py:3677} INFO - Setting next_dagrun for example_xcom_args_with_operators to None, run_after=None
[2024-12-17T23:56:34.732+0000] {processor.py:179} INFO - Processing /home/airflow/.local/lib/python3.9/site-packages/airflow/example_dags/example_xcomargs.py took 0.095 seconds
[2024-12-17T23:57:04.798+0000] {processor.py:157} INFO - Started process (PID=572) to work on /home/airflow/.local/lib/python3.9/site-packages/airflow/example_dags/example_xcomargs.py
[2024-12-17T23:57:04.799+0000] {processor.py:829} INFO - Processing file /home/airflow/.local/lib/python3.9/site-packages/airflow/example_dags/example_xcomargs.py for tasks to queue
[2024-12-17T23:57:04.802+0000] {logging_mixin.py:151} INFO - [2024-12-17T23:57:04.801+0000] {dagbag.py:539} INFO - Filling up the DagBag from /home/airflow/.local/lib/python3.9/site-packages/airflow/example_dags/example_xcomargs.py
[2024-12-17T23:57:04.812+0000] {processor.py:839} INFO - DAG(s) dict_keys(['example_xcom_args', 'example_xcom_args_with_operators']) retrieved from /home/airflow/.local/lib/python3.9/site-packages/airflow/example_dags/example_xcomargs.py
[2024-12-17T23:57:04.837+0000] {logging_mixin.py:151} INFO - [2024-12-17T23:57:04.837+0000] {dag.py:2907} INFO - Sync 2 DAGs
[2024-12-17T23:57:04.851+0000] {logging_mixin.py:151} INFO - [2024-12-17T23:57:04.851+0000] {dag.py:3677} INFO - Setting next_dagrun for example_xcom_args to None, run_after=None
[2024-12-17T23:57:04.857+0000] {logging_mixin.py:151} INFO - [2024-12-17T23:57:04.857+0000] {dag.py:3677} INFO - Setting next_dagrun for example_xcom_args_with_operators to None, run_after=None
[2024-12-17T23:57:04.875+0000] {processor.py:179} INFO - Processing /home/airflow/.local/lib/python3.9/site-packages/airflow/example_dags/example_xcomargs.py took 0.081 seconds
[2024-12-17T23:57:35.275+0000] {processor.py:157} INFO - Started process (PID=634) to work on /home/airflow/.local/lib/python3.9/site-packages/airflow/example_dags/example_xcomargs.py
[2024-12-17T23:57:35.277+0000] {processor.py:829} INFO - Processing file /home/airflow/.local/lib/python3.9/site-packages/airflow/example_dags/example_xcomargs.py for tasks to queue
[2024-12-17T23:57:35.281+0000] {logging_mixin.py:151} INFO - [2024-12-17T23:57:35.280+0000] {dagbag.py:539} INFO - Filling up the DagBag from /home/airflow/.local/lib/python3.9/site-packages/airflow/example_dags/example_xcomargs.py
[2024-12-17T23:57:35.292+0000] {processor.py:839} INFO - DAG(s) dict_keys(['example_xcom_args', 'example_xcom_args_with_operators']) retrieved from /home/airflow/.local/lib/python3.9/site-packages/airflow/example_dags/example_xcomargs.py
[2024-12-17T23:57:35.319+0000] {logging_mixin.py:151} INFO - [2024-12-17T23:57:35.319+0000] {dag.py:2907} INFO - Sync 2 DAGs
[2024-12-17T23:57:35.334+0000] {logging_mixin.py:151} INFO - [2024-12-17T23:57:35.333+0000] {dag.py:3677} INFO - Setting next_dagrun for example_xcom_args to None, run_after=None
[2024-12-17T23:57:35.338+0000] {logging_mixin.py:151} INFO - [2024-12-17T23:57:35.338+0000] {dag.py:3677} INFO - Setting next_dagrun for example_xcom_args_with_operators to None, run_after=None
[2024-12-17T23:57:35.356+0000] {processor.py:179} INFO - Processing /home/airflow/.local/lib/python3.9/site-packages/airflow/example_dags/example_xcomargs.py took 0.085 seconds
[2024-12-17T23:58:05.819+0000] {processor.py:157} INFO - Started process (PID=696) to work on /home/airflow/.local/lib/python3.9/site-packages/airflow/example_dags/example_xcomargs.py
[2024-12-17T23:58:05.820+0000] {processor.py:829} INFO - Processing file /home/airflow/.local/lib/python3.9/site-packages/airflow/example_dags/example_xcomargs.py for tasks to queue
[2024-12-17T23:58:05.823+0000] {logging_mixin.py:151} INFO - [2024-12-17T23:58:05.823+0000] {dagbag.py:539} INFO - Filling up the DagBag from /home/airflow/.local/lib/python3.9/site-packages/airflow/example_dags/example_xcomargs.py
[2024-12-17T23:58:05.833+0000] {processor.py:839} INFO - DAG(s) dict_keys(['example_xcom_args_with_operators', 'example_xcom_args']) retrieved from /home/airflow/.local/lib/python3.9/site-packages/airflow/example_dags/example_xcomargs.py
[2024-12-17T23:58:05.861+0000] {logging_mixin.py:151} INFO - [2024-12-17T23:58:05.861+0000] {dag.py:2907} INFO - Sync 2 DAGs
[2024-12-17T23:58:05.881+0000] {logging_mixin.py:151} INFO - [2024-12-17T23:58:05.881+0000] {dag.py:3677} INFO - Setting next_dagrun for example_xcom_args to None, run_after=None
[2024-12-17T23:58:05.886+0000] {logging_mixin.py:151} INFO - [2024-12-17T23:58:05.886+0000] {dag.py:3677} INFO - Setting next_dagrun for example_xcom_args_with_operators to None, run_after=None
[2024-12-17T23:58:05.906+0000] {processor.py:179} INFO - Processing /home/airflow/.local/lib/python3.9/site-packages/airflow/example_dags/example_xcomargs.py took 0.091 seconds
[2024-12-17T23:58:36.214+0000] {processor.py:157} INFO - Started process (PID=758) to work on /home/airflow/.local/lib/python3.9/site-packages/airflow/example_dags/example_xcomargs.py
[2024-12-17T23:58:36.215+0000] {processor.py:829} INFO - Processing file /home/airflow/.local/lib/python3.9/site-packages/airflow/example_dags/example_xcomargs.py for tasks to queue
[2024-12-17T23:58:36.218+0000] {logging_mixin.py:151} INFO - [2024-12-17T23:58:36.218+0000] {dagbag.py:539} INFO - Filling up the DagBag from /home/airflow/.local/lib/python3.9/site-packages/airflow/example_dags/example_xcomargs.py
[2024-12-17T23:58:36.228+0000] {processor.py:839} INFO - DAG(s) dict_keys(['example_xcom_args', 'example_xcom_args_with_operators']) retrieved from /home/airflow/.local/lib/python3.9/site-packages/airflow/example_dags/example_xcomargs.py
[2024-12-17T23:58:36.253+0000] {logging_mixin.py:151} INFO - [2024-12-17T23:58:36.252+0000] {dag.py:2907} INFO - Sync 2 DAGs
[2024-12-17T23:58:36.267+0000] {logging_mixin.py:151} INFO - [2024-12-17T23:58:36.267+0000] {dag.py:3677} INFO - Setting next_dagrun for example_xcom_args to None, run_after=None
[2024-12-17T23:58:36.271+0000] {logging_mixin.py:151} INFO - [2024-12-17T23:58:36.271+0000] {dag.py:3677} INFO - Setting next_dagrun for example_xcom_args_with_operators to None, run_after=None
[2024-12-17T23:58:36.299+0000] {processor.py:179} INFO - Processing /home/airflow/.local/lib/python3.9/site-packages/airflow/example_dags/example_xcomargs.py took 0.089 seconds
[2024-12-17T23:59:07.344+0000] {processor.py:157} INFO - Started process (PID=820) to work on /home/airflow/.local/lib/python3.9/site-packages/airflow/example_dags/example_xcomargs.py
[2024-12-17T23:59:07.346+0000] {processor.py:829} INFO - Processing file /home/airflow/.local/lib/python3.9/site-packages/airflow/example_dags/example_xcomargs.py for tasks to queue
[2024-12-17T23:59:07.349+0000] {logging_mixin.py:151} INFO - [2024-12-17T23:59:07.348+0000] {dagbag.py:539} INFO - Filling up the DagBag from /home/airflow/.local/lib/python3.9/site-packages/airflow/example_dags/example_xcomargs.py
[2024-12-17T23:59:07.359+0000] {processor.py:839} INFO - DAG(s) dict_keys(['example_xcom_args', 'example_xcom_args_with_operators']) retrieved from /home/airflow/.local/lib/python3.9/site-packages/airflow/example_dags/example_xcomargs.py
[2024-12-17T23:59:07.386+0000] {logging_mixin.py:151} INFO - [2024-12-17T23:59:07.386+0000] {dag.py:2907} INFO - Sync 2 DAGs
[2024-12-17T23:59:07.400+0000] {logging_mixin.py:151} INFO - [2024-12-17T23:59:07.400+0000] {dag.py:3677} INFO - Setting next_dagrun for example_xcom_args to None, run_after=None
[2024-12-17T23:59:07.404+0000] {logging_mixin.py:151} INFO - [2024-12-17T23:59:07.404+0000] {dag.py:3677} INFO - Setting next_dagrun for example_xcom_args_with_operators to None, run_after=None
[2024-12-17T23:59:07.422+0000] {processor.py:179} INFO - Processing /home/airflow/.local/lib/python3.9/site-packages/airflow/example_dags/example_xcomargs.py took 0.081 seconds
[2024-12-17T23:59:38.447+0000] {processor.py:157} INFO - Started process (PID=882) to work on /home/airflow/.local/lib/python3.9/site-packages/airflow/example_dags/example_xcomargs.py
[2024-12-17T23:59:38.448+0000] {processor.py:829} INFO - Processing file /home/airflow/.local/lib/python3.9/site-packages/airflow/example_dags/example_xcomargs.py for tasks to queue
[2024-12-17T23:59:38.451+0000] {logging_mixin.py:151} INFO - [2024-12-17T23:59:38.451+0000] {dagbag.py:539} INFO - Filling up the DagBag from /home/airflow/.local/lib/python3.9/site-packages/airflow/example_dags/example_xcomargs.py
[2024-12-17T23:59:38.460+0000] {processor.py:839} INFO - DAG(s) dict_keys(['example_xcom_args', 'example_xcom_args_with_operators']) retrieved from /home/airflow/.local/lib/python3.9/site-packages/airflow/example_dags/example_xcomargs.py
[2024-12-17T23:59:38.487+0000] {logging_mixin.py:151} INFO - [2024-12-17T23:59:38.487+0000] {dag.py:2907} INFO - Sync 2 DAGs
[2024-12-17T23:59:38.502+0000] {logging_mixin.py:151} INFO - [2024-12-17T23:59:38.502+0000] {dag.py:3677} INFO - Setting next_dagrun for example_xcom_args to None, run_after=None
[2024-12-17T23:59:38.507+0000] {logging_mixin.py:151} INFO - [2024-12-17T23:59:38.506+0000] {dag.py:3677} INFO - Setting next_dagrun for example_xcom_args_with_operators to None, run_after=None
[2024-12-17T23:59:38.526+0000] {processor.py:179} INFO - Processing /home/airflow/.local/lib/python3.9/site-packages/airflow/example_dags/example_xcomargs.py took 0.082 seconds
