[2024-12-17T23:53:01.860+0000] {processor.py:157} INFO - Started process (PID=82) to work on /home/airflow/.local/lib/python3.9/site-packages/airflow/example_dags/example_time_delta_sensor_async.py
[2024-12-17T23:53:01.864+0000] {processor.py:829} INFO - Processing file /home/airflow/.local/lib/python3.9/site-packages/airflow/example_dags/example_time_delta_sensor_async.py for tasks to queue
[2024-12-17T23:53:01.868+0000] {logging_mixin.py:151} INFO - [2024-12-17T23:53:01.867+0000] {dagbag.py:539} INFO - Filling up the DagBag from /home/airflow/.local/lib/python3.9/site-packages/airflow/example_dags/example_time_delta_sensor_async.py
[2024-12-17T23:53:01.875+0000] {processor.py:839} INFO - DAG(s) dict_keys(['example_time_delta_sensor_async']) retrieved from /home/airflow/.local/lib/python3.9/site-packages/airflow/example_dags/example_time_delta_sensor_async.py
[2024-12-17T23:53:02.030+0000] {logging_mixin.py:151} INFO - [2024-12-17T23:53:02.029+0000] {manager.py:501} INFO - Created Permission View: can read on DAG:example_time_delta_sensor_async
[2024-12-17T23:53:02.051+0000] {logging_mixin.py:151} INFO - [2024-12-17T23:53:02.051+0000] {manager.py:501} INFO - Created Permission View: can edit on DAG:example_time_delta_sensor_async
[2024-12-17T23:53:02.067+0000] {logging_mixin.py:151} INFO - [2024-12-17T23:53:02.067+0000] {manager.py:501} INFO - Created Permission View: can delete on DAG:example_time_delta_sensor_async
[2024-12-17T23:53:02.088+0000] {logging_mixin.py:151} INFO - [2024-12-17T23:53:02.088+0000] {dag.py:2907} INFO - Sync 1 DAGs
[2024-12-17T23:53:02.101+0000] {logging_mixin.py:151} INFO - [2024-12-17T23:53:02.101+0000] {dag.py:2929} INFO - Creating ORM DAG for example_time_delta_sensor_async
[2024-12-17T23:53:02.102+0000] {logging_mixin.py:151} INFO - [2024-12-17T23:53:02.102+0000] {dag.py:3677} INFO - Setting next_dagrun for example_time_delta_sensor_async to None, run_after=None
[2024-12-17T23:53:02.123+0000] {processor.py:179} INFO - Processing /home/airflow/.local/lib/python3.9/site-packages/airflow/example_dags/example_time_delta_sensor_async.py took 0.268 seconds
[2024-12-17T23:53:32.503+0000] {processor.py:157} INFO - Started process (PID=143) to work on /home/airflow/.local/lib/python3.9/site-packages/airflow/example_dags/example_time_delta_sensor_async.py
[2024-12-17T23:53:32.504+0000] {processor.py:829} INFO - Processing file /home/airflow/.local/lib/python3.9/site-packages/airflow/example_dags/example_time_delta_sensor_async.py for tasks to queue
[2024-12-17T23:53:32.508+0000] {logging_mixin.py:151} INFO - [2024-12-17T23:53:32.508+0000] {dagbag.py:539} INFO - Filling up the DagBag from /home/airflow/.local/lib/python3.9/site-packages/airflow/example_dags/example_time_delta_sensor_async.py
[2024-12-17T23:53:32.515+0000] {processor.py:839} INFO - DAG(s) dict_keys(['example_time_delta_sensor_async']) retrieved from /home/airflow/.local/lib/python3.9/site-packages/airflow/example_dags/example_time_delta_sensor_async.py
[2024-12-17T23:53:32.543+0000] {logging_mixin.py:151} INFO - [2024-12-17T23:53:32.543+0000] {dag.py:2907} INFO - Sync 1 DAGs
[2024-12-17T23:53:32.560+0000] {logging_mixin.py:151} INFO - [2024-12-17T23:53:32.560+0000] {dag.py:3677} INFO - Setting next_dagrun for example_time_delta_sensor_async to None, run_after=None
[2024-12-17T23:53:32.591+0000] {processor.py:179} INFO - Processing /home/airflow/.local/lib/python3.9/site-packages/airflow/example_dags/example_time_delta_sensor_async.py took 0.092 seconds
[2024-12-17T23:54:02.615+0000] {processor.py:157} INFO - Started process (PID=204) to work on /home/airflow/.local/lib/python3.9/site-packages/airflow/example_dags/example_time_delta_sensor_async.py
[2024-12-17T23:54:02.616+0000] {processor.py:829} INFO - Processing file /home/airflow/.local/lib/python3.9/site-packages/airflow/example_dags/example_time_delta_sensor_async.py for tasks to queue
[2024-12-17T23:54:02.619+0000] {logging_mixin.py:151} INFO - [2024-12-17T23:54:02.618+0000] {dagbag.py:539} INFO - Filling up the DagBag from /home/airflow/.local/lib/python3.9/site-packages/airflow/example_dags/example_time_delta_sensor_async.py
[2024-12-17T23:54:02.624+0000] {processor.py:839} INFO - DAG(s) dict_keys(['example_time_delta_sensor_async']) retrieved from /home/airflow/.local/lib/python3.9/site-packages/airflow/example_dags/example_time_delta_sensor_async.py
[2024-12-17T23:54:02.646+0000] {logging_mixin.py:151} INFO - [2024-12-17T23:54:02.646+0000] {dag.py:2907} INFO - Sync 1 DAGs
[2024-12-17T23:54:02.661+0000] {logging_mixin.py:151} INFO - [2024-12-17T23:54:02.660+0000] {dag.py:3677} INFO - Setting next_dagrun for example_time_delta_sensor_async to None, run_after=None
[2024-12-17T23:54:02.681+0000] {processor.py:179} INFO - Processing /home/airflow/.local/lib/python3.9/site-packages/airflow/example_dags/example_time_delta_sensor_async.py took 0.069 seconds
[2024-12-17T23:54:32.848+0000] {processor.py:157} INFO - Started process (PID=266) to work on /home/airflow/.local/lib/python3.9/site-packages/airflow/example_dags/example_time_delta_sensor_async.py
[2024-12-17T23:54:32.849+0000] {processor.py:829} INFO - Processing file /home/airflow/.local/lib/python3.9/site-packages/airflow/example_dags/example_time_delta_sensor_async.py for tasks to queue
[2024-12-17T23:54:32.852+0000] {logging_mixin.py:151} INFO - [2024-12-17T23:54:32.851+0000] {dagbag.py:539} INFO - Filling up the DagBag from /home/airflow/.local/lib/python3.9/site-packages/airflow/example_dags/example_time_delta_sensor_async.py
[2024-12-17T23:54:32.858+0000] {processor.py:839} INFO - DAG(s) dict_keys(['example_time_delta_sensor_async']) retrieved from /home/airflow/.local/lib/python3.9/site-packages/airflow/example_dags/example_time_delta_sensor_async.py
[2024-12-17T23:54:32.880+0000] {logging_mixin.py:151} INFO - [2024-12-17T23:54:32.880+0000] {dag.py:2907} INFO - Sync 1 DAGs
[2024-12-17T23:54:32.895+0000] {logging_mixin.py:151} INFO - [2024-12-17T23:54:32.894+0000] {dag.py:3677} INFO - Setting next_dagrun for example_time_delta_sensor_async to None, run_after=None
[2024-12-17T23:54:32.916+0000] {processor.py:179} INFO - Processing /home/airflow/.local/lib/python3.9/site-packages/airflow/example_dags/example_time_delta_sensor_async.py took 0.073 seconds
[2024-12-17T23:55:03.264+0000] {processor.py:157} INFO - Started process (PID=328) to work on /home/airflow/.local/lib/python3.9/site-packages/airflow/example_dags/example_time_delta_sensor_async.py
[2024-12-17T23:55:03.265+0000] {processor.py:829} INFO - Processing file /home/airflow/.local/lib/python3.9/site-packages/airflow/example_dags/example_time_delta_sensor_async.py for tasks to queue
[2024-12-17T23:55:03.269+0000] {logging_mixin.py:151} INFO - [2024-12-17T23:55:03.268+0000] {dagbag.py:539} INFO - Filling up the DagBag from /home/airflow/.local/lib/python3.9/site-packages/airflow/example_dags/example_time_delta_sensor_async.py
[2024-12-17T23:55:03.275+0000] {processor.py:839} INFO - DAG(s) dict_keys(['example_time_delta_sensor_async']) retrieved from /home/airflow/.local/lib/python3.9/site-packages/airflow/example_dags/example_time_delta_sensor_async.py
[2024-12-17T23:55:03.305+0000] {logging_mixin.py:151} INFO - [2024-12-17T23:55:03.305+0000] {dag.py:2907} INFO - Sync 1 DAGs
[2024-12-17T23:55:03.322+0000] {logging_mixin.py:151} INFO - [2024-12-17T23:55:03.321+0000] {dag.py:3677} INFO - Setting next_dagrun for example_time_delta_sensor_async to None, run_after=None
[2024-12-17T23:55:03.344+0000] {processor.py:179} INFO - Processing /home/airflow/.local/lib/python3.9/site-packages/airflow/example_dags/example_time_delta_sensor_async.py took 0.085 seconds
[2024-12-17T23:55:33.456+0000] {processor.py:157} INFO - Started process (PID=390) to work on /home/airflow/.local/lib/python3.9/site-packages/airflow/example_dags/example_time_delta_sensor_async.py
[2024-12-17T23:55:33.457+0000] {processor.py:829} INFO - Processing file /home/airflow/.local/lib/python3.9/site-packages/airflow/example_dags/example_time_delta_sensor_async.py for tasks to queue
[2024-12-17T23:55:33.460+0000] {logging_mixin.py:151} INFO - [2024-12-17T23:55:33.460+0000] {dagbag.py:539} INFO - Filling up the DagBag from /home/airflow/.local/lib/python3.9/site-packages/airflow/example_dags/example_time_delta_sensor_async.py
[2024-12-17T23:55:33.468+0000] {processor.py:839} INFO - DAG(s) dict_keys(['example_time_delta_sensor_async']) retrieved from /home/airflow/.local/lib/python3.9/site-packages/airflow/example_dags/example_time_delta_sensor_async.py
[2024-12-17T23:55:33.495+0000] {logging_mixin.py:151} INFO - [2024-12-17T23:55:33.494+0000] {dag.py:2907} INFO - Sync 1 DAGs
[2024-12-17T23:55:33.511+0000] {logging_mixin.py:151} INFO - [2024-12-17T23:55:33.511+0000] {dag.py:3677} INFO - Setting next_dagrun for example_time_delta_sensor_async to None, run_after=None
[2024-12-17T23:55:33.534+0000] {processor.py:179} INFO - Processing /home/airflow/.local/lib/python3.9/site-packages/airflow/example_dags/example_time_delta_sensor_async.py took 0.082 seconds
[2024-12-17T23:56:04.443+0000] {processor.py:157} INFO - Started process (PID=451) to work on /home/airflow/.local/lib/python3.9/site-packages/airflow/example_dags/example_time_delta_sensor_async.py
[2024-12-17T23:56:04.445+0000] {processor.py:829} INFO - Processing file /home/airflow/.local/lib/python3.9/site-packages/airflow/example_dags/example_time_delta_sensor_async.py for tasks to queue
[2024-12-17T23:56:04.449+0000] {logging_mixin.py:151} INFO - [2024-12-17T23:56:04.448+0000] {dagbag.py:539} INFO - Filling up the DagBag from /home/airflow/.local/lib/python3.9/site-packages/airflow/example_dags/example_time_delta_sensor_async.py
[2024-12-17T23:56:04.456+0000] {processor.py:839} INFO - DAG(s) dict_keys(['example_time_delta_sensor_async']) retrieved from /home/airflow/.local/lib/python3.9/site-packages/airflow/example_dags/example_time_delta_sensor_async.py
[2024-12-17T23:56:04.487+0000] {logging_mixin.py:151} INFO - [2024-12-17T23:56:04.487+0000] {dag.py:2907} INFO - Sync 1 DAGs
[2024-12-17T23:56:04.508+0000] {logging_mixin.py:151} INFO - [2024-12-17T23:56:04.508+0000] {dag.py:3677} INFO - Setting next_dagrun for example_time_delta_sensor_async to None, run_after=None
[2024-12-17T23:56:04.535+0000] {processor.py:179} INFO - Processing /home/airflow/.local/lib/python3.9/site-packages/airflow/example_dags/example_time_delta_sensor_async.py took 0.098 seconds
[2024-12-17T23:56:34.755+0000] {processor.py:157} INFO - Started process (PID=513) to work on /home/airflow/.local/lib/python3.9/site-packages/airflow/example_dags/example_time_delta_sensor_async.py
[2024-12-17T23:56:34.756+0000] {processor.py:829} INFO - Processing file /home/airflow/.local/lib/python3.9/site-packages/airflow/example_dags/example_time_delta_sensor_async.py for tasks to queue
[2024-12-17T23:56:34.759+0000] {logging_mixin.py:151} INFO - [2024-12-17T23:56:34.758+0000] {dagbag.py:539} INFO - Filling up the DagBag from /home/airflow/.local/lib/python3.9/site-packages/airflow/example_dags/example_time_delta_sensor_async.py
[2024-12-17T23:56:34.765+0000] {processor.py:839} INFO - DAG(s) dict_keys(['example_time_delta_sensor_async']) retrieved from /home/airflow/.local/lib/python3.9/site-packages/airflow/example_dags/example_time_delta_sensor_async.py
[2024-12-17T23:56:34.789+0000] {logging_mixin.py:151} INFO - [2024-12-17T23:56:34.788+0000] {dag.py:2907} INFO - Sync 1 DAGs
[2024-12-17T23:56:34.803+0000] {logging_mixin.py:151} INFO - [2024-12-17T23:56:34.803+0000] {dag.py:3677} INFO - Setting next_dagrun for example_time_delta_sensor_async to None, run_after=None
[2024-12-17T23:56:34.826+0000] {processor.py:179} INFO - Processing /home/airflow/.local/lib/python3.9/site-packages/airflow/example_dags/example_time_delta_sensor_async.py took 0.075 seconds
[2024-12-17T23:57:04.896+0000] {processor.py:157} INFO - Started process (PID=573) to work on /home/airflow/.local/lib/python3.9/site-packages/airflow/example_dags/example_time_delta_sensor_async.py
[2024-12-17T23:57:04.897+0000] {processor.py:829} INFO - Processing file /home/airflow/.local/lib/python3.9/site-packages/airflow/example_dags/example_time_delta_sensor_async.py for tasks to queue
[2024-12-17T23:57:04.900+0000] {logging_mixin.py:151} INFO - [2024-12-17T23:57:04.899+0000] {dagbag.py:539} INFO - Filling up the DagBag from /home/airflow/.local/lib/python3.9/site-packages/airflow/example_dags/example_time_delta_sensor_async.py
[2024-12-17T23:57:04.906+0000] {processor.py:839} INFO - DAG(s) dict_keys(['example_time_delta_sensor_async']) retrieved from /home/airflow/.local/lib/python3.9/site-packages/airflow/example_dags/example_time_delta_sensor_async.py
[2024-12-17T23:57:04.927+0000] {logging_mixin.py:151} INFO - [2024-12-17T23:57:04.927+0000] {dag.py:2907} INFO - Sync 1 DAGs
[2024-12-17T23:57:04.941+0000] {logging_mixin.py:151} INFO - [2024-12-17T23:57:04.941+0000] {dag.py:3677} INFO - Setting next_dagrun for example_time_delta_sensor_async to None, run_after=None
[2024-12-17T23:57:04.962+0000] {processor.py:179} INFO - Processing /home/airflow/.local/lib/python3.9/site-packages/airflow/example_dags/example_time_delta_sensor_async.py took 0.070 seconds
[2024-12-17T23:57:35.377+0000] {processor.py:157} INFO - Started process (PID=635) to work on /home/airflow/.local/lib/python3.9/site-packages/airflow/example_dags/example_time_delta_sensor_async.py
[2024-12-17T23:57:35.378+0000] {processor.py:829} INFO - Processing file /home/airflow/.local/lib/python3.9/site-packages/airflow/example_dags/example_time_delta_sensor_async.py for tasks to queue
[2024-12-17T23:57:35.381+0000] {logging_mixin.py:151} INFO - [2024-12-17T23:57:35.380+0000] {dagbag.py:539} INFO - Filling up the DagBag from /home/airflow/.local/lib/python3.9/site-packages/airflow/example_dags/example_time_delta_sensor_async.py
[2024-12-17T23:57:35.386+0000] {processor.py:839} INFO - DAG(s) dict_keys(['example_time_delta_sensor_async']) retrieved from /home/airflow/.local/lib/python3.9/site-packages/airflow/example_dags/example_time_delta_sensor_async.py
[2024-12-17T23:57:35.408+0000] {logging_mixin.py:151} INFO - [2024-12-17T23:57:35.408+0000] {dag.py:2907} INFO - Sync 1 DAGs
[2024-12-17T23:57:35.422+0000] {logging_mixin.py:151} INFO - [2024-12-17T23:57:35.422+0000] {dag.py:3677} INFO - Setting next_dagrun for example_time_delta_sensor_async to None, run_after=None
[2024-12-17T23:57:35.444+0000] {processor.py:179} INFO - Processing /home/airflow/.local/lib/python3.9/site-packages/airflow/example_dags/example_time_delta_sensor_async.py took 0.071 seconds
[2024-12-17T23:58:05.834+0000] {processor.py:157} INFO - Started process (PID=697) to work on /home/airflow/.local/lib/python3.9/site-packages/airflow/example_dags/example_time_delta_sensor_async.py
[2024-12-17T23:58:05.835+0000] {processor.py:829} INFO - Processing file /home/airflow/.local/lib/python3.9/site-packages/airflow/example_dags/example_time_delta_sensor_async.py for tasks to queue
[2024-12-17T23:58:05.838+0000] {logging_mixin.py:151} INFO - [2024-12-17T23:58:05.838+0000] {dagbag.py:539} INFO - Filling up the DagBag from /home/airflow/.local/lib/python3.9/site-packages/airflow/example_dags/example_time_delta_sensor_async.py
[2024-12-17T23:58:05.844+0000] {processor.py:839} INFO - DAG(s) dict_keys(['example_time_delta_sensor_async']) retrieved from /home/airflow/.local/lib/python3.9/site-packages/airflow/example_dags/example_time_delta_sensor_async.py
[2024-12-17T23:58:05.872+0000] {logging_mixin.py:151} INFO - [2024-12-17T23:58:05.872+0000] {dag.py:2907} INFO - Sync 1 DAGs
[2024-12-17T23:58:05.889+0000] {logging_mixin.py:151} INFO - [2024-12-17T23:58:05.889+0000] {dag.py:3677} INFO - Setting next_dagrun for example_time_delta_sensor_async to None, run_after=None
[2024-12-17T23:58:05.912+0000] {processor.py:179} INFO - Processing /home/airflow/.local/lib/python3.9/site-packages/airflow/example_dags/example_time_delta_sensor_async.py took 0.082 seconds
[2024-12-17T23:58:36.319+0000] {processor.py:157} INFO - Started process (PID=759) to work on /home/airflow/.local/lib/python3.9/site-packages/airflow/example_dags/example_time_delta_sensor_async.py
[2024-12-17T23:58:36.320+0000] {processor.py:829} INFO - Processing file /home/airflow/.local/lib/python3.9/site-packages/airflow/example_dags/example_time_delta_sensor_async.py for tasks to queue
[2024-12-17T23:58:36.323+0000] {logging_mixin.py:151} INFO - [2024-12-17T23:58:36.322+0000] {dagbag.py:539} INFO - Filling up the DagBag from /home/airflow/.local/lib/python3.9/site-packages/airflow/example_dags/example_time_delta_sensor_async.py
[2024-12-17T23:58:36.329+0000] {processor.py:839} INFO - DAG(s) dict_keys(['example_time_delta_sensor_async']) retrieved from /home/airflow/.local/lib/python3.9/site-packages/airflow/example_dags/example_time_delta_sensor_async.py
[2024-12-17T23:58:36.350+0000] {logging_mixin.py:151} INFO - [2024-12-17T23:58:36.350+0000] {dag.py:2907} INFO - Sync 1 DAGs
[2024-12-17T23:58:36.365+0000] {logging_mixin.py:151} INFO - [2024-12-17T23:58:36.365+0000] {dag.py:3677} INFO - Setting next_dagrun for example_time_delta_sensor_async to None, run_after=None
[2024-12-17T23:58:36.384+0000] {processor.py:179} INFO - Processing /home/airflow/.local/lib/python3.9/site-packages/airflow/example_dags/example_time_delta_sensor_async.py took 0.069 seconds
[2024-12-17T23:59:07.442+0000] {processor.py:157} INFO - Started process (PID=821) to work on /home/airflow/.local/lib/python3.9/site-packages/airflow/example_dags/example_time_delta_sensor_async.py
[2024-12-17T23:59:07.443+0000] {processor.py:829} INFO - Processing file /home/airflow/.local/lib/python3.9/site-packages/airflow/example_dags/example_time_delta_sensor_async.py for tasks to queue
[2024-12-17T23:59:07.446+0000] {logging_mixin.py:151} INFO - [2024-12-17T23:59:07.446+0000] {dagbag.py:539} INFO - Filling up the DagBag from /home/airflow/.local/lib/python3.9/site-packages/airflow/example_dags/example_time_delta_sensor_async.py
[2024-12-17T23:59:07.452+0000] {processor.py:839} INFO - DAG(s) dict_keys(['example_time_delta_sensor_async']) retrieved from /home/airflow/.local/lib/python3.9/site-packages/airflow/example_dags/example_time_delta_sensor_async.py
[2024-12-17T23:59:07.473+0000] {logging_mixin.py:151} INFO - [2024-12-17T23:59:07.472+0000] {dag.py:2907} INFO - Sync 1 DAGs
[2024-12-17T23:59:07.487+0000] {logging_mixin.py:151} INFO - [2024-12-17T23:59:07.486+0000] {dag.py:3677} INFO - Setting next_dagrun for example_time_delta_sensor_async to None, run_after=None
[2024-12-17T23:59:07.507+0000] {processor.py:179} INFO - Processing /home/airflow/.local/lib/python3.9/site-packages/airflow/example_dags/example_time_delta_sensor_async.py took 0.068 seconds
[2024-12-17T23:59:38.547+0000] {processor.py:157} INFO - Started process (PID=883) to work on /home/airflow/.local/lib/python3.9/site-packages/airflow/example_dags/example_time_delta_sensor_async.py
[2024-12-17T23:59:38.548+0000] {processor.py:829} INFO - Processing file /home/airflow/.local/lib/python3.9/site-packages/airflow/example_dags/example_time_delta_sensor_async.py for tasks to queue
[2024-12-17T23:59:38.551+0000] {logging_mixin.py:151} INFO - [2024-12-17T23:59:38.550+0000] {dagbag.py:539} INFO - Filling up the DagBag from /home/airflow/.local/lib/python3.9/site-packages/airflow/example_dags/example_time_delta_sensor_async.py
[2024-12-17T23:59:38.557+0000] {processor.py:839} INFO - DAG(s) dict_keys(['example_time_delta_sensor_async']) retrieved from /home/airflow/.local/lib/python3.9/site-packages/airflow/example_dags/example_time_delta_sensor_async.py
[2024-12-17T23:59:38.581+0000] {logging_mixin.py:151} INFO - [2024-12-17T23:59:38.580+0000] {dag.py:2907} INFO - Sync 1 DAGs
[2024-12-17T23:59:38.597+0000] {logging_mixin.py:151} INFO - [2024-12-17T23:59:38.597+0000] {dag.py:3677} INFO - Setting next_dagrun for example_time_delta_sensor_async to None, run_after=None
[2024-12-17T23:59:38.625+0000] {processor.py:179} INFO - Processing /home/airflow/.local/lib/python3.9/site-packages/airflow/example_dags/example_time_delta_sensor_async.py took 0.082 seconds
