[2024-12-17T23:53:06.185+0000] {processor.py:157} INFO - Started process (PID=102) to work on /home/airflow/.local/lib/python3.9/site-packages/airflow/example_dags/example_trigger_controller_dag.py
[2024-12-17T23:53:06.187+0000] {processor.py:829} INFO - Processing file /home/airflow/.local/lib/python3.9/site-packages/airflow/example_dags/example_trigger_controller_dag.py for tasks to queue
[2024-12-17T23:53:06.193+0000] {logging_mixin.py:151} INFO - [2024-12-17T23:53:06.193+0000] {dagbag.py:539} INFO - Filling up the DagBag from /home/airflow/.local/lib/python3.9/site-packages/airflow/example_dags/example_trigger_controller_dag.py
[2024-12-17T23:53:06.201+0000] {processor.py:839} INFO - DAG(s) dict_keys(['example_trigger_controller_dag']) retrieved from /home/airflow/.local/lib/python3.9/site-packages/airflow/example_dags/example_trigger_controller_dag.py
[2024-12-17T23:53:06.342+0000] {logging_mixin.py:151} INFO - [2024-12-17T23:53:06.342+0000] {manager.py:501} INFO - Created Permission View: can read on DAG:example_trigger_controller_dag
[2024-12-17T23:53:06.367+0000] {logging_mixin.py:151} INFO - [2024-12-17T23:53:06.366+0000] {manager.py:501} INFO - Created Permission View: can edit on DAG:example_trigger_controller_dag
[2024-12-17T23:53:06.387+0000] {logging_mixin.py:151} INFO - [2024-12-17T23:53:06.386+0000] {manager.py:501} INFO - Created Permission View: can delete on DAG:example_trigger_controller_dag
[2024-12-17T23:53:06.412+0000] {logging_mixin.py:151} INFO - [2024-12-17T23:53:06.412+0000] {dag.py:2907} INFO - Sync 1 DAGs
[2024-12-17T23:53:06.430+0000] {logging_mixin.py:151} INFO - [2024-12-17T23:53:06.430+0000] {dag.py:2929} INFO - Creating ORM DAG for example_trigger_controller_dag
[2024-12-17T23:53:06.454+0000] {logging_mixin.py:151} INFO - [2024-12-17T23:53:06.454+0000] {dag.py:3677} INFO - Setting next_dagrun for example_trigger_controller_dag to 2021-01-01T00:00:00+00:00, run_after=2021-01-01T00:00:00+00:00
[2024-12-17T23:53:06.488+0000] {processor.py:179} INFO - Processing /home/airflow/.local/lib/python3.9/site-packages/airflow/example_dags/example_trigger_controller_dag.py took 0.307 seconds
[2024-12-17T23:53:37.138+0000] {processor.py:157} INFO - Started process (PID=164) to work on /home/airflow/.local/lib/python3.9/site-packages/airflow/example_dags/example_trigger_controller_dag.py
[2024-12-17T23:53:37.139+0000] {processor.py:829} INFO - Processing file /home/airflow/.local/lib/python3.9/site-packages/airflow/example_dags/example_trigger_controller_dag.py for tasks to queue
[2024-12-17T23:53:37.143+0000] {logging_mixin.py:151} INFO - [2024-12-17T23:53:37.142+0000] {dagbag.py:539} INFO - Filling up the DagBag from /home/airflow/.local/lib/python3.9/site-packages/airflow/example_dags/example_trigger_controller_dag.py
[2024-12-17T23:53:37.149+0000] {processor.py:839} INFO - DAG(s) dict_keys(['example_trigger_controller_dag']) retrieved from /home/airflow/.local/lib/python3.9/site-packages/airflow/example_dags/example_trigger_controller_dag.py
[2024-12-17T23:53:37.176+0000] {logging_mixin.py:151} INFO - [2024-12-17T23:53:37.175+0000] {dag.py:2907} INFO - Sync 1 DAGs
[2024-12-17T23:53:37.209+0000] {logging_mixin.py:151} INFO - [2024-12-17T23:53:37.209+0000] {dag.py:3677} INFO - Setting next_dagrun for example_trigger_controller_dag to 2021-01-01T00:00:00+00:00, run_after=2021-01-01T00:00:00+00:00
[2024-12-17T23:53:37.241+0000] {processor.py:179} INFO - Processing /home/airflow/.local/lib/python3.9/site-packages/airflow/example_dags/example_trigger_controller_dag.py took 0.106 seconds
[2024-12-17T23:54:07.346+0000] {processor.py:157} INFO - Started process (PID=226) to work on /home/airflow/.local/lib/python3.9/site-packages/airflow/example_dags/example_trigger_controller_dag.py
[2024-12-17T23:54:07.348+0000] {processor.py:829} INFO - Processing file /home/airflow/.local/lib/python3.9/site-packages/airflow/example_dags/example_trigger_controller_dag.py for tasks to queue
[2024-12-17T23:54:07.352+0000] {logging_mixin.py:151} INFO - [2024-12-17T23:54:07.352+0000] {dagbag.py:539} INFO - Filling up the DagBag from /home/airflow/.local/lib/python3.9/site-packages/airflow/example_dags/example_trigger_controller_dag.py
[2024-12-17T23:54:07.359+0000] {processor.py:839} INFO - DAG(s) dict_keys(['example_trigger_controller_dag']) retrieved from /home/airflow/.local/lib/python3.9/site-packages/airflow/example_dags/example_trigger_controller_dag.py
[2024-12-17T23:54:07.383+0000] {logging_mixin.py:151} INFO - [2024-12-17T23:54:07.383+0000] {dag.py:2907} INFO - Sync 1 DAGs
[2024-12-17T23:54:07.408+0000] {logging_mixin.py:151} INFO - [2024-12-17T23:54:07.407+0000] {dag.py:3677} INFO - Setting next_dagrun for example_trigger_controller_dag to 2021-01-01T00:00:00+00:00, run_after=2021-01-01T00:00:00+00:00
[2024-12-17T23:54:07.428+0000] {processor.py:179} INFO - Processing /home/airflow/.local/lib/python3.9/site-packages/airflow/example_dags/example_trigger_controller_dag.py took 0.086 seconds
[2024-12-17T23:54:38.927+0000] {processor.py:157} INFO - Started process (PID=287) to work on /home/airflow/.local/lib/python3.9/site-packages/airflow/example_dags/example_trigger_controller_dag.py
[2024-12-17T23:54:38.928+0000] {processor.py:829} INFO - Processing file /home/airflow/.local/lib/python3.9/site-packages/airflow/example_dags/example_trigger_controller_dag.py for tasks to queue
[2024-12-17T23:54:38.931+0000] {logging_mixin.py:151} INFO - [2024-12-17T23:54:38.931+0000] {dagbag.py:539} INFO - Filling up the DagBag from /home/airflow/.local/lib/python3.9/site-packages/airflow/example_dags/example_trigger_controller_dag.py
[2024-12-17T23:54:38.936+0000] {processor.py:839} INFO - DAG(s) dict_keys(['example_trigger_controller_dag']) retrieved from /home/airflow/.local/lib/python3.9/site-packages/airflow/example_dags/example_trigger_controller_dag.py
[2024-12-17T23:54:38.958+0000] {logging_mixin.py:151} INFO - [2024-12-17T23:54:38.958+0000] {dag.py:2907} INFO - Sync 1 DAGs
[2024-12-17T23:54:38.982+0000] {logging_mixin.py:151} INFO - [2024-12-17T23:54:38.982+0000] {dag.py:3677} INFO - Setting next_dagrun for example_trigger_controller_dag to 2021-01-01T00:00:00+00:00, run_after=2021-01-01T00:00:00+00:00
[2024-12-17T23:54:39.003+0000] {processor.py:179} INFO - Processing /home/airflow/.local/lib/python3.9/site-packages/airflow/example_dags/example_trigger_controller_dag.py took 0.079 seconds
[2024-12-17T23:55:10.134+0000] {processor.py:157} INFO - Started process (PID=349) to work on /home/airflow/.local/lib/python3.9/site-packages/airflow/example_dags/example_trigger_controller_dag.py
[2024-12-17T23:55:10.135+0000] {processor.py:829} INFO - Processing file /home/airflow/.local/lib/python3.9/site-packages/airflow/example_dags/example_trigger_controller_dag.py for tasks to queue
[2024-12-17T23:55:10.139+0000] {logging_mixin.py:151} INFO - [2024-12-17T23:55:10.138+0000] {dagbag.py:539} INFO - Filling up the DagBag from /home/airflow/.local/lib/python3.9/site-packages/airflow/example_dags/example_trigger_controller_dag.py
[2024-12-17T23:55:10.144+0000] {processor.py:839} INFO - DAG(s) dict_keys(['example_trigger_controller_dag']) retrieved from /home/airflow/.local/lib/python3.9/site-packages/airflow/example_dags/example_trigger_controller_dag.py
[2024-12-17T23:55:10.166+0000] {logging_mixin.py:151} INFO - [2024-12-17T23:55:10.166+0000] {dag.py:2907} INFO - Sync 1 DAGs
[2024-12-17T23:55:10.190+0000] {logging_mixin.py:151} INFO - [2024-12-17T23:55:10.189+0000] {dag.py:3677} INFO - Setting next_dagrun for example_trigger_controller_dag to 2021-01-01T00:00:00+00:00, run_after=2021-01-01T00:00:00+00:00
[2024-12-17T23:55:10.214+0000] {processor.py:179} INFO - Processing /home/airflow/.local/lib/python3.9/site-packages/airflow/example_dags/example_trigger_controller_dag.py took 0.083 seconds
[2024-12-17T23:55:40.926+0000] {processor.py:157} INFO - Started process (PID=410) to work on /home/airflow/.local/lib/python3.9/site-packages/airflow/example_dags/example_trigger_controller_dag.py
[2024-12-17T23:55:40.927+0000] {processor.py:829} INFO - Processing file /home/airflow/.local/lib/python3.9/site-packages/airflow/example_dags/example_trigger_controller_dag.py for tasks to queue
[2024-12-17T23:55:40.931+0000] {logging_mixin.py:151} INFO - [2024-12-17T23:55:40.930+0000] {dagbag.py:539} INFO - Filling up the DagBag from /home/airflow/.local/lib/python3.9/site-packages/airflow/example_dags/example_trigger_controller_dag.py
[2024-12-17T23:55:40.936+0000] {processor.py:839} INFO - DAG(s) dict_keys(['example_trigger_controller_dag']) retrieved from /home/airflow/.local/lib/python3.9/site-packages/airflow/example_dags/example_trigger_controller_dag.py
[2024-12-17T23:55:40.966+0000] {logging_mixin.py:151} INFO - [2024-12-17T23:55:40.965+0000] {dag.py:2907} INFO - Sync 1 DAGs
[2024-12-17T23:55:41.001+0000] {logging_mixin.py:151} INFO - [2024-12-17T23:55:41.001+0000] {dag.py:3677} INFO - Setting next_dagrun for example_trigger_controller_dag to 2021-01-01T00:00:00+00:00, run_after=2021-01-01T00:00:00+00:00
[2024-12-17T23:55:41.030+0000] {processor.py:179} INFO - Processing /home/airflow/.local/lib/python3.9/site-packages/airflow/example_dags/example_trigger_controller_dag.py took 0.109 seconds
[2024-12-17T23:56:11.866+0000] {processor.py:157} INFO - Started process (PID=471) to work on /home/airflow/.local/lib/python3.9/site-packages/airflow/example_dags/example_trigger_controller_dag.py
[2024-12-17T23:56:11.868+0000] {processor.py:829} INFO - Processing file /home/airflow/.local/lib/python3.9/site-packages/airflow/example_dags/example_trigger_controller_dag.py for tasks to queue
[2024-12-17T23:56:11.872+0000] {logging_mixin.py:151} INFO - [2024-12-17T23:56:11.872+0000] {dagbag.py:539} INFO - Filling up the DagBag from /home/airflow/.local/lib/python3.9/site-packages/airflow/example_dags/example_trigger_controller_dag.py
[2024-12-17T23:56:11.879+0000] {processor.py:839} INFO - DAG(s) dict_keys(['example_trigger_controller_dag']) retrieved from /home/airflow/.local/lib/python3.9/site-packages/airflow/example_dags/example_trigger_controller_dag.py
[2024-12-17T23:56:11.909+0000] {logging_mixin.py:151} INFO - [2024-12-17T23:56:11.908+0000] {dag.py:2907} INFO - Sync 1 DAGs
[2024-12-17T23:56:11.953+0000] {logging_mixin.py:151} INFO - [2024-12-17T23:56:11.953+0000] {dag.py:3677} INFO - Setting next_dagrun for example_trigger_controller_dag to 2021-01-01T00:00:00+00:00, run_after=2021-01-01T00:00:00+00:00
[2024-12-17T23:56:11.978+0000] {processor.py:179} INFO - Processing /home/airflow/.local/lib/python3.9/site-packages/airflow/example_dags/example_trigger_controller_dag.py took 0.115 seconds
[2024-12-17T23:56:42.283+0000] {processor.py:157} INFO - Started process (PID=533) to work on /home/airflow/.local/lib/python3.9/site-packages/airflow/example_dags/example_trigger_controller_dag.py
[2024-12-17T23:56:42.284+0000] {processor.py:829} INFO - Processing file /home/airflow/.local/lib/python3.9/site-packages/airflow/example_dags/example_trigger_controller_dag.py for tasks to queue
[2024-12-17T23:56:42.289+0000] {logging_mixin.py:151} INFO - [2024-12-17T23:56:42.289+0000] {dagbag.py:539} INFO - Filling up the DagBag from /home/airflow/.local/lib/python3.9/site-packages/airflow/example_dags/example_trigger_controller_dag.py
[2024-12-17T23:56:42.296+0000] {processor.py:839} INFO - DAG(s) dict_keys(['example_trigger_controller_dag']) retrieved from /home/airflow/.local/lib/python3.9/site-packages/airflow/example_dags/example_trigger_controller_dag.py
[2024-12-17T23:56:42.322+0000] {logging_mixin.py:151} INFO - [2024-12-17T23:56:42.322+0000] {dag.py:2907} INFO - Sync 1 DAGs
[2024-12-17T23:56:42.359+0000] {logging_mixin.py:151} INFO - [2024-12-17T23:56:42.359+0000] {dag.py:3677} INFO - Setting next_dagrun for example_trigger_controller_dag to 2021-01-01T00:00:00+00:00, run_after=2021-01-01T00:00:00+00:00
[2024-12-17T23:56:42.395+0000] {processor.py:179} INFO - Processing /home/airflow/.local/lib/python3.9/site-packages/airflow/example_dags/example_trigger_controller_dag.py took 0.116 seconds
[2024-12-17T23:57:12.799+0000] {processor.py:157} INFO - Started process (PID=595) to work on /home/airflow/.local/lib/python3.9/site-packages/airflow/example_dags/example_trigger_controller_dag.py
[2024-12-17T23:57:12.800+0000] {processor.py:829} INFO - Processing file /home/airflow/.local/lib/python3.9/site-packages/airflow/example_dags/example_trigger_controller_dag.py for tasks to queue
[2024-12-17T23:57:12.804+0000] {logging_mixin.py:151} INFO - [2024-12-17T23:57:12.804+0000] {dagbag.py:539} INFO - Filling up the DagBag from /home/airflow/.local/lib/python3.9/site-packages/airflow/example_dags/example_trigger_controller_dag.py
[2024-12-17T23:57:12.811+0000] {processor.py:839} INFO - DAG(s) dict_keys(['example_trigger_controller_dag']) retrieved from /home/airflow/.local/lib/python3.9/site-packages/airflow/example_dags/example_trigger_controller_dag.py
[2024-12-17T23:57:12.843+0000] {logging_mixin.py:151} INFO - [2024-12-17T23:57:12.842+0000] {dag.py:2907} INFO - Sync 1 DAGs
[2024-12-17T23:57:12.873+0000] {logging_mixin.py:151} INFO - [2024-12-17T23:57:12.872+0000] {dag.py:3677} INFO - Setting next_dagrun for example_trigger_controller_dag to 2021-01-01T00:00:00+00:00, run_after=2021-01-01T00:00:00+00:00
[2024-12-17T23:57:12.900+0000] {processor.py:179} INFO - Processing /home/airflow/.local/lib/python3.9/site-packages/airflow/example_dags/example_trigger_controller_dag.py took 0.105 seconds
[2024-12-17T23:57:43.272+0000] {processor.py:157} INFO - Started process (PID=657) to work on /home/airflow/.local/lib/python3.9/site-packages/airflow/example_dags/example_trigger_controller_dag.py
[2024-12-17T23:57:43.273+0000] {processor.py:829} INFO - Processing file /home/airflow/.local/lib/python3.9/site-packages/airflow/example_dags/example_trigger_controller_dag.py for tasks to queue
[2024-12-17T23:57:43.278+0000] {logging_mixin.py:151} INFO - [2024-12-17T23:57:43.277+0000] {dagbag.py:539} INFO - Filling up the DagBag from /home/airflow/.local/lib/python3.9/site-packages/airflow/example_dags/example_trigger_controller_dag.py
[2024-12-17T23:57:43.284+0000] {processor.py:839} INFO - DAG(s) dict_keys(['example_trigger_controller_dag']) retrieved from /home/airflow/.local/lib/python3.9/site-packages/airflow/example_dags/example_trigger_controller_dag.py
[2024-12-17T23:57:43.309+0000] {logging_mixin.py:151} INFO - [2024-12-17T23:57:43.309+0000] {dag.py:2907} INFO - Sync 1 DAGs
[2024-12-17T23:57:43.339+0000] {logging_mixin.py:151} INFO - [2024-12-17T23:57:43.339+0000] {dag.py:3677} INFO - Setting next_dagrun for example_trigger_controller_dag to 2021-01-01T00:00:00+00:00, run_after=2021-01-01T00:00:00+00:00
[2024-12-17T23:57:43.361+0000] {processor.py:179} INFO - Processing /home/airflow/.local/lib/python3.9/site-packages/airflow/example_dags/example_trigger_controller_dag.py took 0.094 seconds
[2024-12-17T23:58:13.650+0000] {processor.py:157} INFO - Started process (PID=719) to work on /home/airflow/.local/lib/python3.9/site-packages/airflow/example_dags/example_trigger_controller_dag.py
[2024-12-17T23:58:13.651+0000] {processor.py:829} INFO - Processing file /home/airflow/.local/lib/python3.9/site-packages/airflow/example_dags/example_trigger_controller_dag.py for tasks to queue
[2024-12-17T23:58:13.656+0000] {logging_mixin.py:151} INFO - [2024-12-17T23:58:13.655+0000] {dagbag.py:539} INFO - Filling up the DagBag from /home/airflow/.local/lib/python3.9/site-packages/airflow/example_dags/example_trigger_controller_dag.py
[2024-12-17T23:58:13.662+0000] {processor.py:839} INFO - DAG(s) dict_keys(['example_trigger_controller_dag']) retrieved from /home/airflow/.local/lib/python3.9/site-packages/airflow/example_dags/example_trigger_controller_dag.py
[2024-12-17T23:58:13.687+0000] {logging_mixin.py:151} INFO - [2024-12-17T23:58:13.687+0000] {dag.py:2907} INFO - Sync 1 DAGs
[2024-12-17T23:58:13.715+0000] {logging_mixin.py:151} INFO - [2024-12-17T23:58:13.715+0000] {dag.py:3677} INFO - Setting next_dagrun for example_trigger_controller_dag to 2021-01-01T00:00:00+00:00, run_after=2021-01-01T00:00:00+00:00
[2024-12-17T23:58:13.738+0000] {processor.py:179} INFO - Processing /home/airflow/.local/lib/python3.9/site-packages/airflow/example_dags/example_trigger_controller_dag.py took 0.093 seconds
[2024-12-17T23:58:44.693+0000] {processor.py:157} INFO - Started process (PID=781) to work on /home/airflow/.local/lib/python3.9/site-packages/airflow/example_dags/example_trigger_controller_dag.py
[2024-12-17T23:58:44.694+0000] {processor.py:829} INFO - Processing file /home/airflow/.local/lib/python3.9/site-packages/airflow/example_dags/example_trigger_controller_dag.py for tasks to queue
[2024-12-17T23:58:44.698+0000] {logging_mixin.py:151} INFO - [2024-12-17T23:58:44.697+0000] {dagbag.py:539} INFO - Filling up the DagBag from /home/airflow/.local/lib/python3.9/site-packages/airflow/example_dags/example_trigger_controller_dag.py
[2024-12-17T23:58:44.703+0000] {processor.py:839} INFO - DAG(s) dict_keys(['example_trigger_controller_dag']) retrieved from /home/airflow/.local/lib/python3.9/site-packages/airflow/example_dags/example_trigger_controller_dag.py
[2024-12-17T23:58:44.727+0000] {logging_mixin.py:151} INFO - [2024-12-17T23:58:44.727+0000] {dag.py:2907} INFO - Sync 1 DAGs
[2024-12-17T23:58:44.756+0000] {logging_mixin.py:151} INFO - [2024-12-17T23:58:44.756+0000] {dag.py:3677} INFO - Setting next_dagrun for example_trigger_controller_dag to 2021-01-01T00:00:00+00:00, run_after=2021-01-01T00:00:00+00:00
[2024-12-17T23:58:44.781+0000] {processor.py:179} INFO - Processing /home/airflow/.local/lib/python3.9/site-packages/airflow/example_dags/example_trigger_controller_dag.py took 0.093 seconds
[2024-12-17T23:59:14.821+0000] {processor.py:157} INFO - Started process (PID=843) to work on /home/airflow/.local/lib/python3.9/site-packages/airflow/example_dags/example_trigger_controller_dag.py
[2024-12-17T23:59:14.822+0000] {processor.py:829} INFO - Processing file /home/airflow/.local/lib/python3.9/site-packages/airflow/example_dags/example_trigger_controller_dag.py for tasks to queue
[2024-12-17T23:59:14.825+0000] {logging_mixin.py:151} INFO - [2024-12-17T23:59:14.824+0000] {dagbag.py:539} INFO - Filling up the DagBag from /home/airflow/.local/lib/python3.9/site-packages/airflow/example_dags/example_trigger_controller_dag.py
[2024-12-17T23:59:14.830+0000] {processor.py:839} INFO - DAG(s) dict_keys(['example_trigger_controller_dag']) retrieved from /home/airflow/.local/lib/python3.9/site-packages/airflow/example_dags/example_trigger_controller_dag.py
[2024-12-17T23:59:14.855+0000] {logging_mixin.py:151} INFO - [2024-12-17T23:59:14.855+0000] {dag.py:2907} INFO - Sync 1 DAGs
[2024-12-17T23:59:14.884+0000] {logging_mixin.py:151} INFO - [2024-12-17T23:59:14.884+0000] {dag.py:3677} INFO - Setting next_dagrun for example_trigger_controller_dag to 2021-01-01T00:00:00+00:00, run_after=2021-01-01T00:00:00+00:00
[2024-12-17T23:59:14.910+0000] {processor.py:179} INFO - Processing /home/airflow/.local/lib/python3.9/site-packages/airflow/example_dags/example_trigger_controller_dag.py took 0.093 seconds
[2024-12-17T23:59:44.968+0000] {processor.py:157} INFO - Started process (PID=904) to work on /home/airflow/.local/lib/python3.9/site-packages/airflow/example_dags/example_trigger_controller_dag.py
[2024-12-17T23:59:44.969+0000] {processor.py:829} INFO - Processing file /home/airflow/.local/lib/python3.9/site-packages/airflow/example_dags/example_trigger_controller_dag.py for tasks to queue
[2024-12-17T23:59:44.973+0000] {logging_mixin.py:151} INFO - [2024-12-17T23:59:44.972+0000] {dagbag.py:539} INFO - Filling up the DagBag from /home/airflow/.local/lib/python3.9/site-packages/airflow/example_dags/example_trigger_controller_dag.py
[2024-12-17T23:59:44.978+0000] {processor.py:839} INFO - DAG(s) dict_keys(['example_trigger_controller_dag']) retrieved from /home/airflow/.local/lib/python3.9/site-packages/airflow/example_dags/example_trigger_controller_dag.py
[2024-12-17T23:59:45.001+0000] {logging_mixin.py:151} INFO - [2024-12-17T23:59:45.000+0000] {dag.py:2907} INFO - Sync 1 DAGs
[2024-12-17T23:59:45.025+0000] {logging_mixin.py:151} INFO - [2024-12-17T23:59:45.025+0000] {dag.py:3677} INFO - Setting next_dagrun for example_trigger_controller_dag to 2021-01-01T00:00:00+00:00, run_after=2021-01-01T00:00:00+00:00
[2024-12-17T23:59:45.047+0000] {processor.py:179} INFO - Processing /home/airflow/.local/lib/python3.9/site-packages/airflow/example_dags/example_trigger_controller_dag.py took 0.083 seconds
