[2024-12-17T23:53:05.941+0000] {processor.py:157} INFO - Started process (PID=101) to work on /home/airflow/.local/lib/python3.9/site-packages/airflow/example_dags/example_external_task_marker_dag.py
[2024-12-17T23:53:05.942+0000] {processor.py:829} INFO - Processing file /home/airflow/.local/lib/python3.9/site-packages/airflow/example_dags/example_external_task_marker_dag.py for tasks to queue
[2024-12-17T23:53:05.945+0000] {logging_mixin.py:151} INFO - [2024-12-17T23:53:05.945+0000] {dagbag.py:539} INFO - Filling up the DagBag from /home/airflow/.local/lib/python3.9/site-packages/airflow/example_dags/example_external_task_marker_dag.py
[2024-12-17T23:53:05.953+0000] {processor.py:839} INFO - DAG(s) dict_keys(['example_external_task_marker_parent', 'example_external_task_marker_child']) retrieved from /home/airflow/.local/lib/python3.9/site-packages/airflow/example_dags/example_external_task_marker_dag.py
[2024-12-17T23:53:06.103+0000] {logging_mixin.py:151} INFO - [2024-12-17T23:53:06.103+0000] {manager.py:501} INFO - Created Permission View: can read on DAG:example_external_task_marker_parent
[2024-12-17T23:53:06.117+0000] {logging_mixin.py:151} INFO - [2024-12-17T23:53:06.116+0000] {manager.py:501} INFO - Created Permission View: can edit on DAG:example_external_task_marker_parent
[2024-12-17T23:53:06.133+0000] {logging_mixin.py:151} INFO - [2024-12-17T23:53:06.132+0000] {manager.py:501} INFO - Created Permission View: can delete on DAG:example_external_task_marker_parent
[2024-12-17T23:53:06.176+0000] {logging_mixin.py:151} INFO - [2024-12-17T23:53:06.176+0000] {manager.py:501} INFO - Created Permission View: can read on DAG:example_external_task_marker_child
[2024-12-17T23:53:06.188+0000] {logging_mixin.py:151} INFO - [2024-12-17T23:53:06.187+0000] {manager.py:501} INFO - Created Permission View: can edit on DAG:example_external_task_marker_child
[2024-12-17T23:53:06.205+0000] {logging_mixin.py:151} INFO - [2024-12-17T23:53:06.204+0000] {manager.py:501} INFO - Created Permission View: can delete on DAG:example_external_task_marker_child
[2024-12-17T23:53:06.217+0000] {logging_mixin.py:151} INFO - [2024-12-17T23:53:06.217+0000] {dag.py:2907} INFO - Sync 2 DAGs
[2024-12-17T23:53:06.236+0000] {logging_mixin.py:151} INFO - [2024-12-17T23:53:06.235+0000] {dag.py:2929} INFO - Creating ORM DAG for example_external_task_marker_parent
[2024-12-17T23:53:06.237+0000] {logging_mixin.py:151} INFO - [2024-12-17T23:53:06.237+0000] {dag.py:2929} INFO - Creating ORM DAG for example_external_task_marker_child
[2024-12-17T23:53:06.238+0000] {logging_mixin.py:151} INFO - [2024-12-17T23:53:06.238+0000] {dag.py:3677} INFO - Setting next_dagrun for example_external_task_marker_child to None, run_after=None
[2024-12-17T23:53:06.239+0000] {logging_mixin.py:151} INFO - [2024-12-17T23:53:06.239+0000] {dag.py:3677} INFO - Setting next_dagrun for example_external_task_marker_parent to None, run_after=None
[2024-12-17T23:53:06.268+0000] {processor.py:179} INFO - Processing /home/airflow/.local/lib/python3.9/site-packages/airflow/example_dags/example_external_task_marker_dag.py took 0.331 seconds
[2024-12-17T23:53:36.999+0000] {processor.py:157} INFO - Started process (PID=163) to work on /home/airflow/.local/lib/python3.9/site-packages/airflow/example_dags/example_external_task_marker_dag.py
[2024-12-17T23:53:37.000+0000] {processor.py:829} INFO - Processing file /home/airflow/.local/lib/python3.9/site-packages/airflow/example_dags/example_external_task_marker_dag.py for tasks to queue
[2024-12-17T23:53:37.004+0000] {logging_mixin.py:151} INFO - [2024-12-17T23:53:37.004+0000] {dagbag.py:539} INFO - Filling up the DagBag from /home/airflow/.local/lib/python3.9/site-packages/airflow/example_dags/example_external_task_marker_dag.py
[2024-12-17T23:53:37.015+0000] {processor.py:839} INFO - DAG(s) dict_keys(['example_external_task_marker_parent', 'example_external_task_marker_child']) retrieved from /home/airflow/.local/lib/python3.9/site-packages/airflow/example_dags/example_external_task_marker_dag.py
[2024-12-17T23:53:37.055+0000] {logging_mixin.py:151} INFO - [2024-12-17T23:53:37.054+0000] {dag.py:2907} INFO - Sync 2 DAGs
[2024-12-17T23:53:37.073+0000] {logging_mixin.py:151} INFO - [2024-12-17T23:53:37.073+0000] {dag.py:3677} INFO - Setting next_dagrun for example_external_task_marker_child to None, run_after=None
[2024-12-17T23:53:37.078+0000] {logging_mixin.py:151} INFO - [2024-12-17T23:53:37.078+0000] {dag.py:3677} INFO - Setting next_dagrun for example_external_task_marker_parent to None, run_after=None
[2024-12-17T23:53:37.105+0000] {processor.py:179} INFO - Processing /home/airflow/.local/lib/python3.9/site-packages/airflow/example_dags/example_external_task_marker_dag.py took 0.109 seconds
[2024-12-17T23:54:07.237+0000] {processor.py:157} INFO - Started process (PID=224) to work on /home/airflow/.local/lib/python3.9/site-packages/airflow/example_dags/example_external_task_marker_dag.py
[2024-12-17T23:54:07.239+0000] {processor.py:829} INFO - Processing file /home/airflow/.local/lib/python3.9/site-packages/airflow/example_dags/example_external_task_marker_dag.py for tasks to queue
[2024-12-17T23:54:07.241+0000] {logging_mixin.py:151} INFO - [2024-12-17T23:54:07.241+0000] {dagbag.py:539} INFO - Filling up the DagBag from /home/airflow/.local/lib/python3.9/site-packages/airflow/example_dags/example_external_task_marker_dag.py
[2024-12-17T23:54:07.249+0000] {processor.py:839} INFO - DAG(s) dict_keys(['example_external_task_marker_parent', 'example_external_task_marker_child']) retrieved from /home/airflow/.local/lib/python3.9/site-packages/airflow/example_dags/example_external_task_marker_dag.py
[2024-12-17T23:54:07.277+0000] {logging_mixin.py:151} INFO - [2024-12-17T23:54:07.277+0000] {dag.py:2907} INFO - Sync 2 DAGs
[2024-12-17T23:54:07.291+0000] {logging_mixin.py:151} INFO - [2024-12-17T23:54:07.291+0000] {dag.py:3677} INFO - Setting next_dagrun for example_external_task_marker_child to None, run_after=None
[2024-12-17T23:54:07.296+0000] {logging_mixin.py:151} INFO - [2024-12-17T23:54:07.295+0000] {dag.py:3677} INFO - Setting next_dagrun for example_external_task_marker_parent to None, run_after=None
[2024-12-17T23:54:07.319+0000] {processor.py:179} INFO - Processing /home/airflow/.local/lib/python3.9/site-packages/airflow/example_dags/example_external_task_marker_dag.py took 0.085 seconds
[2024-12-17T23:54:38.827+0000] {processor.py:157} INFO - Started process (PID=286) to work on /home/airflow/.local/lib/python3.9/site-packages/airflow/example_dags/example_external_task_marker_dag.py
[2024-12-17T23:54:38.828+0000] {processor.py:829} INFO - Processing file /home/airflow/.local/lib/python3.9/site-packages/airflow/example_dags/example_external_task_marker_dag.py for tasks to queue
[2024-12-17T23:54:38.831+0000] {logging_mixin.py:151} INFO - [2024-12-17T23:54:38.831+0000] {dagbag.py:539} INFO - Filling up the DagBag from /home/airflow/.local/lib/python3.9/site-packages/airflow/example_dags/example_external_task_marker_dag.py
[2024-12-17T23:54:38.838+0000] {processor.py:839} INFO - DAG(s) dict_keys(['example_external_task_marker_parent', 'example_external_task_marker_child']) retrieved from /home/airflow/.local/lib/python3.9/site-packages/airflow/example_dags/example_external_task_marker_dag.py
[2024-12-17T23:54:38.866+0000] {logging_mixin.py:151} INFO - [2024-12-17T23:54:38.865+0000] {dag.py:2907} INFO - Sync 2 DAGs
[2024-12-17T23:54:38.880+0000] {logging_mixin.py:151} INFO - [2024-12-17T23:54:38.880+0000] {dag.py:3677} INFO - Setting next_dagrun for example_external_task_marker_child to None, run_after=None
[2024-12-17T23:54:38.884+0000] {logging_mixin.py:151} INFO - [2024-12-17T23:54:38.884+0000] {dag.py:3677} INFO - Setting next_dagrun for example_external_task_marker_parent to None, run_after=None
[2024-12-17T23:54:38.907+0000] {processor.py:179} INFO - Processing /home/airflow/.local/lib/python3.9/site-packages/airflow/example_dags/example_external_task_marker_dag.py took 0.084 seconds
[2024-12-17T23:55:10.033+0000] {processor.py:157} INFO - Started process (PID=348) to work on /home/airflow/.local/lib/python3.9/site-packages/airflow/example_dags/example_external_task_marker_dag.py
[2024-12-17T23:55:10.034+0000] {processor.py:829} INFO - Processing file /home/airflow/.local/lib/python3.9/site-packages/airflow/example_dags/example_external_task_marker_dag.py for tasks to queue
[2024-12-17T23:55:10.038+0000] {logging_mixin.py:151} INFO - [2024-12-17T23:55:10.037+0000] {dagbag.py:539} INFO - Filling up the DagBag from /home/airflow/.local/lib/python3.9/site-packages/airflow/example_dags/example_external_task_marker_dag.py
[2024-12-17T23:55:10.044+0000] {processor.py:839} INFO - DAG(s) dict_keys(['example_external_task_marker_child', 'example_external_task_marker_parent']) retrieved from /home/airflow/.local/lib/python3.9/site-packages/airflow/example_dags/example_external_task_marker_dag.py
[2024-12-17T23:55:10.074+0000] {logging_mixin.py:151} INFO - [2024-12-17T23:55:10.073+0000] {dag.py:2907} INFO - Sync 2 DAGs
[2024-12-17T23:55:10.088+0000] {logging_mixin.py:151} INFO - [2024-12-17T23:55:10.088+0000] {dag.py:3677} INFO - Setting next_dagrun for example_external_task_marker_child to None, run_after=None
[2024-12-17T23:55:10.093+0000] {logging_mixin.py:151} INFO - [2024-12-17T23:55:10.093+0000] {dag.py:3677} INFO - Setting next_dagrun for example_external_task_marker_parent to None, run_after=None
[2024-12-17T23:55:10.112+0000] {processor.py:179} INFO - Processing /home/airflow/.local/lib/python3.9/site-packages/airflow/example_dags/example_external_task_marker_dag.py took 0.082 seconds
[2024-12-17T23:55:40.821+0000] {processor.py:157} INFO - Started process (PID=409) to work on /home/airflow/.local/lib/python3.9/site-packages/airflow/example_dags/example_external_task_marker_dag.py
[2024-12-17T23:55:40.822+0000] {processor.py:829} INFO - Processing file /home/airflow/.local/lib/python3.9/site-packages/airflow/example_dags/example_external_task_marker_dag.py for tasks to queue
[2024-12-17T23:55:40.826+0000] {logging_mixin.py:151} INFO - [2024-12-17T23:55:40.825+0000] {dagbag.py:539} INFO - Filling up the DagBag from /home/airflow/.local/lib/python3.9/site-packages/airflow/example_dags/example_external_task_marker_dag.py
[2024-12-17T23:55:40.832+0000] {processor.py:839} INFO - DAG(s) dict_keys(['example_external_task_marker_parent', 'example_external_task_marker_child']) retrieved from /home/airflow/.local/lib/python3.9/site-packages/airflow/example_dags/example_external_task_marker_dag.py
[2024-12-17T23:55:40.863+0000] {logging_mixin.py:151} INFO - [2024-12-17T23:55:40.862+0000] {dag.py:2907} INFO - Sync 2 DAGs
[2024-12-17T23:55:40.878+0000] {logging_mixin.py:151} INFO - [2024-12-17T23:55:40.878+0000] {dag.py:3677} INFO - Setting next_dagrun for example_external_task_marker_child to None, run_after=None
[2024-12-17T23:55:40.883+0000] {logging_mixin.py:151} INFO - [2024-12-17T23:55:40.883+0000] {dag.py:3677} INFO - Setting next_dagrun for example_external_task_marker_parent to None, run_after=None
[2024-12-17T23:55:40.904+0000] {processor.py:179} INFO - Processing /home/airflow/.local/lib/python3.9/site-packages/airflow/example_dags/example_external_task_marker_dag.py took 0.086 seconds
[2024-12-17T23:56:11.739+0000] {processor.py:157} INFO - Started process (PID=470) to work on /home/airflow/.local/lib/python3.9/site-packages/airflow/example_dags/example_external_task_marker_dag.py
[2024-12-17T23:56:11.740+0000] {processor.py:829} INFO - Processing file /home/airflow/.local/lib/python3.9/site-packages/airflow/example_dags/example_external_task_marker_dag.py for tasks to queue
[2024-12-17T23:56:11.745+0000] {logging_mixin.py:151} INFO - [2024-12-17T23:56:11.744+0000] {dagbag.py:539} INFO - Filling up the DagBag from /home/airflow/.local/lib/python3.9/site-packages/airflow/example_dags/example_external_task_marker_dag.py
[2024-12-17T23:56:11.755+0000] {processor.py:839} INFO - DAG(s) dict_keys(['example_external_task_marker_child', 'example_external_task_marker_parent']) retrieved from /home/airflow/.local/lib/python3.9/site-packages/airflow/example_dags/example_external_task_marker_dag.py
[2024-12-17T23:56:11.788+0000] {logging_mixin.py:151} INFO - [2024-12-17T23:56:11.788+0000] {dag.py:2907} INFO - Sync 2 DAGs
[2024-12-17T23:56:11.813+0000] {logging_mixin.py:151} INFO - [2024-12-17T23:56:11.813+0000] {dag.py:3677} INFO - Setting next_dagrun for example_external_task_marker_child to None, run_after=None
[2024-12-17T23:56:11.819+0000] {logging_mixin.py:151} INFO - [2024-12-17T23:56:11.819+0000] {dag.py:3677} INFO - Setting next_dagrun for example_external_task_marker_parent to None, run_after=None
[2024-12-17T23:56:11.842+0000] {processor.py:179} INFO - Processing /home/airflow/.local/lib/python3.9/site-packages/airflow/example_dags/example_external_task_marker_dag.py took 0.107 seconds
[2024-12-17T23:56:42.179+0000] {processor.py:157} INFO - Started process (PID=532) to work on /home/airflow/.local/lib/python3.9/site-packages/airflow/example_dags/example_external_task_marker_dag.py
[2024-12-17T23:56:42.180+0000] {processor.py:829} INFO - Processing file /home/airflow/.local/lib/python3.9/site-packages/airflow/example_dags/example_external_task_marker_dag.py for tasks to queue
[2024-12-17T23:56:42.183+0000] {logging_mixin.py:151} INFO - [2024-12-17T23:56:42.183+0000] {dagbag.py:539} INFO - Filling up the DagBag from /home/airflow/.local/lib/python3.9/site-packages/airflow/example_dags/example_external_task_marker_dag.py
[2024-12-17T23:56:42.190+0000] {processor.py:839} INFO - DAG(s) dict_keys(['example_external_task_marker_child', 'example_external_task_marker_parent']) retrieved from /home/airflow/.local/lib/python3.9/site-packages/airflow/example_dags/example_external_task_marker_dag.py
[2024-12-17T23:56:42.217+0000] {logging_mixin.py:151} INFO - [2024-12-17T23:56:42.216+0000] {dag.py:2907} INFO - Sync 2 DAGs
[2024-12-17T23:56:42.232+0000] {logging_mixin.py:151} INFO - [2024-12-17T23:56:42.232+0000] {dag.py:3677} INFO - Setting next_dagrun for example_external_task_marker_child to None, run_after=None
[2024-12-17T23:56:42.236+0000] {logging_mixin.py:151} INFO - [2024-12-17T23:56:42.236+0000] {dag.py:3677} INFO - Setting next_dagrun for example_external_task_marker_parent to None, run_after=None
[2024-12-17T23:56:42.260+0000] {processor.py:179} INFO - Processing /home/airflow/.local/lib/python3.9/site-packages/airflow/example_dags/example_external_task_marker_dag.py took 0.084 seconds
[2024-12-17T23:57:12.693+0000] {processor.py:157} INFO - Started process (PID=594) to work on /home/airflow/.local/lib/python3.9/site-packages/airflow/example_dags/example_external_task_marker_dag.py
[2024-12-17T23:57:12.694+0000] {processor.py:829} INFO - Processing file /home/airflow/.local/lib/python3.9/site-packages/airflow/example_dags/example_external_task_marker_dag.py for tasks to queue
[2024-12-17T23:57:12.701+0000] {logging_mixin.py:151} INFO - [2024-12-17T23:57:12.701+0000] {dagbag.py:539} INFO - Filling up the DagBag from /home/airflow/.local/lib/python3.9/site-packages/airflow/example_dags/example_external_task_marker_dag.py
[2024-12-17T23:57:12.707+0000] {processor.py:839} INFO - DAG(s) dict_keys(['example_external_task_marker_child', 'example_external_task_marker_parent']) retrieved from /home/airflow/.local/lib/python3.9/site-packages/airflow/example_dags/example_external_task_marker_dag.py
[2024-12-17T23:57:12.732+0000] {logging_mixin.py:151} INFO - [2024-12-17T23:57:12.732+0000] {dag.py:2907} INFO - Sync 2 DAGs
[2024-12-17T23:57:12.747+0000] {logging_mixin.py:151} INFO - [2024-12-17T23:57:12.747+0000] {dag.py:3677} INFO - Setting next_dagrun for example_external_task_marker_child to None, run_after=None
[2024-12-17T23:57:12.751+0000] {logging_mixin.py:151} INFO - [2024-12-17T23:57:12.751+0000] {dag.py:3677} INFO - Setting next_dagrun for example_external_task_marker_parent to None, run_after=None
[2024-12-17T23:57:12.777+0000] {processor.py:179} INFO - Processing /home/airflow/.local/lib/python3.9/site-packages/airflow/example_dags/example_external_task_marker_dag.py took 0.088 seconds
[2024-12-17T23:57:42.805+0000] {processor.py:157} INFO - Started process (PID=655) to work on /home/airflow/.local/lib/python3.9/site-packages/airflow/example_dags/example_external_task_marker_dag.py
[2024-12-17T23:57:42.806+0000] {processor.py:829} INFO - Processing file /home/airflow/.local/lib/python3.9/site-packages/airflow/example_dags/example_external_task_marker_dag.py for tasks to queue
[2024-12-17T23:57:42.810+0000] {logging_mixin.py:151} INFO - [2024-12-17T23:57:42.810+0000] {dagbag.py:539} INFO - Filling up the DagBag from /home/airflow/.local/lib/python3.9/site-packages/airflow/example_dags/example_external_task_marker_dag.py
[2024-12-17T23:57:42.818+0000] {processor.py:839} INFO - DAG(s) dict_keys(['example_external_task_marker_child', 'example_external_task_marker_parent']) retrieved from /home/airflow/.local/lib/python3.9/site-packages/airflow/example_dags/example_external_task_marker_dag.py
[2024-12-17T23:57:42.853+0000] {logging_mixin.py:151} INFO - [2024-12-17T23:57:42.852+0000] {dag.py:2907} INFO - Sync 2 DAGs
[2024-12-17T23:57:42.870+0000] {logging_mixin.py:151} INFO - [2024-12-17T23:57:42.870+0000] {dag.py:3677} INFO - Setting next_dagrun for example_external_task_marker_child to None, run_after=None
[2024-12-17T23:57:42.875+0000] {logging_mixin.py:151} INFO - [2024-12-17T23:57:42.875+0000] {dag.py:3677} INFO - Setting next_dagrun for example_external_task_marker_parent to None, run_after=None
[2024-12-17T23:57:42.898+0000] {processor.py:179} INFO - Processing /home/airflow/.local/lib/python3.9/site-packages/airflow/example_dags/example_external_task_marker_dag.py took 0.097 seconds
[2024-12-17T23:58:13.544+0000] {processor.py:157} INFO - Started process (PID=718) to work on /home/airflow/.local/lib/python3.9/site-packages/airflow/example_dags/example_external_task_marker_dag.py
[2024-12-17T23:58:13.545+0000] {processor.py:829} INFO - Processing file /home/airflow/.local/lib/python3.9/site-packages/airflow/example_dags/example_external_task_marker_dag.py for tasks to queue
[2024-12-17T23:58:13.550+0000] {logging_mixin.py:151} INFO - [2024-12-17T23:58:13.550+0000] {dagbag.py:539} INFO - Filling up the DagBag from /home/airflow/.local/lib/python3.9/site-packages/airflow/example_dags/example_external_task_marker_dag.py
[2024-12-17T23:58:13.556+0000] {processor.py:839} INFO - DAG(s) dict_keys(['example_external_task_marker_parent', 'example_external_task_marker_child']) retrieved from /home/airflow/.local/lib/python3.9/site-packages/airflow/example_dags/example_external_task_marker_dag.py
[2024-12-17T23:58:13.583+0000] {logging_mixin.py:151} INFO - [2024-12-17T23:58:13.582+0000] {dag.py:2907} INFO - Sync 2 DAGs
[2024-12-17T23:58:13.597+0000] {logging_mixin.py:151} INFO - [2024-12-17T23:58:13.597+0000] {dag.py:3677} INFO - Setting next_dagrun for example_external_task_marker_child to None, run_after=None
[2024-12-17T23:58:13.604+0000] {logging_mixin.py:151} INFO - [2024-12-17T23:58:13.604+0000] {dag.py:3677} INFO - Setting next_dagrun for example_external_task_marker_parent to None, run_after=None
[2024-12-17T23:58:13.625+0000] {processor.py:179} INFO - Processing /home/airflow/.local/lib/python3.9/site-packages/airflow/example_dags/example_external_task_marker_dag.py took 0.085 seconds
[2024-12-17T23:58:44.580+0000] {processor.py:157} INFO - Started process (PID=780) to work on /home/airflow/.local/lib/python3.9/site-packages/airflow/example_dags/example_external_task_marker_dag.py
[2024-12-17T23:58:44.581+0000] {processor.py:829} INFO - Processing file /home/airflow/.local/lib/python3.9/site-packages/airflow/example_dags/example_external_task_marker_dag.py for tasks to queue
[2024-12-17T23:58:44.586+0000] {logging_mixin.py:151} INFO - [2024-12-17T23:58:44.586+0000] {dagbag.py:539} INFO - Filling up the DagBag from /home/airflow/.local/lib/python3.9/site-packages/airflow/example_dags/example_external_task_marker_dag.py
[2024-12-17T23:58:44.593+0000] {processor.py:839} INFO - DAG(s) dict_keys(['example_external_task_marker_parent', 'example_external_task_marker_child']) retrieved from /home/airflow/.local/lib/python3.9/site-packages/airflow/example_dags/example_external_task_marker_dag.py
[2024-12-17T23:58:44.623+0000] {logging_mixin.py:151} INFO - [2024-12-17T23:58:44.622+0000] {dag.py:2907} INFO - Sync 2 DAGs
[2024-12-17T23:58:44.640+0000] {logging_mixin.py:151} INFO - [2024-12-17T23:58:44.639+0000] {dag.py:3677} INFO - Setting next_dagrun for example_external_task_marker_child to None, run_after=None
[2024-12-17T23:58:44.645+0000] {logging_mixin.py:151} INFO - [2024-12-17T23:58:44.645+0000] {dag.py:3677} INFO - Setting next_dagrun for example_external_task_marker_parent to None, run_after=None
[2024-12-17T23:58:44.669+0000] {processor.py:179} INFO - Processing /home/airflow/.local/lib/python3.9/site-packages/airflow/example_dags/example_external_task_marker_dag.py took 0.093 seconds
[2024-12-17T23:59:14.712+0000] {processor.py:157} INFO - Started process (PID=841) to work on /home/airflow/.local/lib/python3.9/site-packages/airflow/example_dags/example_external_task_marker_dag.py
[2024-12-17T23:59:14.713+0000] {processor.py:829} INFO - Processing file /home/airflow/.local/lib/python3.9/site-packages/airflow/example_dags/example_external_task_marker_dag.py for tasks to queue
[2024-12-17T23:59:14.716+0000] {logging_mixin.py:151} INFO - [2024-12-17T23:59:14.716+0000] {dagbag.py:539} INFO - Filling up the DagBag from /home/airflow/.local/lib/python3.9/site-packages/airflow/example_dags/example_external_task_marker_dag.py
[2024-12-17T23:59:14.723+0000] {processor.py:839} INFO - DAG(s) dict_keys(['example_external_task_marker_parent', 'example_external_task_marker_child']) retrieved from /home/airflow/.local/lib/python3.9/site-packages/airflow/example_dags/example_external_task_marker_dag.py
[2024-12-17T23:59:14.753+0000] {logging_mixin.py:151} INFO - [2024-12-17T23:59:14.753+0000] {dag.py:2907} INFO - Sync 2 DAGs
[2024-12-17T23:59:14.769+0000] {logging_mixin.py:151} INFO - [2024-12-17T23:59:14.769+0000] {dag.py:3677} INFO - Setting next_dagrun for example_external_task_marker_child to None, run_after=None
[2024-12-17T23:59:14.774+0000] {logging_mixin.py:151} INFO - [2024-12-17T23:59:14.773+0000] {dag.py:3677} INFO - Setting next_dagrun for example_external_task_marker_parent to None, run_after=None
[2024-12-17T23:59:14.793+0000] {processor.py:179} INFO - Processing /home/airflow/.local/lib/python3.9/site-packages/airflow/example_dags/example_external_task_marker_dag.py took 0.084 seconds
[2024-12-17T23:59:44.853+0000] {processor.py:157} INFO - Started process (PID=903) to work on /home/airflow/.local/lib/python3.9/site-packages/airflow/example_dags/example_external_task_marker_dag.py
[2024-12-17T23:59:44.855+0000] {processor.py:829} INFO - Processing file /home/airflow/.local/lib/python3.9/site-packages/airflow/example_dags/example_external_task_marker_dag.py for tasks to queue
[2024-12-17T23:59:44.858+0000] {logging_mixin.py:151} INFO - [2024-12-17T23:59:44.858+0000] {dagbag.py:539} INFO - Filling up the DagBag from /home/airflow/.local/lib/python3.9/site-packages/airflow/example_dags/example_external_task_marker_dag.py
[2024-12-17T23:59:44.866+0000] {processor.py:839} INFO - DAG(s) dict_keys(['example_external_task_marker_child', 'example_external_task_marker_parent']) retrieved from /home/airflow/.local/lib/python3.9/site-packages/airflow/example_dags/example_external_task_marker_dag.py
[2024-12-17T23:59:44.897+0000] {logging_mixin.py:151} INFO - [2024-12-17T23:59:44.897+0000] {dag.py:2907} INFO - Sync 2 DAGs
[2024-12-17T23:59:44.918+0000] {logging_mixin.py:151} INFO - [2024-12-17T23:59:44.918+0000] {dag.py:3677} INFO - Setting next_dagrun for example_external_task_marker_child to None, run_after=None
[2024-12-17T23:59:44.923+0000] {logging_mixin.py:151} INFO - [2024-12-17T23:59:44.922+0000] {dag.py:3677} INFO - Setting next_dagrun for example_external_task_marker_parent to None, run_after=None
[2024-12-17T23:59:44.944+0000] {processor.py:179} INFO - Processing /home/airflow/.local/lib/python3.9/site-packages/airflow/example_dags/example_external_task_marker_dag.py took 0.095 seconds
