[2024-12-17T23:53:06.299+0000] {processor.py:157} INFO - Started process (PID=103) to work on /home/airflow/.local/lib/python3.9/site-packages/airflow/example_dags/example_kubernetes_executor.py
[2024-12-17T23:53:06.301+0000] {processor.py:829} INFO - Processing file /home/airflow/.local/lib/python3.9/site-packages/airflow/example_dags/example_kubernetes_executor.py for tasks to queue
[2024-12-17T23:53:06.305+0000] {logging_mixin.py:151} INFO - [2024-12-17T23:53:06.305+0000] {dagbag.py:539} INFO - Filling up the DagBag from /home/airflow/.local/lib/python3.9/site-packages/airflow/example_dags/example_kubernetes_executor.py
[2024-12-17T23:53:06.749+0000] {processor.py:839} INFO - DAG(s) dict_keys(['example_kubernetes_executor']) retrieved from /home/airflow/.local/lib/python3.9/site-packages/airflow/example_dags/example_kubernetes_executor.py
[2024-12-17T23:53:06.914+0000] {logging_mixin.py:151} INFO - [2024-12-17T23:53:06.914+0000] {manager.py:501} INFO - Created Permission View: can read on DAG:example_kubernetes_executor
[2024-12-17T23:53:06.929+0000] {logging_mixin.py:151} INFO - [2024-12-17T23:53:06.928+0000] {manager.py:501} INFO - Created Permission View: can edit on DAG:example_kubernetes_executor
[2024-12-17T23:53:06.939+0000] {logging_mixin.py:151} INFO - [2024-12-17T23:53:06.939+0000] {manager.py:501} INFO - Created Permission View: can delete on DAG:example_kubernetes_executor
[2024-12-17T23:53:06.962+0000] {logging_mixin.py:151} INFO - [2024-12-17T23:53:06.961+0000] {dag.py:2907} INFO - Sync 1 DAGs
[2024-12-17T23:53:06.980+0000] {logging_mixin.py:151} INFO - [2024-12-17T23:53:06.980+0000] {dag.py:2929} INFO - Creating ORM DAG for example_kubernetes_executor
[2024-12-17T23:53:06.982+0000] {logging_mixin.py:151} INFO - [2024-12-17T23:53:06.982+0000] {dag.py:3677} INFO - Setting next_dagrun for example_kubernetes_executor to None, run_after=None
[2024-12-17T23:53:07.019+0000] {processor.py:179} INFO - Processing /home/airflow/.local/lib/python3.9/site-packages/airflow/example_dags/example_kubernetes_executor.py took 0.726 seconds
[2024-12-17T23:53:37.268+0000] {processor.py:157} INFO - Started process (PID=165) to work on /home/airflow/.local/lib/python3.9/site-packages/airflow/example_dags/example_kubernetes_executor.py
[2024-12-17T23:53:37.270+0000] {processor.py:829} INFO - Processing file /home/airflow/.local/lib/python3.9/site-packages/airflow/example_dags/example_kubernetes_executor.py for tasks to queue
[2024-12-17T23:53:37.273+0000] {logging_mixin.py:151} INFO - [2024-12-17T23:53:37.273+0000] {dagbag.py:539} INFO - Filling up the DagBag from /home/airflow/.local/lib/python3.9/site-packages/airflow/example_dags/example_kubernetes_executor.py
[2024-12-17T23:53:37.563+0000] {processor.py:839} INFO - DAG(s) dict_keys(['example_kubernetes_executor']) retrieved from /home/airflow/.local/lib/python3.9/site-packages/airflow/example_dags/example_kubernetes_executor.py
[2024-12-17T23:53:37.613+0000] {logging_mixin.py:151} INFO - [2024-12-17T23:53:37.612+0000] {dag.py:2907} INFO - Sync 1 DAGs
[2024-12-17T23:53:37.633+0000] {logging_mixin.py:151} INFO - [2024-12-17T23:53:37.633+0000] {dag.py:3677} INFO - Setting next_dagrun for example_kubernetes_executor to None, run_after=None
[2024-12-17T23:53:37.656+0000] {processor.py:179} INFO - Processing /home/airflow/.local/lib/python3.9/site-packages/airflow/example_dags/example_kubernetes_executor.py took 0.392 seconds
[2024-12-17T23:54:07.694+0000] {processor.py:157} INFO - Started process (PID=229) to work on /home/airflow/.local/lib/python3.9/site-packages/airflow/example_dags/example_kubernetes_executor.py
[2024-12-17T23:54:07.695+0000] {processor.py:829} INFO - Processing file /home/airflow/.local/lib/python3.9/site-packages/airflow/example_dags/example_kubernetes_executor.py for tasks to queue
[2024-12-17T23:54:07.699+0000] {logging_mixin.py:151} INFO - [2024-12-17T23:54:07.698+0000] {dagbag.py:539} INFO - Filling up the DagBag from /home/airflow/.local/lib/python3.9/site-packages/airflow/example_dags/example_kubernetes_executor.py
[2024-12-17T23:54:07.998+0000] {processor.py:839} INFO - DAG(s) dict_keys(['example_kubernetes_executor']) retrieved from /home/airflow/.local/lib/python3.9/site-packages/airflow/example_dags/example_kubernetes_executor.py
[2024-12-17T23:54:08.041+0000] {logging_mixin.py:151} INFO - [2024-12-17T23:54:08.040+0000] {dag.py:2907} INFO - Sync 1 DAGs
[2024-12-17T23:54:08.058+0000] {logging_mixin.py:151} INFO - [2024-12-17T23:54:08.058+0000] {dag.py:3677} INFO - Setting next_dagrun for example_kubernetes_executor to None, run_after=None
[2024-12-17T23:54:08.084+0000] {processor.py:179} INFO - Processing /home/airflow/.local/lib/python3.9/site-packages/airflow/example_dags/example_kubernetes_executor.py took 0.395 seconds
[2024-12-17T23:54:39.024+0000] {processor.py:157} INFO - Started process (PID=288) to work on /home/airflow/.local/lib/python3.9/site-packages/airflow/example_dags/example_kubernetes_executor.py
[2024-12-17T23:54:39.025+0000] {processor.py:829} INFO - Processing file /home/airflow/.local/lib/python3.9/site-packages/airflow/example_dags/example_kubernetes_executor.py for tasks to queue
[2024-12-17T23:54:39.028+0000] {logging_mixin.py:151} INFO - [2024-12-17T23:54:39.027+0000] {dagbag.py:539} INFO - Filling up the DagBag from /home/airflow/.local/lib/python3.9/site-packages/airflow/example_dags/example_kubernetes_executor.py
[2024-12-17T23:54:39.283+0000] {processor.py:839} INFO - DAG(s) dict_keys(['example_kubernetes_executor']) retrieved from /home/airflow/.local/lib/python3.9/site-packages/airflow/example_dags/example_kubernetes_executor.py
[2024-12-17T23:54:39.325+0000] {logging_mixin.py:151} INFO - [2024-12-17T23:54:39.324+0000] {dag.py:2907} INFO - Sync 1 DAGs
[2024-12-17T23:54:39.338+0000] {logging_mixin.py:151} INFO - [2024-12-17T23:54:39.338+0000] {dag.py:3677} INFO - Setting next_dagrun for example_kubernetes_executor to None, run_after=None
[2024-12-17T23:54:39.383+0000] {processor.py:179} INFO - Processing /home/airflow/.local/lib/python3.9/site-packages/airflow/example_dags/example_kubernetes_executor.py took 0.362 seconds
[2024-12-17T23:55:10.238+0000] {processor.py:157} INFO - Started process (PID=350) to work on /home/airflow/.local/lib/python3.9/site-packages/airflow/example_dags/example_kubernetes_executor.py
[2024-12-17T23:55:10.239+0000] {processor.py:829} INFO - Processing file /home/airflow/.local/lib/python3.9/site-packages/airflow/example_dags/example_kubernetes_executor.py for tasks to queue
[2024-12-17T23:55:10.243+0000] {logging_mixin.py:151} INFO - [2024-12-17T23:55:10.242+0000] {dagbag.py:539} INFO - Filling up the DagBag from /home/airflow/.local/lib/python3.9/site-packages/airflow/example_dags/example_kubernetes_executor.py
[2024-12-17T23:55:10.526+0000] {processor.py:839} INFO - DAG(s) dict_keys(['example_kubernetes_executor']) retrieved from /home/airflow/.local/lib/python3.9/site-packages/airflow/example_dags/example_kubernetes_executor.py
[2024-12-17T23:55:10.564+0000] {logging_mixin.py:151} INFO - [2024-12-17T23:55:10.564+0000] {dag.py:2907} INFO - Sync 1 DAGs
[2024-12-17T23:55:10.578+0000] {logging_mixin.py:151} INFO - [2024-12-17T23:55:10.578+0000] {dag.py:3677} INFO - Setting next_dagrun for example_kubernetes_executor to None, run_after=None
[2024-12-17T23:55:10.602+0000] {processor.py:179} INFO - Processing /home/airflow/.local/lib/python3.9/site-packages/airflow/example_dags/example_kubernetes_executor.py took 0.368 seconds
[2024-12-17T23:55:40.984+0000] {processor.py:157} INFO - Started process (PID=411) to work on /home/airflow/.local/lib/python3.9/site-packages/airflow/example_dags/example_kubernetes_executor.py
[2024-12-17T23:55:40.985+0000] {processor.py:829} INFO - Processing file /home/airflow/.local/lib/python3.9/site-packages/airflow/example_dags/example_kubernetes_executor.py for tasks to queue
[2024-12-17T23:55:40.989+0000] {logging_mixin.py:151} INFO - [2024-12-17T23:55:40.988+0000] {dagbag.py:539} INFO - Filling up the DagBag from /home/airflow/.local/lib/python3.9/site-packages/airflow/example_dags/example_kubernetes_executor.py
[2024-12-17T23:55:41.304+0000] {processor.py:839} INFO - DAG(s) dict_keys(['example_kubernetes_executor']) retrieved from /home/airflow/.local/lib/python3.9/site-packages/airflow/example_dags/example_kubernetes_executor.py
[2024-12-17T23:55:41.344+0000] {logging_mixin.py:151} INFO - [2024-12-17T23:55:41.343+0000] {dag.py:2907} INFO - Sync 1 DAGs
[2024-12-17T23:55:41.358+0000] {logging_mixin.py:151} INFO - [2024-12-17T23:55:41.358+0000] {dag.py:3677} INFO - Setting next_dagrun for example_kubernetes_executor to None, run_after=None
[2024-12-17T23:55:41.381+0000] {processor.py:179} INFO - Processing /home/airflow/.local/lib/python3.9/site-packages/airflow/example_dags/example_kubernetes_executor.py took 0.402 seconds
[2024-12-17T23:56:11.910+0000] {processor.py:157} INFO - Started process (PID=472) to work on /home/airflow/.local/lib/python3.9/site-packages/airflow/example_dags/example_kubernetes_executor.py
[2024-12-17T23:56:11.911+0000] {processor.py:829} INFO - Processing file /home/airflow/.local/lib/python3.9/site-packages/airflow/example_dags/example_kubernetes_executor.py for tasks to queue
[2024-12-17T23:56:11.916+0000] {logging_mixin.py:151} INFO - [2024-12-17T23:56:11.915+0000] {dagbag.py:539} INFO - Filling up the DagBag from /home/airflow/.local/lib/python3.9/site-packages/airflow/example_dags/example_kubernetes_executor.py
[2024-12-17T23:56:12.346+0000] {processor.py:839} INFO - DAG(s) dict_keys(['example_kubernetes_executor']) retrieved from /home/airflow/.local/lib/python3.9/site-packages/airflow/example_dags/example_kubernetes_executor.py
[2024-12-17T23:56:12.384+0000] {logging_mixin.py:151} INFO - [2024-12-17T23:56:12.384+0000] {dag.py:2907} INFO - Sync 1 DAGs
[2024-12-17T23:56:12.400+0000] {logging_mixin.py:151} INFO - [2024-12-17T23:56:12.400+0000] {dag.py:3677} INFO - Setting next_dagrun for example_kubernetes_executor to None, run_after=None
[2024-12-17T23:56:12.423+0000] {processor.py:179} INFO - Processing /home/airflow/.local/lib/python3.9/site-packages/airflow/example_dags/example_kubernetes_executor.py took 0.521 seconds
[2024-12-17T23:56:42.462+0000] {processor.py:157} INFO - Started process (PID=536) to work on /home/airflow/.local/lib/python3.9/site-packages/airflow/example_dags/example_kubernetes_executor.py
[2024-12-17T23:56:42.463+0000] {processor.py:829} INFO - Processing file /home/airflow/.local/lib/python3.9/site-packages/airflow/example_dags/example_kubernetes_executor.py for tasks to queue
[2024-12-17T23:56:42.466+0000] {logging_mixin.py:151} INFO - [2024-12-17T23:56:42.466+0000] {dagbag.py:539} INFO - Filling up the DagBag from /home/airflow/.local/lib/python3.9/site-packages/airflow/example_dags/example_kubernetes_executor.py
[2024-12-17T23:56:42.765+0000] {processor.py:839} INFO - DAG(s) dict_keys(['example_kubernetes_executor']) retrieved from /home/airflow/.local/lib/python3.9/site-packages/airflow/example_dags/example_kubernetes_executor.py
[2024-12-17T23:56:42.816+0000] {logging_mixin.py:151} INFO - [2024-12-17T23:56:42.815+0000] {dag.py:2907} INFO - Sync 1 DAGs
[2024-12-17T23:56:42.835+0000] {logging_mixin.py:151} INFO - [2024-12-17T23:56:42.835+0000] {dag.py:3677} INFO - Setting next_dagrun for example_kubernetes_executor to None, run_after=None
[2024-12-17T23:56:42.856+0000] {processor.py:179} INFO - Processing /home/airflow/.local/lib/python3.9/site-packages/airflow/example_dags/example_kubernetes_executor.py took 0.399 seconds
[2024-12-17T23:57:13.104+0000] {processor.py:157} INFO - Started process (PID=600) to work on /home/airflow/.local/lib/python3.9/site-packages/airflow/example_dags/example_kubernetes_executor.py
[2024-12-17T23:57:13.105+0000] {processor.py:829} INFO - Processing file /home/airflow/.local/lib/python3.9/site-packages/airflow/example_dags/example_kubernetes_executor.py for tasks to queue
[2024-12-17T23:57:13.108+0000] {logging_mixin.py:151} INFO - [2024-12-17T23:57:13.107+0000] {dagbag.py:539} INFO - Filling up the DagBag from /home/airflow/.local/lib/python3.9/site-packages/airflow/example_dags/example_kubernetes_executor.py
[2024-12-17T23:57:13.370+0000] {processor.py:839} INFO - DAG(s) dict_keys(['example_kubernetes_executor']) retrieved from /home/airflow/.local/lib/python3.9/site-packages/airflow/example_dags/example_kubernetes_executor.py
[2024-12-17T23:57:13.405+0000] {logging_mixin.py:151} INFO - [2024-12-17T23:57:13.405+0000] {dag.py:2907} INFO - Sync 1 DAGs
[2024-12-17T23:57:13.420+0000] {logging_mixin.py:151} INFO - [2024-12-17T23:57:13.420+0000] {dag.py:3677} INFO - Setting next_dagrun for example_kubernetes_executor to None, run_after=None
[2024-12-17T23:57:13.447+0000] {processor.py:179} INFO - Processing /home/airflow/.local/lib/python3.9/site-packages/airflow/example_dags/example_kubernetes_executor.py took 0.347 seconds
[2024-12-17T23:57:43.660+0000] {processor.py:157} INFO - Started process (PID=662) to work on /home/airflow/.local/lib/python3.9/site-packages/airflow/example_dags/example_kubernetes_executor.py
[2024-12-17T23:57:43.661+0000] {processor.py:829} INFO - Processing file /home/airflow/.local/lib/python3.9/site-packages/airflow/example_dags/example_kubernetes_executor.py for tasks to queue
[2024-12-17T23:57:43.665+0000] {logging_mixin.py:151} INFO - [2024-12-17T23:57:43.664+0000] {dagbag.py:539} INFO - Filling up the DagBag from /home/airflow/.local/lib/python3.9/site-packages/airflow/example_dags/example_kubernetes_executor.py
[2024-12-17T23:57:43.929+0000] {processor.py:839} INFO - DAG(s) dict_keys(['example_kubernetes_executor']) retrieved from /home/airflow/.local/lib/python3.9/site-packages/airflow/example_dags/example_kubernetes_executor.py
[2024-12-17T23:57:43.966+0000] {logging_mixin.py:151} INFO - [2024-12-17T23:57:43.966+0000] {dag.py:2907} INFO - Sync 1 DAGs
[2024-12-17T23:57:43.979+0000] {logging_mixin.py:151} INFO - [2024-12-17T23:57:43.979+0000] {dag.py:3677} INFO - Setting next_dagrun for example_kubernetes_executor to None, run_after=None
[2024-12-17T23:57:44.006+0000] {processor.py:179} INFO - Processing /home/airflow/.local/lib/python3.9/site-packages/airflow/example_dags/example_kubernetes_executor.py took 0.350 seconds
[2024-12-17T23:58:14.056+0000] {processor.py:157} INFO - Started process (PID=725) to work on /home/airflow/.local/lib/python3.9/site-packages/airflow/example_dags/example_kubernetes_executor.py
[2024-12-17T23:58:14.058+0000] {processor.py:829} INFO - Processing file /home/airflow/.local/lib/python3.9/site-packages/airflow/example_dags/example_kubernetes_executor.py for tasks to queue
[2024-12-17T23:58:14.061+0000] {logging_mixin.py:151} INFO - [2024-12-17T23:58:14.060+0000] {dagbag.py:539} INFO - Filling up the DagBag from /home/airflow/.local/lib/python3.9/site-packages/airflow/example_dags/example_kubernetes_executor.py
[2024-12-17T23:58:14.324+0000] {processor.py:839} INFO - DAG(s) dict_keys(['example_kubernetes_executor']) retrieved from /home/airflow/.local/lib/python3.9/site-packages/airflow/example_dags/example_kubernetes_executor.py
[2024-12-17T23:58:14.367+0000] {logging_mixin.py:151} INFO - [2024-12-17T23:58:14.366+0000] {dag.py:2907} INFO - Sync 1 DAGs
[2024-12-17T23:58:14.382+0000] {logging_mixin.py:151} INFO - [2024-12-17T23:58:14.382+0000] {dag.py:3677} INFO - Setting next_dagrun for example_kubernetes_executor to None, run_after=None
[2024-12-17T23:58:14.406+0000] {processor.py:179} INFO - Processing /home/airflow/.local/lib/python3.9/site-packages/airflow/example_dags/example_kubernetes_executor.py took 0.354 seconds
[2024-12-17T23:58:45.090+0000] {processor.py:157} INFO - Started process (PID=787) to work on /home/airflow/.local/lib/python3.9/site-packages/airflow/example_dags/example_kubernetes_executor.py
[2024-12-17T23:58:45.091+0000] {processor.py:829} INFO - Processing file /home/airflow/.local/lib/python3.9/site-packages/airflow/example_dags/example_kubernetes_executor.py for tasks to queue
[2024-12-17T23:58:45.095+0000] {logging_mixin.py:151} INFO - [2024-12-17T23:58:45.094+0000] {dagbag.py:539} INFO - Filling up the DagBag from /home/airflow/.local/lib/python3.9/site-packages/airflow/example_dags/example_kubernetes_executor.py
[2024-12-17T23:58:45.389+0000] {processor.py:839} INFO - DAG(s) dict_keys(['example_kubernetes_executor']) retrieved from /home/airflow/.local/lib/python3.9/site-packages/airflow/example_dags/example_kubernetes_executor.py
[2024-12-17T23:58:45.432+0000] {logging_mixin.py:151} INFO - [2024-12-17T23:58:45.431+0000] {dag.py:2907} INFO - Sync 1 DAGs
[2024-12-17T23:58:45.448+0000] {logging_mixin.py:151} INFO - [2024-12-17T23:58:45.448+0000] {dag.py:3677} INFO - Setting next_dagrun for example_kubernetes_executor to None, run_after=None
[2024-12-17T23:58:45.473+0000] {processor.py:179} INFO - Processing /home/airflow/.local/lib/python3.9/site-packages/airflow/example_dags/example_kubernetes_executor.py took 0.388 seconds
[2024-12-17T23:59:15.530+0000] {processor.py:157} INFO - Started process (PID=849) to work on /home/airflow/.local/lib/python3.9/site-packages/airflow/example_dags/example_kubernetes_executor.py
[2024-12-17T23:59:15.531+0000] {processor.py:829} INFO - Processing file /home/airflow/.local/lib/python3.9/site-packages/airflow/example_dags/example_kubernetes_executor.py for tasks to queue
[2024-12-17T23:59:15.534+0000] {logging_mixin.py:151} INFO - [2024-12-17T23:59:15.534+0000] {dagbag.py:539} INFO - Filling up the DagBag from /home/airflow/.local/lib/python3.9/site-packages/airflow/example_dags/example_kubernetes_executor.py
[2024-12-17T23:59:15.821+0000] {processor.py:839} INFO - DAG(s) dict_keys(['example_kubernetes_executor']) retrieved from /home/airflow/.local/lib/python3.9/site-packages/airflow/example_dags/example_kubernetes_executor.py
[2024-12-17T23:59:15.861+0000] {logging_mixin.py:151} INFO - [2024-12-17T23:59:15.861+0000] {dag.py:2907} INFO - Sync 1 DAGs
[2024-12-17T23:59:15.877+0000] {logging_mixin.py:151} INFO - [2024-12-17T23:59:15.876+0000] {dag.py:3677} INFO - Setting next_dagrun for example_kubernetes_executor to None, run_after=None
[2024-12-17T23:59:15.898+0000] {processor.py:179} INFO - Processing /home/airflow/.local/lib/python3.9/site-packages/airflow/example_dags/example_kubernetes_executor.py took 0.371 seconds
[2024-12-17T23:59:46.863+0000] {processor.py:157} INFO - Started process (PID=914) to work on /home/airflow/.local/lib/python3.9/site-packages/airflow/example_dags/example_kubernetes_executor.py
[2024-12-17T23:59:46.864+0000] {processor.py:829} INFO - Processing file /home/airflow/.local/lib/python3.9/site-packages/airflow/example_dags/example_kubernetes_executor.py for tasks to queue
[2024-12-17T23:59:46.867+0000] {logging_mixin.py:151} INFO - [2024-12-17T23:59:46.867+0000] {dagbag.py:539} INFO - Filling up the DagBag from /home/airflow/.local/lib/python3.9/site-packages/airflow/example_dags/example_kubernetes_executor.py
[2024-12-17T23:59:47.145+0000] {processor.py:839} INFO - DAG(s) dict_keys(['example_kubernetes_executor']) retrieved from /home/airflow/.local/lib/python3.9/site-packages/airflow/example_dags/example_kubernetes_executor.py
[2024-12-17T23:59:47.188+0000] {logging_mixin.py:151} INFO - [2024-12-17T23:59:47.187+0000] {dag.py:2907} INFO - Sync 1 DAGs
[2024-12-17T23:59:47.203+0000] {logging_mixin.py:151} INFO - [2024-12-17T23:59:47.203+0000] {dag.py:3677} INFO - Setting next_dagrun for example_kubernetes_executor to None, run_after=None
[2024-12-17T23:59:47.229+0000] {processor.py:179} INFO - Processing /home/airflow/.local/lib/python3.9/site-packages/airflow/example_dags/example_kubernetes_executor.py took 0.370 seconds
