[2024-12-17T23:53:07.421+0000] {processor.py:157} INFO - Started process (PID=109) to work on /home/airflow/.local/lib/python3.9/site-packages/airflow/example_dags/example_params_trigger_ui.py
[2024-12-17T23:53:07.422+0000] {processor.py:829} INFO - Processing file /home/airflow/.local/lib/python3.9/site-packages/airflow/example_dags/example_params_trigger_ui.py for tasks to queue
[2024-12-17T23:53:07.425+0000] {logging_mixin.py:151} INFO - [2024-12-17T23:53:07.424+0000] {dagbag.py:539} INFO - Filling up the DagBag from /home/airflow/.local/lib/python3.9/site-packages/airflow/example_dags/example_params_trigger_ui.py
[2024-12-17T23:53:07.444+0000] {processor.py:839} INFO - DAG(s) dict_keys(['example_params_trigger_ui']) retrieved from /home/airflow/.local/lib/python3.9/site-packages/airflow/example_dags/example_params_trigger_ui.py
[2024-12-17T23:53:07.617+0000] {logging_mixin.py:151} INFO - [2024-12-17T23:53:07.616+0000] {manager.py:501} INFO - Created Permission View: can read on DAG:example_params_trigger_ui
[2024-12-17T23:53:07.629+0000] {logging_mixin.py:151} INFO - [2024-12-17T23:53:07.629+0000] {manager.py:501} INFO - Created Permission View: can edit on DAG:example_params_trigger_ui
[2024-12-17T23:53:07.639+0000] {logging_mixin.py:151} INFO - [2024-12-17T23:53:07.639+0000] {manager.py:501} INFO - Created Permission View: can delete on DAG:example_params_trigger_ui
[2024-12-17T23:53:07.657+0000] {logging_mixin.py:151} INFO - [2024-12-17T23:53:07.657+0000] {dag.py:2907} INFO - Sync 1 DAGs
[2024-12-17T23:53:07.671+0000] {logging_mixin.py:151} INFO - [2024-12-17T23:53:07.671+0000] {dag.py:2929} INFO - Creating ORM DAG for example_params_trigger_ui
[2024-12-17T23:53:07.674+0000] {logging_mixin.py:151} INFO - [2024-12-17T23:53:07.673+0000] {dag.py:3677} INFO - Setting next_dagrun for example_params_trigger_ui to None, run_after=None
[2024-12-17T23:53:07.707+0000] {processor.py:179} INFO - Processing /home/airflow/.local/lib/python3.9/site-packages/airflow/example_dags/example_params_trigger_ui.py took 0.290 seconds
[2024-12-17T23:53:37.795+0000] {processor.py:157} INFO - Started process (PID=170) to work on /home/airflow/.local/lib/python3.9/site-packages/airflow/example_dags/example_params_trigger_ui.py
[2024-12-17T23:53:37.797+0000] {processor.py:829} INFO - Processing file /home/airflow/.local/lib/python3.9/site-packages/airflow/example_dags/example_params_trigger_ui.py for tasks to queue
[2024-12-17T23:53:37.800+0000] {logging_mixin.py:151} INFO - [2024-12-17T23:53:37.799+0000] {dagbag.py:539} INFO - Filling up the DagBag from /home/airflow/.local/lib/python3.9/site-packages/airflow/example_dags/example_params_trigger_ui.py
[2024-12-17T23:53:37.825+0000] {processor.py:839} INFO - DAG(s) dict_keys(['example_params_trigger_ui']) retrieved from /home/airflow/.local/lib/python3.9/site-packages/airflow/example_dags/example_params_trigger_ui.py
[2024-12-17T23:53:37.886+0000] {logging_mixin.py:151} INFO - [2024-12-17T23:53:37.886+0000] {dag.py:2907} INFO - Sync 1 DAGs
[2024-12-17T23:53:37.899+0000] {logging_mixin.py:151} INFO - [2024-12-17T23:53:37.899+0000] {dag.py:3677} INFO - Setting next_dagrun for example_params_trigger_ui to None, run_after=None
[2024-12-17T23:53:37.922+0000] {processor.py:179} INFO - Processing /home/airflow/.local/lib/python3.9/site-packages/airflow/example_dags/example_params_trigger_ui.py took 0.131 seconds
[2024-12-17T23:54:08.045+0000] {processor.py:157} INFO - Started process (PID=233) to work on /home/airflow/.local/lib/python3.9/site-packages/airflow/example_dags/example_params_trigger_ui.py
[2024-12-17T23:54:08.047+0000] {processor.py:829} INFO - Processing file /home/airflow/.local/lib/python3.9/site-packages/airflow/example_dags/example_params_trigger_ui.py for tasks to queue
[2024-12-17T23:54:08.050+0000] {logging_mixin.py:151} INFO - [2024-12-17T23:54:08.049+0000] {dagbag.py:539} INFO - Filling up the DagBag from /home/airflow/.local/lib/python3.9/site-packages/airflow/example_dags/example_params_trigger_ui.py
[2024-12-17T23:54:08.070+0000] {processor.py:839} INFO - DAG(s) dict_keys(['example_params_trigger_ui']) retrieved from /home/airflow/.local/lib/python3.9/site-packages/airflow/example_dags/example_params_trigger_ui.py
[2024-12-17T23:54:08.136+0000] {logging_mixin.py:151} INFO - [2024-12-17T23:54:08.136+0000] {dag.py:2907} INFO - Sync 1 DAGs
[2024-12-17T23:54:08.153+0000] {logging_mixin.py:151} INFO - [2024-12-17T23:54:08.152+0000] {dag.py:3677} INFO - Setting next_dagrun for example_params_trigger_ui to None, run_after=None
[2024-12-17T23:54:08.179+0000] {processor.py:179} INFO - Processing /home/airflow/.local/lib/python3.9/site-packages/airflow/example_dags/example_params_trigger_ui.py took 0.138 seconds
[2024-12-17T23:54:39.604+0000] {processor.py:157} INFO - Started process (PID=294) to work on /home/airflow/.local/lib/python3.9/site-packages/airflow/example_dags/example_params_trigger_ui.py
[2024-12-17T23:54:39.605+0000] {processor.py:829} INFO - Processing file /home/airflow/.local/lib/python3.9/site-packages/airflow/example_dags/example_params_trigger_ui.py for tasks to queue
[2024-12-17T23:54:39.608+0000] {logging_mixin.py:151} INFO - [2024-12-17T23:54:39.608+0000] {dagbag.py:539} INFO - Filling up the DagBag from /home/airflow/.local/lib/python3.9/site-packages/airflow/example_dags/example_params_trigger_ui.py
[2024-12-17T23:54:39.626+0000] {processor.py:839} INFO - DAG(s) dict_keys(['example_params_trigger_ui']) retrieved from /home/airflow/.local/lib/python3.9/site-packages/airflow/example_dags/example_params_trigger_ui.py
[2024-12-17T23:54:39.675+0000] {logging_mixin.py:151} INFO - [2024-12-17T23:54:39.675+0000] {dag.py:2907} INFO - Sync 1 DAGs
[2024-12-17T23:54:39.689+0000] {logging_mixin.py:151} INFO - [2024-12-17T23:54:39.689+0000] {dag.py:3677} INFO - Setting next_dagrun for example_params_trigger_ui to None, run_after=None
[2024-12-17T23:54:39.714+0000] {processor.py:179} INFO - Processing /home/airflow/.local/lib/python3.9/site-packages/airflow/example_dags/example_params_trigger_ui.py took 0.115 seconds
[2024-12-17T23:55:11.436+0000] {processor.py:157} INFO - Started process (PID=356) to work on /home/airflow/.local/lib/python3.9/site-packages/airflow/example_dags/example_params_trigger_ui.py
[2024-12-17T23:55:11.437+0000] {processor.py:829} INFO - Processing file /home/airflow/.local/lib/python3.9/site-packages/airflow/example_dags/example_params_trigger_ui.py for tasks to queue
[2024-12-17T23:55:11.440+0000] {logging_mixin.py:151} INFO - [2024-12-17T23:55:11.440+0000] {dagbag.py:539} INFO - Filling up the DagBag from /home/airflow/.local/lib/python3.9/site-packages/airflow/example_dags/example_params_trigger_ui.py
[2024-12-17T23:55:11.459+0000] {processor.py:839} INFO - DAG(s) dict_keys(['example_params_trigger_ui']) retrieved from /home/airflow/.local/lib/python3.9/site-packages/airflow/example_dags/example_params_trigger_ui.py
[2024-12-17T23:55:11.508+0000] {logging_mixin.py:151} INFO - [2024-12-17T23:55:11.507+0000] {dag.py:2907} INFO - Sync 1 DAGs
[2024-12-17T23:55:11.520+0000] {logging_mixin.py:151} INFO - [2024-12-17T23:55:11.520+0000] {dag.py:3677} INFO - Setting next_dagrun for example_params_trigger_ui to None, run_after=None
[2024-12-17T23:55:11.544+0000] {processor.py:179} INFO - Processing /home/airflow/.local/lib/python3.9/site-packages/airflow/example_dags/example_params_trigger_ui.py took 0.112 seconds
[2024-12-17T23:55:41.785+0000] {processor.py:157} INFO - Started process (PID=418) to work on /home/airflow/.local/lib/python3.9/site-packages/airflow/example_dags/example_params_trigger_ui.py
[2024-12-17T23:55:41.786+0000] {processor.py:829} INFO - Processing file /home/airflow/.local/lib/python3.9/site-packages/airflow/example_dags/example_params_trigger_ui.py for tasks to queue
[2024-12-17T23:55:41.789+0000] {logging_mixin.py:151} INFO - [2024-12-17T23:55:41.789+0000] {dagbag.py:539} INFO - Filling up the DagBag from /home/airflow/.local/lib/python3.9/site-packages/airflow/example_dags/example_params_trigger_ui.py
[2024-12-17T23:55:41.808+0000] {processor.py:839} INFO - DAG(s) dict_keys(['example_params_trigger_ui']) retrieved from /home/airflow/.local/lib/python3.9/site-packages/airflow/example_dags/example_params_trigger_ui.py
[2024-12-17T23:55:41.856+0000] {logging_mixin.py:151} INFO - [2024-12-17T23:55:41.855+0000] {dag.py:2907} INFO - Sync 1 DAGs
[2024-12-17T23:55:41.869+0000] {logging_mixin.py:151} INFO - [2024-12-17T23:55:41.869+0000] {dag.py:3677} INFO - Setting next_dagrun for example_params_trigger_ui to None, run_after=None
[2024-12-17T23:55:41.890+0000] {processor.py:179} INFO - Processing /home/airflow/.local/lib/python3.9/site-packages/airflow/example_dags/example_params_trigger_ui.py took 0.109 seconds
[2024-12-17T23:56:12.591+0000] {processor.py:157} INFO - Started process (PID=478) to work on /home/airflow/.local/lib/python3.9/site-packages/airflow/example_dags/example_params_trigger_ui.py
[2024-12-17T23:56:12.592+0000] {processor.py:829} INFO - Processing file /home/airflow/.local/lib/python3.9/site-packages/airflow/example_dags/example_params_trigger_ui.py for tasks to queue
[2024-12-17T23:56:12.595+0000] {logging_mixin.py:151} INFO - [2024-12-17T23:56:12.595+0000] {dagbag.py:539} INFO - Filling up the DagBag from /home/airflow/.local/lib/python3.9/site-packages/airflow/example_dags/example_params_trigger_ui.py
[2024-12-17T23:56:12.614+0000] {processor.py:839} INFO - DAG(s) dict_keys(['example_params_trigger_ui']) retrieved from /home/airflow/.local/lib/python3.9/site-packages/airflow/example_dags/example_params_trigger_ui.py
[2024-12-17T23:56:12.664+0000] {logging_mixin.py:151} INFO - [2024-12-17T23:56:12.664+0000] {dag.py:2907} INFO - Sync 1 DAGs
[2024-12-17T23:56:12.678+0000] {logging_mixin.py:151} INFO - [2024-12-17T23:56:12.677+0000] {dag.py:3677} INFO - Setting next_dagrun for example_params_trigger_ui to None, run_after=None
[2024-12-17T23:56:12.700+0000] {processor.py:179} INFO - Processing /home/airflow/.local/lib/python3.9/site-packages/airflow/example_dags/example_params_trigger_ui.py took 0.112 seconds
[2024-12-17T23:56:42.885+0000] {processor.py:157} INFO - Started process (PID=540) to work on /home/airflow/.local/lib/python3.9/site-packages/airflow/example_dags/example_params_trigger_ui.py
[2024-12-17T23:56:42.886+0000] {processor.py:829} INFO - Processing file /home/airflow/.local/lib/python3.9/site-packages/airflow/example_dags/example_params_trigger_ui.py for tasks to queue
[2024-12-17T23:56:42.890+0000] {logging_mixin.py:151} INFO - [2024-12-17T23:56:42.889+0000] {dagbag.py:539} INFO - Filling up the DagBag from /home/airflow/.local/lib/python3.9/site-packages/airflow/example_dags/example_params_trigger_ui.py
[2024-12-17T23:56:42.912+0000] {processor.py:839} INFO - DAG(s) dict_keys(['example_params_trigger_ui']) retrieved from /home/airflow/.local/lib/python3.9/site-packages/airflow/example_dags/example_params_trigger_ui.py
[2024-12-17T23:56:42.964+0000] {logging_mixin.py:151} INFO - [2024-12-17T23:56:42.963+0000] {dag.py:2907} INFO - Sync 1 DAGs
[2024-12-17T23:56:42.977+0000] {logging_mixin.py:151} INFO - [2024-12-17T23:56:42.977+0000] {dag.py:3677} INFO - Setting next_dagrun for example_params_trigger_ui to None, run_after=None
[2024-12-17T23:56:43.010+0000] {processor.py:179} INFO - Processing /home/airflow/.local/lib/python3.9/site-packages/airflow/example_dags/example_params_trigger_ui.py took 0.129 seconds
[2024-12-17T23:57:13.472+0000] {processor.py:157} INFO - Started process (PID=602) to work on /home/airflow/.local/lib/python3.9/site-packages/airflow/example_dags/example_params_trigger_ui.py
[2024-12-17T23:57:13.473+0000] {processor.py:829} INFO - Processing file /home/airflow/.local/lib/python3.9/site-packages/airflow/example_dags/example_params_trigger_ui.py for tasks to queue
[2024-12-17T23:57:13.476+0000] {logging_mixin.py:151} INFO - [2024-12-17T23:57:13.475+0000] {dagbag.py:539} INFO - Filling up the DagBag from /home/airflow/.local/lib/python3.9/site-packages/airflow/example_dags/example_params_trigger_ui.py
[2024-12-17T23:57:13.494+0000] {processor.py:839} INFO - DAG(s) dict_keys(['example_params_trigger_ui']) retrieved from /home/airflow/.local/lib/python3.9/site-packages/airflow/example_dags/example_params_trigger_ui.py
[2024-12-17T23:57:13.541+0000] {logging_mixin.py:151} INFO - [2024-12-17T23:57:13.540+0000] {dag.py:2907} INFO - Sync 1 DAGs
[2024-12-17T23:57:13.554+0000] {logging_mixin.py:151} INFO - [2024-12-17T23:57:13.554+0000] {dag.py:3677} INFO - Setting next_dagrun for example_params_trigger_ui to None, run_after=None
[2024-12-17T23:57:13.576+0000] {processor.py:179} INFO - Processing /home/airflow/.local/lib/python3.9/site-packages/airflow/example_dags/example_params_trigger_ui.py took 0.109 seconds
[2024-12-17T23:57:43.912+0000] {processor.py:157} INFO - Started process (PID=664) to work on /home/airflow/.local/lib/python3.9/site-packages/airflow/example_dags/example_params_trigger_ui.py
[2024-12-17T23:57:43.913+0000] {processor.py:829} INFO - Processing file /home/airflow/.local/lib/python3.9/site-packages/airflow/example_dags/example_params_trigger_ui.py for tasks to queue
[2024-12-17T23:57:43.916+0000] {logging_mixin.py:151} INFO - [2024-12-17T23:57:43.915+0000] {dagbag.py:539} INFO - Filling up the DagBag from /home/airflow/.local/lib/python3.9/site-packages/airflow/example_dags/example_params_trigger_ui.py
[2024-12-17T23:57:43.935+0000] {processor.py:839} INFO - DAG(s) dict_keys(['example_params_trigger_ui']) retrieved from /home/airflow/.local/lib/python3.9/site-packages/airflow/example_dags/example_params_trigger_ui.py
[2024-12-17T23:57:43.987+0000] {logging_mixin.py:151} INFO - [2024-12-17T23:57:43.986+0000] {dag.py:2907} INFO - Sync 1 DAGs
[2024-12-17T23:57:44.003+0000] {logging_mixin.py:151} INFO - [2024-12-17T23:57:44.002+0000] {dag.py:3677} INFO - Setting next_dagrun for example_params_trigger_ui to None, run_after=None
[2024-12-17T23:57:44.026+0000] {processor.py:179} INFO - Processing /home/airflow/.local/lib/python3.9/site-packages/airflow/example_dags/example_params_trigger_ui.py took 0.118 seconds
[2024-12-17T23:58:14.199+0000] {processor.py:157} INFO - Started process (PID=726) to work on /home/airflow/.local/lib/python3.9/site-packages/airflow/example_dags/example_params_trigger_ui.py
[2024-12-17T23:58:14.200+0000] {processor.py:829} INFO - Processing file /home/airflow/.local/lib/python3.9/site-packages/airflow/example_dags/example_params_trigger_ui.py for tasks to queue
[2024-12-17T23:58:14.203+0000] {logging_mixin.py:151} INFO - [2024-12-17T23:58:14.203+0000] {dagbag.py:539} INFO - Filling up the DagBag from /home/airflow/.local/lib/python3.9/site-packages/airflow/example_dags/example_params_trigger_ui.py
[2024-12-17T23:58:14.222+0000] {processor.py:839} INFO - DAG(s) dict_keys(['example_params_trigger_ui']) retrieved from /home/airflow/.local/lib/python3.9/site-packages/airflow/example_dags/example_params_trigger_ui.py
[2024-12-17T23:58:14.270+0000] {logging_mixin.py:151} INFO - [2024-12-17T23:58:14.270+0000] {dag.py:2907} INFO - Sync 1 DAGs
[2024-12-17T23:58:14.287+0000] {logging_mixin.py:151} INFO - [2024-12-17T23:58:14.287+0000] {dag.py:3677} INFO - Setting next_dagrun for example_params_trigger_ui to None, run_after=None
[2024-12-17T23:58:14.312+0000] {processor.py:179} INFO - Processing /home/airflow/.local/lib/python3.9/site-packages/airflow/example_dags/example_params_trigger_ui.py took 0.116 seconds
[2024-12-17T23:58:45.245+0000] {processor.py:157} INFO - Started process (PID=788) to work on /home/airflow/.local/lib/python3.9/site-packages/airflow/example_dags/example_params_trigger_ui.py
[2024-12-17T23:58:45.246+0000] {processor.py:829} INFO - Processing file /home/airflow/.local/lib/python3.9/site-packages/airflow/example_dags/example_params_trigger_ui.py for tasks to queue
[2024-12-17T23:58:45.249+0000] {logging_mixin.py:151} INFO - [2024-12-17T23:58:45.249+0000] {dagbag.py:539} INFO - Filling up the DagBag from /home/airflow/.local/lib/python3.9/site-packages/airflow/example_dags/example_params_trigger_ui.py
[2024-12-17T23:58:45.267+0000] {processor.py:839} INFO - DAG(s) dict_keys(['example_params_trigger_ui']) retrieved from /home/airflow/.local/lib/python3.9/site-packages/airflow/example_dags/example_params_trigger_ui.py
[2024-12-17T23:58:45.339+0000] {logging_mixin.py:151} INFO - [2024-12-17T23:58:45.339+0000] {dag.py:2907} INFO - Sync 1 DAGs
[2024-12-17T23:58:45.353+0000] {logging_mixin.py:151} INFO - [2024-12-17T23:58:45.352+0000] {dag.py:3677} INFO - Setting next_dagrun for example_params_trigger_ui to None, run_after=None
[2024-12-17T23:58:45.377+0000] {processor.py:179} INFO - Processing /home/airflow/.local/lib/python3.9/site-packages/airflow/example_dags/example_params_trigger_ui.py took 0.135 seconds
[2024-12-17T23:59:15.537+0000] {processor.py:157} INFO - Started process (PID=850) to work on /home/airflow/.local/lib/python3.9/site-packages/airflow/example_dags/example_params_trigger_ui.py
[2024-12-17T23:59:15.539+0000] {processor.py:829} INFO - Processing file /home/airflow/.local/lib/python3.9/site-packages/airflow/example_dags/example_params_trigger_ui.py for tasks to queue
[2024-12-17T23:59:15.541+0000] {logging_mixin.py:151} INFO - [2024-12-17T23:59:15.541+0000] {dagbag.py:539} INFO - Filling up the DagBag from /home/airflow/.local/lib/python3.9/site-packages/airflow/example_dags/example_params_trigger_ui.py
[2024-12-17T23:59:15.561+0000] {processor.py:839} INFO - DAG(s) dict_keys(['example_params_trigger_ui']) retrieved from /home/airflow/.local/lib/python3.9/site-packages/airflow/example_dags/example_params_trigger_ui.py
[2024-12-17T23:59:15.612+0000] {logging_mixin.py:151} INFO - [2024-12-17T23:59:15.612+0000] {dag.py:2907} INFO - Sync 1 DAGs
[2024-12-17T23:59:15.625+0000] {logging_mixin.py:151} INFO - [2024-12-17T23:59:15.625+0000] {dag.py:3677} INFO - Setting next_dagrun for example_params_trigger_ui to None, run_after=None
[2024-12-17T23:59:15.650+0000] {processor.py:179} INFO - Processing /home/airflow/.local/lib/python3.9/site-packages/airflow/example_dags/example_params_trigger_ui.py took 0.116 seconds
[2024-12-17T23:59:45.671+0000] {processor.py:157} INFO - Started process (PID=911) to work on /home/airflow/.local/lib/python3.9/site-packages/airflow/example_dags/example_params_trigger_ui.py
[2024-12-17T23:59:45.672+0000] {processor.py:829} INFO - Processing file /home/airflow/.local/lib/python3.9/site-packages/airflow/example_dags/example_params_trigger_ui.py for tasks to queue
[2024-12-17T23:59:45.675+0000] {logging_mixin.py:151} INFO - [2024-12-17T23:59:45.675+0000] {dagbag.py:539} INFO - Filling up the DagBag from /home/airflow/.local/lib/python3.9/site-packages/airflow/example_dags/example_params_trigger_ui.py
[2024-12-17T23:59:45.693+0000] {processor.py:839} INFO - DAG(s) dict_keys(['example_params_trigger_ui']) retrieved from /home/airflow/.local/lib/python3.9/site-packages/airflow/example_dags/example_params_trigger_ui.py
[2024-12-17T23:59:45.743+0000] {logging_mixin.py:151} INFO - [2024-12-17T23:59:45.743+0000] {dag.py:2907} INFO - Sync 1 DAGs
[2024-12-17T23:59:45.759+0000] {logging_mixin.py:151} INFO - [2024-12-17T23:59:45.759+0000] {dag.py:3677} INFO - Setting next_dagrun for example_params_trigger_ui to None, run_after=None
[2024-12-17T23:59:45.787+0000] {processor.py:179} INFO - Processing /home/airflow/.local/lib/python3.9/site-packages/airflow/example_dags/example_params_trigger_ui.py took 0.120 seconds
