[2024-12-17T23:53:07.050+0000] {processor.py:157} INFO - Started process (PID=106) to work on /home/airflow/.local/lib/python3.9/site-packages/airflow/example_dags/example_sensor_decorator.py
[2024-12-17T23:53:07.051+0000] {processor.py:829} INFO - Processing file /home/airflow/.local/lib/python3.9/site-packages/airflow/example_dags/example_sensor_decorator.py for tasks to queue
[2024-12-17T23:53:07.054+0000] {logging_mixin.py:151} INFO - [2024-12-17T23:53:07.054+0000] {dagbag.py:539} INFO - Filling up the DagBag from /home/airflow/.local/lib/python3.9/site-packages/airflow/example_dags/example_sensor_decorator.py
[2024-12-17T23:53:07.062+0000] {processor.py:839} INFO - DAG(s) dict_keys(['example_sensor_decorator']) retrieved from /home/airflow/.local/lib/python3.9/site-packages/airflow/example_dags/example_sensor_decorator.py
[2024-12-17T23:53:07.190+0000] {logging_mixin.py:151} INFO - [2024-12-17T23:53:07.190+0000] {manager.py:501} INFO - Created Permission View: can read on DAG:example_sensor_decorator
[2024-12-17T23:53:07.209+0000] {logging_mixin.py:151} INFO - [2024-12-17T23:53:07.209+0000] {manager.py:501} INFO - Created Permission View: can edit on DAG:example_sensor_decorator
[2024-12-17T23:53:07.222+0000] {logging_mixin.py:151} INFO - [2024-12-17T23:53:07.221+0000] {manager.py:501} INFO - Created Permission View: can delete on DAG:example_sensor_decorator
[2024-12-17T23:53:07.243+0000] {logging_mixin.py:151} INFO - [2024-12-17T23:53:07.243+0000] {dag.py:2907} INFO - Sync 1 DAGs
[2024-12-17T23:53:07.263+0000] {logging_mixin.py:151} INFO - [2024-12-17T23:53:07.263+0000] {dag.py:2929} INFO - Creating ORM DAG for example_sensor_decorator
[2024-12-17T23:53:07.264+0000] {logging_mixin.py:151} INFO - [2024-12-17T23:53:07.264+0000] {dag.py:3677} INFO - Setting next_dagrun for example_sensor_decorator to None, run_after=None
[2024-12-17T23:53:07.289+0000] {processor.py:179} INFO - Processing /home/airflow/.local/lib/python3.9/site-packages/airflow/example_dags/example_sensor_decorator.py took 0.244 seconds
[2024-12-17T23:53:37.541+0000] {processor.py:157} INFO - Started process (PID=168) to work on /home/airflow/.local/lib/python3.9/site-packages/airflow/example_dags/example_sensor_decorator.py
[2024-12-17T23:53:37.542+0000] {processor.py:829} INFO - Processing file /home/airflow/.local/lib/python3.9/site-packages/airflow/example_dags/example_sensor_decorator.py for tasks to queue
[2024-12-17T23:53:37.545+0000] {logging_mixin.py:151} INFO - [2024-12-17T23:53:37.544+0000] {dagbag.py:539} INFO - Filling up the DagBag from /home/airflow/.local/lib/python3.9/site-packages/airflow/example_dags/example_sensor_decorator.py
[2024-12-17T23:53:37.552+0000] {processor.py:839} INFO - DAG(s) dict_keys(['example_sensor_decorator']) retrieved from /home/airflow/.local/lib/python3.9/site-packages/airflow/example_dags/example_sensor_decorator.py
[2024-12-17T23:53:37.576+0000] {logging_mixin.py:151} INFO - [2024-12-17T23:53:37.575+0000] {dag.py:2907} INFO - Sync 1 DAGs
[2024-12-17T23:53:37.596+0000] {logging_mixin.py:151} INFO - [2024-12-17T23:53:37.595+0000] {dag.py:3677} INFO - Setting next_dagrun for example_sensor_decorator to None, run_after=None
[2024-12-17T23:53:37.621+0000] {processor.py:179} INFO - Processing /home/airflow/.local/lib/python3.9/site-packages/airflow/example_dags/example_sensor_decorator.py took 0.084 seconds
[2024-12-17T23:54:07.747+0000] {processor.py:157} INFO - Started process (PID=230) to work on /home/airflow/.local/lib/python3.9/site-packages/airflow/example_dags/example_sensor_decorator.py
[2024-12-17T23:54:07.749+0000] {processor.py:829} INFO - Processing file /home/airflow/.local/lib/python3.9/site-packages/airflow/example_dags/example_sensor_decorator.py for tasks to queue
[2024-12-17T23:54:07.752+0000] {logging_mixin.py:151} INFO - [2024-12-17T23:54:07.752+0000] {dagbag.py:539} INFO - Filling up the DagBag from /home/airflow/.local/lib/python3.9/site-packages/airflow/example_dags/example_sensor_decorator.py
[2024-12-17T23:54:07.761+0000] {processor.py:839} INFO - DAG(s) dict_keys(['example_sensor_decorator']) retrieved from /home/airflow/.local/lib/python3.9/site-packages/airflow/example_dags/example_sensor_decorator.py
[2024-12-17T23:54:07.790+0000] {logging_mixin.py:151} INFO - [2024-12-17T23:54:07.789+0000] {dag.py:2907} INFO - Sync 1 DAGs
[2024-12-17T23:54:07.803+0000] {logging_mixin.py:151} INFO - [2024-12-17T23:54:07.803+0000] {dag.py:3677} INFO - Setting next_dagrun for example_sensor_decorator to None, run_after=None
[2024-12-17T23:54:07.827+0000] {processor.py:179} INFO - Processing /home/airflow/.local/lib/python3.9/site-packages/airflow/example_dags/example_sensor_decorator.py took 0.085 seconds
[2024-12-17T23:54:39.506+0000] {processor.py:157} INFO - Started process (PID=292) to work on /home/airflow/.local/lib/python3.9/site-packages/airflow/example_dags/example_sensor_decorator.py
[2024-12-17T23:54:39.507+0000] {processor.py:829} INFO - Processing file /home/airflow/.local/lib/python3.9/site-packages/airflow/example_dags/example_sensor_decorator.py for tasks to queue
[2024-12-17T23:54:39.511+0000] {logging_mixin.py:151} INFO - [2024-12-17T23:54:39.510+0000] {dagbag.py:539} INFO - Filling up the DagBag from /home/airflow/.local/lib/python3.9/site-packages/airflow/example_dags/example_sensor_decorator.py
[2024-12-17T23:54:39.518+0000] {processor.py:839} INFO - DAG(s) dict_keys(['example_sensor_decorator']) retrieved from /home/airflow/.local/lib/python3.9/site-packages/airflow/example_dags/example_sensor_decorator.py
[2024-12-17T23:54:39.543+0000] {logging_mixin.py:151} INFO - [2024-12-17T23:54:39.542+0000] {dag.py:2907} INFO - Sync 1 DAGs
[2024-12-17T23:54:39.558+0000] {logging_mixin.py:151} INFO - [2024-12-17T23:54:39.557+0000] {dag.py:3677} INFO - Setting next_dagrun for example_sensor_decorator to None, run_after=None
[2024-12-17T23:54:39.578+0000] {processor.py:179} INFO - Processing /home/airflow/.local/lib/python3.9/site-packages/airflow/example_dags/example_sensor_decorator.py took 0.075 seconds
[2024-12-17T23:55:10.886+0000] {processor.py:157} INFO - Started process (PID=353) to work on /home/airflow/.local/lib/python3.9/site-packages/airflow/example_dags/example_sensor_decorator.py
[2024-12-17T23:55:10.887+0000] {processor.py:829} INFO - Processing file /home/airflow/.local/lib/python3.9/site-packages/airflow/example_dags/example_sensor_decorator.py for tasks to queue
[2024-12-17T23:55:10.890+0000] {logging_mixin.py:151} INFO - [2024-12-17T23:55:10.890+0000] {dagbag.py:539} INFO - Filling up the DagBag from /home/airflow/.local/lib/python3.9/site-packages/airflow/example_dags/example_sensor_decorator.py
[2024-12-17T23:55:10.899+0000] {processor.py:839} INFO - DAG(s) dict_keys(['example_sensor_decorator']) retrieved from /home/airflow/.local/lib/python3.9/site-packages/airflow/example_dags/example_sensor_decorator.py
[2024-12-17T23:55:10.926+0000] {logging_mixin.py:151} INFO - [2024-12-17T23:55:10.926+0000] {dag.py:2907} INFO - Sync 1 DAGs
[2024-12-17T23:55:10.945+0000] {logging_mixin.py:151} INFO - [2024-12-17T23:55:10.945+0000] {dag.py:3677} INFO - Setting next_dagrun for example_sensor_decorator to None, run_after=None
[2024-12-17T23:55:10.973+0000] {processor.py:179} INFO - Processing /home/airflow/.local/lib/python3.9/site-packages/airflow/example_dags/example_sensor_decorator.py took 0.092 seconds
[2024-12-17T23:55:41.291+0000] {processor.py:157} INFO - Started process (PID=414) to work on /home/airflow/.local/lib/python3.9/site-packages/airflow/example_dags/example_sensor_decorator.py
[2024-12-17T23:55:41.293+0000] {processor.py:829} INFO - Processing file /home/airflow/.local/lib/python3.9/site-packages/airflow/example_dags/example_sensor_decorator.py for tasks to queue
[2024-12-17T23:55:41.296+0000] {logging_mixin.py:151} INFO - [2024-12-17T23:55:41.296+0000] {dagbag.py:539} INFO - Filling up the DagBag from /home/airflow/.local/lib/python3.9/site-packages/airflow/example_dags/example_sensor_decorator.py
[2024-12-17T23:55:41.305+0000] {processor.py:839} INFO - DAG(s) dict_keys(['example_sensor_decorator']) retrieved from /home/airflow/.local/lib/python3.9/site-packages/airflow/example_dags/example_sensor_decorator.py
[2024-12-17T23:55:41.331+0000] {logging_mixin.py:151} INFO - [2024-12-17T23:55:41.330+0000] {dag.py:2907} INFO - Sync 1 DAGs
[2024-12-17T23:55:41.346+0000] {logging_mixin.py:151} INFO - [2024-12-17T23:55:41.346+0000] {dag.py:3677} INFO - Setting next_dagrun for example_sensor_decorator to None, run_after=None
[2024-12-17T23:55:41.368+0000] {processor.py:179} INFO - Processing /home/airflow/.local/lib/python3.9/site-packages/airflow/example_dags/example_sensor_decorator.py took 0.082 seconds
[2024-12-17T23:56:12.337+0000] {processor.py:157} INFO - Started process (PID=475) to work on /home/airflow/.local/lib/python3.9/site-packages/airflow/example_dags/example_sensor_decorator.py
[2024-12-17T23:56:12.338+0000] {processor.py:829} INFO - Processing file /home/airflow/.local/lib/python3.9/site-packages/airflow/example_dags/example_sensor_decorator.py for tasks to queue
[2024-12-17T23:56:12.341+0000] {logging_mixin.py:151} INFO - [2024-12-17T23:56:12.340+0000] {dagbag.py:539} INFO - Filling up the DagBag from /home/airflow/.local/lib/python3.9/site-packages/airflow/example_dags/example_sensor_decorator.py
[2024-12-17T23:56:12.348+0000] {processor.py:839} INFO - DAG(s) dict_keys(['example_sensor_decorator']) retrieved from /home/airflow/.local/lib/python3.9/site-packages/airflow/example_dags/example_sensor_decorator.py
[2024-12-17T23:56:12.372+0000] {logging_mixin.py:151} INFO - [2024-12-17T23:56:12.372+0000] {dag.py:2907} INFO - Sync 1 DAGs
[2024-12-17T23:56:12.386+0000] {logging_mixin.py:151} INFO - [2024-12-17T23:56:12.386+0000] {dag.py:3677} INFO - Setting next_dagrun for example_sensor_decorator to None, run_after=None
[2024-12-17T23:56:12.409+0000] {processor.py:179} INFO - Processing /home/airflow/.local/lib/python3.9/site-packages/airflow/example_dags/example_sensor_decorator.py took 0.076 seconds
[2024-12-17T23:56:42.541+0000] {processor.py:157} INFO - Started process (PID=537) to work on /home/airflow/.local/lib/python3.9/site-packages/airflow/example_dags/example_sensor_decorator.py
[2024-12-17T23:56:42.542+0000] {processor.py:829} INFO - Processing file /home/airflow/.local/lib/python3.9/site-packages/airflow/example_dags/example_sensor_decorator.py for tasks to queue
[2024-12-17T23:56:42.545+0000] {logging_mixin.py:151} INFO - [2024-12-17T23:56:42.544+0000] {dagbag.py:539} INFO - Filling up the DagBag from /home/airflow/.local/lib/python3.9/site-packages/airflow/example_dags/example_sensor_decorator.py
[2024-12-17T23:56:42.554+0000] {processor.py:839} INFO - DAG(s) dict_keys(['example_sensor_decorator']) retrieved from /home/airflow/.local/lib/python3.9/site-packages/airflow/example_dags/example_sensor_decorator.py
[2024-12-17T23:56:42.575+0000] {logging_mixin.py:151} INFO - [2024-12-17T23:56:42.575+0000] {dag.py:2907} INFO - Sync 1 DAGs
[2024-12-17T23:56:42.589+0000] {logging_mixin.py:151} INFO - [2024-12-17T23:56:42.589+0000] {dag.py:3677} INFO - Setting next_dagrun for example_sensor_decorator to None, run_after=None
[2024-12-17T23:56:42.610+0000] {processor.py:179} INFO - Processing /home/airflow/.local/lib/python3.9/site-packages/airflow/example_dags/example_sensor_decorator.py took 0.073 seconds
[2024-12-17T23:57:12.994+0000] {processor.py:157} INFO - Started process (PID=598) to work on /home/airflow/.local/lib/python3.9/site-packages/airflow/example_dags/example_sensor_decorator.py
[2024-12-17T23:57:12.996+0000] {processor.py:829} INFO - Processing file /home/airflow/.local/lib/python3.9/site-packages/airflow/example_dags/example_sensor_decorator.py for tasks to queue
[2024-12-17T23:57:13.000+0000] {logging_mixin.py:151} INFO - [2024-12-17T23:57:12.999+0000] {dagbag.py:539} INFO - Filling up the DagBag from /home/airflow/.local/lib/python3.9/site-packages/airflow/example_dags/example_sensor_decorator.py
[2024-12-17T23:57:13.009+0000] {processor.py:839} INFO - DAG(s) dict_keys(['example_sensor_decorator']) retrieved from /home/airflow/.local/lib/python3.9/site-packages/airflow/example_dags/example_sensor_decorator.py
[2024-12-17T23:57:13.033+0000] {logging_mixin.py:151} INFO - [2024-12-17T23:57:13.033+0000] {dag.py:2907} INFO - Sync 1 DAGs
[2024-12-17T23:57:13.050+0000] {logging_mixin.py:151} INFO - [2024-12-17T23:57:13.050+0000] {dag.py:3677} INFO - Setting next_dagrun for example_sensor_decorator to None, run_after=None
[2024-12-17T23:57:13.075+0000] {processor.py:179} INFO - Processing /home/airflow/.local/lib/python3.9/site-packages/airflow/example_dags/example_sensor_decorator.py took 0.084 seconds
[2024-12-17T23:57:43.412+0000] {processor.py:157} INFO - Started process (PID=660) to work on /home/airflow/.local/lib/python3.9/site-packages/airflow/example_dags/example_sensor_decorator.py
[2024-12-17T23:57:43.414+0000] {processor.py:829} INFO - Processing file /home/airflow/.local/lib/python3.9/site-packages/airflow/example_dags/example_sensor_decorator.py for tasks to queue
[2024-12-17T23:57:43.417+0000] {logging_mixin.py:151} INFO - [2024-12-17T23:57:43.416+0000] {dagbag.py:539} INFO - Filling up the DagBag from /home/airflow/.local/lib/python3.9/site-packages/airflow/example_dags/example_sensor_decorator.py
[2024-12-17T23:57:43.424+0000] {processor.py:839} INFO - DAG(s) dict_keys(['example_sensor_decorator']) retrieved from /home/airflow/.local/lib/python3.9/site-packages/airflow/example_dags/example_sensor_decorator.py
[2024-12-17T23:57:43.448+0000] {logging_mixin.py:151} INFO - [2024-12-17T23:57:43.447+0000] {dag.py:2907} INFO - Sync 1 DAGs
[2024-12-17T23:57:43.463+0000] {logging_mixin.py:151} INFO - [2024-12-17T23:57:43.462+0000] {dag.py:3677} INFO - Setting next_dagrun for example_sensor_decorator to None, run_after=None
[2024-12-17T23:57:43.488+0000] {processor.py:179} INFO - Processing /home/airflow/.local/lib/python3.9/site-packages/airflow/example_dags/example_sensor_decorator.py took 0.081 seconds
[2024-12-17T23:58:13.833+0000] {processor.py:157} INFO - Started process (PID=722) to work on /home/airflow/.local/lib/python3.9/site-packages/airflow/example_dags/example_sensor_decorator.py
[2024-12-17T23:58:13.834+0000] {processor.py:829} INFO - Processing file /home/airflow/.local/lib/python3.9/site-packages/airflow/example_dags/example_sensor_decorator.py for tasks to queue
[2024-12-17T23:58:13.837+0000] {logging_mixin.py:151} INFO - [2024-12-17T23:58:13.837+0000] {dagbag.py:539} INFO - Filling up the DagBag from /home/airflow/.local/lib/python3.9/site-packages/airflow/example_dags/example_sensor_decorator.py
[2024-12-17T23:58:13.845+0000] {processor.py:839} INFO - DAG(s) dict_keys(['example_sensor_decorator']) retrieved from /home/airflow/.local/lib/python3.9/site-packages/airflow/example_dags/example_sensor_decorator.py
[2024-12-17T23:58:13.870+0000] {logging_mixin.py:151} INFO - [2024-12-17T23:58:13.870+0000] {dag.py:2907} INFO - Sync 1 DAGs
[2024-12-17T23:58:13.885+0000] {logging_mixin.py:151} INFO - [2024-12-17T23:58:13.885+0000] {dag.py:3677} INFO - Setting next_dagrun for example_sensor_decorator to None, run_after=None
[2024-12-17T23:58:13.914+0000] {processor.py:179} INFO - Processing /home/airflow/.local/lib/python3.9/site-packages/airflow/example_dags/example_sensor_decorator.py took 0.085 seconds
[2024-12-17T23:58:44.867+0000] {processor.py:157} INFO - Started process (PID=784) to work on /home/airflow/.local/lib/python3.9/site-packages/airflow/example_dags/example_sensor_decorator.py
[2024-12-17T23:58:44.869+0000] {processor.py:829} INFO - Processing file /home/airflow/.local/lib/python3.9/site-packages/airflow/example_dags/example_sensor_decorator.py for tasks to queue
[2024-12-17T23:58:44.872+0000] {logging_mixin.py:151} INFO - [2024-12-17T23:58:44.872+0000] {dagbag.py:539} INFO - Filling up the DagBag from /home/airflow/.local/lib/python3.9/site-packages/airflow/example_dags/example_sensor_decorator.py
[2024-12-17T23:58:44.880+0000] {processor.py:839} INFO - DAG(s) dict_keys(['example_sensor_decorator']) retrieved from /home/airflow/.local/lib/python3.9/site-packages/airflow/example_dags/example_sensor_decorator.py
[2024-12-17T23:58:44.905+0000] {logging_mixin.py:151} INFO - [2024-12-17T23:58:44.905+0000] {dag.py:2907} INFO - Sync 1 DAGs
[2024-12-17T23:58:44.920+0000] {logging_mixin.py:151} INFO - [2024-12-17T23:58:44.920+0000] {dag.py:3677} INFO - Setting next_dagrun for example_sensor_decorator to None, run_after=None
[2024-12-17T23:58:44.950+0000] {processor.py:179} INFO - Processing /home/airflow/.local/lib/python3.9/site-packages/airflow/example_dags/example_sensor_decorator.py took 0.086 seconds
[2024-12-17T23:59:15.174+0000] {processor.py:157} INFO - Started process (PID=846) to work on /home/airflow/.local/lib/python3.9/site-packages/airflow/example_dags/example_sensor_decorator.py
[2024-12-17T23:59:15.175+0000] {processor.py:829} INFO - Processing file /home/airflow/.local/lib/python3.9/site-packages/airflow/example_dags/example_sensor_decorator.py for tasks to queue
[2024-12-17T23:59:15.179+0000] {logging_mixin.py:151} INFO - [2024-12-17T23:59:15.178+0000] {dagbag.py:539} INFO - Filling up the DagBag from /home/airflow/.local/lib/python3.9/site-packages/airflow/example_dags/example_sensor_decorator.py
[2024-12-17T23:59:15.186+0000] {processor.py:839} INFO - DAG(s) dict_keys(['example_sensor_decorator']) retrieved from /home/airflow/.local/lib/python3.9/site-packages/airflow/example_dags/example_sensor_decorator.py
[2024-12-17T23:59:15.210+0000] {logging_mixin.py:151} INFO - [2024-12-17T23:59:15.210+0000] {dag.py:2907} INFO - Sync 1 DAGs
[2024-12-17T23:59:15.228+0000] {logging_mixin.py:151} INFO - [2024-12-17T23:59:15.227+0000] {dag.py:3677} INFO - Setting next_dagrun for example_sensor_decorator to None, run_after=None
[2024-12-17T23:59:15.254+0000] {processor.py:179} INFO - Processing /home/airflow/.local/lib/python3.9/site-packages/airflow/example_dags/example_sensor_decorator.py took 0.086 seconds
[2024-12-17T23:59:45.296+0000] {processor.py:157} INFO - Started process (PID=908) to work on /home/airflow/.local/lib/python3.9/site-packages/airflow/example_dags/example_sensor_decorator.py
[2024-12-17T23:59:45.297+0000] {processor.py:829} INFO - Processing file /home/airflow/.local/lib/python3.9/site-packages/airflow/example_dags/example_sensor_decorator.py for tasks to queue
[2024-12-17T23:59:45.300+0000] {logging_mixin.py:151} INFO - [2024-12-17T23:59:45.300+0000] {dagbag.py:539} INFO - Filling up the DagBag from /home/airflow/.local/lib/python3.9/site-packages/airflow/example_dags/example_sensor_decorator.py
[2024-12-17T23:59:45.308+0000] {processor.py:839} INFO - DAG(s) dict_keys(['example_sensor_decorator']) retrieved from /home/airflow/.local/lib/python3.9/site-packages/airflow/example_dags/example_sensor_decorator.py
[2024-12-17T23:59:45.332+0000] {logging_mixin.py:151} INFO - [2024-12-17T23:59:45.332+0000] {dag.py:2907} INFO - Sync 1 DAGs
[2024-12-17T23:59:45.351+0000] {logging_mixin.py:151} INFO - [2024-12-17T23:59:45.351+0000] {dag.py:3677} INFO - Setting next_dagrun for example_sensor_decorator to None, run_after=None
[2024-12-17T23:59:45.376+0000] {processor.py:179} INFO - Processing /home/airflow/.local/lib/python3.9/site-packages/airflow/example_dags/example_sensor_decorator.py took 0.084 seconds
