[2024-12-17T23:53:06.521+0000] {processor.py:157} INFO - Started process (PID=104) to work on /home/airflow/.local/lib/python3.9/site-packages/airflow/example_dags/example_branch_operator.py
[2024-12-17T23:53:06.523+0000] {processor.py:829} INFO - Processing file /home/airflow/.local/lib/python3.9/site-packages/airflow/example_dags/example_branch_operator.py for tasks to queue
[2024-12-17T23:53:06.526+0000] {logging_mixin.py:151} INFO - [2024-12-17T23:53:06.526+0000] {dagbag.py:539} INFO - Filling up the DagBag from /home/airflow/.local/lib/python3.9/site-packages/airflow/example_dags/example_branch_operator.py
[2024-12-17T23:53:06.538+0000] {processor.py:839} INFO - DAG(s) dict_keys(['example_branch_operator']) retrieved from /home/airflow/.local/lib/python3.9/site-packages/airflow/example_dags/example_branch_operator.py
[2024-12-17T23:53:06.669+0000] {logging_mixin.py:151} INFO - [2024-12-17T23:53:06.669+0000] {manager.py:501} INFO - Created Permission View: can read on DAG:example_branch_operator
[2024-12-17T23:53:06.683+0000] {logging_mixin.py:151} INFO - [2024-12-17T23:53:06.683+0000] {manager.py:501} INFO - Created Permission View: can edit on DAG:example_branch_operator
[2024-12-17T23:53:06.693+0000] {logging_mixin.py:151} INFO - [2024-12-17T23:53:06.693+0000] {manager.py:501} INFO - Created Permission View: can delete on DAG:example_branch_operator
[2024-12-17T23:53:06.710+0000] {logging_mixin.py:151} INFO - [2024-12-17T23:53:06.710+0000] {dag.py:2907} INFO - Sync 1 DAGs
[2024-12-17T23:53:06.724+0000] {logging_mixin.py:151} INFO - [2024-12-17T23:53:06.724+0000] {dag.py:2929} INFO - Creating ORM DAG for example_branch_operator
[2024-12-17T23:53:06.738+0000] {logging_mixin.py:151} INFO - [2024-12-17T23:53:06.738+0000] {dag.py:3677} INFO - Setting next_dagrun for example_branch_operator to 2024-12-16T00:00:00+00:00, run_after=2024-12-17T00:00:00+00:00
[2024-12-17T23:53:06.767+0000] {processor.py:179} INFO - Processing /home/airflow/.local/lib/python3.9/site-packages/airflow/example_dags/example_branch_operator.py took 0.250 seconds
[2024-12-17T23:53:37.318+0000] {processor.py:157} INFO - Started process (PID=166) to work on /home/airflow/.local/lib/python3.9/site-packages/airflow/example_dags/example_branch_operator.py
[2024-12-17T23:53:37.319+0000] {processor.py:829} INFO - Processing file /home/airflow/.local/lib/python3.9/site-packages/airflow/example_dags/example_branch_operator.py for tasks to queue
[2024-12-17T23:53:37.322+0000] {logging_mixin.py:151} INFO - [2024-12-17T23:53:37.322+0000] {dagbag.py:539} INFO - Filling up the DagBag from /home/airflow/.local/lib/python3.9/site-packages/airflow/example_dags/example_branch_operator.py
[2024-12-17T23:53:37.333+0000] {processor.py:839} INFO - DAG(s) dict_keys(['example_branch_operator']) retrieved from /home/airflow/.local/lib/python3.9/site-packages/airflow/example_dags/example_branch_operator.py
[2024-12-17T23:53:37.358+0000] {logging_mixin.py:151} INFO - [2024-12-17T23:53:37.357+0000] {dag.py:2907} INFO - Sync 1 DAGs
[2024-12-17T23:53:37.383+0000] {logging_mixin.py:151} INFO - [2024-12-17T23:53:37.383+0000] {dag.py:3677} INFO - Setting next_dagrun for example_branch_operator to 2024-12-16T00:00:00+00:00, run_after=2024-12-17T00:00:00+00:00
[2024-12-17T23:53:37.407+0000] {processor.py:179} INFO - Processing /home/airflow/.local/lib/python3.9/site-packages/airflow/example_dags/example_branch_operator.py took 0.093 seconds
[2024-12-17T23:54:07.450+0000] {processor.py:157} INFO - Started process (PID=227) to work on /home/airflow/.local/lib/python3.9/site-packages/airflow/example_dags/example_branch_operator.py
[2024-12-17T23:54:07.451+0000] {processor.py:829} INFO - Processing file /home/airflow/.local/lib/python3.9/site-packages/airflow/example_dags/example_branch_operator.py for tasks to queue
[2024-12-17T23:54:07.454+0000] {logging_mixin.py:151} INFO - [2024-12-17T23:54:07.453+0000] {dagbag.py:539} INFO - Filling up the DagBag from /home/airflow/.local/lib/python3.9/site-packages/airflow/example_dags/example_branch_operator.py
[2024-12-17T23:54:07.463+0000] {processor.py:839} INFO - DAG(s) dict_keys(['example_branch_operator']) retrieved from /home/airflow/.local/lib/python3.9/site-packages/airflow/example_dags/example_branch_operator.py
[2024-12-17T23:54:07.487+0000] {logging_mixin.py:151} INFO - [2024-12-17T23:54:07.487+0000] {dag.py:2907} INFO - Sync 1 DAGs
[2024-12-17T23:54:07.512+0000] {logging_mixin.py:151} INFO - [2024-12-17T23:54:07.512+0000] {dag.py:3677} INFO - Setting next_dagrun for example_branch_operator to 2024-12-16T00:00:00+00:00, run_after=2024-12-17T00:00:00+00:00
[2024-12-17T23:54:07.535+0000] {processor.py:179} INFO - Processing /home/airflow/.local/lib/python3.9/site-packages/airflow/example_dags/example_branch_operator.py took 0.089 seconds
[2024-12-17T23:54:39.386+0000] {processor.py:157} INFO - Started process (PID=290) to work on /home/airflow/.local/lib/python3.9/site-packages/airflow/example_dags/example_branch_operator.py
[2024-12-17T23:54:39.387+0000] {processor.py:829} INFO - Processing file /home/airflow/.local/lib/python3.9/site-packages/airflow/example_dags/example_branch_operator.py for tasks to queue
[2024-12-17T23:54:39.390+0000] {logging_mixin.py:151} INFO - [2024-12-17T23:54:39.390+0000] {dagbag.py:539} INFO - Filling up the DagBag from /home/airflow/.local/lib/python3.9/site-packages/airflow/example_dags/example_branch_operator.py
[2024-12-17T23:54:39.401+0000] {processor.py:839} INFO - DAG(s) dict_keys(['example_branch_operator']) retrieved from /home/airflow/.local/lib/python3.9/site-packages/airflow/example_dags/example_branch_operator.py
[2024-12-17T23:54:39.427+0000] {logging_mixin.py:151} INFO - [2024-12-17T23:54:39.427+0000] {dag.py:2907} INFO - Sync 1 DAGs
[2024-12-17T23:54:39.458+0000] {logging_mixin.py:151} INFO - [2024-12-17T23:54:39.458+0000] {dag.py:3677} INFO - Setting next_dagrun for example_branch_operator to 2024-12-16T00:00:00+00:00, run_after=2024-12-17T00:00:00+00:00
[2024-12-17T23:54:39.485+0000] {processor.py:179} INFO - Processing /home/airflow/.local/lib/python3.9/site-packages/airflow/example_dags/example_branch_operator.py took 0.104 seconds
[2024-12-17T23:55:10.626+0000] {processor.py:157} INFO - Started process (PID=351) to work on /home/airflow/.local/lib/python3.9/site-packages/airflow/example_dags/example_branch_operator.py
[2024-12-17T23:55:10.627+0000] {processor.py:829} INFO - Processing file /home/airflow/.local/lib/python3.9/site-packages/airflow/example_dags/example_branch_operator.py for tasks to queue
[2024-12-17T23:55:10.630+0000] {logging_mixin.py:151} INFO - [2024-12-17T23:55:10.630+0000] {dagbag.py:539} INFO - Filling up the DagBag from /home/airflow/.local/lib/python3.9/site-packages/airflow/example_dags/example_branch_operator.py
[2024-12-17T23:55:10.640+0000] {processor.py:839} INFO - DAG(s) dict_keys(['example_branch_operator']) retrieved from /home/airflow/.local/lib/python3.9/site-packages/airflow/example_dags/example_branch_operator.py
[2024-12-17T23:55:10.665+0000] {logging_mixin.py:151} INFO - [2024-12-17T23:55:10.665+0000] {dag.py:2907} INFO - Sync 1 DAGs
[2024-12-17T23:55:10.690+0000] {logging_mixin.py:151} INFO - [2024-12-17T23:55:10.690+0000] {dag.py:3677} INFO - Setting next_dagrun for example_branch_operator to 2024-12-16T00:00:00+00:00, run_after=2024-12-17T00:00:00+00:00
[2024-12-17T23:55:10.715+0000] {processor.py:179} INFO - Processing /home/airflow/.local/lib/python3.9/site-packages/airflow/example_dags/example_branch_operator.py took 0.093 seconds
[2024-12-17T23:55:41.058+0000] {processor.py:157} INFO - Started process (PID=412) to work on /home/airflow/.local/lib/python3.9/site-packages/airflow/example_dags/example_branch_operator.py
[2024-12-17T23:55:41.059+0000] {processor.py:829} INFO - Processing file /home/airflow/.local/lib/python3.9/site-packages/airflow/example_dags/example_branch_operator.py for tasks to queue
[2024-12-17T23:55:41.063+0000] {logging_mixin.py:151} INFO - [2024-12-17T23:55:41.062+0000] {dagbag.py:539} INFO - Filling up the DagBag from /home/airflow/.local/lib/python3.9/site-packages/airflow/example_dags/example_branch_operator.py
[2024-12-17T23:55:41.077+0000] {processor.py:839} INFO - DAG(s) dict_keys(['example_branch_operator']) retrieved from /home/airflow/.local/lib/python3.9/site-packages/airflow/example_dags/example_branch_operator.py
[2024-12-17T23:55:41.101+0000] {logging_mixin.py:151} INFO - [2024-12-17T23:55:41.100+0000] {dag.py:2907} INFO - Sync 1 DAGs
[2024-12-17T23:55:41.124+0000] {logging_mixin.py:151} INFO - [2024-12-17T23:55:41.124+0000] {dag.py:3677} INFO - Setting next_dagrun for example_branch_operator to 2024-12-16T00:00:00+00:00, run_after=2024-12-17T00:00:00+00:00
[2024-12-17T23:55:41.154+0000] {processor.py:179} INFO - Processing /home/airflow/.local/lib/python3.9/site-packages/airflow/example_dags/example_branch_operator.py took 0.102 seconds
[2024-12-17T23:56:12.001+0000] {processor.py:157} INFO - Started process (PID=473) to work on /home/airflow/.local/lib/python3.9/site-packages/airflow/example_dags/example_branch_operator.py
[2024-12-17T23:56:12.002+0000] {processor.py:829} INFO - Processing file /home/airflow/.local/lib/python3.9/site-packages/airflow/example_dags/example_branch_operator.py for tasks to queue
[2024-12-17T23:56:12.006+0000] {logging_mixin.py:151} INFO - [2024-12-17T23:56:12.005+0000] {dagbag.py:539} INFO - Filling up the DagBag from /home/airflow/.local/lib/python3.9/site-packages/airflow/example_dags/example_branch_operator.py
[2024-12-17T23:56:12.017+0000] {processor.py:839} INFO - DAG(s) dict_keys(['example_branch_operator']) retrieved from /home/airflow/.local/lib/python3.9/site-packages/airflow/example_dags/example_branch_operator.py
[2024-12-17T23:56:12.046+0000] {logging_mixin.py:151} INFO - [2024-12-17T23:56:12.046+0000] {dag.py:2907} INFO - Sync 1 DAGs
[2024-12-17T23:56:12.082+0000] {logging_mixin.py:151} INFO - [2024-12-17T23:56:12.082+0000] {dag.py:3677} INFO - Setting next_dagrun for example_branch_operator to 2024-12-16T00:00:00+00:00, run_after=2024-12-17T00:00:00+00:00
[2024-12-17T23:56:12.123+0000] {processor.py:179} INFO - Processing /home/airflow/.local/lib/python3.9/site-packages/airflow/example_dags/example_branch_operator.py took 0.125 seconds
[2024-12-17T23:56:42.330+0000] {processor.py:157} INFO - Started process (PID=534) to work on /home/airflow/.local/lib/python3.9/site-packages/airflow/example_dags/example_branch_operator.py
[2024-12-17T23:56:42.332+0000] {processor.py:829} INFO - Processing file /home/airflow/.local/lib/python3.9/site-packages/airflow/example_dags/example_branch_operator.py for tasks to queue
[2024-12-17T23:56:42.335+0000] {logging_mixin.py:151} INFO - [2024-12-17T23:56:42.335+0000] {dagbag.py:539} INFO - Filling up the DagBag from /home/airflow/.local/lib/python3.9/site-packages/airflow/example_dags/example_branch_operator.py
[2024-12-17T23:56:42.346+0000] {processor.py:839} INFO - DAG(s) dict_keys(['example_branch_operator']) retrieved from /home/airflow/.local/lib/python3.9/site-packages/airflow/example_dags/example_branch_operator.py
[2024-12-17T23:56:42.373+0000] {logging_mixin.py:151} INFO - [2024-12-17T23:56:42.372+0000] {dag.py:2907} INFO - Sync 1 DAGs
[2024-12-17T23:56:42.405+0000] {logging_mixin.py:151} INFO - [2024-12-17T23:56:42.405+0000] {dag.py:3677} INFO - Setting next_dagrun for example_branch_operator to 2024-12-16T00:00:00+00:00, run_after=2024-12-17T00:00:00+00:00
[2024-12-17T23:56:42.434+0000] {processor.py:179} INFO - Processing /home/airflow/.local/lib/python3.9/site-packages/airflow/example_dags/example_branch_operator.py took 0.108 seconds
[2024-12-17T23:57:12.868+0000] {processor.py:157} INFO - Started process (PID=596) to work on /home/airflow/.local/lib/python3.9/site-packages/airflow/example_dags/example_branch_operator.py
[2024-12-17T23:57:12.869+0000] {processor.py:829} INFO - Processing file /home/airflow/.local/lib/python3.9/site-packages/airflow/example_dags/example_branch_operator.py for tasks to queue
[2024-12-17T23:57:12.873+0000] {logging_mixin.py:151} INFO - [2024-12-17T23:57:12.873+0000] {dagbag.py:539} INFO - Filling up the DagBag from /home/airflow/.local/lib/python3.9/site-packages/airflow/example_dags/example_branch_operator.py
[2024-12-17T23:57:12.888+0000] {processor.py:839} INFO - DAG(s) dict_keys(['example_branch_operator']) retrieved from /home/airflow/.local/lib/python3.9/site-packages/airflow/example_dags/example_branch_operator.py
[2024-12-17T23:57:12.916+0000] {logging_mixin.py:151} INFO - [2024-12-17T23:57:12.916+0000] {dag.py:2907} INFO - Sync 1 DAGs
[2024-12-17T23:57:12.945+0000] {logging_mixin.py:151} INFO - [2024-12-17T23:57:12.944+0000] {dag.py:3677} INFO - Setting next_dagrun for example_branch_operator to 2024-12-16T00:00:00+00:00, run_after=2024-12-17T00:00:00+00:00
[2024-12-17T23:57:12.967+0000] {processor.py:179} INFO - Processing /home/airflow/.local/lib/python3.9/site-packages/airflow/example_dags/example_branch_operator.py took 0.103 seconds
[2024-12-17T23:57:43.280+0000] {processor.py:157} INFO - Started process (PID=658) to work on /home/airflow/.local/lib/python3.9/site-packages/airflow/example_dags/example_branch_operator.py
[2024-12-17T23:57:43.282+0000] {processor.py:829} INFO - Processing file /home/airflow/.local/lib/python3.9/site-packages/airflow/example_dags/example_branch_operator.py for tasks to queue
[2024-12-17T23:57:43.286+0000] {logging_mixin.py:151} INFO - [2024-12-17T23:57:43.285+0000] {dagbag.py:539} INFO - Filling up the DagBag from /home/airflow/.local/lib/python3.9/site-packages/airflow/example_dags/example_branch_operator.py
[2024-12-17T23:57:43.297+0000] {processor.py:839} INFO - DAG(s) dict_keys(['example_branch_operator']) retrieved from /home/airflow/.local/lib/python3.9/site-packages/airflow/example_dags/example_branch_operator.py
[2024-12-17T23:57:43.324+0000] {logging_mixin.py:151} INFO - [2024-12-17T23:57:43.324+0000] {dag.py:2907} INFO - Sync 1 DAGs
[2024-12-17T23:57:43.357+0000] {logging_mixin.py:151} INFO - [2024-12-17T23:57:43.356+0000] {dag.py:3677} INFO - Setting next_dagrun for example_branch_operator to 2024-12-16T00:00:00+00:00, run_after=2024-12-17T00:00:00+00:00
[2024-12-17T23:57:43.382+0000] {processor.py:179} INFO - Processing /home/airflow/.local/lib/python3.9/site-packages/airflow/example_dags/example_branch_operator.py took 0.107 seconds
[2024-12-17T23:58:13.704+0000] {processor.py:157} INFO - Started process (PID=720) to work on /home/airflow/.local/lib/python3.9/site-packages/airflow/example_dags/example_branch_operator.py
[2024-12-17T23:58:13.705+0000] {processor.py:829} INFO - Processing file /home/airflow/.local/lib/python3.9/site-packages/airflow/example_dags/example_branch_operator.py for tasks to queue
[2024-12-17T23:58:13.709+0000] {logging_mixin.py:151} INFO - [2024-12-17T23:58:13.708+0000] {dagbag.py:539} INFO - Filling up the DagBag from /home/airflow/.local/lib/python3.9/site-packages/airflow/example_dags/example_branch_operator.py
[2024-12-17T23:58:13.720+0000] {processor.py:839} INFO - DAG(s) dict_keys(['example_branch_operator']) retrieved from /home/airflow/.local/lib/python3.9/site-packages/airflow/example_dags/example_branch_operator.py
[2024-12-17T23:58:13.748+0000] {logging_mixin.py:151} INFO - [2024-12-17T23:58:13.748+0000] {dag.py:2907} INFO - Sync 1 DAGs
[2024-12-17T23:58:13.788+0000] {logging_mixin.py:151} INFO - [2024-12-17T23:58:13.787+0000] {dag.py:3677} INFO - Setting next_dagrun for example_branch_operator to 2024-12-16T00:00:00+00:00, run_after=2024-12-17T00:00:00+00:00
[2024-12-17T23:58:13.810+0000] {processor.py:179} INFO - Processing /home/airflow/.local/lib/python3.9/site-packages/airflow/example_dags/example_branch_operator.py took 0.110 seconds
[2024-12-17T23:58:44.744+0000] {processor.py:157} INFO - Started process (PID=782) to work on /home/airflow/.local/lib/python3.9/site-packages/airflow/example_dags/example_branch_operator.py
[2024-12-17T23:58:44.745+0000] {processor.py:829} INFO - Processing file /home/airflow/.local/lib/python3.9/site-packages/airflow/example_dags/example_branch_operator.py for tasks to queue
[2024-12-17T23:58:44.748+0000] {logging_mixin.py:151} INFO - [2024-12-17T23:58:44.748+0000] {dagbag.py:539} INFO - Filling up the DagBag from /home/airflow/.local/lib/python3.9/site-packages/airflow/example_dags/example_branch_operator.py
[2024-12-17T23:58:44.760+0000] {processor.py:839} INFO - DAG(s) dict_keys(['example_branch_operator']) retrieved from /home/airflow/.local/lib/python3.9/site-packages/airflow/example_dags/example_branch_operator.py
[2024-12-17T23:58:44.790+0000] {logging_mixin.py:151} INFO - [2024-12-17T23:58:44.790+0000] {dag.py:2907} INFO - Sync 1 DAGs
[2024-12-17T23:58:44.822+0000] {logging_mixin.py:151} INFO - [2024-12-17T23:58:44.821+0000] {dag.py:3677} INFO - Setting next_dagrun for example_branch_operator to 2024-12-16T00:00:00+00:00, run_after=2024-12-17T00:00:00+00:00
[2024-12-17T23:58:44.845+0000] {processor.py:179} INFO - Processing /home/airflow/.local/lib/python3.9/site-packages/airflow/example_dags/example_branch_operator.py took 0.105 seconds
[2024-12-17T23:59:14.933+0000] {processor.py:157} INFO - Started process (PID=844) to work on /home/airflow/.local/lib/python3.9/site-packages/airflow/example_dags/example_branch_operator.py
[2024-12-17T23:59:14.934+0000] {processor.py:829} INFO - Processing file /home/airflow/.local/lib/python3.9/site-packages/airflow/example_dags/example_branch_operator.py for tasks to queue
[2024-12-17T23:59:14.937+0000] {logging_mixin.py:151} INFO - [2024-12-17T23:59:14.937+0000] {dagbag.py:539} INFO - Filling up the DagBag from /home/airflow/.local/lib/python3.9/site-packages/airflow/example_dags/example_branch_operator.py
[2024-12-17T23:59:14.947+0000] {processor.py:839} INFO - DAG(s) dict_keys(['example_branch_operator']) retrieved from /home/airflow/.local/lib/python3.9/site-packages/airflow/example_dags/example_branch_operator.py
[2024-12-17T23:59:14.973+0000] {logging_mixin.py:151} INFO - [2024-12-17T23:59:14.972+0000] {dag.py:2907} INFO - Sync 1 DAGs
[2024-12-17T23:59:15.000+0000] {logging_mixin.py:151} INFO - [2024-12-17T23:59:14.999+0000] {dag.py:3677} INFO - Setting next_dagrun for example_branch_operator to 2024-12-16T00:00:00+00:00, run_after=2024-12-17T00:00:00+00:00
[2024-12-17T23:59:15.020+0000] {processor.py:179} INFO - Processing /home/airflow/.local/lib/python3.9/site-packages/airflow/example_dags/example_branch_operator.py took 0.090 seconds
[2024-12-17T23:59:45.068+0000] {processor.py:157} INFO - Started process (PID=905) to work on /home/airflow/.local/lib/python3.9/site-packages/airflow/example_dags/example_branch_operator.py
[2024-12-17T23:59:45.069+0000] {processor.py:829} INFO - Processing file /home/airflow/.local/lib/python3.9/site-packages/airflow/example_dags/example_branch_operator.py for tasks to queue
[2024-12-17T23:59:45.073+0000] {logging_mixin.py:151} INFO - [2024-12-17T23:59:45.072+0000] {dagbag.py:539} INFO - Filling up the DagBag from /home/airflow/.local/lib/python3.9/site-packages/airflow/example_dags/example_branch_operator.py
[2024-12-17T23:59:45.083+0000] {processor.py:839} INFO - DAG(s) dict_keys(['example_branch_operator']) retrieved from /home/airflow/.local/lib/python3.9/site-packages/airflow/example_dags/example_branch_operator.py
[2024-12-17T23:59:45.108+0000] {logging_mixin.py:151} INFO - [2024-12-17T23:59:45.107+0000] {dag.py:2907} INFO - Sync 1 DAGs
[2024-12-17T23:59:45.132+0000] {logging_mixin.py:151} INFO - [2024-12-17T23:59:45.132+0000] {dag.py:3677} INFO - Setting next_dagrun for example_branch_operator to 2024-12-16T00:00:00+00:00, run_after=2024-12-17T00:00:00+00:00
[2024-12-17T23:59:45.152+0000] {processor.py:179} INFO - Processing /home/airflow/.local/lib/python3.9/site-packages/airflow/example_dags/example_branch_operator.py took 0.087 seconds
