[2024-12-17T23:53:02.448+0000] {processor.py:157} INFO - Started process (PID=86) to work on /home/airflow/.local/lib/python3.9/site-packages/airflow/example_dags/example_skip_dag.py
[2024-12-17T23:53:02.449+0000] {processor.py:829} INFO - Processing file /home/airflow/.local/lib/python3.9/site-packages/airflow/example_dags/example_skip_dag.py for tasks to queue
[2024-12-17T23:53:02.453+0000] {logging_mixin.py:151} INFO - [2024-12-17T23:53:02.453+0000] {dagbag.py:539} INFO - Filling up the DagBag from /home/airflow/.local/lib/python3.9/site-packages/airflow/example_dags/example_skip_dag.py
[2024-12-17T23:53:02.469+0000] {processor.py:839} INFO - DAG(s) dict_keys(['example_skip_dag']) retrieved from /home/airflow/.local/lib/python3.9/site-packages/airflow/example_dags/example_skip_dag.py
[2024-12-17T23:53:02.624+0000] {logging_mixin.py:151} INFO - [2024-12-17T23:53:02.624+0000] {manager.py:501} INFO - Created Permission View: can read on DAG:example_skip_dag
[2024-12-17T23:53:02.642+0000] {logging_mixin.py:151} INFO - [2024-12-17T23:53:02.641+0000] {manager.py:501} INFO - Created Permission View: can edit on DAG:example_skip_dag
[2024-12-17T23:53:02.653+0000] {logging_mixin.py:151} INFO - [2024-12-17T23:53:02.652+0000] {manager.py:501} INFO - Created Permission View: can delete on DAG:example_skip_dag
[2024-12-17T23:53:02.675+0000] {logging_mixin.py:151} INFO - [2024-12-17T23:53:02.675+0000] {dag.py:2907} INFO - Sync 1 DAGs
[2024-12-17T23:53:02.694+0000] {logging_mixin.py:151} INFO - [2024-12-17T23:53:02.693+0000] {dag.py:2929} INFO - Creating ORM DAG for example_skip_dag
[2024-12-17T23:53:02.710+0000] {logging_mixin.py:151} INFO - [2024-12-17T23:53:02.710+0000] {dag.py:3677} INFO - Setting next_dagrun for example_skip_dag to 2024-12-16T23:53:02.709885+00:00, run_after=2024-12-17T23:53:02.709885+00:00
[2024-12-17T23:53:02.742+0000] {processor.py:179} INFO - Processing /home/airflow/.local/lib/python3.9/site-packages/airflow/example_dags/example_skip_dag.py took 0.299 seconds
[2024-12-17T23:53:33.061+0000] {processor.py:157} INFO - Started process (PID=147) to work on /home/airflow/.local/lib/python3.9/site-packages/airflow/example_dags/example_skip_dag.py
[2024-12-17T23:53:33.063+0000] {processor.py:829} INFO - Processing file /home/airflow/.local/lib/python3.9/site-packages/airflow/example_dags/example_skip_dag.py for tasks to queue
[2024-12-17T23:53:33.066+0000] {logging_mixin.py:151} INFO - [2024-12-17T23:53:33.065+0000] {dagbag.py:539} INFO - Filling up the DagBag from /home/airflow/.local/lib/python3.9/site-packages/airflow/example_dags/example_skip_dag.py
[2024-12-17T23:53:33.076+0000] {processor.py:839} INFO - DAG(s) dict_keys(['example_skip_dag']) retrieved from /home/airflow/.local/lib/python3.9/site-packages/airflow/example_dags/example_skip_dag.py
[2024-12-17T23:53:33.111+0000] {logging_mixin.py:151} INFO - [2024-12-17T23:53:33.111+0000] {dag.py:2907} INFO - Sync 1 DAGs
[2024-12-17T23:53:33.141+0000] {logging_mixin.py:151} INFO - [2024-12-17T23:53:33.141+0000] {dag.py:3677} INFO - Setting next_dagrun for example_skip_dag to 2024-12-16T23:53:33.140252+00:00, run_after=2024-12-17T23:53:33.140252+00:00
[2024-12-17T23:53:33.165+0000] {processor.py:179} INFO - Processing /home/airflow/.local/lib/python3.9/site-packages/airflow/example_dags/example_skip_dag.py took 0.107 seconds
[2024-12-17T23:54:03.963+0000] {processor.py:157} INFO - Started process (PID=208) to work on /home/airflow/.local/lib/python3.9/site-packages/airflow/example_dags/example_skip_dag.py
[2024-12-17T23:54:03.964+0000] {processor.py:829} INFO - Processing file /home/airflow/.local/lib/python3.9/site-packages/airflow/example_dags/example_skip_dag.py for tasks to queue
[2024-12-17T23:54:03.968+0000] {logging_mixin.py:151} INFO - [2024-12-17T23:54:03.968+0000] {dagbag.py:539} INFO - Filling up the DagBag from /home/airflow/.local/lib/python3.9/site-packages/airflow/example_dags/example_skip_dag.py
[2024-12-17T23:54:03.977+0000] {processor.py:839} INFO - DAG(s) dict_keys(['example_skip_dag']) retrieved from /home/airflow/.local/lib/python3.9/site-packages/airflow/example_dags/example_skip_dag.py
[2024-12-17T23:54:04.008+0000] {logging_mixin.py:151} INFO - [2024-12-17T23:54:04.008+0000] {dag.py:2907} INFO - Sync 1 DAGs
[2024-12-17T23:54:04.035+0000] {logging_mixin.py:151} INFO - [2024-12-17T23:54:04.035+0000] {dag.py:3677} INFO - Setting next_dagrun for example_skip_dag to 2024-12-16T23:54:04.035443+00:00, run_after=2024-12-17T23:54:04.035443+00:00
[2024-12-17T23:54:04.065+0000] {processor.py:179} INFO - Processing /home/airflow/.local/lib/python3.9/site-packages/airflow/example_dags/example_skip_dag.py took 0.106 seconds
[2024-12-17T23:54:34.085+0000] {processor.py:157} INFO - Started process (PID=270) to work on /home/airflow/.local/lib/python3.9/site-packages/airflow/example_dags/example_skip_dag.py
[2024-12-17T23:54:34.086+0000] {processor.py:829} INFO - Processing file /home/airflow/.local/lib/python3.9/site-packages/airflow/example_dags/example_skip_dag.py for tasks to queue
[2024-12-17T23:54:34.089+0000] {logging_mixin.py:151} INFO - [2024-12-17T23:54:34.088+0000] {dagbag.py:539} INFO - Filling up the DagBag from /home/airflow/.local/lib/python3.9/site-packages/airflow/example_dags/example_skip_dag.py
[2024-12-17T23:54:34.096+0000] {processor.py:839} INFO - DAG(s) dict_keys(['example_skip_dag']) retrieved from /home/airflow/.local/lib/python3.9/site-packages/airflow/example_dags/example_skip_dag.py
[2024-12-17T23:54:34.120+0000] {logging_mixin.py:151} INFO - [2024-12-17T23:54:34.120+0000] {dag.py:2907} INFO - Sync 1 DAGs
[2024-12-17T23:54:34.144+0000] {logging_mixin.py:151} INFO - [2024-12-17T23:54:34.144+0000] {dag.py:3677} INFO - Setting next_dagrun for example_skip_dag to 2024-12-16T23:54:34.143971+00:00, run_after=2024-12-17T23:54:34.143971+00:00
[2024-12-17T23:54:34.164+0000] {processor.py:179} INFO - Processing /home/airflow/.local/lib/python3.9/site-packages/airflow/example_dags/example_skip_dag.py took 0.082 seconds
[2024-12-17T23:55:04.639+0000] {processor.py:157} INFO - Started process (PID=332) to work on /home/airflow/.local/lib/python3.9/site-packages/airflow/example_dags/example_skip_dag.py
[2024-12-17T23:55:04.640+0000] {processor.py:829} INFO - Processing file /home/airflow/.local/lib/python3.9/site-packages/airflow/example_dags/example_skip_dag.py for tasks to queue
[2024-12-17T23:55:04.643+0000] {logging_mixin.py:151} INFO - [2024-12-17T23:55:04.642+0000] {dagbag.py:539} INFO - Filling up the DagBag from /home/airflow/.local/lib/python3.9/site-packages/airflow/example_dags/example_skip_dag.py
[2024-12-17T23:55:04.652+0000] {processor.py:839} INFO - DAG(s) dict_keys(['example_skip_dag']) retrieved from /home/airflow/.local/lib/python3.9/site-packages/airflow/example_dags/example_skip_dag.py
[2024-12-17T23:55:04.680+0000] {logging_mixin.py:151} INFO - [2024-12-17T23:55:04.680+0000] {dag.py:2907} INFO - Sync 1 DAGs
[2024-12-17T23:55:04.712+0000] {logging_mixin.py:151} INFO - [2024-12-17T23:55:04.711+0000] {dag.py:3677} INFO - Setting next_dagrun for example_skip_dag to 2024-12-16T23:55:04.711615+00:00, run_after=2024-12-17T23:55:04.711615+00:00
[2024-12-17T23:55:04.740+0000] {processor.py:179} INFO - Processing /home/airflow/.local/lib/python3.9/site-packages/airflow/example_dags/example_skip_dag.py took 0.106 seconds
[2024-12-17T23:55:34.777+0000] {processor.py:157} INFO - Started process (PID=394) to work on /home/airflow/.local/lib/python3.9/site-packages/airflow/example_dags/example_skip_dag.py
[2024-12-17T23:55:34.778+0000] {processor.py:829} INFO - Processing file /home/airflow/.local/lib/python3.9/site-packages/airflow/example_dags/example_skip_dag.py for tasks to queue
[2024-12-17T23:55:34.781+0000] {logging_mixin.py:151} INFO - [2024-12-17T23:55:34.781+0000] {dagbag.py:539} INFO - Filling up the DagBag from /home/airflow/.local/lib/python3.9/site-packages/airflow/example_dags/example_skip_dag.py
[2024-12-17T23:55:34.788+0000] {processor.py:839} INFO - DAG(s) dict_keys(['example_skip_dag']) retrieved from /home/airflow/.local/lib/python3.9/site-packages/airflow/example_dags/example_skip_dag.py
[2024-12-17T23:55:34.811+0000] {logging_mixin.py:151} INFO - [2024-12-17T23:55:34.810+0000] {dag.py:2907} INFO - Sync 1 DAGs
[2024-12-17T23:55:34.834+0000] {logging_mixin.py:151} INFO - [2024-12-17T23:55:34.834+0000] {dag.py:3677} INFO - Setting next_dagrun for example_skip_dag to 2024-12-16T23:55:34.833972+00:00, run_after=2024-12-17T23:55:34.833972+00:00
[2024-12-17T23:55:34.854+0000] {processor.py:179} INFO - Processing /home/airflow/.local/lib/python3.9/site-packages/airflow/example_dags/example_skip_dag.py took 0.080 seconds
[2024-12-17T23:56:05.694+0000] {processor.py:157} INFO - Started process (PID=455) to work on /home/airflow/.local/lib/python3.9/site-packages/airflow/example_dags/example_skip_dag.py
[2024-12-17T23:56:05.696+0000] {processor.py:829} INFO - Processing file /home/airflow/.local/lib/python3.9/site-packages/airflow/example_dags/example_skip_dag.py for tasks to queue
[2024-12-17T23:56:05.698+0000] {logging_mixin.py:151} INFO - [2024-12-17T23:56:05.698+0000] {dagbag.py:539} INFO - Filling up the DagBag from /home/airflow/.local/lib/python3.9/site-packages/airflow/example_dags/example_skip_dag.py
[2024-12-17T23:56:05.707+0000] {processor.py:839} INFO - DAG(s) dict_keys(['example_skip_dag']) retrieved from /home/airflow/.local/lib/python3.9/site-packages/airflow/example_dags/example_skip_dag.py
[2024-12-17T23:56:05.732+0000] {logging_mixin.py:151} INFO - [2024-12-17T23:56:05.732+0000] {dag.py:2907} INFO - Sync 1 DAGs
[2024-12-17T23:56:05.758+0000] {logging_mixin.py:151} INFO - [2024-12-17T23:56:05.758+0000] {dag.py:3677} INFO - Setting next_dagrun for example_skip_dag to 2024-12-16T23:56:05.757773+00:00, run_after=2024-12-17T23:56:05.757773+00:00
[2024-12-17T23:56:05.781+0000] {processor.py:179} INFO - Processing /home/airflow/.local/lib/python3.9/site-packages/airflow/example_dags/example_skip_dag.py took 0.091 seconds
[2024-12-17T23:56:35.988+0000] {processor.py:157} INFO - Started process (PID=517) to work on /home/airflow/.local/lib/python3.9/site-packages/airflow/example_dags/example_skip_dag.py
[2024-12-17T23:56:35.990+0000] {processor.py:829} INFO - Processing file /home/airflow/.local/lib/python3.9/site-packages/airflow/example_dags/example_skip_dag.py for tasks to queue
[2024-12-17T23:56:35.993+0000] {logging_mixin.py:151} INFO - [2024-12-17T23:56:35.993+0000] {dagbag.py:539} INFO - Filling up the DagBag from /home/airflow/.local/lib/python3.9/site-packages/airflow/example_dags/example_skip_dag.py
[2024-12-17T23:56:36.002+0000] {processor.py:839} INFO - DAG(s) dict_keys(['example_skip_dag']) retrieved from /home/airflow/.local/lib/python3.9/site-packages/airflow/example_dags/example_skip_dag.py
[2024-12-17T23:56:36.031+0000] {logging_mixin.py:151} INFO - [2024-12-17T23:56:36.031+0000] {dag.py:2907} INFO - Sync 1 DAGs
[2024-12-17T23:56:36.065+0000] {logging_mixin.py:151} INFO - [2024-12-17T23:56:36.064+0000] {dag.py:3677} INFO - Setting next_dagrun for example_skip_dag to 2024-12-16T23:56:36.064524+00:00, run_after=2024-12-17T23:56:36.064524+00:00
[2024-12-17T23:56:36.102+0000] {processor.py:179} INFO - Processing /home/airflow/.local/lib/python3.9/site-packages/airflow/example_dags/example_skip_dag.py took 0.118 seconds
[2024-12-17T23:57:06.318+0000] {processor.py:157} INFO - Started process (PID=579) to work on /home/airflow/.local/lib/python3.9/site-packages/airflow/example_dags/example_skip_dag.py
[2024-12-17T23:57:06.320+0000] {processor.py:829} INFO - Processing file /home/airflow/.local/lib/python3.9/site-packages/airflow/example_dags/example_skip_dag.py for tasks to queue
[2024-12-17T23:57:06.323+0000] {logging_mixin.py:151} INFO - [2024-12-17T23:57:06.323+0000] {dagbag.py:539} INFO - Filling up the DagBag from /home/airflow/.local/lib/python3.9/site-packages/airflow/example_dags/example_skip_dag.py
[2024-12-17T23:57:06.331+0000] {processor.py:839} INFO - DAG(s) dict_keys(['example_skip_dag']) retrieved from /home/airflow/.local/lib/python3.9/site-packages/airflow/example_dags/example_skip_dag.py
[2024-12-17T23:57:06.356+0000] {logging_mixin.py:151} INFO - [2024-12-17T23:57:06.356+0000] {dag.py:2907} INFO - Sync 1 DAGs
[2024-12-17T23:57:06.381+0000] {logging_mixin.py:151} INFO - [2024-12-17T23:57:06.381+0000] {dag.py:3677} INFO - Setting next_dagrun for example_skip_dag to 2024-12-16T23:57:06.380909+00:00, run_after=2024-12-17T23:57:06.380909+00:00
[2024-12-17T23:57:06.405+0000] {processor.py:179} INFO - Processing /home/airflow/.local/lib/python3.9/site-packages/airflow/example_dags/example_skip_dag.py took 0.093 seconds
[2024-12-17T23:57:36.659+0000] {processor.py:157} INFO - Started process (PID=639) to work on /home/airflow/.local/lib/python3.9/site-packages/airflow/example_dags/example_skip_dag.py
[2024-12-17T23:57:36.660+0000] {processor.py:829} INFO - Processing file /home/airflow/.local/lib/python3.9/site-packages/airflow/example_dags/example_skip_dag.py for tasks to queue
[2024-12-17T23:57:36.663+0000] {logging_mixin.py:151} INFO - [2024-12-17T23:57:36.663+0000] {dagbag.py:539} INFO - Filling up the DagBag from /home/airflow/.local/lib/python3.9/site-packages/airflow/example_dags/example_skip_dag.py
[2024-12-17T23:57:36.672+0000] {processor.py:839} INFO - DAG(s) dict_keys(['example_skip_dag']) retrieved from /home/airflow/.local/lib/python3.9/site-packages/airflow/example_dags/example_skip_dag.py
[2024-12-17T23:57:36.704+0000] {logging_mixin.py:151} INFO - [2024-12-17T23:57:36.704+0000] {dag.py:2907} INFO - Sync 1 DAGs
[2024-12-17T23:57:36.733+0000] {logging_mixin.py:151} INFO - [2024-12-17T23:57:36.733+0000] {dag.py:3677} INFO - Setting next_dagrun for example_skip_dag to 2024-12-16T23:57:36.732918+00:00, run_after=2024-12-17T23:57:36.732918+00:00
[2024-12-17T23:57:36.761+0000] {processor.py:179} INFO - Processing /home/airflow/.local/lib/python3.9/site-packages/airflow/example_dags/example_skip_dag.py took 0.105 seconds
[2024-12-17T23:58:07.205+0000] {processor.py:157} INFO - Started process (PID=701) to work on /home/airflow/.local/lib/python3.9/site-packages/airflow/example_dags/example_skip_dag.py
[2024-12-17T23:58:07.206+0000] {processor.py:829} INFO - Processing file /home/airflow/.local/lib/python3.9/site-packages/airflow/example_dags/example_skip_dag.py for tasks to queue
[2024-12-17T23:58:07.209+0000] {logging_mixin.py:151} INFO - [2024-12-17T23:58:07.209+0000] {dagbag.py:539} INFO - Filling up the DagBag from /home/airflow/.local/lib/python3.9/site-packages/airflow/example_dags/example_skip_dag.py
[2024-12-17T23:58:07.218+0000] {processor.py:839} INFO - DAG(s) dict_keys(['example_skip_dag']) retrieved from /home/airflow/.local/lib/python3.9/site-packages/airflow/example_dags/example_skip_dag.py
[2024-12-17T23:58:07.247+0000] {logging_mixin.py:151} INFO - [2024-12-17T23:58:07.247+0000] {dag.py:2907} INFO - Sync 1 DAGs
[2024-12-17T23:58:07.272+0000] {logging_mixin.py:151} INFO - [2024-12-17T23:58:07.272+0000] {dag.py:3677} INFO - Setting next_dagrun for example_skip_dag to 2024-12-16T23:58:07.272476+00:00, run_after=2024-12-17T23:58:07.272476+00:00
[2024-12-17T23:58:07.297+0000] {processor.py:179} INFO - Processing /home/airflow/.local/lib/python3.9/site-packages/airflow/example_dags/example_skip_dag.py took 0.096 seconds
[2024-12-17T23:58:37.582+0000] {processor.py:157} INFO - Started process (PID=763) to work on /home/airflow/.local/lib/python3.9/site-packages/airflow/example_dags/example_skip_dag.py
[2024-12-17T23:58:37.583+0000] {processor.py:829} INFO - Processing file /home/airflow/.local/lib/python3.9/site-packages/airflow/example_dags/example_skip_dag.py for tasks to queue
[2024-12-17T23:58:37.586+0000] {logging_mixin.py:151} INFO - [2024-12-17T23:58:37.585+0000] {dagbag.py:539} INFO - Filling up the DagBag from /home/airflow/.local/lib/python3.9/site-packages/airflow/example_dags/example_skip_dag.py
[2024-12-17T23:58:37.593+0000] {processor.py:839} INFO - DAG(s) dict_keys(['example_skip_dag']) retrieved from /home/airflow/.local/lib/python3.9/site-packages/airflow/example_dags/example_skip_dag.py
[2024-12-17T23:58:37.616+0000] {logging_mixin.py:151} INFO - [2024-12-17T23:58:37.616+0000] {dag.py:2907} INFO - Sync 1 DAGs
[2024-12-17T23:58:37.639+0000] {logging_mixin.py:151} INFO - [2024-12-17T23:58:37.639+0000] {dag.py:3677} INFO - Setting next_dagrun for example_skip_dag to 2024-12-16T23:58:37.639443+00:00, run_after=2024-12-17T23:58:37.639443+00:00
[2024-12-17T23:58:37.660+0000] {processor.py:179} INFO - Processing /home/airflow/.local/lib/python3.9/site-packages/airflow/example_dags/example_skip_dag.py took 0.081 seconds
[2024-12-17T23:59:07.755+0000] {processor.py:157} INFO - Started process (PID=825) to work on /home/airflow/.local/lib/python3.9/site-packages/airflow/example_dags/example_skip_dag.py
[2024-12-17T23:59:07.756+0000] {processor.py:829} INFO - Processing file /home/airflow/.local/lib/python3.9/site-packages/airflow/example_dags/example_skip_dag.py for tasks to queue
[2024-12-17T23:59:07.759+0000] {logging_mixin.py:151} INFO - [2024-12-17T23:59:07.759+0000] {dagbag.py:539} INFO - Filling up the DagBag from /home/airflow/.local/lib/python3.9/site-packages/airflow/example_dags/example_skip_dag.py
[2024-12-17T23:59:07.767+0000] {processor.py:839} INFO - DAG(s) dict_keys(['example_skip_dag']) retrieved from /home/airflow/.local/lib/python3.9/site-packages/airflow/example_dags/example_skip_dag.py
[2024-12-17T23:59:07.789+0000] {logging_mixin.py:151} INFO - [2024-12-17T23:59:07.789+0000] {dag.py:2907} INFO - Sync 1 DAGs
[2024-12-17T23:59:07.814+0000] {logging_mixin.py:151} INFO - [2024-12-17T23:59:07.813+0000] {dag.py:3677} INFO - Setting next_dagrun for example_skip_dag to 2024-12-16T23:59:07.813528+00:00, run_after=2024-12-17T23:59:07.813528+00:00
[2024-12-17T23:59:07.834+0000] {processor.py:179} INFO - Processing /home/airflow/.local/lib/python3.9/site-packages/airflow/example_dags/example_skip_dag.py took 0.083 seconds
[2024-12-17T23:59:38.894+0000] {processor.py:157} INFO - Started process (PID=887) to work on /home/airflow/.local/lib/python3.9/site-packages/airflow/example_dags/example_skip_dag.py
[2024-12-17T23:59:38.895+0000] {processor.py:829} INFO - Processing file /home/airflow/.local/lib/python3.9/site-packages/airflow/example_dags/example_skip_dag.py for tasks to queue
[2024-12-17T23:59:38.898+0000] {logging_mixin.py:151} INFO - [2024-12-17T23:59:38.897+0000] {dagbag.py:539} INFO - Filling up the DagBag from /home/airflow/.local/lib/python3.9/site-packages/airflow/example_dags/example_skip_dag.py
[2024-12-17T23:59:38.907+0000] {processor.py:839} INFO - DAG(s) dict_keys(['example_skip_dag']) retrieved from /home/airflow/.local/lib/python3.9/site-packages/airflow/example_dags/example_skip_dag.py
[2024-12-17T23:59:38.936+0000] {logging_mixin.py:151} INFO - [2024-12-17T23:59:38.936+0000] {dag.py:2907} INFO - Sync 1 DAGs
[2024-12-17T23:59:38.968+0000] {logging_mixin.py:151} INFO - [2024-12-17T23:59:38.968+0000] {dag.py:3677} INFO - Setting next_dagrun for example_skip_dag to 2024-12-16T23:59:38.968303+00:00, run_after=2024-12-17T23:59:38.968303+00:00
[2024-12-17T23:59:38.991+0000] {processor.py:179} INFO - Processing /home/airflow/.local/lib/python3.9/site-packages/airflow/example_dags/example_skip_dag.py took 0.102 seconds
