[2024-12-17T23:53:03.220+0000] {processor.py:157} INFO - Started process (PID=90) to work on /home/airflow/.local/lib/python3.9/site-packages/airflow/example_dags/example_short_circuit_decorator.py
[2024-12-17T23:53:03.221+0000] {processor.py:829} INFO - Processing file /home/airflow/.local/lib/python3.9/site-packages/airflow/example_dags/example_short_circuit_decorator.py for tasks to queue
[2024-12-17T23:53:03.224+0000] {logging_mixin.py:151} INFO - [2024-12-17T23:53:03.224+0000] {dagbag.py:539} INFO - Filling up the DagBag from /home/airflow/.local/lib/python3.9/site-packages/airflow/example_dags/example_short_circuit_decorator.py
[2024-12-17T23:53:03.238+0000] {processor.py:839} INFO - DAG(s) dict_keys(['example_short_circuit_decorator']) retrieved from /home/airflow/.local/lib/python3.9/site-packages/airflow/example_dags/example_short_circuit_decorator.py
[2024-12-17T23:53:03.410+0000] {logging_mixin.py:151} INFO - [2024-12-17T23:53:03.409+0000] {manager.py:501} INFO - Created Permission View: can read on DAG:example_short_circuit_decorator
[2024-12-17T23:53:03.428+0000] {logging_mixin.py:151} INFO - [2024-12-17T23:53:03.427+0000] {manager.py:501} INFO - Created Permission View: can edit on DAG:example_short_circuit_decorator
[2024-12-17T23:53:03.442+0000] {logging_mixin.py:151} INFO - [2024-12-17T23:53:03.442+0000] {manager.py:501} INFO - Created Permission View: can delete on DAG:example_short_circuit_decorator
[2024-12-17T23:53:03.460+0000] {logging_mixin.py:151} INFO - [2024-12-17T23:53:03.460+0000] {dag.py:2907} INFO - Sync 1 DAGs
[2024-12-17T23:53:03.474+0000] {logging_mixin.py:151} INFO - [2024-12-17T23:53:03.474+0000] {dag.py:2929} INFO - Creating ORM DAG for example_short_circuit_decorator
[2024-12-17T23:53:03.486+0000] {logging_mixin.py:151} INFO - [2024-12-17T23:53:03.486+0000] {dag.py:3677} INFO - Setting next_dagrun for example_short_circuit_decorator to 2024-12-16T23:53:03.486008+00:00, run_after=2024-12-17T23:53:03.486008+00:00
[2024-12-17T23:53:03.507+0000] {processor.py:179} INFO - Processing /home/airflow/.local/lib/python3.9/site-packages/airflow/example_dags/example_short_circuit_decorator.py took 0.291 seconds
[2024-12-17T23:53:33.650+0000] {processor.py:157} INFO - Started process (PID=151) to work on /home/airflow/.local/lib/python3.9/site-packages/airflow/example_dags/example_short_circuit_decorator.py
[2024-12-17T23:53:33.652+0000] {processor.py:829} INFO - Processing file /home/airflow/.local/lib/python3.9/site-packages/airflow/example_dags/example_short_circuit_decorator.py for tasks to queue
[2024-12-17T23:53:33.656+0000] {logging_mixin.py:151} INFO - [2024-12-17T23:53:33.656+0000] {dagbag.py:539} INFO - Filling up the DagBag from /home/airflow/.local/lib/python3.9/site-packages/airflow/example_dags/example_short_circuit_decorator.py
[2024-12-17T23:53:33.671+0000] {processor.py:839} INFO - DAG(s) dict_keys(['example_short_circuit_decorator']) retrieved from /home/airflow/.local/lib/python3.9/site-packages/airflow/example_dags/example_short_circuit_decorator.py
[2024-12-17T23:53:33.712+0000] {logging_mixin.py:151} INFO - [2024-12-17T23:53:33.712+0000] {dag.py:2907} INFO - Sync 1 DAGs
[2024-12-17T23:53:33.773+0000] {logging_mixin.py:151} INFO - [2024-12-17T23:53:33.773+0000] {dag.py:3677} INFO - Setting next_dagrun for example_short_circuit_decorator to 2024-12-16T23:53:33.773176+00:00, run_after=2024-12-17T23:53:33.773176+00:00
[2024-12-17T23:53:33.801+0000] {processor.py:179} INFO - Processing /home/airflow/.local/lib/python3.9/site-packages/airflow/example_dags/example_short_circuit_decorator.py took 0.159 seconds
[2024-12-17T23:54:04.200+0000] {processor.py:157} INFO - Started process (PID=212) to work on /home/airflow/.local/lib/python3.9/site-packages/airflow/example_dags/example_short_circuit_decorator.py
[2024-12-17T23:54:04.201+0000] {processor.py:829} INFO - Processing file /home/airflow/.local/lib/python3.9/site-packages/airflow/example_dags/example_short_circuit_decorator.py for tasks to queue
[2024-12-17T23:54:04.205+0000] {logging_mixin.py:151} INFO - [2024-12-17T23:54:04.204+0000] {dagbag.py:539} INFO - Filling up the DagBag from /home/airflow/.local/lib/python3.9/site-packages/airflow/example_dags/example_short_circuit_decorator.py
[2024-12-17T23:54:04.216+0000] {processor.py:839} INFO - DAG(s) dict_keys(['example_short_circuit_decorator']) retrieved from /home/airflow/.local/lib/python3.9/site-packages/airflow/example_dags/example_short_circuit_decorator.py
[2024-12-17T23:54:04.245+0000] {logging_mixin.py:151} INFO - [2024-12-17T23:54:04.245+0000] {dag.py:2907} INFO - Sync 1 DAGs
[2024-12-17T23:54:04.273+0000] {logging_mixin.py:151} INFO - [2024-12-17T23:54:04.272+0000] {dag.py:3677} INFO - Setting next_dagrun for example_short_circuit_decorator to 2024-12-16T23:54:04.272369+00:00, run_after=2024-12-17T23:54:04.272369+00:00
[2024-12-17T23:54:04.297+0000] {processor.py:179} INFO - Processing /home/airflow/.local/lib/python3.9/site-packages/airflow/example_dags/example_short_circuit_decorator.py took 0.103 seconds
[2024-12-17T23:54:34.465+0000] {processor.py:157} INFO - Started process (PID=274) to work on /home/airflow/.local/lib/python3.9/site-packages/airflow/example_dags/example_short_circuit_decorator.py
[2024-12-17T23:54:34.469+0000] {processor.py:829} INFO - Processing file /home/airflow/.local/lib/python3.9/site-packages/airflow/example_dags/example_short_circuit_decorator.py for tasks to queue
[2024-12-17T23:54:34.473+0000] {logging_mixin.py:151} INFO - [2024-12-17T23:54:34.473+0000] {dagbag.py:539} INFO - Filling up the DagBag from /home/airflow/.local/lib/python3.9/site-packages/airflow/example_dags/example_short_circuit_decorator.py
[2024-12-17T23:54:34.490+0000] {processor.py:839} INFO - DAG(s) dict_keys(['example_short_circuit_decorator']) retrieved from /home/airflow/.local/lib/python3.9/site-packages/airflow/example_dags/example_short_circuit_decorator.py
[2024-12-17T23:54:34.523+0000] {logging_mixin.py:151} INFO - [2024-12-17T23:54:34.523+0000] {dag.py:2907} INFO - Sync 1 DAGs
[2024-12-17T23:54:34.566+0000] {logging_mixin.py:151} INFO - [2024-12-17T23:54:34.566+0000] {dag.py:3677} INFO - Setting next_dagrun for example_short_circuit_decorator to 2024-12-16T23:54:34.565802+00:00, run_after=2024-12-17T23:54:34.565802+00:00
[2024-12-17T23:54:34.604+0000] {processor.py:179} INFO - Processing /home/airflow/.local/lib/python3.9/site-packages/airflow/example_dags/example_short_circuit_decorator.py took 0.145 seconds
[2024-12-17T23:55:04.866+0000] {processor.py:157} INFO - Started process (PID=336) to work on /home/airflow/.local/lib/python3.9/site-packages/airflow/example_dags/example_short_circuit_decorator.py
[2024-12-17T23:55:04.867+0000] {processor.py:829} INFO - Processing file /home/airflow/.local/lib/python3.9/site-packages/airflow/example_dags/example_short_circuit_decorator.py for tasks to queue
[2024-12-17T23:55:04.871+0000] {logging_mixin.py:151} INFO - [2024-12-17T23:55:04.871+0000] {dagbag.py:539} INFO - Filling up the DagBag from /home/airflow/.local/lib/python3.9/site-packages/airflow/example_dags/example_short_circuit_decorator.py
[2024-12-17T23:55:04.886+0000] {processor.py:839} INFO - DAG(s) dict_keys(['example_short_circuit_decorator']) retrieved from /home/airflow/.local/lib/python3.9/site-packages/airflow/example_dags/example_short_circuit_decorator.py
[2024-12-17T23:55:04.914+0000] {logging_mixin.py:151} INFO - [2024-12-17T23:55:04.914+0000] {dag.py:2907} INFO - Sync 1 DAGs
[2024-12-17T23:55:04.940+0000] {logging_mixin.py:151} INFO - [2024-12-17T23:55:04.940+0000] {dag.py:3677} INFO - Setting next_dagrun for example_short_circuit_decorator to 2024-12-16T23:55:04.940168+00:00, run_after=2024-12-17T23:55:04.940168+00:00
[2024-12-17T23:55:04.967+0000] {processor.py:179} INFO - Processing /home/airflow/.local/lib/python3.9/site-packages/airflow/example_dags/example_short_circuit_decorator.py took 0.105 seconds
[2024-12-17T23:55:35.050+0000] {processor.py:157} INFO - Started process (PID=398) to work on /home/airflow/.local/lib/python3.9/site-packages/airflow/example_dags/example_short_circuit_decorator.py
[2024-12-17T23:55:35.052+0000] {processor.py:829} INFO - Processing file /home/airflow/.local/lib/python3.9/site-packages/airflow/example_dags/example_short_circuit_decorator.py for tasks to queue
[2024-12-17T23:55:35.055+0000] {logging_mixin.py:151} INFO - [2024-12-17T23:55:35.055+0000] {dagbag.py:539} INFO - Filling up the DagBag from /home/airflow/.local/lib/python3.9/site-packages/airflow/example_dags/example_short_circuit_decorator.py
[2024-12-17T23:55:35.070+0000] {processor.py:839} INFO - DAG(s) dict_keys(['example_short_circuit_decorator']) retrieved from /home/airflow/.local/lib/python3.9/site-packages/airflow/example_dags/example_short_circuit_decorator.py
[2024-12-17T23:55:35.104+0000] {logging_mixin.py:151} INFO - [2024-12-17T23:55:35.104+0000] {dag.py:2907} INFO - Sync 1 DAGs
[2024-12-17T23:55:35.130+0000] {logging_mixin.py:151} INFO - [2024-12-17T23:55:35.129+0000] {dag.py:3677} INFO - Setting next_dagrun for example_short_circuit_decorator to 2024-12-16T23:55:35.129716+00:00, run_after=2024-12-17T23:55:35.129716+00:00
[2024-12-17T23:55:35.153+0000] {processor.py:179} INFO - Processing /home/airflow/.local/lib/python3.9/site-packages/airflow/example_dags/example_short_circuit_decorator.py took 0.106 seconds
[2024-12-17T23:56:06.043+0000] {processor.py:157} INFO - Started process (PID=459) to work on /home/airflow/.local/lib/python3.9/site-packages/airflow/example_dags/example_short_circuit_decorator.py
[2024-12-17T23:56:06.045+0000] {processor.py:829} INFO - Processing file /home/airflow/.local/lib/python3.9/site-packages/airflow/example_dags/example_short_circuit_decorator.py for tasks to queue
[2024-12-17T23:56:06.048+0000] {logging_mixin.py:151} INFO - [2024-12-17T23:56:06.047+0000] {dagbag.py:539} INFO - Filling up the DagBag from /home/airflow/.local/lib/python3.9/site-packages/airflow/example_dags/example_short_circuit_decorator.py
[2024-12-17T23:56:06.059+0000] {processor.py:839} INFO - DAG(s) dict_keys(['example_short_circuit_decorator']) retrieved from /home/airflow/.local/lib/python3.9/site-packages/airflow/example_dags/example_short_circuit_decorator.py
[2024-12-17T23:56:06.089+0000] {logging_mixin.py:151} INFO - [2024-12-17T23:56:06.088+0000] {dag.py:2907} INFO - Sync 1 DAGs
[2024-12-17T23:56:06.114+0000] {logging_mixin.py:151} INFO - [2024-12-17T23:56:06.114+0000] {dag.py:3677} INFO - Setting next_dagrun for example_short_circuit_decorator to 2024-12-16T23:56:06.113918+00:00, run_after=2024-12-17T23:56:06.113918+00:00
[2024-12-17T23:56:06.138+0000] {processor.py:179} INFO - Processing /home/airflow/.local/lib/python3.9/site-packages/airflow/example_dags/example_short_circuit_decorator.py took 0.099 seconds
[2024-12-17T23:56:36.393+0000] {processor.py:157} INFO - Started process (PID=521) to work on /home/airflow/.local/lib/python3.9/site-packages/airflow/example_dags/example_short_circuit_decorator.py
[2024-12-17T23:56:36.394+0000] {processor.py:829} INFO - Processing file /home/airflow/.local/lib/python3.9/site-packages/airflow/example_dags/example_short_circuit_decorator.py for tasks to queue
[2024-12-17T23:56:36.398+0000] {logging_mixin.py:151} INFO - [2024-12-17T23:56:36.397+0000] {dagbag.py:539} INFO - Filling up the DagBag from /home/airflow/.local/lib/python3.9/site-packages/airflow/example_dags/example_short_circuit_decorator.py
[2024-12-17T23:56:36.410+0000] {processor.py:839} INFO - DAG(s) dict_keys(['example_short_circuit_decorator']) retrieved from /home/airflow/.local/lib/python3.9/site-packages/airflow/example_dags/example_short_circuit_decorator.py
[2024-12-17T23:56:36.437+0000] {logging_mixin.py:151} INFO - [2024-12-17T23:56:36.437+0000] {dag.py:2907} INFO - Sync 1 DAGs
[2024-12-17T23:56:36.465+0000] {logging_mixin.py:151} INFO - [2024-12-17T23:56:36.465+0000] {dag.py:3677} INFO - Setting next_dagrun for example_short_circuit_decorator to 2024-12-16T23:56:36.465105+00:00, run_after=2024-12-17T23:56:36.465105+00:00
[2024-12-17T23:56:36.490+0000] {processor.py:179} INFO - Processing /home/airflow/.local/lib/python3.9/site-packages/airflow/example_dags/example_short_circuit_decorator.py took 0.101 seconds
[2024-12-17T23:57:06.867+0000] {processor.py:157} INFO - Started process (PID=583) to work on /home/airflow/.local/lib/python3.9/site-packages/airflow/example_dags/example_short_circuit_decorator.py
[2024-12-17T23:57:06.868+0000] {processor.py:829} INFO - Processing file /home/airflow/.local/lib/python3.9/site-packages/airflow/example_dags/example_short_circuit_decorator.py for tasks to queue
[2024-12-17T23:57:06.872+0000] {logging_mixin.py:151} INFO - [2024-12-17T23:57:06.871+0000] {dagbag.py:539} INFO - Filling up the DagBag from /home/airflow/.local/lib/python3.9/site-packages/airflow/example_dags/example_short_circuit_decorator.py
[2024-12-17T23:57:06.882+0000] {processor.py:839} INFO - DAG(s) dict_keys(['example_short_circuit_decorator']) retrieved from /home/airflow/.local/lib/python3.9/site-packages/airflow/example_dags/example_short_circuit_decorator.py
[2024-12-17T23:57:06.912+0000] {logging_mixin.py:151} INFO - [2024-12-17T23:57:06.912+0000] {dag.py:2907} INFO - Sync 1 DAGs
[2024-12-17T23:57:06.939+0000] {logging_mixin.py:151} INFO - [2024-12-17T23:57:06.938+0000] {dag.py:3677} INFO - Setting next_dagrun for example_short_circuit_decorator to 2024-12-16T23:57:06.938706+00:00, run_after=2024-12-17T23:57:06.938706+00:00
[2024-12-17T23:57:06.966+0000] {processor.py:179} INFO - Processing /home/airflow/.local/lib/python3.9/site-packages/airflow/example_dags/example_short_circuit_decorator.py took 0.103 seconds
[2024-12-17T23:57:36.998+0000] {processor.py:157} INFO - Started process (PID=644) to work on /home/airflow/.local/lib/python3.9/site-packages/airflow/example_dags/example_short_circuit_decorator.py
[2024-12-17T23:57:36.999+0000] {processor.py:829} INFO - Processing file /home/airflow/.local/lib/python3.9/site-packages/airflow/example_dags/example_short_circuit_decorator.py for tasks to queue
[2024-12-17T23:57:37.002+0000] {logging_mixin.py:151} INFO - [2024-12-17T23:57:37.002+0000] {dagbag.py:539} INFO - Filling up the DagBag from /home/airflow/.local/lib/python3.9/site-packages/airflow/example_dags/example_short_circuit_decorator.py
[2024-12-17T23:57:37.013+0000] {processor.py:839} INFO - DAG(s) dict_keys(['example_short_circuit_decorator']) retrieved from /home/airflow/.local/lib/python3.9/site-packages/airflow/example_dags/example_short_circuit_decorator.py
[2024-12-17T23:57:37.038+0000] {logging_mixin.py:151} INFO - [2024-12-17T23:57:37.038+0000] {dag.py:2907} INFO - Sync 1 DAGs
[2024-12-17T23:57:37.063+0000] {logging_mixin.py:151} INFO - [2024-12-17T23:57:37.063+0000] {dag.py:3677} INFO - Setting next_dagrun for example_short_circuit_decorator to 2024-12-16T23:57:37.063227+00:00, run_after=2024-12-17T23:57:37.063227+00:00
[2024-12-17T23:57:37.092+0000] {processor.py:179} INFO - Processing /home/airflow/.local/lib/python3.9/site-packages/airflow/example_dags/example_short_circuit_decorator.py took 0.098 seconds
[2024-12-17T23:58:07.430+0000] {processor.py:157} INFO - Started process (PID=705) to work on /home/airflow/.local/lib/python3.9/site-packages/airflow/example_dags/example_short_circuit_decorator.py
[2024-12-17T23:58:07.431+0000] {processor.py:829} INFO - Processing file /home/airflow/.local/lib/python3.9/site-packages/airflow/example_dags/example_short_circuit_decorator.py for tasks to queue
[2024-12-17T23:58:07.435+0000] {logging_mixin.py:151} INFO - [2024-12-17T23:58:07.435+0000] {dagbag.py:539} INFO - Filling up the DagBag from /home/airflow/.local/lib/python3.9/site-packages/airflow/example_dags/example_short_circuit_decorator.py
[2024-12-17T23:58:07.451+0000] {processor.py:839} INFO - DAG(s) dict_keys(['example_short_circuit_decorator']) retrieved from /home/airflow/.local/lib/python3.9/site-packages/airflow/example_dags/example_short_circuit_decorator.py
[2024-12-17T23:58:07.477+0000] {logging_mixin.py:151} INFO - [2024-12-17T23:58:07.477+0000] {dag.py:2907} INFO - Sync 1 DAGs
[2024-12-17T23:58:07.507+0000] {logging_mixin.py:151} INFO - [2024-12-17T23:58:07.507+0000] {dag.py:3677} INFO - Setting next_dagrun for example_short_circuit_decorator to 2024-12-16T23:58:07.506874+00:00, run_after=2024-12-17T23:58:07.506874+00:00
[2024-12-17T23:58:07.533+0000] {processor.py:179} INFO - Processing /home/airflow/.local/lib/python3.9/site-packages/airflow/example_dags/example_short_circuit_decorator.py took 0.107 seconds
[2024-12-17T23:58:37.855+0000] {processor.py:157} INFO - Started process (PID=767) to work on /home/airflow/.local/lib/python3.9/site-packages/airflow/example_dags/example_short_circuit_decorator.py
[2024-12-17T23:58:37.857+0000] {processor.py:829} INFO - Processing file /home/airflow/.local/lib/python3.9/site-packages/airflow/example_dags/example_short_circuit_decorator.py for tasks to queue
[2024-12-17T23:58:37.860+0000] {logging_mixin.py:151} INFO - [2024-12-17T23:58:37.859+0000] {dagbag.py:539} INFO - Filling up the DagBag from /home/airflow/.local/lib/python3.9/site-packages/airflow/example_dags/example_short_circuit_decorator.py
[2024-12-17T23:58:37.871+0000] {processor.py:839} INFO - DAG(s) dict_keys(['example_short_circuit_decorator']) retrieved from /home/airflow/.local/lib/python3.9/site-packages/airflow/example_dags/example_short_circuit_decorator.py
[2024-12-17T23:58:37.904+0000] {logging_mixin.py:151} INFO - [2024-12-17T23:58:37.903+0000] {dag.py:2907} INFO - Sync 1 DAGs
[2024-12-17T23:58:37.935+0000] {logging_mixin.py:151} INFO - [2024-12-17T23:58:37.935+0000] {dag.py:3677} INFO - Setting next_dagrun for example_short_circuit_decorator to 2024-12-16T23:58:37.934924+00:00, run_after=2024-12-17T23:58:37.934924+00:00
[2024-12-17T23:58:37.958+0000] {processor.py:179} INFO - Processing /home/airflow/.local/lib/python3.9/site-packages/airflow/example_dags/example_short_circuit_decorator.py took 0.108 seconds
[2024-12-17T23:59:08.040+0000] {processor.py:157} INFO - Started process (PID=829) to work on /home/airflow/.local/lib/python3.9/site-packages/airflow/example_dags/example_short_circuit_decorator.py
[2024-12-17T23:59:08.041+0000] {processor.py:829} INFO - Processing file /home/airflow/.local/lib/python3.9/site-packages/airflow/example_dags/example_short_circuit_decorator.py for tasks to queue
[2024-12-17T23:59:08.045+0000] {logging_mixin.py:151} INFO - [2024-12-17T23:59:08.044+0000] {dagbag.py:539} INFO - Filling up the DagBag from /home/airflow/.local/lib/python3.9/site-packages/airflow/example_dags/example_short_circuit_decorator.py
[2024-12-17T23:59:08.057+0000] {processor.py:839} INFO - DAG(s) dict_keys(['example_short_circuit_decorator']) retrieved from /home/airflow/.local/lib/python3.9/site-packages/airflow/example_dags/example_short_circuit_decorator.py
[2024-12-17T23:59:08.085+0000] {logging_mixin.py:151} INFO - [2024-12-17T23:59:08.085+0000] {dag.py:2907} INFO - Sync 1 DAGs
[2024-12-17T23:59:08.113+0000] {logging_mixin.py:151} INFO - [2024-12-17T23:59:08.113+0000] {dag.py:3677} INFO - Setting next_dagrun for example_short_circuit_decorator to 2024-12-16T23:59:08.113099+00:00, run_after=2024-12-17T23:59:08.113099+00:00
[2024-12-17T23:59:08.137+0000] {processor.py:179} INFO - Processing /home/airflow/.local/lib/python3.9/site-packages/airflow/example_dags/example_short_circuit_decorator.py took 0.102 seconds
[2024-12-17T23:59:39.228+0000] {processor.py:157} INFO - Started process (PID=891) to work on /home/airflow/.local/lib/python3.9/site-packages/airflow/example_dags/example_short_circuit_decorator.py
[2024-12-17T23:59:39.229+0000] {processor.py:829} INFO - Processing file /home/airflow/.local/lib/python3.9/site-packages/airflow/example_dags/example_short_circuit_decorator.py for tasks to queue
[2024-12-17T23:59:39.232+0000] {logging_mixin.py:151} INFO - [2024-12-17T23:59:39.232+0000] {dagbag.py:539} INFO - Filling up the DagBag from /home/airflow/.local/lib/python3.9/site-packages/airflow/example_dags/example_short_circuit_decorator.py
[2024-12-17T23:59:39.244+0000] {processor.py:839} INFO - DAG(s) dict_keys(['example_short_circuit_decorator']) retrieved from /home/airflow/.local/lib/python3.9/site-packages/airflow/example_dags/example_short_circuit_decorator.py
[2024-12-17T23:59:39.274+0000] {logging_mixin.py:151} INFO - [2024-12-17T23:59:39.274+0000] {dag.py:2907} INFO - Sync 1 DAGs
[2024-12-17T23:59:39.305+0000] {logging_mixin.py:151} INFO - [2024-12-17T23:59:39.305+0000] {dag.py:3677} INFO - Setting next_dagrun for example_short_circuit_decorator to 2024-12-16T23:59:39.305208+00:00, run_after=2024-12-17T23:59:39.305208+00:00
[2024-12-17T23:59:39.329+0000] {processor.py:179} INFO - Processing /home/airflow/.local/lib/python3.9/site-packages/airflow/example_dags/example_short_circuit_decorator.py took 0.106 seconds
