[2024-12-17T23:53:03.692+0000] {processor.py:157} INFO - Started process (PID=93) to work on /home/airflow/.local/lib/python3.9/site-packages/airflow/example_dags/example_python_operator.py
[2024-12-17T23:53:03.693+0000] {processor.py:829} INFO - Processing file /home/airflow/.local/lib/python3.9/site-packages/airflow/example_dags/example_python_operator.py for tasks to queue
[2024-12-17T23:53:03.697+0000] {logging_mixin.py:151} INFO - [2024-12-17T23:53:03.697+0000] {dagbag.py:539} INFO - Filling up the DagBag from /home/airflow/.local/lib/python3.9/site-packages/airflow/example_dags/example_python_operator.py
[2024-12-17T23:53:03.719+0000] {processor.py:839} INFO - DAG(s) dict_keys(['example_python_operator']) retrieved from /home/airflow/.local/lib/python3.9/site-packages/airflow/example_dags/example_python_operator.py
[2024-12-17T23:53:03.872+0000] {logging_mixin.py:151} INFO - [2024-12-17T23:53:03.872+0000] {manager.py:501} INFO - Created Permission View: can read on DAG:example_python_operator
[2024-12-17T23:53:03.884+0000] {logging_mixin.py:151} INFO - [2024-12-17T23:53:03.883+0000] {manager.py:501} INFO - Created Permission View: can edit on DAG:example_python_operator
[2024-12-17T23:53:03.893+0000] {logging_mixin.py:151} INFO - [2024-12-17T23:53:03.893+0000] {manager.py:501} INFO - Created Permission View: can delete on DAG:example_python_operator
[2024-12-17T23:53:03.910+0000] {logging_mixin.py:151} INFO - [2024-12-17T23:53:03.910+0000] {dag.py:2907} INFO - Sync 1 DAGs
[2024-12-17T23:53:03.924+0000] {logging_mixin.py:151} INFO - [2024-12-17T23:53:03.924+0000] {dag.py:2929} INFO - Creating ORM DAG for example_python_operator
[2024-12-17T23:53:03.925+0000] {logging_mixin.py:151} INFO - [2024-12-17T23:53:03.925+0000] {dag.py:3677} INFO - Setting next_dagrun for example_python_operator to None, run_after=None
[2024-12-17T23:53:03.948+0000] {processor.py:179} INFO - Processing /home/airflow/.local/lib/python3.9/site-packages/airflow/example_dags/example_python_operator.py took 0.261 seconds
[2024-12-17T23:53:34.308+0000] {processor.py:157} INFO - Started process (PID=154) to work on /home/airflow/.local/lib/python3.9/site-packages/airflow/example_dags/example_python_operator.py
[2024-12-17T23:53:34.309+0000] {processor.py:829} INFO - Processing file /home/airflow/.local/lib/python3.9/site-packages/airflow/example_dags/example_python_operator.py for tasks to queue
[2024-12-17T23:53:34.312+0000] {logging_mixin.py:151} INFO - [2024-12-17T23:53:34.312+0000] {dagbag.py:539} INFO - Filling up the DagBag from /home/airflow/.local/lib/python3.9/site-packages/airflow/example_dags/example_python_operator.py
[2024-12-17T23:53:34.324+0000] {processor.py:839} INFO - DAG(s) dict_keys(['example_python_operator']) retrieved from /home/airflow/.local/lib/python3.9/site-packages/airflow/example_dags/example_python_operator.py
[2024-12-17T23:53:34.350+0000] {logging_mixin.py:151} INFO - [2024-12-17T23:53:34.349+0000] {dag.py:2907} INFO - Sync 1 DAGs
[2024-12-17T23:53:34.363+0000] {logging_mixin.py:151} INFO - [2024-12-17T23:53:34.363+0000] {dag.py:3677} INFO - Setting next_dagrun for example_python_operator to None, run_after=None
[2024-12-17T23:53:34.384+0000] {processor.py:179} INFO - Processing /home/airflow/.local/lib/python3.9/site-packages/airflow/example_dags/example_python_operator.py took 0.079 seconds
[2024-12-17T23:54:05.345+0000] {processor.py:157} INFO - Started process (PID=215) to work on /home/airflow/.local/lib/python3.9/site-packages/airflow/example_dags/example_python_operator.py
[2024-12-17T23:54:05.347+0000] {processor.py:829} INFO - Processing file /home/airflow/.local/lib/python3.9/site-packages/airflow/example_dags/example_python_operator.py for tasks to queue
[2024-12-17T23:54:05.350+0000] {logging_mixin.py:151} INFO - [2024-12-17T23:54:05.350+0000] {dagbag.py:539} INFO - Filling up the DagBag from /home/airflow/.local/lib/python3.9/site-packages/airflow/example_dags/example_python_operator.py
[2024-12-17T23:54:05.365+0000] {processor.py:839} INFO - DAG(s) dict_keys(['example_python_operator']) retrieved from /home/airflow/.local/lib/python3.9/site-packages/airflow/example_dags/example_python_operator.py
[2024-12-17T23:54:05.393+0000] {logging_mixin.py:151} INFO - [2024-12-17T23:54:05.393+0000] {dag.py:2907} INFO - Sync 1 DAGs
[2024-12-17T23:54:05.406+0000] {logging_mixin.py:151} INFO - [2024-12-17T23:54:05.406+0000] {dag.py:3677} INFO - Setting next_dagrun for example_python_operator to None, run_after=None
[2024-12-17T23:54:05.472+0000] {processor.py:179} INFO - Processing /home/airflow/.local/lib/python3.9/site-packages/airflow/example_dags/example_python_operator.py took 0.132 seconds
[2024-12-17T23:54:35.633+0000] {processor.py:157} INFO - Started process (PID=276) to work on /home/airflow/.local/lib/python3.9/site-packages/airflow/example_dags/example_python_operator.py
[2024-12-17T23:54:35.634+0000] {processor.py:829} INFO - Processing file /home/airflow/.local/lib/python3.9/site-packages/airflow/example_dags/example_python_operator.py for tasks to queue
[2024-12-17T23:54:35.640+0000] {logging_mixin.py:151} INFO - [2024-12-17T23:54:35.639+0000] {dagbag.py:539} INFO - Filling up the DagBag from /home/airflow/.local/lib/python3.9/site-packages/airflow/example_dags/example_python_operator.py
[2024-12-17T23:54:35.656+0000] {processor.py:839} INFO - DAG(s) dict_keys(['example_python_operator']) retrieved from /home/airflow/.local/lib/python3.9/site-packages/airflow/example_dags/example_python_operator.py
[2024-12-17T23:54:35.684+0000] {logging_mixin.py:151} INFO - [2024-12-17T23:54:35.684+0000] {dag.py:2907} INFO - Sync 1 DAGs
[2024-12-17T23:54:35.706+0000] {logging_mixin.py:151} INFO - [2024-12-17T23:54:35.706+0000] {dag.py:3677} INFO - Setting next_dagrun for example_python_operator to None, run_after=None
[2024-12-17T23:54:35.740+0000] {processor.py:179} INFO - Processing /home/airflow/.local/lib/python3.9/site-packages/airflow/example_dags/example_python_operator.py took 0.110 seconds
[2024-12-17T23:55:06.026+0000] {processor.py:157} INFO - Started process (PID=338) to work on /home/airflow/.local/lib/python3.9/site-packages/airflow/example_dags/example_python_operator.py
[2024-12-17T23:55:06.028+0000] {processor.py:829} INFO - Processing file /home/airflow/.local/lib/python3.9/site-packages/airflow/example_dags/example_python_operator.py for tasks to queue
[2024-12-17T23:55:06.032+0000] {logging_mixin.py:151} INFO - [2024-12-17T23:55:06.032+0000] {dagbag.py:539} INFO - Filling up the DagBag from /home/airflow/.local/lib/python3.9/site-packages/airflow/example_dags/example_python_operator.py
[2024-12-17T23:55:06.048+0000] {processor.py:839} INFO - DAG(s) dict_keys(['example_python_operator']) retrieved from /home/airflow/.local/lib/python3.9/site-packages/airflow/example_dags/example_python_operator.py
[2024-12-17T23:55:06.080+0000] {logging_mixin.py:151} INFO - [2024-12-17T23:55:06.079+0000] {dag.py:2907} INFO - Sync 1 DAGs
[2024-12-17T23:55:06.102+0000] {logging_mixin.py:151} INFO - [2024-12-17T23:55:06.102+0000] {dag.py:3677} INFO - Setting next_dagrun for example_python_operator to None, run_after=None
[2024-12-17T23:55:06.130+0000] {processor.py:179} INFO - Processing /home/airflow/.local/lib/python3.9/site-packages/airflow/example_dags/example_python_operator.py took 0.112 seconds
[2024-12-17T23:55:36.188+0000] {processor.py:157} INFO - Started process (PID=400) to work on /home/airflow/.local/lib/python3.9/site-packages/airflow/example_dags/example_python_operator.py
[2024-12-17T23:55:36.189+0000] {processor.py:829} INFO - Processing file /home/airflow/.local/lib/python3.9/site-packages/airflow/example_dags/example_python_operator.py for tasks to queue
[2024-12-17T23:55:36.193+0000] {logging_mixin.py:151} INFO - [2024-12-17T23:55:36.192+0000] {dagbag.py:539} INFO - Filling up the DagBag from /home/airflow/.local/lib/python3.9/site-packages/airflow/example_dags/example_python_operator.py
[2024-12-17T23:55:36.207+0000] {processor.py:839} INFO - DAG(s) dict_keys(['example_python_operator']) retrieved from /home/airflow/.local/lib/python3.9/site-packages/airflow/example_dags/example_python_operator.py
[2024-12-17T23:55:36.239+0000] {logging_mixin.py:151} INFO - [2024-12-17T23:55:36.239+0000] {dag.py:2907} INFO - Sync 1 DAGs
[2024-12-17T23:55:36.254+0000] {logging_mixin.py:151} INFO - [2024-12-17T23:55:36.254+0000] {dag.py:3677} INFO - Setting next_dagrun for example_python_operator to None, run_after=None
[2024-12-17T23:55:36.291+0000] {processor.py:179} INFO - Processing /home/airflow/.local/lib/python3.9/site-packages/airflow/example_dags/example_python_operator.py took 0.108 seconds
[2024-12-17T23:56:07.105+0000] {processor.py:157} INFO - Started process (PID=461) to work on /home/airflow/.local/lib/python3.9/site-packages/airflow/example_dags/example_python_operator.py
[2024-12-17T23:56:07.107+0000] {processor.py:829} INFO - Processing file /home/airflow/.local/lib/python3.9/site-packages/airflow/example_dags/example_python_operator.py for tasks to queue
[2024-12-17T23:56:07.111+0000] {logging_mixin.py:151} INFO - [2024-12-17T23:56:07.110+0000] {dagbag.py:539} INFO - Filling up the DagBag from /home/airflow/.local/lib/python3.9/site-packages/airflow/example_dags/example_python_operator.py
[2024-12-17T23:56:07.132+0000] {processor.py:839} INFO - DAG(s) dict_keys(['example_python_operator']) retrieved from /home/airflow/.local/lib/python3.9/site-packages/airflow/example_dags/example_python_operator.py
[2024-12-17T23:56:07.169+0000] {logging_mixin.py:151} INFO - [2024-12-17T23:56:07.168+0000] {dag.py:2907} INFO - Sync 1 DAGs
[2024-12-17T23:56:07.191+0000] {logging_mixin.py:151} INFO - [2024-12-17T23:56:07.190+0000] {dag.py:3677} INFO - Setting next_dagrun for example_python_operator to None, run_after=None
[2024-12-17T23:56:07.219+0000] {processor.py:179} INFO - Processing /home/airflow/.local/lib/python3.9/site-packages/airflow/example_dags/example_python_operator.py took 0.125 seconds
[2024-12-17T23:56:37.529+0000] {processor.py:157} INFO - Started process (PID=523) to work on /home/airflow/.local/lib/python3.9/site-packages/airflow/example_dags/example_python_operator.py
[2024-12-17T23:56:37.530+0000] {processor.py:829} INFO - Processing file /home/airflow/.local/lib/python3.9/site-packages/airflow/example_dags/example_python_operator.py for tasks to queue
[2024-12-17T23:56:37.533+0000] {logging_mixin.py:151} INFO - [2024-12-17T23:56:37.533+0000] {dagbag.py:539} INFO - Filling up the DagBag from /home/airflow/.local/lib/python3.9/site-packages/airflow/example_dags/example_python_operator.py
[2024-12-17T23:56:37.553+0000] {processor.py:839} INFO - DAG(s) dict_keys(['example_python_operator']) retrieved from /home/airflow/.local/lib/python3.9/site-packages/airflow/example_dags/example_python_operator.py
[2024-12-17T23:56:37.579+0000] {logging_mixin.py:151} INFO - [2024-12-17T23:56:37.579+0000] {dag.py:2907} INFO - Sync 1 DAGs
[2024-12-17T23:56:37.595+0000] {logging_mixin.py:151} INFO - [2024-12-17T23:56:37.595+0000] {dag.py:3677} INFO - Setting next_dagrun for example_python_operator to None, run_after=None
[2024-12-17T23:56:37.621+0000] {processor.py:179} INFO - Processing /home/airflow/.local/lib/python3.9/site-packages/airflow/example_dags/example_python_operator.py took 0.097 seconds
[2024-12-17T23:57:07.998+0000] {processor.py:157} INFO - Started process (PID=585) to work on /home/airflow/.local/lib/python3.9/site-packages/airflow/example_dags/example_python_operator.py
[2024-12-17T23:57:07.999+0000] {processor.py:829} INFO - Processing file /home/airflow/.local/lib/python3.9/site-packages/airflow/example_dags/example_python_operator.py for tasks to queue
[2024-12-17T23:57:08.002+0000] {logging_mixin.py:151} INFO - [2024-12-17T23:57:08.001+0000] {dagbag.py:539} INFO - Filling up the DagBag from /home/airflow/.local/lib/python3.9/site-packages/airflow/example_dags/example_python_operator.py
[2024-12-17T23:57:08.014+0000] {processor.py:839} INFO - DAG(s) dict_keys(['example_python_operator']) retrieved from /home/airflow/.local/lib/python3.9/site-packages/airflow/example_dags/example_python_operator.py
[2024-12-17T23:57:08.042+0000] {logging_mixin.py:151} INFO - [2024-12-17T23:57:08.041+0000] {dag.py:2907} INFO - Sync 1 DAGs
[2024-12-17T23:57:08.062+0000] {logging_mixin.py:151} INFO - [2024-12-17T23:57:08.062+0000] {dag.py:3677} INFO - Setting next_dagrun for example_python_operator to None, run_after=None
[2024-12-17T23:57:08.096+0000] {processor.py:179} INFO - Processing /home/airflow/.local/lib/python3.9/site-packages/airflow/example_dags/example_python_operator.py took 0.102 seconds
[2024-12-17T23:57:38.221+0000] {processor.py:157} INFO - Started process (PID=647) to work on /home/airflow/.local/lib/python3.9/site-packages/airflow/example_dags/example_python_operator.py
[2024-12-17T23:57:38.222+0000] {processor.py:829} INFO - Processing file /home/airflow/.local/lib/python3.9/site-packages/airflow/example_dags/example_python_operator.py for tasks to queue
[2024-12-17T23:57:38.225+0000] {logging_mixin.py:151} INFO - [2024-12-17T23:57:38.225+0000] {dagbag.py:539} INFO - Filling up the DagBag from /home/airflow/.local/lib/python3.9/site-packages/airflow/example_dags/example_python_operator.py
[2024-12-17T23:57:38.239+0000] {processor.py:839} INFO - DAG(s) dict_keys(['example_python_operator']) retrieved from /home/airflow/.local/lib/python3.9/site-packages/airflow/example_dags/example_python_operator.py
[2024-12-17T23:57:38.267+0000] {logging_mixin.py:151} INFO - [2024-12-17T23:57:38.266+0000] {dag.py:2907} INFO - Sync 1 DAGs
[2024-12-17T23:57:38.281+0000] {logging_mixin.py:151} INFO - [2024-12-17T23:57:38.281+0000] {dag.py:3677} INFO - Setting next_dagrun for example_python_operator to None, run_after=None
[2024-12-17T23:57:38.310+0000] {processor.py:179} INFO - Processing /home/airflow/.local/lib/python3.9/site-packages/airflow/example_dags/example_python_operator.py took 0.093 seconds
[2024-12-17T23:58:08.591+0000] {processor.py:157} INFO - Started process (PID=708) to work on /home/airflow/.local/lib/python3.9/site-packages/airflow/example_dags/example_python_operator.py
[2024-12-17T23:58:08.592+0000] {processor.py:829} INFO - Processing file /home/airflow/.local/lib/python3.9/site-packages/airflow/example_dags/example_python_operator.py for tasks to queue
[2024-12-17T23:58:08.596+0000] {logging_mixin.py:151} INFO - [2024-12-17T23:58:08.595+0000] {dagbag.py:539} INFO - Filling up the DagBag from /home/airflow/.local/lib/python3.9/site-packages/airflow/example_dags/example_python_operator.py
[2024-12-17T23:58:08.610+0000] {processor.py:839} INFO - DAG(s) dict_keys(['example_python_operator']) retrieved from /home/airflow/.local/lib/python3.9/site-packages/airflow/example_dags/example_python_operator.py
[2024-12-17T23:58:08.638+0000] {logging_mixin.py:151} INFO - [2024-12-17T23:58:08.638+0000] {dag.py:2907} INFO - Sync 1 DAGs
[2024-12-17T23:58:08.653+0000] {logging_mixin.py:151} INFO - [2024-12-17T23:58:08.652+0000] {dag.py:3677} INFO - Setting next_dagrun for example_python_operator to None, run_after=None
[2024-12-17T23:58:08.676+0000] {processor.py:179} INFO - Processing /home/airflow/.local/lib/python3.9/site-packages/airflow/example_dags/example_python_operator.py took 0.090 seconds
[2024-12-17T23:58:39.015+0000] {processor.py:157} INFO - Started process (PID=769) to work on /home/airflow/.local/lib/python3.9/site-packages/airflow/example_dags/example_python_operator.py
[2024-12-17T23:58:39.018+0000] {processor.py:829} INFO - Processing file /home/airflow/.local/lib/python3.9/site-packages/airflow/example_dags/example_python_operator.py for tasks to queue
[2024-12-17T23:58:39.023+0000] {logging_mixin.py:151} INFO - [2024-12-17T23:58:39.022+0000] {dagbag.py:539} INFO - Filling up the DagBag from /home/airflow/.local/lib/python3.9/site-packages/airflow/example_dags/example_python_operator.py
[2024-12-17T23:58:39.038+0000] {processor.py:839} INFO - DAG(s) dict_keys(['example_python_operator']) retrieved from /home/airflow/.local/lib/python3.9/site-packages/airflow/example_dags/example_python_operator.py
[2024-12-17T23:58:39.067+0000] {logging_mixin.py:151} INFO - [2024-12-17T23:58:39.067+0000] {dag.py:2907} INFO - Sync 1 DAGs
[2024-12-17T23:58:39.084+0000] {logging_mixin.py:151} INFO - [2024-12-17T23:58:39.084+0000] {dag.py:3677} INFO - Setting next_dagrun for example_python_operator to None, run_after=None
[2024-12-17T23:58:39.115+0000] {processor.py:179} INFO - Processing /home/airflow/.local/lib/python3.9/site-packages/airflow/example_dags/example_python_operator.py took 0.107 seconds
[2024-12-17T23:59:09.197+0000] {processor.py:157} INFO - Started process (PID=831) to work on /home/airflow/.local/lib/python3.9/site-packages/airflow/example_dags/example_python_operator.py
[2024-12-17T23:59:09.198+0000] {processor.py:829} INFO - Processing file /home/airflow/.local/lib/python3.9/site-packages/airflow/example_dags/example_python_operator.py for tasks to queue
[2024-12-17T23:59:09.205+0000] {logging_mixin.py:151} INFO - [2024-12-17T23:59:09.205+0000] {dagbag.py:539} INFO - Filling up the DagBag from /home/airflow/.local/lib/python3.9/site-packages/airflow/example_dags/example_python_operator.py
[2024-12-17T23:59:09.219+0000] {processor.py:839} INFO - DAG(s) dict_keys(['example_python_operator']) retrieved from /home/airflow/.local/lib/python3.9/site-packages/airflow/example_dags/example_python_operator.py
[2024-12-17T23:59:09.254+0000] {logging_mixin.py:151} INFO - [2024-12-17T23:59:09.254+0000] {dag.py:2907} INFO - Sync 1 DAGs
[2024-12-17T23:59:09.270+0000] {logging_mixin.py:151} INFO - [2024-12-17T23:59:09.270+0000] {dag.py:3677} INFO - Setting next_dagrun for example_python_operator to None, run_after=None
[2024-12-17T23:59:09.299+0000] {processor.py:179} INFO - Processing /home/airflow/.local/lib/python3.9/site-packages/airflow/example_dags/example_python_operator.py took 0.114 seconds
[2024-12-17T23:59:39.343+0000] {processor.py:157} INFO - Started process (PID=893) to work on /home/airflow/.local/lib/python3.9/site-packages/airflow/example_dags/example_python_operator.py
[2024-12-17T23:59:39.344+0000] {processor.py:829} INFO - Processing file /home/airflow/.local/lib/python3.9/site-packages/airflow/example_dags/example_python_operator.py for tasks to queue
[2024-12-17T23:59:39.347+0000] {logging_mixin.py:151} INFO - [2024-12-17T23:59:39.347+0000] {dagbag.py:539} INFO - Filling up the DagBag from /home/airflow/.local/lib/python3.9/site-packages/airflow/example_dags/example_python_operator.py
[2024-12-17T23:59:39.359+0000] {processor.py:839} INFO - DAG(s) dict_keys(['example_python_operator']) retrieved from /home/airflow/.local/lib/python3.9/site-packages/airflow/example_dags/example_python_operator.py
[2024-12-17T23:59:39.384+0000] {logging_mixin.py:151} INFO - [2024-12-17T23:59:39.384+0000] {dag.py:2907} INFO - Sync 1 DAGs
[2024-12-17T23:59:39.398+0000] {logging_mixin.py:151} INFO - [2024-12-17T23:59:39.398+0000] {dag.py:3677} INFO - Setting next_dagrun for example_python_operator to None, run_after=None
[2024-12-17T23:59:39.418+0000] {processor.py:179} INFO - Processing /home/airflow/.local/lib/python3.9/site-packages/airflow/example_dags/example_python_operator.py took 0.079 seconds
