[2024-12-17T23:53:04.357+0000] {processor.py:157} INFO - Started process (PID=95) to work on /home/airflow/.local/lib/python3.9/site-packages/airflow/example_dags/example_latest_only.py
[2024-12-17T23:53:04.359+0000] {processor.py:829} INFO - Processing file /home/airflow/.local/lib/python3.9/site-packages/airflow/example_dags/example_latest_only.py for tasks to queue
[2024-12-17T23:53:04.362+0000] {logging_mixin.py:151} INFO - [2024-12-17T23:53:04.362+0000] {dagbag.py:539} INFO - Filling up the DagBag from /home/airflow/.local/lib/python3.9/site-packages/airflow/example_dags/example_latest_only.py
[2024-12-17T23:53:04.371+0000] {processor.py:839} INFO - DAG(s) dict_keys(['latest_only']) retrieved from /home/airflow/.local/lib/python3.9/site-packages/airflow/example_dags/example_latest_only.py
[2024-12-17T23:53:04.575+0000] {logging_mixin.py:151} INFO - [2024-12-17T23:53:04.574+0000] {manager.py:501} INFO - Created Permission View: can read on DAG:latest_only
[2024-12-17T23:53:04.595+0000] {logging_mixin.py:151} INFO - [2024-12-17T23:53:04.595+0000] {manager.py:501} INFO - Created Permission View: can edit on DAG:latest_only
[2024-12-17T23:53:04.609+0000] {logging_mixin.py:151} INFO - [2024-12-17T23:53:04.608+0000] {manager.py:501} INFO - Created Permission View: can delete on DAG:latest_only
[2024-12-17T23:53:04.640+0000] {logging_mixin.py:151} INFO - [2024-12-17T23:53:04.640+0000] {dag.py:2907} INFO - Sync 1 DAGs
[2024-12-17T23:53:04.655+0000] {logging_mixin.py:151} INFO - [2024-12-17T23:53:04.654+0000] {dag.py:2929} INFO - Creating ORM DAG for latest_only
[2024-12-17T23:53:04.670+0000] {logging_mixin.py:151} INFO - [2024-12-17T23:53:04.670+0000] {dag.py:3677} INFO - Setting next_dagrun for latest_only to 2024-12-17T19:53:04.669972+00:00, run_after=2024-12-17T23:53:04.669972+00:00
[2024-12-17T23:53:04.696+0000] {processor.py:179} INFO - Processing /home/airflow/.local/lib/python3.9/site-packages/airflow/example_dags/example_latest_only.py took 0.344 seconds
[2024-12-17T23:53:35.445+0000] {processor.py:157} INFO - Started process (PID=156) to work on /home/airflow/.local/lib/python3.9/site-packages/airflow/example_dags/example_latest_only.py
[2024-12-17T23:53:35.448+0000] {processor.py:829} INFO - Processing file /home/airflow/.local/lib/python3.9/site-packages/airflow/example_dags/example_latest_only.py for tasks to queue
[2024-12-17T23:53:35.454+0000] {logging_mixin.py:151} INFO - [2024-12-17T23:53:35.453+0000] {dagbag.py:539} INFO - Filling up the DagBag from /home/airflow/.local/lib/python3.9/site-packages/airflow/example_dags/example_latest_only.py
[2024-12-17T23:53:35.463+0000] {processor.py:839} INFO - DAG(s) dict_keys(['latest_only']) retrieved from /home/airflow/.local/lib/python3.9/site-packages/airflow/example_dags/example_latest_only.py
[2024-12-17T23:53:35.497+0000] {logging_mixin.py:151} INFO - [2024-12-17T23:53:35.497+0000] {dag.py:2907} INFO - Sync 1 DAGs
[2024-12-17T23:53:35.525+0000] {logging_mixin.py:151} INFO - [2024-12-17T23:53:35.525+0000] {dag.py:3677} INFO - Setting next_dagrun for latest_only to 2024-12-17T19:53:35.524743+00:00, run_after=2024-12-17T23:53:35.524743+00:00
[2024-12-17T23:53:35.554+0000] {processor.py:179} INFO - Processing /home/airflow/.local/lib/python3.9/site-packages/airflow/example_dags/example_latest_only.py took 0.120 seconds
[2024-12-17T23:54:05.615+0000] {processor.py:157} INFO - Started process (PID=217) to work on /home/airflow/.local/lib/python3.9/site-packages/airflow/example_dags/example_latest_only.py
[2024-12-17T23:54:05.616+0000] {processor.py:829} INFO - Processing file /home/airflow/.local/lib/python3.9/site-packages/airflow/example_dags/example_latest_only.py for tasks to queue
[2024-12-17T23:54:05.618+0000] {logging_mixin.py:151} INFO - [2024-12-17T23:54:05.618+0000] {dagbag.py:539} INFO - Filling up the DagBag from /home/airflow/.local/lib/python3.9/site-packages/airflow/example_dags/example_latest_only.py
[2024-12-17T23:54:05.624+0000] {processor.py:839} INFO - DAG(s) dict_keys(['latest_only']) retrieved from /home/airflow/.local/lib/python3.9/site-packages/airflow/example_dags/example_latest_only.py
[2024-12-17T23:54:05.647+0000] {logging_mixin.py:151} INFO - [2024-12-17T23:54:05.647+0000] {dag.py:2907} INFO - Sync 1 DAGs
[2024-12-17T23:54:05.671+0000] {logging_mixin.py:151} INFO - [2024-12-17T23:54:05.671+0000] {dag.py:3677} INFO - Setting next_dagrun for latest_only to 2024-12-17T19:54:05.671261+00:00, run_after=2024-12-17T23:54:05.671261+00:00
[2024-12-17T23:54:05.692+0000] {processor.py:179} INFO - Processing /home/airflow/.local/lib/python3.9/site-packages/airflow/example_dags/example_latest_only.py took 0.081 seconds
[2024-12-17T23:54:35.764+0000] {processor.py:157} INFO - Started process (PID=278) to work on /home/airflow/.local/lib/python3.9/site-packages/airflow/example_dags/example_latest_only.py
[2024-12-17T23:54:35.765+0000] {processor.py:829} INFO - Processing file /home/airflow/.local/lib/python3.9/site-packages/airflow/example_dags/example_latest_only.py for tasks to queue
[2024-12-17T23:54:35.769+0000] {logging_mixin.py:151} INFO - [2024-12-17T23:54:35.768+0000] {dagbag.py:539} INFO - Filling up the DagBag from /home/airflow/.local/lib/python3.9/site-packages/airflow/example_dags/example_latest_only.py
[2024-12-17T23:54:35.775+0000] {processor.py:839} INFO - DAG(s) dict_keys(['latest_only']) retrieved from /home/airflow/.local/lib/python3.9/site-packages/airflow/example_dags/example_latest_only.py
[2024-12-17T23:54:35.801+0000] {logging_mixin.py:151} INFO - [2024-12-17T23:54:35.801+0000] {dag.py:2907} INFO - Sync 1 DAGs
[2024-12-17T23:54:35.831+0000] {logging_mixin.py:151} INFO - [2024-12-17T23:54:35.831+0000] {dag.py:3677} INFO - Setting next_dagrun for latest_only to 2024-12-17T19:54:35.831280+00:00, run_after=2024-12-17T23:54:35.831280+00:00
[2024-12-17T23:54:35.862+0000] {processor.py:179} INFO - Processing /home/airflow/.local/lib/python3.9/site-packages/airflow/example_dags/example_latest_only.py took 0.103 seconds
[2024-12-17T23:55:06.154+0000] {processor.py:157} INFO - Started process (PID=340) to work on /home/airflow/.local/lib/python3.9/site-packages/airflow/example_dags/example_latest_only.py
[2024-12-17T23:55:06.155+0000] {processor.py:829} INFO - Processing file /home/airflow/.local/lib/python3.9/site-packages/airflow/example_dags/example_latest_only.py for tasks to queue
[2024-12-17T23:55:06.158+0000] {logging_mixin.py:151} INFO - [2024-12-17T23:55:06.158+0000] {dagbag.py:539} INFO - Filling up the DagBag from /home/airflow/.local/lib/python3.9/site-packages/airflow/example_dags/example_latest_only.py
[2024-12-17T23:55:06.165+0000] {processor.py:839} INFO - DAG(s) dict_keys(['latest_only']) retrieved from /home/airflow/.local/lib/python3.9/site-packages/airflow/example_dags/example_latest_only.py
[2024-12-17T23:55:06.191+0000] {logging_mixin.py:151} INFO - [2024-12-17T23:55:06.191+0000] {dag.py:2907} INFO - Sync 1 DAGs
[2024-12-17T23:55:06.223+0000] {logging_mixin.py:151} INFO - [2024-12-17T23:55:06.223+0000] {dag.py:3677} INFO - Setting next_dagrun for latest_only to 2024-12-17T19:55:06.223151+00:00, run_after=2024-12-17T23:55:06.223151+00:00
[2024-12-17T23:55:06.249+0000] {processor.py:179} INFO - Processing /home/airflow/.local/lib/python3.9/site-packages/airflow/example_dags/example_latest_only.py took 0.099 seconds
[2024-12-17T23:55:36.314+0000] {processor.py:157} INFO - Started process (PID=402) to work on /home/airflow/.local/lib/python3.9/site-packages/airflow/example_dags/example_latest_only.py
[2024-12-17T23:55:36.315+0000] {processor.py:829} INFO - Processing file /home/airflow/.local/lib/python3.9/site-packages/airflow/example_dags/example_latest_only.py for tasks to queue
[2024-12-17T23:55:36.319+0000] {logging_mixin.py:151} INFO - [2024-12-17T23:55:36.318+0000] {dagbag.py:539} INFO - Filling up the DagBag from /home/airflow/.local/lib/python3.9/site-packages/airflow/example_dags/example_latest_only.py
[2024-12-17T23:55:36.325+0000] {processor.py:839} INFO - DAG(s) dict_keys(['latest_only']) retrieved from /home/airflow/.local/lib/python3.9/site-packages/airflow/example_dags/example_latest_only.py
[2024-12-17T23:55:36.350+0000] {logging_mixin.py:151} INFO - [2024-12-17T23:55:36.350+0000] {dag.py:2907} INFO - Sync 1 DAGs
[2024-12-17T23:55:36.378+0000] {logging_mixin.py:151} INFO - [2024-12-17T23:55:36.378+0000] {dag.py:3677} INFO - Setting next_dagrun for latest_only to 2024-12-17T19:55:36.378460+00:00, run_after=2024-12-17T23:55:36.378460+00:00
[2024-12-17T23:55:36.402+0000] {processor.py:179} INFO - Processing /home/airflow/.local/lib/python3.9/site-packages/airflow/example_dags/example_latest_only.py took 0.092 seconds
[2024-12-17T23:56:07.242+0000] {processor.py:157} INFO - Started process (PID=463) to work on /home/airflow/.local/lib/python3.9/site-packages/airflow/example_dags/example_latest_only.py
[2024-12-17T23:56:07.243+0000] {processor.py:829} INFO - Processing file /home/airflow/.local/lib/python3.9/site-packages/airflow/example_dags/example_latest_only.py for tasks to queue
[2024-12-17T23:56:07.247+0000] {logging_mixin.py:151} INFO - [2024-12-17T23:56:07.247+0000] {dagbag.py:539} INFO - Filling up the DagBag from /home/airflow/.local/lib/python3.9/site-packages/airflow/example_dags/example_latest_only.py
[2024-12-17T23:56:07.253+0000] {processor.py:839} INFO - DAG(s) dict_keys(['latest_only']) retrieved from /home/airflow/.local/lib/python3.9/site-packages/airflow/example_dags/example_latest_only.py
[2024-12-17T23:56:07.279+0000] {logging_mixin.py:151} INFO - [2024-12-17T23:56:07.279+0000] {dag.py:2907} INFO - Sync 1 DAGs
[2024-12-17T23:56:07.306+0000] {logging_mixin.py:151} INFO - [2024-12-17T23:56:07.305+0000] {dag.py:3677} INFO - Setting next_dagrun for latest_only to 2024-12-17T19:56:07.305545+00:00, run_after=2024-12-17T23:56:07.305545+00:00
[2024-12-17T23:56:07.331+0000] {processor.py:179} INFO - Processing /home/airflow/.local/lib/python3.9/site-packages/airflow/example_dags/example_latest_only.py took 0.093 seconds
[2024-12-17T23:56:37.646+0000] {processor.py:157} INFO - Started process (PID=525) to work on /home/airflow/.local/lib/python3.9/site-packages/airflow/example_dags/example_latest_only.py
[2024-12-17T23:56:37.648+0000] {processor.py:829} INFO - Processing file /home/airflow/.local/lib/python3.9/site-packages/airflow/example_dags/example_latest_only.py for tasks to queue
[2024-12-17T23:56:37.651+0000] {logging_mixin.py:151} INFO - [2024-12-17T23:56:37.650+0000] {dagbag.py:539} INFO - Filling up the DagBag from /home/airflow/.local/lib/python3.9/site-packages/airflow/example_dags/example_latest_only.py
[2024-12-17T23:56:37.658+0000] {processor.py:839} INFO - DAG(s) dict_keys(['latest_only']) retrieved from /home/airflow/.local/lib/python3.9/site-packages/airflow/example_dags/example_latest_only.py
[2024-12-17T23:56:37.683+0000] {logging_mixin.py:151} INFO - [2024-12-17T23:56:37.682+0000] {dag.py:2907} INFO - Sync 1 DAGs
[2024-12-17T23:56:37.714+0000] {logging_mixin.py:151} INFO - [2024-12-17T23:56:37.714+0000] {dag.py:3677} INFO - Setting next_dagrun for latest_only to 2024-12-17T19:56:37.713736+00:00, run_after=2024-12-17T23:56:37.713736+00:00
[2024-12-17T23:56:37.736+0000] {processor.py:179} INFO - Processing /home/airflow/.local/lib/python3.9/site-packages/airflow/example_dags/example_latest_only.py took 0.095 seconds
[2024-12-17T23:57:08.119+0000] {processor.py:157} INFO - Started process (PID=587) to work on /home/airflow/.local/lib/python3.9/site-packages/airflow/example_dags/example_latest_only.py
[2024-12-17T23:57:08.121+0000] {processor.py:829} INFO - Processing file /home/airflow/.local/lib/python3.9/site-packages/airflow/example_dags/example_latest_only.py for tasks to queue
[2024-12-17T23:57:08.125+0000] {logging_mixin.py:151} INFO - [2024-12-17T23:57:08.124+0000] {dagbag.py:539} INFO - Filling up the DagBag from /home/airflow/.local/lib/python3.9/site-packages/airflow/example_dags/example_latest_only.py
[2024-12-17T23:57:08.134+0000] {processor.py:839} INFO - DAG(s) dict_keys(['latest_only']) retrieved from /home/airflow/.local/lib/python3.9/site-packages/airflow/example_dags/example_latest_only.py
[2024-12-17T23:57:08.160+0000] {logging_mixin.py:151} INFO - [2024-12-17T23:57:08.160+0000] {dag.py:2907} INFO - Sync 1 DAGs
[2024-12-17T23:57:08.191+0000] {logging_mixin.py:151} INFO - [2024-12-17T23:57:08.191+0000] {dag.py:3677} INFO - Setting next_dagrun for latest_only to 2024-12-17T19:57:08.191409+00:00, run_after=2024-12-17T23:57:08.191409+00:00
[2024-12-17T23:57:08.217+0000] {processor.py:179} INFO - Processing /home/airflow/.local/lib/python3.9/site-packages/airflow/example_dags/example_latest_only.py took 0.101 seconds
[2024-12-17T23:57:38.334+0000] {processor.py:157} INFO - Started process (PID=649) to work on /home/airflow/.local/lib/python3.9/site-packages/airflow/example_dags/example_latest_only.py
[2024-12-17T23:57:38.335+0000] {processor.py:829} INFO - Processing file /home/airflow/.local/lib/python3.9/site-packages/airflow/example_dags/example_latest_only.py for tasks to queue
[2024-12-17T23:57:38.338+0000] {logging_mixin.py:151} INFO - [2024-12-17T23:57:38.338+0000] {dagbag.py:539} INFO - Filling up the DagBag from /home/airflow/.local/lib/python3.9/site-packages/airflow/example_dags/example_latest_only.py
[2024-12-17T23:57:38.349+0000] {processor.py:839} INFO - DAG(s) dict_keys(['latest_only']) retrieved from /home/airflow/.local/lib/python3.9/site-packages/airflow/example_dags/example_latest_only.py
[2024-12-17T23:57:38.376+0000] {logging_mixin.py:151} INFO - [2024-12-17T23:57:38.376+0000] {dag.py:2907} INFO - Sync 1 DAGs
[2024-12-17T23:57:38.401+0000] {logging_mixin.py:151} INFO - [2024-12-17T23:57:38.401+0000] {dag.py:3677} INFO - Setting next_dagrun for latest_only to 2024-12-17T19:57:38.401507+00:00, run_after=2024-12-17T23:57:38.401507+00:00
[2024-12-17T23:57:38.424+0000] {processor.py:179} INFO - Processing /home/airflow/.local/lib/python3.9/site-packages/airflow/example_dags/example_latest_only.py took 0.094 seconds
[2024-12-17T23:58:08.831+0000] {processor.py:157} INFO - Started process (PID=711) to work on /home/airflow/.local/lib/python3.9/site-packages/airflow/example_dags/example_latest_only.py
[2024-12-17T23:58:08.832+0000] {processor.py:829} INFO - Processing file /home/airflow/.local/lib/python3.9/site-packages/airflow/example_dags/example_latest_only.py for tasks to queue
[2024-12-17T23:58:08.835+0000] {logging_mixin.py:151} INFO - [2024-12-17T23:58:08.834+0000] {dagbag.py:539} INFO - Filling up the DagBag from /home/airflow/.local/lib/python3.9/site-packages/airflow/example_dags/example_latest_only.py
[2024-12-17T23:58:08.841+0000] {processor.py:839} INFO - DAG(s) dict_keys(['latest_only']) retrieved from /home/airflow/.local/lib/python3.9/site-packages/airflow/example_dags/example_latest_only.py
[2024-12-17T23:58:08.863+0000] {logging_mixin.py:151} INFO - [2024-12-17T23:58:08.863+0000] {dag.py:2907} INFO - Sync 1 DAGs
[2024-12-17T23:58:08.888+0000] {logging_mixin.py:151} INFO - [2024-12-17T23:58:08.887+0000] {dag.py:3677} INFO - Setting next_dagrun for latest_only to 2024-12-17T19:58:08.887595+00:00, run_after=2024-12-17T23:58:08.887595+00:00
[2024-12-17T23:58:08.909+0000] {processor.py:179} INFO - Processing /home/airflow/.local/lib/python3.9/site-packages/airflow/example_dags/example_latest_only.py took 0.082 seconds
[2024-12-17T23:58:39.137+0000] {processor.py:157} INFO - Started process (PID=771) to work on /home/airflow/.local/lib/python3.9/site-packages/airflow/example_dags/example_latest_only.py
[2024-12-17T23:58:39.138+0000] {processor.py:829} INFO - Processing file /home/airflow/.local/lib/python3.9/site-packages/airflow/example_dags/example_latest_only.py for tasks to queue
[2024-12-17T23:58:39.141+0000] {logging_mixin.py:151} INFO - [2024-12-17T23:58:39.141+0000] {dagbag.py:539} INFO - Filling up the DagBag from /home/airflow/.local/lib/python3.9/site-packages/airflow/example_dags/example_latest_only.py
[2024-12-17T23:58:39.148+0000] {processor.py:839} INFO - DAG(s) dict_keys(['latest_only']) retrieved from /home/airflow/.local/lib/python3.9/site-packages/airflow/example_dags/example_latest_only.py
[2024-12-17T23:58:39.174+0000] {logging_mixin.py:151} INFO - [2024-12-17T23:58:39.174+0000] {dag.py:2907} INFO - Sync 1 DAGs
[2024-12-17T23:58:39.204+0000] {logging_mixin.py:151} INFO - [2024-12-17T23:58:39.204+0000] {dag.py:3677} INFO - Setting next_dagrun for latest_only to 2024-12-17T19:58:39.203756+00:00, run_after=2024-12-17T23:58:39.203756+00:00
[2024-12-17T23:58:39.226+0000] {processor.py:179} INFO - Processing /home/airflow/.local/lib/python3.9/site-packages/airflow/example_dags/example_latest_only.py took 0.094 seconds
[2024-12-17T23:59:09.325+0000] {processor.py:157} INFO - Started process (PID=833) to work on /home/airflow/.local/lib/python3.9/site-packages/airflow/example_dags/example_latest_only.py
[2024-12-17T23:59:09.326+0000] {processor.py:829} INFO - Processing file /home/airflow/.local/lib/python3.9/site-packages/airflow/example_dags/example_latest_only.py for tasks to queue
[2024-12-17T23:59:09.329+0000] {logging_mixin.py:151} INFO - [2024-12-17T23:59:09.329+0000] {dagbag.py:539} INFO - Filling up the DagBag from /home/airflow/.local/lib/python3.9/site-packages/airflow/example_dags/example_latest_only.py
[2024-12-17T23:59:09.336+0000] {processor.py:839} INFO - DAG(s) dict_keys(['latest_only']) retrieved from /home/airflow/.local/lib/python3.9/site-packages/airflow/example_dags/example_latest_only.py
[2024-12-17T23:59:09.361+0000] {logging_mixin.py:151} INFO - [2024-12-17T23:59:09.361+0000] {dag.py:2907} INFO - Sync 1 DAGs
[2024-12-17T23:59:09.388+0000] {logging_mixin.py:151} INFO - [2024-12-17T23:59:09.387+0000] {dag.py:3677} INFO - Setting next_dagrun for latest_only to 2024-12-17T19:59:09.387645+00:00, run_after=2024-12-17T23:59:09.387645+00:00
[2024-12-17T23:59:09.409+0000] {processor.py:179} INFO - Processing /home/airflow/.local/lib/python3.9/site-packages/airflow/example_dags/example_latest_only.py took 0.089 seconds
[2024-12-17T23:59:39.555+0000] {processor.py:157} INFO - Started process (PID=895) to work on /home/airflow/.local/lib/python3.9/site-packages/airflow/example_dags/example_latest_only.py
[2024-12-17T23:59:39.556+0000] {processor.py:829} INFO - Processing file /home/airflow/.local/lib/python3.9/site-packages/airflow/example_dags/example_latest_only.py for tasks to queue
[2024-12-17T23:59:39.560+0000] {logging_mixin.py:151} INFO - [2024-12-17T23:59:39.559+0000] {dagbag.py:539} INFO - Filling up the DagBag from /home/airflow/.local/lib/python3.9/site-packages/airflow/example_dags/example_latest_only.py
[2024-12-17T23:59:39.567+0000] {processor.py:839} INFO - DAG(s) dict_keys(['latest_only']) retrieved from /home/airflow/.local/lib/python3.9/site-packages/airflow/example_dags/example_latest_only.py
[2024-12-17T23:59:39.591+0000] {logging_mixin.py:151} INFO - [2024-12-17T23:59:39.591+0000] {dag.py:2907} INFO - Sync 1 DAGs
[2024-12-17T23:59:39.616+0000] {logging_mixin.py:151} INFO - [2024-12-17T23:59:39.616+0000] {dag.py:3677} INFO - Setting next_dagrun for latest_only to 2024-12-17T19:59:39.616233+00:00, run_after=2024-12-17T23:59:39.616233+00:00
[2024-12-17T23:59:39.645+0000] {processor.py:179} INFO - Processing /home/airflow/.local/lib/python3.9/site-packages/airflow/example_dags/example_latest_only.py took 0.094 seconds
