[2024-12-17T23:52:58.159+0000] {processor.py:157} INFO - Started process (PID=67) to work on /home/airflow/.local/lib/python3.9/site-packages/airflow/example_dags/example_setup_teardown_taskflow.py
[2024-12-17T23:52:58.161+0000] {processor.py:829} INFO - Processing file /home/airflow/.local/lib/python3.9/site-packages/airflow/example_dags/example_setup_teardown_taskflow.py for tasks to queue
[2024-12-17T23:52:58.167+0000] {logging_mixin.py:151} INFO - [2024-12-17T23:52:58.166+0000] {dagbag.py:539} INFO - Filling up the DagBag from /home/airflow/.local/lib/python3.9/site-packages/airflow/example_dags/example_setup_teardown_taskflow.py
[2024-12-17T23:52:58.195+0000] {processor.py:839} INFO - DAG(s) dict_keys(['example_setup_teardown_taskflow']) retrieved from /home/airflow/.local/lib/python3.9/site-packages/airflow/example_dags/example_setup_teardown_taskflow.py
[2024-12-17T23:52:58.419+0000] {logging_mixin.py:151} INFO - [2024-12-17T23:52:58.419+0000] {manager.py:501} INFO - Created Permission View: can read on DAG:example_setup_teardown_taskflow
[2024-12-17T23:52:58.441+0000] {logging_mixin.py:151} INFO - [2024-12-17T23:52:58.440+0000] {manager.py:501} INFO - Created Permission View: can edit on DAG:example_setup_teardown_taskflow
[2024-12-17T23:52:58.458+0000] {logging_mixin.py:151} INFO - [2024-12-17T23:52:58.457+0000] {manager.py:501} INFO - Created Permission View: can delete on DAG:example_setup_teardown_taskflow
[2024-12-17T23:52:58.477+0000] {logging_mixin.py:151} INFO - [2024-12-17T23:52:58.477+0000] {dag.py:2907} INFO - Sync 1 DAGs
[2024-12-17T23:52:58.497+0000] {logging_mixin.py:151} INFO - [2024-12-17T23:52:58.497+0000] {dag.py:2929} INFO - Creating ORM DAG for example_setup_teardown_taskflow
[2024-12-17T23:52:58.512+0000] {logging_mixin.py:151} INFO - [2024-12-17T23:52:58.511+0000] {dag.py:3677} INFO - Setting next_dagrun for example_setup_teardown_taskflow to 2024-12-16T23:52:58.511463+00:00, run_after=2024-12-17T23:52:58.511463+00:00
[2024-12-17T23:52:58.544+0000] {processor.py:179} INFO - Processing /home/airflow/.local/lib/python3.9/site-packages/airflow/example_dags/example_setup_teardown_taskflow.py took 0.393 seconds
[2024-12-17T23:53:28.863+0000] {processor.py:157} INFO - Started process (PID=128) to work on /home/airflow/.local/lib/python3.9/site-packages/airflow/example_dags/example_setup_teardown_taskflow.py
[2024-12-17T23:53:28.864+0000] {processor.py:829} INFO - Processing file /home/airflow/.local/lib/python3.9/site-packages/airflow/example_dags/example_setup_teardown_taskflow.py for tasks to queue
[2024-12-17T23:53:28.867+0000] {logging_mixin.py:151} INFO - [2024-12-17T23:53:28.867+0000] {dagbag.py:539} INFO - Filling up the DagBag from /home/airflow/.local/lib/python3.9/site-packages/airflow/example_dags/example_setup_teardown_taskflow.py
[2024-12-17T23:53:28.883+0000] {processor.py:839} INFO - DAG(s) dict_keys(['example_setup_teardown_taskflow']) retrieved from /home/airflow/.local/lib/python3.9/site-packages/airflow/example_dags/example_setup_teardown_taskflow.py
[2024-12-17T23:53:28.912+0000] {logging_mixin.py:151} INFO - [2024-12-17T23:53:28.912+0000] {dag.py:2907} INFO - Sync 1 DAGs
[2024-12-17T23:53:28.937+0000] {logging_mixin.py:151} INFO - [2024-12-17T23:53:28.937+0000] {dag.py:3677} INFO - Setting next_dagrun for example_setup_teardown_taskflow to 2024-12-16T23:53:28.937115+00:00, run_after=2024-12-17T23:53:28.937115+00:00
[2024-12-17T23:53:28.957+0000] {processor.py:179} INFO - Processing /home/airflow/.local/lib/python3.9/site-packages/airflow/example_dags/example_setup_teardown_taskflow.py took 0.097 seconds
[2024-12-17T23:53:59.504+0000] {processor.py:157} INFO - Started process (PID=189) to work on /home/airflow/.local/lib/python3.9/site-packages/airflow/example_dags/example_setup_teardown_taskflow.py
[2024-12-17T23:53:59.505+0000] {processor.py:829} INFO - Processing file /home/airflow/.local/lib/python3.9/site-packages/airflow/example_dags/example_setup_teardown_taskflow.py for tasks to queue
[2024-12-17T23:53:59.508+0000] {logging_mixin.py:151} INFO - [2024-12-17T23:53:59.508+0000] {dagbag.py:539} INFO - Filling up the DagBag from /home/airflow/.local/lib/python3.9/site-packages/airflow/example_dags/example_setup_teardown_taskflow.py
[2024-12-17T23:53:59.520+0000] {processor.py:839} INFO - DAG(s) dict_keys(['example_setup_teardown_taskflow']) retrieved from /home/airflow/.local/lib/python3.9/site-packages/airflow/example_dags/example_setup_teardown_taskflow.py
[2024-12-17T23:53:59.543+0000] {logging_mixin.py:151} INFO - [2024-12-17T23:53:59.543+0000] {dag.py:2907} INFO - Sync 1 DAGs
[2024-12-17T23:53:59.570+0000] {logging_mixin.py:151} INFO - [2024-12-17T23:53:59.570+0000] {dag.py:3677} INFO - Setting next_dagrun for example_setup_teardown_taskflow to 2024-12-16T23:53:59.569793+00:00, run_after=2024-12-17T23:53:59.569793+00:00
[2024-12-17T23:53:59.596+0000] {processor.py:179} INFO - Processing /home/airflow/.local/lib/python3.9/site-packages/airflow/example_dags/example_setup_teardown_taskflow.py took 0.096 seconds
[2024-12-17T23:54:30.511+0000] {processor.py:157} INFO - Started process (PID=252) to work on /home/airflow/.local/lib/python3.9/site-packages/airflow/example_dags/example_setup_teardown_taskflow.py
[2024-12-17T23:54:30.513+0000] {processor.py:829} INFO - Processing file /home/airflow/.local/lib/python3.9/site-packages/airflow/example_dags/example_setup_teardown_taskflow.py for tasks to queue
[2024-12-17T23:54:30.516+0000] {logging_mixin.py:151} INFO - [2024-12-17T23:54:30.515+0000] {dagbag.py:539} INFO - Filling up the DagBag from /home/airflow/.local/lib/python3.9/site-packages/airflow/example_dags/example_setup_teardown_taskflow.py
[2024-12-17T23:54:30.532+0000] {processor.py:839} INFO - DAG(s) dict_keys(['example_setup_teardown_taskflow']) retrieved from /home/airflow/.local/lib/python3.9/site-packages/airflow/example_dags/example_setup_teardown_taskflow.py
[2024-12-17T23:54:30.562+0000] {logging_mixin.py:151} INFO - [2024-12-17T23:54:30.562+0000] {dag.py:2907} INFO - Sync 1 DAGs
[2024-12-17T23:54:30.593+0000] {logging_mixin.py:151} INFO - [2024-12-17T23:54:30.592+0000] {dag.py:3677} INFO - Setting next_dagrun for example_setup_teardown_taskflow to 2024-12-16T23:54:30.592583+00:00, run_after=2024-12-17T23:54:30.592583+00:00
[2024-12-17T23:54:30.625+0000] {processor.py:179} INFO - Processing /home/airflow/.local/lib/python3.9/site-packages/airflow/example_dags/example_setup_teardown_taskflow.py took 0.120 seconds
[2024-12-17T23:55:01.119+0000] {processor.py:157} INFO - Started process (PID=313) to work on /home/airflow/.local/lib/python3.9/site-packages/airflow/example_dags/example_setup_teardown_taskflow.py
[2024-12-17T23:55:01.120+0000] {processor.py:829} INFO - Processing file /home/airflow/.local/lib/python3.9/site-packages/airflow/example_dags/example_setup_teardown_taskflow.py for tasks to queue
[2024-12-17T23:55:01.124+0000] {logging_mixin.py:151} INFO - [2024-12-17T23:55:01.124+0000] {dagbag.py:539} INFO - Filling up the DagBag from /home/airflow/.local/lib/python3.9/site-packages/airflow/example_dags/example_setup_teardown_taskflow.py
[2024-12-17T23:55:01.135+0000] {processor.py:839} INFO - DAG(s) dict_keys(['example_setup_teardown_taskflow']) retrieved from /home/airflow/.local/lib/python3.9/site-packages/airflow/example_dags/example_setup_teardown_taskflow.py
[2024-12-17T23:55:01.162+0000] {logging_mixin.py:151} INFO - [2024-12-17T23:55:01.161+0000] {dag.py:2907} INFO - Sync 1 DAGs
[2024-12-17T23:55:01.187+0000] {logging_mixin.py:151} INFO - [2024-12-17T23:55:01.186+0000] {dag.py:3677} INFO - Setting next_dagrun for example_setup_teardown_taskflow to 2024-12-16T23:55:01.186503+00:00, run_after=2024-12-17T23:55:01.186503+00:00
[2024-12-17T23:55:01.213+0000] {processor.py:179} INFO - Processing /home/airflow/.local/lib/python3.9/site-packages/airflow/example_dags/example_setup_teardown_taskflow.py took 0.098 seconds
[2024-12-17T23:55:31.482+0000] {processor.py:157} INFO - Started process (PID=374) to work on /home/airflow/.local/lib/python3.9/site-packages/airflow/example_dags/example_setup_teardown_taskflow.py
[2024-12-17T23:55:31.483+0000] {processor.py:829} INFO - Processing file /home/airflow/.local/lib/python3.9/site-packages/airflow/example_dags/example_setup_teardown_taskflow.py for tasks to queue
[2024-12-17T23:55:31.486+0000] {logging_mixin.py:151} INFO - [2024-12-17T23:55:31.486+0000] {dagbag.py:539} INFO - Filling up the DagBag from /home/airflow/.local/lib/python3.9/site-packages/airflow/example_dags/example_setup_teardown_taskflow.py
[2024-12-17T23:55:31.496+0000] {processor.py:839} INFO - DAG(s) dict_keys(['example_setup_teardown_taskflow']) retrieved from /home/airflow/.local/lib/python3.9/site-packages/airflow/example_dags/example_setup_teardown_taskflow.py
[2024-12-17T23:55:31.519+0000] {logging_mixin.py:151} INFO - [2024-12-17T23:55:31.519+0000] {dag.py:2907} INFO - Sync 1 DAGs
[2024-12-17T23:55:31.542+0000] {logging_mixin.py:151} INFO - [2024-12-17T23:55:31.542+0000] {dag.py:3677} INFO - Setting next_dagrun for example_setup_teardown_taskflow to 2024-12-16T23:55:31.542219+00:00, run_after=2024-12-17T23:55:31.542219+00:00
[2024-12-17T23:55:31.563+0000] {processor.py:179} INFO - Processing /home/airflow/.local/lib/python3.9/site-packages/airflow/example_dags/example_setup_teardown_taskflow.py took 0.084 seconds
[2024-12-17T23:56:01.607+0000] {processor.py:157} INFO - Started process (PID=433) to work on /home/airflow/.local/lib/python3.9/site-packages/airflow/example_dags/example_setup_teardown_taskflow.py
[2024-12-17T23:56:01.609+0000] {processor.py:829} INFO - Processing file /home/airflow/.local/lib/python3.9/site-packages/airflow/example_dags/example_setup_teardown_taskflow.py for tasks to queue
[2024-12-17T23:56:01.613+0000] {logging_mixin.py:151} INFO - [2024-12-17T23:56:01.613+0000] {dagbag.py:539} INFO - Filling up the DagBag from /home/airflow/.local/lib/python3.9/site-packages/airflow/example_dags/example_setup_teardown_taskflow.py
[2024-12-17T23:56:01.626+0000] {processor.py:839} INFO - DAG(s) dict_keys(['example_setup_teardown_taskflow']) retrieved from /home/airflow/.local/lib/python3.9/site-packages/airflow/example_dags/example_setup_teardown_taskflow.py
[2024-12-17T23:56:01.654+0000] {logging_mixin.py:151} INFO - [2024-12-17T23:56:01.654+0000] {dag.py:2907} INFO - Sync 1 DAGs
[2024-12-17T23:56:01.679+0000] {logging_mixin.py:151} INFO - [2024-12-17T23:56:01.678+0000] {dag.py:3677} INFO - Setting next_dagrun for example_setup_teardown_taskflow to 2024-12-16T23:56:01.678522+00:00, run_after=2024-12-17T23:56:01.678522+00:00
[2024-12-17T23:56:01.704+0000] {processor.py:179} INFO - Processing /home/airflow/.local/lib/python3.9/site-packages/airflow/example_dags/example_setup_teardown_taskflow.py took 0.101 seconds
[2024-12-17T23:56:32.427+0000] {processor.py:157} INFO - Started process (PID=496) to work on /home/airflow/.local/lib/python3.9/site-packages/airflow/example_dags/example_setup_teardown_taskflow.py
[2024-12-17T23:56:32.428+0000] {processor.py:829} INFO - Processing file /home/airflow/.local/lib/python3.9/site-packages/airflow/example_dags/example_setup_teardown_taskflow.py for tasks to queue
[2024-12-17T23:56:32.433+0000] {logging_mixin.py:151} INFO - [2024-12-17T23:56:32.432+0000] {dagbag.py:539} INFO - Filling up the DagBag from /home/airflow/.local/lib/python3.9/site-packages/airflow/example_dags/example_setup_teardown_taskflow.py
[2024-12-17T23:56:32.446+0000] {processor.py:839} INFO - DAG(s) dict_keys(['example_setup_teardown_taskflow']) retrieved from /home/airflow/.local/lib/python3.9/site-packages/airflow/example_dags/example_setup_teardown_taskflow.py
[2024-12-17T23:56:32.470+0000] {logging_mixin.py:151} INFO - [2024-12-17T23:56:32.470+0000] {dag.py:2907} INFO - Sync 1 DAGs
[2024-12-17T23:56:32.495+0000] {logging_mixin.py:151} INFO - [2024-12-17T23:56:32.495+0000] {dag.py:3677} INFO - Setting next_dagrun for example_setup_teardown_taskflow to 2024-12-16T23:56:32.495237+00:00, run_after=2024-12-17T23:56:32.495237+00:00
[2024-12-17T23:56:32.524+0000] {processor.py:179} INFO - Processing /home/airflow/.local/lib/python3.9/site-packages/airflow/example_dags/example_setup_teardown_taskflow.py took 0.103 seconds
[2024-12-17T23:57:02.775+0000] {processor.py:157} INFO - Started process (PID=557) to work on /home/airflow/.local/lib/python3.9/site-packages/airflow/example_dags/example_setup_teardown_taskflow.py
[2024-12-17T23:57:02.777+0000] {processor.py:829} INFO - Processing file /home/airflow/.local/lib/python3.9/site-packages/airflow/example_dags/example_setup_teardown_taskflow.py for tasks to queue
[2024-12-17T23:57:02.782+0000] {logging_mixin.py:151} INFO - [2024-12-17T23:57:02.781+0000] {dagbag.py:539} INFO - Filling up the DagBag from /home/airflow/.local/lib/python3.9/site-packages/airflow/example_dags/example_setup_teardown_taskflow.py
[2024-12-17T23:57:02.798+0000] {processor.py:839} INFO - DAG(s) dict_keys(['example_setup_teardown_taskflow']) retrieved from /home/airflow/.local/lib/python3.9/site-packages/airflow/example_dags/example_setup_teardown_taskflow.py
[2024-12-17T23:57:02.827+0000] {logging_mixin.py:151} INFO - [2024-12-17T23:57:02.827+0000] {dag.py:2907} INFO - Sync 1 DAGs
[2024-12-17T23:57:02.855+0000] {logging_mixin.py:151} INFO - [2024-12-17T23:57:02.855+0000] {dag.py:3677} INFO - Setting next_dagrun for example_setup_teardown_taskflow to 2024-12-16T23:57:02.854947+00:00, run_after=2024-12-17T23:57:02.854947+00:00
[2024-12-17T23:57:02.885+0000] {processor.py:179} INFO - Processing /home/airflow/.local/lib/python3.9/site-packages/airflow/example_dags/example_setup_teardown_taskflow.py took 0.114 seconds
[2024-12-17T23:57:32.979+0000] {processor.py:157} INFO - Started process (PID=619) to work on /home/airflow/.local/lib/python3.9/site-packages/airflow/example_dags/example_setup_teardown_taskflow.py
[2024-12-17T23:57:32.980+0000] {processor.py:829} INFO - Processing file /home/airflow/.local/lib/python3.9/site-packages/airflow/example_dags/example_setup_teardown_taskflow.py for tasks to queue
[2024-12-17T23:57:32.984+0000] {logging_mixin.py:151} INFO - [2024-12-17T23:57:32.983+0000] {dagbag.py:539} INFO - Filling up the DagBag from /home/airflow/.local/lib/python3.9/site-packages/airflow/example_dags/example_setup_teardown_taskflow.py
[2024-12-17T23:57:33.000+0000] {processor.py:839} INFO - DAG(s) dict_keys(['example_setup_teardown_taskflow']) retrieved from /home/airflow/.local/lib/python3.9/site-packages/airflow/example_dags/example_setup_teardown_taskflow.py
[2024-12-17T23:57:33.026+0000] {logging_mixin.py:151} INFO - [2024-12-17T23:57:33.026+0000] {dag.py:2907} INFO - Sync 1 DAGs
[2024-12-17T23:57:33.053+0000] {logging_mixin.py:151} INFO - [2024-12-17T23:57:33.053+0000] {dag.py:3677} INFO - Setting next_dagrun for example_setup_teardown_taskflow to 2024-12-16T23:57:33.053415+00:00, run_after=2024-12-17T23:57:33.053415+00:00
[2024-12-17T23:57:33.077+0000] {processor.py:179} INFO - Processing /home/airflow/.local/lib/python3.9/site-packages/airflow/example_dags/example_setup_teardown_taskflow.py took 0.103 seconds
[2024-12-17T23:58:03.460+0000] {processor.py:157} INFO - Started process (PID=681) to work on /home/airflow/.local/lib/python3.9/site-packages/airflow/example_dags/example_setup_teardown_taskflow.py
[2024-12-17T23:58:03.461+0000] {processor.py:829} INFO - Processing file /home/airflow/.local/lib/python3.9/site-packages/airflow/example_dags/example_setup_teardown_taskflow.py for tasks to queue
[2024-12-17T23:58:03.465+0000] {logging_mixin.py:151} INFO - [2024-12-17T23:58:03.464+0000] {dagbag.py:539} INFO - Filling up the DagBag from /home/airflow/.local/lib/python3.9/site-packages/airflow/example_dags/example_setup_teardown_taskflow.py
[2024-12-17T23:58:03.482+0000] {processor.py:839} INFO - DAG(s) dict_keys(['example_setup_teardown_taskflow']) retrieved from /home/airflow/.local/lib/python3.9/site-packages/airflow/example_dags/example_setup_teardown_taskflow.py
[2024-12-17T23:58:03.512+0000] {logging_mixin.py:151} INFO - [2024-12-17T23:58:03.512+0000] {dag.py:2907} INFO - Sync 1 DAGs
[2024-12-17T23:58:03.542+0000] {logging_mixin.py:151} INFO - [2024-12-17T23:58:03.542+0000] {dag.py:3677} INFO - Setting next_dagrun for example_setup_teardown_taskflow to 2024-12-16T23:58:03.542454+00:00, run_after=2024-12-17T23:58:03.542454+00:00
[2024-12-17T23:58:03.567+0000] {processor.py:179} INFO - Processing /home/airflow/.local/lib/python3.9/site-packages/airflow/example_dags/example_setup_teardown_taskflow.py took 0.114 seconds
[2024-12-17T23:58:33.727+0000] {processor.py:157} INFO - Started process (PID=742) to work on /home/airflow/.local/lib/python3.9/site-packages/airflow/example_dags/example_setup_teardown_taskflow.py
[2024-12-17T23:58:33.728+0000] {processor.py:829} INFO - Processing file /home/airflow/.local/lib/python3.9/site-packages/airflow/example_dags/example_setup_teardown_taskflow.py for tasks to queue
[2024-12-17T23:58:33.732+0000] {logging_mixin.py:151} INFO - [2024-12-17T23:58:33.731+0000] {dagbag.py:539} INFO - Filling up the DagBag from /home/airflow/.local/lib/python3.9/site-packages/airflow/example_dags/example_setup_teardown_taskflow.py
[2024-12-17T23:58:33.743+0000] {processor.py:839} INFO - DAG(s) dict_keys(['example_setup_teardown_taskflow']) retrieved from /home/airflow/.local/lib/python3.9/site-packages/airflow/example_dags/example_setup_teardown_taskflow.py
[2024-12-17T23:58:33.774+0000] {logging_mixin.py:151} INFO - [2024-12-17T23:58:33.773+0000] {dag.py:2907} INFO - Sync 1 DAGs
[2024-12-17T23:58:33.807+0000] {logging_mixin.py:151} INFO - [2024-12-17T23:58:33.807+0000] {dag.py:3677} INFO - Setting next_dagrun for example_setup_teardown_taskflow to 2024-12-16T23:58:33.806768+00:00, run_after=2024-12-17T23:58:33.806768+00:00
[2024-12-17T23:58:33.842+0000] {processor.py:179} INFO - Processing /home/airflow/.local/lib/python3.9/site-packages/airflow/example_dags/example_setup_teardown_taskflow.py took 0.120 seconds
[2024-12-17T23:59:04.054+0000] {processor.py:157} INFO - Started process (PID=803) to work on /home/airflow/.local/lib/python3.9/site-packages/airflow/example_dags/example_setup_teardown_taskflow.py
[2024-12-17T23:59:04.055+0000] {processor.py:829} INFO - Processing file /home/airflow/.local/lib/python3.9/site-packages/airflow/example_dags/example_setup_teardown_taskflow.py for tasks to queue
[2024-12-17T23:59:04.058+0000] {logging_mixin.py:151} INFO - [2024-12-17T23:59:04.058+0000] {dagbag.py:539} INFO - Filling up the DagBag from /home/airflow/.local/lib/python3.9/site-packages/airflow/example_dags/example_setup_teardown_taskflow.py
[2024-12-17T23:59:04.074+0000] {processor.py:839} INFO - DAG(s) dict_keys(['example_setup_teardown_taskflow']) retrieved from /home/airflow/.local/lib/python3.9/site-packages/airflow/example_dags/example_setup_teardown_taskflow.py
[2024-12-17T23:59:04.106+0000] {logging_mixin.py:151} INFO - [2024-12-17T23:59:04.106+0000] {dag.py:2907} INFO - Sync 1 DAGs
[2024-12-17T23:59:04.134+0000] {logging_mixin.py:151} INFO - [2024-12-17T23:59:04.134+0000] {dag.py:3677} INFO - Setting next_dagrun for example_setup_teardown_taskflow to 2024-12-16T23:59:04.133907+00:00, run_after=2024-12-17T23:59:04.133907+00:00
[2024-12-17T23:59:04.166+0000] {processor.py:179} INFO - Processing /home/airflow/.local/lib/python3.9/site-packages/airflow/example_dags/example_setup_teardown_taskflow.py took 0.117 seconds
[2024-12-17T23:59:34.203+0000] {processor.py:157} INFO - Started process (PID=865) to work on /home/airflow/.local/lib/python3.9/site-packages/airflow/example_dags/example_setup_teardown_taskflow.py
[2024-12-17T23:59:34.204+0000] {processor.py:829} INFO - Processing file /home/airflow/.local/lib/python3.9/site-packages/airflow/example_dags/example_setup_teardown_taskflow.py for tasks to queue
[2024-12-17T23:59:34.209+0000] {logging_mixin.py:151} INFO - [2024-12-17T23:59:34.208+0000] {dagbag.py:539} INFO - Filling up the DagBag from /home/airflow/.local/lib/python3.9/site-packages/airflow/example_dags/example_setup_teardown_taskflow.py
[2024-12-17T23:59:34.223+0000] {processor.py:839} INFO - DAG(s) dict_keys(['example_setup_teardown_taskflow']) retrieved from /home/airflow/.local/lib/python3.9/site-packages/airflow/example_dags/example_setup_teardown_taskflow.py
[2024-12-17T23:59:34.252+0000] {logging_mixin.py:151} INFO - [2024-12-17T23:59:34.252+0000] {dag.py:2907} INFO - Sync 1 DAGs
[2024-12-17T23:59:34.278+0000] {logging_mixin.py:151} INFO - [2024-12-17T23:59:34.277+0000] {dag.py:3677} INFO - Setting next_dagrun for example_setup_teardown_taskflow to 2024-12-16T23:59:34.277611+00:00, run_after=2024-12-17T23:59:34.277611+00:00
[2024-12-17T23:59:34.306+0000] {processor.py:179} INFO - Processing /home/airflow/.local/lib/python3.9/site-packages/airflow/example_dags/example_setup_teardown_taskflow.py took 0.108 seconds
