[2024-12-17T23:53:03.539+0000] {processor.py:157} INFO - Started process (PID=92) to work on /home/airflow/.local/lib/python3.9/site-packages/airflow/example_dags/example_local_kubernetes_executor.py
[2024-12-17T23:53:03.540+0000] {processor.py:829} INFO - Processing file /home/airflow/.local/lib/python3.9/site-packages/airflow/example_dags/example_local_kubernetes_executor.py for tasks to queue
[2024-12-17T23:53:03.549+0000] {logging_mixin.py:151} INFO - [2024-12-17T23:53:03.549+0000] {dagbag.py:539} INFO - Filling up the DagBag from /home/airflow/.local/lib/python3.9/site-packages/airflow/example_dags/example_local_kubernetes_executor.py
[2024-12-17T23:53:05.514+0000] {processor.py:839} INFO - DAG(s) dict_keys(['example_local_kubernetes_executor']) retrieved from /home/airflow/.local/lib/python3.9/site-packages/airflow/example_dags/example_local_kubernetes_executor.py
[2024-12-17T23:53:05.737+0000] {logging_mixin.py:151} INFO - [2024-12-17T23:53:05.737+0000] {manager.py:501} INFO - Created Permission View: can read on DAG:example_local_kubernetes_executor
[2024-12-17T23:53:05.754+0000] {logging_mixin.py:151} INFO - [2024-12-17T23:53:05.754+0000] {manager.py:501} INFO - Created Permission View: can edit on DAG:example_local_kubernetes_executor
[2024-12-17T23:53:05.764+0000] {logging_mixin.py:151} INFO - [2024-12-17T23:53:05.764+0000] {manager.py:501} INFO - Created Permission View: can delete on DAG:example_local_kubernetes_executor
[2024-12-17T23:53:05.786+0000] {logging_mixin.py:151} INFO - [2024-12-17T23:53:05.785+0000] {dag.py:2907} INFO - Sync 1 DAGs
[2024-12-17T23:53:05.801+0000] {logging_mixin.py:151} INFO - [2024-12-17T23:53:05.800+0000] {dag.py:2929} INFO - Creating ORM DAG for example_local_kubernetes_executor
[2024-12-17T23:53:05.802+0000] {logging_mixin.py:151} INFO - [2024-12-17T23:53:05.802+0000] {dag.py:3677} INFO - Setting next_dagrun for example_local_kubernetes_executor to None, run_after=None
[2024-12-17T23:53:05.828+0000] {processor.py:179} INFO - Processing /home/airflow/.local/lib/python3.9/site-packages/airflow/example_dags/example_local_kubernetes_executor.py took 2.293 seconds
[2024-12-17T23:53:36.707+0000] {processor.py:157} INFO - Started process (PID=160) to work on /home/airflow/.local/lib/python3.9/site-packages/airflow/example_dags/example_local_kubernetes_executor.py
[2024-12-17T23:53:36.709+0000] {processor.py:829} INFO - Processing file /home/airflow/.local/lib/python3.9/site-packages/airflow/example_dags/example_local_kubernetes_executor.py for tasks to queue
[2024-12-17T23:53:36.715+0000] {logging_mixin.py:151} INFO - [2024-12-17T23:53:36.714+0000] {dagbag.py:539} INFO - Filling up the DagBag from /home/airflow/.local/lib/python3.9/site-packages/airflow/example_dags/example_local_kubernetes_executor.py
[2024-12-17T23:53:37.199+0000] {processor.py:839} INFO - DAG(s) dict_keys(['example_local_kubernetes_executor']) retrieved from /home/airflow/.local/lib/python3.9/site-packages/airflow/example_dags/example_local_kubernetes_executor.py
[2024-12-17T23:53:37.244+0000] {logging_mixin.py:151} INFO - [2024-12-17T23:53:37.243+0000] {dag.py:2907} INFO - Sync 1 DAGs
[2024-12-17T23:53:37.263+0000] {logging_mixin.py:151} INFO - [2024-12-17T23:53:37.262+0000] {dag.py:3677} INFO - Setting next_dagrun for example_local_kubernetes_executor to None, run_after=None
[2024-12-17T23:53:37.288+0000] {processor.py:179} INFO - Processing /home/airflow/.local/lib/python3.9/site-packages/airflow/example_dags/example_local_kubernetes_executor.py took 0.589 seconds
[2024-12-17T23:54:07.345+0000] {processor.py:157} INFO - Started process (PID=225) to work on /home/airflow/.local/lib/python3.9/site-packages/airflow/example_dags/example_local_kubernetes_executor.py
[2024-12-17T23:54:07.346+0000] {processor.py:829} INFO - Processing file /home/airflow/.local/lib/python3.9/site-packages/airflow/example_dags/example_local_kubernetes_executor.py for tasks to queue
[2024-12-17T23:54:07.351+0000] {logging_mixin.py:151} INFO - [2024-12-17T23:54:07.350+0000] {dagbag.py:539} INFO - Filling up the DagBag from /home/airflow/.local/lib/python3.9/site-packages/airflow/example_dags/example_local_kubernetes_executor.py
[2024-12-17T23:54:07.633+0000] {processor.py:839} INFO - DAG(s) dict_keys(['example_local_kubernetes_executor']) retrieved from /home/airflow/.local/lib/python3.9/site-packages/airflow/example_dags/example_local_kubernetes_executor.py
[2024-12-17T23:54:07.673+0000] {logging_mixin.py:151} INFO - [2024-12-17T23:54:07.673+0000] {dag.py:2907} INFO - Sync 1 DAGs
[2024-12-17T23:54:07.690+0000] {logging_mixin.py:151} INFO - [2024-12-17T23:54:07.689+0000] {dag.py:3677} INFO - Setting next_dagrun for example_local_kubernetes_executor to None, run_after=None
[2024-12-17T23:54:07.716+0000] {processor.py:179} INFO - Processing /home/airflow/.local/lib/python3.9/site-packages/airflow/example_dags/example_local_kubernetes_executor.py took 0.376 seconds
[2024-12-17T23:54:38.200+0000] {processor.py:157} INFO - Started process (PID=283) to work on /home/airflow/.local/lib/python3.9/site-packages/airflow/example_dags/example_local_kubernetes_executor.py
[2024-12-17T23:54:38.201+0000] {processor.py:829} INFO - Processing file /home/airflow/.local/lib/python3.9/site-packages/airflow/example_dags/example_local_kubernetes_executor.py for tasks to queue
[2024-12-17T23:54:38.205+0000] {logging_mixin.py:151} INFO - [2024-12-17T23:54:38.204+0000] {dagbag.py:539} INFO - Filling up the DagBag from /home/airflow/.local/lib/python3.9/site-packages/airflow/example_dags/example_local_kubernetes_executor.py
[2024-12-17T23:54:38.452+0000] {processor.py:839} INFO - DAG(s) dict_keys(['example_local_kubernetes_executor']) retrieved from /home/airflow/.local/lib/python3.9/site-packages/airflow/example_dags/example_local_kubernetes_executor.py
[2024-12-17T23:54:38.489+0000] {logging_mixin.py:151} INFO - [2024-12-17T23:54:38.488+0000] {dag.py:2907} INFO - Sync 1 DAGs
[2024-12-17T23:54:38.502+0000] {logging_mixin.py:151} INFO - [2024-12-17T23:54:38.502+0000] {dag.py:3677} INFO - Setting next_dagrun for example_local_kubernetes_executor to None, run_after=None
[2024-12-17T23:54:38.524+0000] {processor.py:179} INFO - Processing /home/airflow/.local/lib/python3.9/site-packages/airflow/example_dags/example_local_kubernetes_executor.py took 0.327 seconds
[2024-12-17T23:55:09.433+0000] {processor.py:157} INFO - Started process (PID=345) to work on /home/airflow/.local/lib/python3.9/site-packages/airflow/example_dags/example_local_kubernetes_executor.py
[2024-12-17T23:55:09.434+0000] {processor.py:829} INFO - Processing file /home/airflow/.local/lib/python3.9/site-packages/airflow/example_dags/example_local_kubernetes_executor.py for tasks to queue
[2024-12-17T23:55:09.438+0000] {logging_mixin.py:151} INFO - [2024-12-17T23:55:09.438+0000] {dagbag.py:539} INFO - Filling up the DagBag from /home/airflow/.local/lib/python3.9/site-packages/airflow/example_dags/example_local_kubernetes_executor.py
[2024-12-17T23:55:09.704+0000] {processor.py:839} INFO - DAG(s) dict_keys(['example_local_kubernetes_executor']) retrieved from /home/airflow/.local/lib/python3.9/site-packages/airflow/example_dags/example_local_kubernetes_executor.py
[2024-12-17T23:55:09.748+0000] {logging_mixin.py:151} INFO - [2024-12-17T23:55:09.747+0000] {dag.py:2907} INFO - Sync 1 DAGs
[2024-12-17T23:55:09.764+0000] {logging_mixin.py:151} INFO - [2024-12-17T23:55:09.763+0000] {dag.py:3677} INFO - Setting next_dagrun for example_local_kubernetes_executor to None, run_after=None
[2024-12-17T23:55:09.800+0000] {processor.py:179} INFO - Processing /home/airflow/.local/lib/python3.9/site-packages/airflow/example_dags/example_local_kubernetes_executor.py took 0.372 seconds
[2024-12-17T23:55:40.587+0000] {processor.py:157} INFO - Started process (PID=406) to work on /home/airflow/.local/lib/python3.9/site-packages/airflow/example_dags/example_local_kubernetes_executor.py
[2024-12-17T23:55:40.589+0000] {processor.py:829} INFO - Processing file /home/airflow/.local/lib/python3.9/site-packages/airflow/example_dags/example_local_kubernetes_executor.py for tasks to queue
[2024-12-17T23:55:40.594+0000] {logging_mixin.py:151} INFO - [2024-12-17T23:55:40.593+0000] {dagbag.py:539} INFO - Filling up the DagBag from /home/airflow/.local/lib/python3.9/site-packages/airflow/example_dags/example_local_kubernetes_executor.py
[2024-12-17T23:55:40.869+0000] {processor.py:839} INFO - DAG(s) dict_keys(['example_local_kubernetes_executor']) retrieved from /home/airflow/.local/lib/python3.9/site-packages/airflow/example_dags/example_local_kubernetes_executor.py
[2024-12-17T23:55:40.904+0000] {logging_mixin.py:151} INFO - [2024-12-17T23:55:40.903+0000] {dag.py:2907} INFO - Sync 1 DAGs
[2024-12-17T23:55:40.921+0000] {logging_mixin.py:151} INFO - [2024-12-17T23:55:40.921+0000] {dag.py:3677} INFO - Setting next_dagrun for example_local_kubernetes_executor to None, run_after=None
[2024-12-17T23:55:40.947+0000] {processor.py:179} INFO - Processing /home/airflow/.local/lib/python3.9/site-packages/airflow/example_dags/example_local_kubernetes_executor.py took 0.367 seconds
[2024-12-17T23:56:11.492+0000] {processor.py:157} INFO - Started process (PID=467) to work on /home/airflow/.local/lib/python3.9/site-packages/airflow/example_dags/example_local_kubernetes_executor.py
[2024-12-17T23:56:11.493+0000] {processor.py:829} INFO - Processing file /home/airflow/.local/lib/python3.9/site-packages/airflow/example_dags/example_local_kubernetes_executor.py for tasks to queue
[2024-12-17T23:56:11.498+0000] {logging_mixin.py:151} INFO - [2024-12-17T23:56:11.498+0000] {dagbag.py:539} INFO - Filling up the DagBag from /home/airflow/.local/lib/python3.9/site-packages/airflow/example_dags/example_local_kubernetes_executor.py
[2024-12-17T23:56:11.785+0000] {processor.py:839} INFO - DAG(s) dict_keys(['example_local_kubernetes_executor']) retrieved from /home/airflow/.local/lib/python3.9/site-packages/airflow/example_dags/example_local_kubernetes_executor.py
[2024-12-17T23:56:11.827+0000] {logging_mixin.py:151} INFO - [2024-12-17T23:56:11.826+0000] {dag.py:2907} INFO - Sync 1 DAGs
[2024-12-17T23:56:11.842+0000] {logging_mixin.py:151} INFO - [2024-12-17T23:56:11.841+0000] {dag.py:3677} INFO - Setting next_dagrun for example_local_kubernetes_executor to None, run_after=None
[2024-12-17T23:56:11.869+0000] {processor.py:179} INFO - Processing /home/airflow/.local/lib/python3.9/site-packages/airflow/example_dags/example_local_kubernetes_executor.py took 0.380 seconds
[2024-12-17T23:56:41.933+0000] {processor.py:157} INFO - Started process (PID=529) to work on /home/airflow/.local/lib/python3.9/site-packages/airflow/example_dags/example_local_kubernetes_executor.py
[2024-12-17T23:56:41.935+0000] {processor.py:829} INFO - Processing file /home/airflow/.local/lib/python3.9/site-packages/airflow/example_dags/example_local_kubernetes_executor.py for tasks to queue
[2024-12-17T23:56:41.939+0000] {logging_mixin.py:151} INFO - [2024-12-17T23:56:41.939+0000] {dagbag.py:539} INFO - Filling up the DagBag from /home/airflow/.local/lib/python3.9/site-packages/airflow/example_dags/example_local_kubernetes_executor.py
[2024-12-17T23:56:42.223+0000] {processor.py:839} INFO - DAG(s) dict_keys(['example_local_kubernetes_executor']) retrieved from /home/airflow/.local/lib/python3.9/site-packages/airflow/example_dags/example_local_kubernetes_executor.py
[2024-12-17T23:56:42.259+0000] {logging_mixin.py:151} INFO - [2024-12-17T23:56:42.258+0000] {dag.py:2907} INFO - Sync 1 DAGs
[2024-12-17T23:56:42.275+0000] {logging_mixin.py:151} INFO - [2024-12-17T23:56:42.274+0000] {dag.py:3677} INFO - Setting next_dagrun for example_local_kubernetes_executor to None, run_after=None
[2024-12-17T23:56:42.302+0000] {processor.py:179} INFO - Processing /home/airflow/.local/lib/python3.9/site-packages/airflow/example_dags/example_local_kubernetes_executor.py took 0.379 seconds
[2024-12-17T23:57:12.463+0000] {processor.py:157} INFO - Started process (PID=591) to work on /home/airflow/.local/lib/python3.9/site-packages/airflow/example_dags/example_local_kubernetes_executor.py
[2024-12-17T23:57:12.465+0000] {processor.py:829} INFO - Processing file /home/airflow/.local/lib/python3.9/site-packages/airflow/example_dags/example_local_kubernetes_executor.py for tasks to queue
[2024-12-17T23:57:12.472+0000] {logging_mixin.py:151} INFO - [2024-12-17T23:57:12.471+0000] {dagbag.py:539} INFO - Filling up the DagBag from /home/airflow/.local/lib/python3.9/site-packages/airflow/example_dags/example_local_kubernetes_executor.py
[2024-12-17T23:57:12.750+0000] {processor.py:839} INFO - DAG(s) dict_keys(['example_local_kubernetes_executor']) retrieved from /home/airflow/.local/lib/python3.9/site-packages/airflow/example_dags/example_local_kubernetes_executor.py
[2024-12-17T23:57:12.795+0000] {logging_mixin.py:151} INFO - [2024-12-17T23:57:12.794+0000] {dag.py:2907} INFO - Sync 1 DAGs
[2024-12-17T23:57:12.811+0000] {logging_mixin.py:151} INFO - [2024-12-17T23:57:12.811+0000] {dag.py:3677} INFO - Setting next_dagrun for example_local_kubernetes_executor to None, run_after=None
[2024-12-17T23:57:12.838+0000] {processor.py:179} INFO - Processing /home/airflow/.local/lib/python3.9/site-packages/airflow/example_dags/example_local_kubernetes_executor.py took 0.383 seconds
[2024-12-17T23:57:42.919+0000] {processor.py:157} INFO - Started process (PID=656) to work on /home/airflow/.local/lib/python3.9/site-packages/airflow/example_dags/example_local_kubernetes_executor.py
[2024-12-17T23:57:42.920+0000] {processor.py:829} INFO - Processing file /home/airflow/.local/lib/python3.9/site-packages/airflow/example_dags/example_local_kubernetes_executor.py for tasks to queue
[2024-12-17T23:57:42.923+0000] {logging_mixin.py:151} INFO - [2024-12-17T23:57:42.923+0000] {dagbag.py:539} INFO - Filling up the DagBag from /home/airflow/.local/lib/python3.9/site-packages/airflow/example_dags/example_local_kubernetes_executor.py
[2024-12-17T23:57:43.167+0000] {processor.py:839} INFO - DAG(s) dict_keys(['example_local_kubernetes_executor']) retrieved from /home/airflow/.local/lib/python3.9/site-packages/airflow/example_dags/example_local_kubernetes_executor.py
[2024-12-17T23:57:43.199+0000] {logging_mixin.py:151} INFO - [2024-12-17T23:57:43.198+0000] {dag.py:2907} INFO - Sync 1 DAGs
[2024-12-17T23:57:43.214+0000] {logging_mixin.py:151} INFO - [2024-12-17T23:57:43.214+0000] {dag.py:3677} INFO - Setting next_dagrun for example_local_kubernetes_executor to None, run_after=None
[2024-12-17T23:57:43.245+0000] {processor.py:179} INFO - Processing /home/airflow/.local/lib/python3.9/site-packages/airflow/example_dags/example_local_kubernetes_executor.py took 0.330 seconds
[2024-12-17T23:58:13.315+0000] {processor.py:157} INFO - Started process (PID=715) to work on /home/airflow/.local/lib/python3.9/site-packages/airflow/example_dags/example_local_kubernetes_executor.py
[2024-12-17T23:58:13.316+0000] {processor.py:829} INFO - Processing file /home/airflow/.local/lib/python3.9/site-packages/airflow/example_dags/example_local_kubernetes_executor.py for tasks to queue
[2024-12-17T23:58:13.321+0000] {logging_mixin.py:151} INFO - [2024-12-17T23:58:13.320+0000] {dagbag.py:539} INFO - Filling up the DagBag from /home/airflow/.local/lib/python3.9/site-packages/airflow/example_dags/example_local_kubernetes_executor.py
[2024-12-17T23:58:13.597+0000] {processor.py:839} INFO - DAG(s) dict_keys(['example_local_kubernetes_executor']) retrieved from /home/airflow/.local/lib/python3.9/site-packages/airflow/example_dags/example_local_kubernetes_executor.py
[2024-12-17T23:58:13.634+0000] {logging_mixin.py:151} INFO - [2024-12-17T23:58:13.633+0000] {dag.py:2907} INFO - Sync 1 DAGs
[2024-12-17T23:58:13.650+0000] {logging_mixin.py:151} INFO - [2024-12-17T23:58:13.650+0000] {dag.py:3677} INFO - Setting next_dagrun for example_local_kubernetes_executor to None, run_after=None
[2024-12-17T23:58:13.677+0000] {processor.py:179} INFO - Processing /home/airflow/.local/lib/python3.9/site-packages/airflow/example_dags/example_local_kubernetes_executor.py took 0.368 seconds
[2024-12-17T23:58:44.263+0000] {processor.py:157} INFO - Started process (PID=777) to work on /home/airflow/.local/lib/python3.9/site-packages/airflow/example_dags/example_local_kubernetes_executor.py
[2024-12-17T23:58:44.265+0000] {processor.py:829} INFO - Processing file /home/airflow/.local/lib/python3.9/site-packages/airflow/example_dags/example_local_kubernetes_executor.py for tasks to queue
[2024-12-17T23:58:44.271+0000] {logging_mixin.py:151} INFO - [2024-12-17T23:58:44.270+0000] {dagbag.py:539} INFO - Filling up the DagBag from /home/airflow/.local/lib/python3.9/site-packages/airflow/example_dags/example_local_kubernetes_executor.py
[2024-12-17T23:58:44.637+0000] {processor.py:839} INFO - DAG(s) dict_keys(['example_local_kubernetes_executor']) retrieved from /home/airflow/.local/lib/python3.9/site-packages/airflow/example_dags/example_local_kubernetes_executor.py
[2024-12-17T23:58:44.675+0000] {logging_mixin.py:151} INFO - [2024-12-17T23:58:44.674+0000] {dag.py:2907} INFO - Sync 1 DAGs
[2024-12-17T23:58:44.692+0000] {logging_mixin.py:151} INFO - [2024-12-17T23:58:44.692+0000] {dag.py:3677} INFO - Setting next_dagrun for example_local_kubernetes_executor to None, run_after=None
[2024-12-17T23:58:44.716+0000] {processor.py:179} INFO - Processing /home/airflow/.local/lib/python3.9/site-packages/airflow/example_dags/example_local_kubernetes_executor.py took 0.462 seconds
[2024-12-17T23:59:14.815+0000] {processor.py:157} INFO - Started process (PID=842) to work on /home/airflow/.local/lib/python3.9/site-packages/airflow/example_dags/example_local_kubernetes_executor.py
[2024-12-17T23:59:14.816+0000] {processor.py:829} INFO - Processing file /home/airflow/.local/lib/python3.9/site-packages/airflow/example_dags/example_local_kubernetes_executor.py for tasks to queue
[2024-12-17T23:59:14.819+0000] {logging_mixin.py:151} INFO - [2024-12-17T23:59:14.818+0000] {dagbag.py:539} INFO - Filling up the DagBag from /home/airflow/.local/lib/python3.9/site-packages/airflow/example_dags/example_local_kubernetes_executor.py
[2024-12-17T23:59:15.097+0000] {processor.py:839} INFO - DAG(s) dict_keys(['example_local_kubernetes_executor']) retrieved from /home/airflow/.local/lib/python3.9/site-packages/airflow/example_dags/example_local_kubernetes_executor.py
[2024-12-17T23:59:15.144+0000] {logging_mixin.py:151} INFO - [2024-12-17T23:59:15.142+0000] {dag.py:2907} INFO - Sync 1 DAGs
[2024-12-17T23:59:15.161+0000] {logging_mixin.py:151} INFO - [2024-12-17T23:59:15.160+0000] {dag.py:3677} INFO - Setting next_dagrun for example_local_kubernetes_executor to None, run_after=None
[2024-12-17T23:59:15.190+0000] {processor.py:179} INFO - Processing /home/airflow/.local/lib/python3.9/site-packages/airflow/example_dags/example_local_kubernetes_executor.py took 0.381 seconds
[2024-12-17T23:59:45.287+0000] {processor.py:157} INFO - Started process (PID=907) to work on /home/airflow/.local/lib/python3.9/site-packages/airflow/example_dags/example_local_kubernetes_executor.py
[2024-12-17T23:59:45.288+0000] {processor.py:829} INFO - Processing file /home/airflow/.local/lib/python3.9/site-packages/airflow/example_dags/example_local_kubernetes_executor.py for tasks to queue
[2024-12-17T23:59:45.291+0000] {logging_mixin.py:151} INFO - [2024-12-17T23:59:45.290+0000] {dagbag.py:539} INFO - Filling up the DagBag from /home/airflow/.local/lib/python3.9/site-packages/airflow/example_dags/example_local_kubernetes_executor.py
[2024-12-17T23:59:45.569+0000] {processor.py:839} INFO - DAG(s) dict_keys(['example_local_kubernetes_executor']) retrieved from /home/airflow/.local/lib/python3.9/site-packages/airflow/example_dags/example_local_kubernetes_executor.py
[2024-12-17T23:59:45.605+0000] {logging_mixin.py:151} INFO - [2024-12-17T23:59:45.603+0000] {dag.py:2907} INFO - Sync 1 DAGs
[2024-12-17T23:59:45.619+0000] {logging_mixin.py:151} INFO - [2024-12-17T23:59:45.618+0000] {dag.py:3677} INFO - Setting next_dagrun for example_local_kubernetes_executor to None, run_after=None
[2024-12-17T23:59:45.644+0000] {processor.py:179} INFO - Processing /home/airflow/.local/lib/python3.9/site-packages/airflow/example_dags/example_local_kubernetes_executor.py took 0.361 seconds
