[2024-12-17T23:53:02.154+0000] {processor.py:157} INFO - Started process (PID=84) to work on /home/airflow/.local/lib/python3.9/site-packages/airflow/example_dags/example_complex.py
[2024-12-17T23:53:02.156+0000] {processor.py:829} INFO - Processing file /home/airflow/.local/lib/python3.9/site-packages/airflow/example_dags/example_complex.py for tasks to queue
[2024-12-17T23:53:02.160+0000] {logging_mixin.py:151} INFO - [2024-12-17T23:53:02.160+0000] {dagbag.py:539} INFO - Filling up the DagBag from /home/airflow/.local/lib/python3.9/site-packages/airflow/example_dags/example_complex.py
[2024-12-17T23:53:02.187+0000] {processor.py:839} INFO - DAG(s) dict_keys(['example_complex']) retrieved from /home/airflow/.local/lib/python3.9/site-packages/airflow/example_dags/example_complex.py
[2024-12-17T23:53:02.343+0000] {logging_mixin.py:151} INFO - [2024-12-17T23:53:02.343+0000] {manager.py:501} INFO - Created Permission View: can read on DAG:example_complex
[2024-12-17T23:53:02.357+0000] {logging_mixin.py:151} INFO - [2024-12-17T23:53:02.357+0000] {manager.py:501} INFO - Created Permission View: can edit on DAG:example_complex
[2024-12-17T23:53:02.365+0000] {logging_mixin.py:151} INFO - [2024-12-17T23:53:02.365+0000] {manager.py:501} INFO - Created Permission View: can delete on DAG:example_complex
[2024-12-17T23:53:02.384+0000] {logging_mixin.py:151} INFO - [2024-12-17T23:53:02.384+0000] {dag.py:2907} INFO - Sync 1 DAGs
[2024-12-17T23:53:02.397+0000] {logging_mixin.py:151} INFO - [2024-12-17T23:53:02.397+0000] {dag.py:2929} INFO - Creating ORM DAG for example_complex
[2024-12-17T23:53:02.398+0000] {logging_mixin.py:151} INFO - [2024-12-17T23:53:02.398+0000] {dag.py:3677} INFO - Setting next_dagrun for example_complex to None, run_after=None
[2024-12-17T23:53:02.420+0000] {processor.py:179} INFO - Processing /home/airflow/.local/lib/python3.9/site-packages/airflow/example_dags/example_complex.py took 0.270 seconds
[2024-12-17T23:53:32.808+0000] {processor.py:157} INFO - Started process (PID=145) to work on /home/airflow/.local/lib/python3.9/site-packages/airflow/example_dags/example_complex.py
[2024-12-17T23:53:32.810+0000] {processor.py:829} INFO - Processing file /home/airflow/.local/lib/python3.9/site-packages/airflow/example_dags/example_complex.py for tasks to queue
[2024-12-17T23:53:32.814+0000] {logging_mixin.py:151} INFO - [2024-12-17T23:53:32.814+0000] {dagbag.py:539} INFO - Filling up the DagBag from /home/airflow/.local/lib/python3.9/site-packages/airflow/example_dags/example_complex.py
[2024-12-17T23:53:32.832+0000] {processor.py:839} INFO - DAG(s) dict_keys(['example_complex']) retrieved from /home/airflow/.local/lib/python3.9/site-packages/airflow/example_dags/example_complex.py
[2024-12-17T23:53:32.873+0000] {logging_mixin.py:151} INFO - [2024-12-17T23:53:32.872+0000] {dag.py:2907} INFO - Sync 1 DAGs
[2024-12-17T23:53:32.887+0000] {logging_mixin.py:151} INFO - [2024-12-17T23:53:32.887+0000] {dag.py:3677} INFO - Setting next_dagrun for example_complex to None, run_after=None
[2024-12-17T23:53:32.915+0000] {processor.py:179} INFO - Processing /home/airflow/.local/lib/python3.9/site-packages/airflow/example_dags/example_complex.py took 0.113 seconds
[2024-12-17T23:54:03.657+0000] {processor.py:157} INFO - Started process (PID=206) to work on /home/airflow/.local/lib/python3.9/site-packages/airflow/example_dags/example_complex.py
[2024-12-17T23:54:03.659+0000] {processor.py:829} INFO - Processing file /home/airflow/.local/lib/python3.9/site-packages/airflow/example_dags/example_complex.py for tasks to queue
[2024-12-17T23:54:03.664+0000] {logging_mixin.py:151} INFO - [2024-12-17T23:54:03.664+0000] {dagbag.py:539} INFO - Filling up the DagBag from /home/airflow/.local/lib/python3.9/site-packages/airflow/example_dags/example_complex.py
[2024-12-17T23:54:03.690+0000] {processor.py:839} INFO - DAG(s) dict_keys(['example_complex']) retrieved from /home/airflow/.local/lib/python3.9/site-packages/airflow/example_dags/example_complex.py
[2024-12-17T23:54:03.755+0000] {logging_mixin.py:151} INFO - [2024-12-17T23:54:03.754+0000] {dag.py:2907} INFO - Sync 1 DAGs
[2024-12-17T23:54:03.790+0000] {logging_mixin.py:151} INFO - [2024-12-17T23:54:03.790+0000] {dag.py:3677} INFO - Setting next_dagrun for example_complex to None, run_after=None
[2024-12-17T23:54:03.830+0000] {processor.py:179} INFO - Processing /home/airflow/.local/lib/python3.9/site-packages/airflow/example_dags/example_complex.py took 0.180 seconds
[2024-12-17T23:54:33.865+0000] {processor.py:157} INFO - Started process (PID=268) to work on /home/airflow/.local/lib/python3.9/site-packages/airflow/example_dags/example_complex.py
[2024-12-17T23:54:33.868+0000] {processor.py:829} INFO - Processing file /home/airflow/.local/lib/python3.9/site-packages/airflow/example_dags/example_complex.py for tasks to queue
[2024-12-17T23:54:33.871+0000] {logging_mixin.py:151} INFO - [2024-12-17T23:54:33.871+0000] {dagbag.py:539} INFO - Filling up the DagBag from /home/airflow/.local/lib/python3.9/site-packages/airflow/example_dags/example_complex.py
[2024-12-17T23:54:33.884+0000] {processor.py:839} INFO - DAG(s) dict_keys(['example_complex']) retrieved from /home/airflow/.local/lib/python3.9/site-packages/airflow/example_dags/example_complex.py
[2024-12-17T23:54:33.934+0000] {logging_mixin.py:151} INFO - [2024-12-17T23:54:33.934+0000] {dag.py:2907} INFO - Sync 1 DAGs
[2024-12-17T23:54:33.953+0000] {logging_mixin.py:151} INFO - [2024-12-17T23:54:33.953+0000] {dag.py:3677} INFO - Setting next_dagrun for example_complex to None, run_after=None
[2024-12-17T23:54:33.980+0000] {processor.py:179} INFO - Processing /home/airflow/.local/lib/python3.9/site-packages/airflow/example_dags/example_complex.py took 0.118 seconds
[2024-12-17T23:55:04.385+0000] {processor.py:157} INFO - Started process (PID=330) to work on /home/airflow/.local/lib/python3.9/site-packages/airflow/example_dags/example_complex.py
[2024-12-17T23:55:04.386+0000] {processor.py:829} INFO - Processing file /home/airflow/.local/lib/python3.9/site-packages/airflow/example_dags/example_complex.py for tasks to queue
[2024-12-17T23:55:04.389+0000] {logging_mixin.py:151} INFO - [2024-12-17T23:55:04.389+0000] {dagbag.py:539} INFO - Filling up the DagBag from /home/airflow/.local/lib/python3.9/site-packages/airflow/example_dags/example_complex.py
[2024-12-17T23:55:04.405+0000] {processor.py:839} INFO - DAG(s) dict_keys(['example_complex']) retrieved from /home/airflow/.local/lib/python3.9/site-packages/airflow/example_dags/example_complex.py
[2024-12-17T23:55:04.458+0000] {logging_mixin.py:151} INFO - [2024-12-17T23:55:04.457+0000] {dag.py:2907} INFO - Sync 1 DAGs
[2024-12-17T23:55:04.478+0000] {logging_mixin.py:151} INFO - [2024-12-17T23:55:04.477+0000] {dag.py:3677} INFO - Setting next_dagrun for example_complex to None, run_after=None
[2024-12-17T23:55:04.509+0000] {processor.py:179} INFO - Processing /home/airflow/.local/lib/python3.9/site-packages/airflow/example_dags/example_complex.py took 0.129 seconds
[2024-12-17T23:55:34.564+0000] {processor.py:157} INFO - Started process (PID=392) to work on /home/airflow/.local/lib/python3.9/site-packages/airflow/example_dags/example_complex.py
[2024-12-17T23:55:34.565+0000] {processor.py:829} INFO - Processing file /home/airflow/.local/lib/python3.9/site-packages/airflow/example_dags/example_complex.py for tasks to queue
[2024-12-17T23:55:34.568+0000] {logging_mixin.py:151} INFO - [2024-12-17T23:55:34.567+0000] {dagbag.py:539} INFO - Filling up the DagBag from /home/airflow/.local/lib/python3.9/site-packages/airflow/example_dags/example_complex.py
[2024-12-17T23:55:34.581+0000] {processor.py:839} INFO - DAG(s) dict_keys(['example_complex']) retrieved from /home/airflow/.local/lib/python3.9/site-packages/airflow/example_dags/example_complex.py
[2024-12-17T23:55:34.614+0000] {logging_mixin.py:151} INFO - [2024-12-17T23:55:34.614+0000] {dag.py:2907} INFO - Sync 1 DAGs
[2024-12-17T23:55:34.629+0000] {logging_mixin.py:151} INFO - [2024-12-17T23:55:34.629+0000] {dag.py:3677} INFO - Setting next_dagrun for example_complex to None, run_after=None
[2024-12-17T23:55:34.654+0000] {processor.py:179} INFO - Processing /home/airflow/.local/lib/python3.9/site-packages/airflow/example_dags/example_complex.py took 0.094 seconds
[2024-12-17T23:56:05.555+0000] {processor.py:157} INFO - Started process (PID=453) to work on /home/airflow/.local/lib/python3.9/site-packages/airflow/example_dags/example_complex.py
[2024-12-17T23:56:05.557+0000] {processor.py:829} INFO - Processing file /home/airflow/.local/lib/python3.9/site-packages/airflow/example_dags/example_complex.py for tasks to queue
[2024-12-17T23:56:05.561+0000] {logging_mixin.py:151} INFO - [2024-12-17T23:56:05.560+0000] {dagbag.py:539} INFO - Filling up the DagBag from /home/airflow/.local/lib/python3.9/site-packages/airflow/example_dags/example_complex.py
[2024-12-17T23:56:05.576+0000] {processor.py:839} INFO - DAG(s) dict_keys(['example_complex']) retrieved from /home/airflow/.local/lib/python3.9/site-packages/airflow/example_dags/example_complex.py
[2024-12-17T23:56:05.613+0000] {logging_mixin.py:151} INFO - [2024-12-17T23:56:05.613+0000] {dag.py:2907} INFO - Sync 1 DAGs
[2024-12-17T23:56:05.631+0000] {logging_mixin.py:151} INFO - [2024-12-17T23:56:05.630+0000] {dag.py:3677} INFO - Setting next_dagrun for example_complex to None, run_after=None
[2024-12-17T23:56:05.667+0000] {processor.py:179} INFO - Processing /home/airflow/.local/lib/python3.9/site-packages/airflow/example_dags/example_complex.py took 0.116 seconds
[2024-12-17T23:56:35.864+0000] {processor.py:157} INFO - Started process (PID=515) to work on /home/airflow/.local/lib/python3.9/site-packages/airflow/example_dags/example_complex.py
[2024-12-17T23:56:35.865+0000] {processor.py:829} INFO - Processing file /home/airflow/.local/lib/python3.9/site-packages/airflow/example_dags/example_complex.py for tasks to queue
[2024-12-17T23:56:35.867+0000] {logging_mixin.py:151} INFO - [2024-12-17T23:56:35.867+0000] {dagbag.py:539} INFO - Filling up the DagBag from /home/airflow/.local/lib/python3.9/site-packages/airflow/example_dags/example_complex.py
[2024-12-17T23:56:35.883+0000] {processor.py:839} INFO - DAG(s) dict_keys(['example_complex']) retrieved from /home/airflow/.local/lib/python3.9/site-packages/airflow/example_dags/example_complex.py
[2024-12-17T23:56:35.918+0000] {logging_mixin.py:151} INFO - [2024-12-17T23:56:35.918+0000] {dag.py:2907} INFO - Sync 1 DAGs
[2024-12-17T23:56:35.935+0000] {logging_mixin.py:151} INFO - [2024-12-17T23:56:35.935+0000] {dag.py:3677} INFO - Setting next_dagrun for example_complex to None, run_after=None
[2024-12-17T23:56:35.960+0000] {processor.py:179} INFO - Processing /home/airflow/.local/lib/python3.9/site-packages/airflow/example_dags/example_complex.py took 0.100 seconds
[2024-12-17T23:57:06.103+0000] {processor.py:157} INFO - Started process (PID=577) to work on /home/airflow/.local/lib/python3.9/site-packages/airflow/example_dags/example_complex.py
[2024-12-17T23:57:06.104+0000] {processor.py:829} INFO - Processing file /home/airflow/.local/lib/python3.9/site-packages/airflow/example_dags/example_complex.py for tasks to queue
[2024-12-17T23:57:06.107+0000] {logging_mixin.py:151} INFO - [2024-12-17T23:57:06.107+0000] {dagbag.py:539} INFO - Filling up the DagBag from /home/airflow/.local/lib/python3.9/site-packages/airflow/example_dags/example_complex.py
[2024-12-17T23:57:06.118+0000] {processor.py:839} INFO - DAG(s) dict_keys(['example_complex']) retrieved from /home/airflow/.local/lib/python3.9/site-packages/airflow/example_dags/example_complex.py
[2024-12-17T23:57:06.149+0000] {logging_mixin.py:151} INFO - [2024-12-17T23:57:06.149+0000] {dag.py:2907} INFO - Sync 1 DAGs
[2024-12-17T23:57:06.163+0000] {logging_mixin.py:151} INFO - [2024-12-17T23:57:06.163+0000] {dag.py:3677} INFO - Setting next_dagrun for example_complex to None, run_after=None
[2024-12-17T23:57:06.185+0000] {processor.py:179} INFO - Processing /home/airflow/.local/lib/python3.9/site-packages/airflow/example_dags/example_complex.py took 0.086 seconds
[2024-12-17T23:57:36.428+0000] {processor.py:157} INFO - Started process (PID=637) to work on /home/airflow/.local/lib/python3.9/site-packages/airflow/example_dags/example_complex.py
[2024-12-17T23:57:36.430+0000] {processor.py:829} INFO - Processing file /home/airflow/.local/lib/python3.9/site-packages/airflow/example_dags/example_complex.py for tasks to queue
[2024-12-17T23:57:36.434+0000] {logging_mixin.py:151} INFO - [2024-12-17T23:57:36.434+0000] {dagbag.py:539} INFO - Filling up the DagBag from /home/airflow/.local/lib/python3.9/site-packages/airflow/example_dags/example_complex.py
[2024-12-17T23:57:36.448+0000] {processor.py:839} INFO - DAG(s) dict_keys(['example_complex']) retrieved from /home/airflow/.local/lib/python3.9/site-packages/airflow/example_dags/example_complex.py
[2024-12-17T23:57:36.483+0000] {logging_mixin.py:151} INFO - [2024-12-17T23:57:36.483+0000] {dag.py:2907} INFO - Sync 1 DAGs
[2024-12-17T23:57:36.497+0000] {logging_mixin.py:151} INFO - [2024-12-17T23:57:36.497+0000] {dag.py:3677} INFO - Setting next_dagrun for example_complex to None, run_after=None
[2024-12-17T23:57:36.526+0000] {processor.py:179} INFO - Processing /home/airflow/.local/lib/python3.9/site-packages/airflow/example_dags/example_complex.py took 0.103 seconds
[2024-12-17T23:58:06.977+0000] {processor.py:157} INFO - Started process (PID=699) to work on /home/airflow/.local/lib/python3.9/site-packages/airflow/example_dags/example_complex.py
[2024-12-17T23:58:06.978+0000] {processor.py:829} INFO - Processing file /home/airflow/.local/lib/python3.9/site-packages/airflow/example_dags/example_complex.py for tasks to queue
[2024-12-17T23:58:06.981+0000] {logging_mixin.py:151} INFO - [2024-12-17T23:58:06.981+0000] {dagbag.py:539} INFO - Filling up the DagBag from /home/airflow/.local/lib/python3.9/site-packages/airflow/example_dags/example_complex.py
[2024-12-17T23:58:06.995+0000] {processor.py:839} INFO - DAG(s) dict_keys(['example_complex']) retrieved from /home/airflow/.local/lib/python3.9/site-packages/airflow/example_dags/example_complex.py
[2024-12-17T23:58:07.030+0000] {logging_mixin.py:151} INFO - [2024-12-17T23:58:07.029+0000] {dag.py:2907} INFO - Sync 1 DAGs
[2024-12-17T23:58:07.044+0000] {logging_mixin.py:151} INFO - [2024-12-17T23:58:07.044+0000] {dag.py:3677} INFO - Setting next_dagrun for example_complex to None, run_after=None
[2024-12-17T23:58:07.067+0000] {processor.py:179} INFO - Processing /home/airflow/.local/lib/python3.9/site-packages/airflow/example_dags/example_complex.py took 0.095 seconds
[2024-12-17T23:58:37.363+0000] {processor.py:157} INFO - Started process (PID=761) to work on /home/airflow/.local/lib/python3.9/site-packages/airflow/example_dags/example_complex.py
[2024-12-17T23:58:37.365+0000] {processor.py:829} INFO - Processing file /home/airflow/.local/lib/python3.9/site-packages/airflow/example_dags/example_complex.py for tasks to queue
[2024-12-17T23:58:37.369+0000] {logging_mixin.py:151} INFO - [2024-12-17T23:58:37.368+0000] {dagbag.py:539} INFO - Filling up the DagBag from /home/airflow/.local/lib/python3.9/site-packages/airflow/example_dags/example_complex.py
[2024-12-17T23:58:37.384+0000] {processor.py:839} INFO - DAG(s) dict_keys(['example_complex']) retrieved from /home/airflow/.local/lib/python3.9/site-packages/airflow/example_dags/example_complex.py
[2024-12-17T23:58:37.422+0000] {logging_mixin.py:151} INFO - [2024-12-17T23:58:37.422+0000] {dag.py:2907} INFO - Sync 1 DAGs
[2024-12-17T23:58:37.437+0000] {logging_mixin.py:151} INFO - [2024-12-17T23:58:37.437+0000] {dag.py:3677} INFO - Setting next_dagrun for example_complex to None, run_after=None
[2024-12-17T23:58:37.461+0000] {processor.py:179} INFO - Processing /home/airflow/.local/lib/python3.9/site-packages/airflow/example_dags/example_complex.py took 0.105 seconds
[2024-12-17T23:59:07.535+0000] {processor.py:157} INFO - Started process (PID=823) to work on /home/airflow/.local/lib/python3.9/site-packages/airflow/example_dags/example_complex.py
[2024-12-17T23:59:07.537+0000] {processor.py:829} INFO - Processing file /home/airflow/.local/lib/python3.9/site-packages/airflow/example_dags/example_complex.py for tasks to queue
[2024-12-17T23:59:07.540+0000] {logging_mixin.py:151} INFO - [2024-12-17T23:59:07.539+0000] {dagbag.py:539} INFO - Filling up the DagBag from /home/airflow/.local/lib/python3.9/site-packages/airflow/example_dags/example_complex.py
[2024-12-17T23:59:07.553+0000] {processor.py:839} INFO - DAG(s) dict_keys(['example_complex']) retrieved from /home/airflow/.local/lib/python3.9/site-packages/airflow/example_dags/example_complex.py
[2024-12-17T23:59:07.588+0000] {logging_mixin.py:151} INFO - [2024-12-17T23:59:07.587+0000] {dag.py:2907} INFO - Sync 1 DAGs
[2024-12-17T23:59:07.602+0000] {logging_mixin.py:151} INFO - [2024-12-17T23:59:07.602+0000] {dag.py:3677} INFO - Setting next_dagrun for example_complex to None, run_after=None
[2024-12-17T23:59:07.634+0000] {processor.py:179} INFO - Processing /home/airflow/.local/lib/python3.9/site-packages/airflow/example_dags/example_complex.py took 0.103 seconds
[2024-12-17T23:59:38.772+0000] {processor.py:157} INFO - Started process (PID=885) to work on /home/airflow/.local/lib/python3.9/site-packages/airflow/example_dags/example_complex.py
[2024-12-17T23:59:38.773+0000] {processor.py:829} INFO - Processing file /home/airflow/.local/lib/python3.9/site-packages/airflow/example_dags/example_complex.py for tasks to queue
[2024-12-17T23:59:38.776+0000] {logging_mixin.py:151} INFO - [2024-12-17T23:59:38.776+0000] {dagbag.py:539} INFO - Filling up the DagBag from /home/airflow/.local/lib/python3.9/site-packages/airflow/example_dags/example_complex.py
[2024-12-17T23:59:38.792+0000] {processor.py:839} INFO - DAG(s) dict_keys(['example_complex']) retrieved from /home/airflow/.local/lib/python3.9/site-packages/airflow/example_dags/example_complex.py
[2024-12-17T23:59:38.832+0000] {logging_mixin.py:151} INFO - [2024-12-17T23:59:38.832+0000] {dag.py:2907} INFO - Sync 1 DAGs
[2024-12-17T23:59:38.847+0000] {logging_mixin.py:151} INFO - [2024-12-17T23:59:38.847+0000] {dag.py:3677} INFO - Setting next_dagrun for example_complex to None, run_after=None
[2024-12-17T23:59:38.870+0000] {processor.py:179} INFO - Processing /home/airflow/.local/lib/python3.9/site-packages/airflow/example_dags/example_complex.py took 0.103 seconds
