[2024-12-17T23:53:02.275+0000] {processor.py:157} INFO - Started process (PID=85) to work on /home/airflow/.local/lib/python3.9/site-packages/airflow/example_dags/example_short_circuit_operator.py
[2024-12-17T23:53:02.276+0000] {processor.py:829} INFO - Processing file /home/airflow/.local/lib/python3.9/site-packages/airflow/example_dags/example_short_circuit_operator.py for tasks to queue
[2024-12-17T23:53:02.279+0000] {logging_mixin.py:151} INFO - [2024-12-17T23:53:02.279+0000] {dagbag.py:539} INFO - Filling up the DagBag from /home/airflow/.local/lib/python3.9/site-packages/airflow/example_dags/example_short_circuit_operator.py
[2024-12-17T23:53:02.291+0000] {processor.py:839} INFO - DAG(s) dict_keys(['example_short_circuit_operator']) retrieved from /home/airflow/.local/lib/python3.9/site-packages/airflow/example_dags/example_short_circuit_operator.py
[2024-12-17T23:53:02.433+0000] {logging_mixin.py:151} INFO - [2024-12-17T23:53:02.432+0000] {manager.py:501} INFO - Created Permission View: can read on DAG:example_short_circuit_operator
[2024-12-17T23:53:02.451+0000] {logging_mixin.py:151} INFO - [2024-12-17T23:53:02.450+0000] {manager.py:501} INFO - Created Permission View: can edit on DAG:example_short_circuit_operator
[2024-12-17T23:53:02.464+0000] {logging_mixin.py:151} INFO - [2024-12-17T23:53:02.464+0000] {manager.py:501} INFO - Created Permission View: can delete on DAG:example_short_circuit_operator
[2024-12-17T23:53:02.484+0000] {logging_mixin.py:151} INFO - [2024-12-17T23:53:02.484+0000] {dag.py:2907} INFO - Sync 1 DAGs
[2024-12-17T23:53:02.500+0000] {logging_mixin.py:151} INFO - [2024-12-17T23:53:02.500+0000] {dag.py:2929} INFO - Creating ORM DAG for example_short_circuit_operator
[2024-12-17T23:53:02.515+0000] {logging_mixin.py:151} INFO - [2024-12-17T23:53:02.514+0000] {dag.py:3677} INFO - Setting next_dagrun for example_short_circuit_operator to 2024-12-16T23:53:02.514518+00:00, run_after=2024-12-17T23:53:02.514518+00:00
[2024-12-17T23:53:02.541+0000] {processor.py:179} INFO - Processing /home/airflow/.local/lib/python3.9/site-packages/airflow/example_dags/example_short_circuit_operator.py took 0.270 seconds
[2024-12-17T23:53:32.938+0000] {processor.py:157} INFO - Started process (PID=146) to work on /home/airflow/.local/lib/python3.9/site-packages/airflow/example_dags/example_short_circuit_operator.py
[2024-12-17T23:53:32.940+0000] {processor.py:829} INFO - Processing file /home/airflow/.local/lib/python3.9/site-packages/airflow/example_dags/example_short_circuit_operator.py for tasks to queue
[2024-12-17T23:53:32.943+0000] {logging_mixin.py:151} INFO - [2024-12-17T23:53:32.943+0000] {dagbag.py:539} INFO - Filling up the DagBag from /home/airflow/.local/lib/python3.9/site-packages/airflow/example_dags/example_short_circuit_operator.py
[2024-12-17T23:53:32.953+0000] {processor.py:839} INFO - DAG(s) dict_keys(['example_short_circuit_operator']) retrieved from /home/airflow/.local/lib/python3.9/site-packages/airflow/example_dags/example_short_circuit_operator.py
[2024-12-17T23:53:32.990+0000] {logging_mixin.py:151} INFO - [2024-12-17T23:53:32.989+0000] {dag.py:2907} INFO - Sync 1 DAGs
[2024-12-17T23:53:33.021+0000] {logging_mixin.py:151} INFO - [2024-12-17T23:53:33.021+0000] {dag.py:3677} INFO - Setting next_dagrun for example_short_circuit_operator to 2024-12-16T23:53:33.020912+00:00, run_after=2024-12-17T23:53:33.020912+00:00
[2024-12-17T23:53:33.041+0000] {processor.py:179} INFO - Processing /home/airflow/.local/lib/python3.9/site-packages/airflow/example_dags/example_short_circuit_operator.py took 0.106 seconds
[2024-12-17T23:54:03.853+0000] {processor.py:157} INFO - Started process (PID=207) to work on /home/airflow/.local/lib/python3.9/site-packages/airflow/example_dags/example_short_circuit_operator.py
[2024-12-17T23:54:03.855+0000] {processor.py:829} INFO - Processing file /home/airflow/.local/lib/python3.9/site-packages/airflow/example_dags/example_short_circuit_operator.py for tasks to queue
[2024-12-17T23:54:03.858+0000] {logging_mixin.py:151} INFO - [2024-12-17T23:54:03.857+0000] {dagbag.py:539} INFO - Filling up the DagBag from /home/airflow/.local/lib/python3.9/site-packages/airflow/example_dags/example_short_circuit_operator.py
[2024-12-17T23:54:03.867+0000] {processor.py:839} INFO - DAG(s) dict_keys(['example_short_circuit_operator']) retrieved from /home/airflow/.local/lib/python3.9/site-packages/airflow/example_dags/example_short_circuit_operator.py
[2024-12-17T23:54:03.893+0000] {logging_mixin.py:151} INFO - [2024-12-17T23:54:03.893+0000] {dag.py:2907} INFO - Sync 1 DAGs
[2024-12-17T23:54:03.917+0000] {logging_mixin.py:151} INFO - [2024-12-17T23:54:03.917+0000] {dag.py:3677} INFO - Setting next_dagrun for example_short_circuit_operator to 2024-12-16T23:54:03.916945+00:00, run_after=2024-12-17T23:54:03.916945+00:00
[2024-12-17T23:54:03.942+0000] {processor.py:179} INFO - Processing /home/airflow/.local/lib/python3.9/site-packages/airflow/example_dags/example_short_circuit_operator.py took 0.093 seconds
[2024-12-17T23:54:33.985+0000] {processor.py:157} INFO - Started process (PID=269) to work on /home/airflow/.local/lib/python3.9/site-packages/airflow/example_dags/example_short_circuit_operator.py
[2024-12-17T23:54:33.986+0000] {processor.py:829} INFO - Processing file /home/airflow/.local/lib/python3.9/site-packages/airflow/example_dags/example_short_circuit_operator.py for tasks to queue
[2024-12-17T23:54:33.990+0000] {logging_mixin.py:151} INFO - [2024-12-17T23:54:33.989+0000] {dagbag.py:539} INFO - Filling up the DagBag from /home/airflow/.local/lib/python3.9/site-packages/airflow/example_dags/example_short_circuit_operator.py
[2024-12-17T23:54:33.999+0000] {processor.py:839} INFO - DAG(s) dict_keys(['example_short_circuit_operator']) retrieved from /home/airflow/.local/lib/python3.9/site-packages/airflow/example_dags/example_short_circuit_operator.py
[2024-12-17T23:54:34.023+0000] {logging_mixin.py:151} INFO - [2024-12-17T23:54:34.022+0000] {dag.py:2907} INFO - Sync 1 DAGs
[2024-12-17T23:54:34.046+0000] {logging_mixin.py:151} INFO - [2024-12-17T23:54:34.046+0000] {dag.py:3677} INFO - Setting next_dagrun for example_short_circuit_operator to 2024-12-16T23:54:34.046305+00:00, run_after=2024-12-17T23:54:34.046305+00:00
[2024-12-17T23:54:34.065+0000] {processor.py:179} INFO - Processing /home/airflow/.local/lib/python3.9/site-packages/airflow/example_dags/example_short_circuit_operator.py took 0.086 seconds
[2024-12-17T23:55:04.526+0000] {processor.py:157} INFO - Started process (PID=331) to work on /home/airflow/.local/lib/python3.9/site-packages/airflow/example_dags/example_short_circuit_operator.py
[2024-12-17T23:55:04.527+0000] {processor.py:829} INFO - Processing file /home/airflow/.local/lib/python3.9/site-packages/airflow/example_dags/example_short_circuit_operator.py for tasks to queue
[2024-12-17T23:55:04.531+0000] {logging_mixin.py:151} INFO - [2024-12-17T23:55:04.530+0000] {dagbag.py:539} INFO - Filling up the DagBag from /home/airflow/.local/lib/python3.9/site-packages/airflow/example_dags/example_short_circuit_operator.py
[2024-12-17T23:55:04.541+0000] {processor.py:839} INFO - DAG(s) dict_keys(['example_short_circuit_operator']) retrieved from /home/airflow/.local/lib/python3.9/site-packages/airflow/example_dags/example_short_circuit_operator.py
[2024-12-17T23:55:04.572+0000] {logging_mixin.py:151} INFO - [2024-12-17T23:55:04.571+0000] {dag.py:2907} INFO - Sync 1 DAGs
[2024-12-17T23:55:04.595+0000] {logging_mixin.py:151} INFO - [2024-12-17T23:55:04.594+0000] {dag.py:3677} INFO - Setting next_dagrun for example_short_circuit_operator to 2024-12-16T23:55:04.594704+00:00, run_after=2024-12-17T23:55:04.594704+00:00
[2024-12-17T23:55:04.618+0000] {processor.py:179} INFO - Processing /home/airflow/.local/lib/python3.9/site-packages/airflow/example_dags/example_short_circuit_operator.py took 0.096 seconds
[2024-12-17T23:55:34.676+0000] {processor.py:157} INFO - Started process (PID=393) to work on /home/airflow/.local/lib/python3.9/site-packages/airflow/example_dags/example_short_circuit_operator.py
[2024-12-17T23:55:34.678+0000] {processor.py:829} INFO - Processing file /home/airflow/.local/lib/python3.9/site-packages/airflow/example_dags/example_short_circuit_operator.py for tasks to queue
[2024-12-17T23:55:34.681+0000] {logging_mixin.py:151} INFO - [2024-12-17T23:55:34.680+0000] {dagbag.py:539} INFO - Filling up the DagBag from /home/airflow/.local/lib/python3.9/site-packages/airflow/example_dags/example_short_circuit_operator.py
[2024-12-17T23:55:34.689+0000] {processor.py:839} INFO - DAG(s) dict_keys(['example_short_circuit_operator']) retrieved from /home/airflow/.local/lib/python3.9/site-packages/airflow/example_dags/example_short_circuit_operator.py
[2024-12-17T23:55:34.714+0000] {logging_mixin.py:151} INFO - [2024-12-17T23:55:34.714+0000] {dag.py:2907} INFO - Sync 1 DAGs
[2024-12-17T23:55:34.737+0000] {logging_mixin.py:151} INFO - [2024-12-17T23:55:34.737+0000] {dag.py:3677} INFO - Setting next_dagrun for example_short_circuit_operator to 2024-12-16T23:55:34.737084+00:00, run_after=2024-12-17T23:55:34.737084+00:00
[2024-12-17T23:55:34.757+0000] {processor.py:179} INFO - Processing /home/airflow/.local/lib/python3.9/site-packages/airflow/example_dags/example_short_circuit_operator.py took 0.085 seconds
[2024-12-17T23:56:05.688+0000] {processor.py:157} INFO - Started process (PID=454) to work on /home/airflow/.local/lib/python3.9/site-packages/airflow/example_dags/example_short_circuit_operator.py
[2024-12-17T23:56:05.689+0000] {processor.py:829} INFO - Processing file /home/airflow/.local/lib/python3.9/site-packages/airflow/example_dags/example_short_circuit_operator.py for tasks to queue
[2024-12-17T23:56:05.692+0000] {logging_mixin.py:151} INFO - [2024-12-17T23:56:05.691+0000] {dagbag.py:539} INFO - Filling up the DagBag from /home/airflow/.local/lib/python3.9/site-packages/airflow/example_dags/example_short_circuit_operator.py
[2024-12-17T23:56:05.702+0000] {processor.py:839} INFO - DAG(s) dict_keys(['example_short_circuit_operator']) retrieved from /home/airflow/.local/lib/python3.9/site-packages/airflow/example_dags/example_short_circuit_operator.py
[2024-12-17T23:56:05.729+0000] {logging_mixin.py:151} INFO - [2024-12-17T23:56:05.729+0000] {dag.py:2907} INFO - Sync 1 DAGs
[2024-12-17T23:56:05.754+0000] {logging_mixin.py:151} INFO - [2024-12-17T23:56:05.754+0000] {dag.py:3677} INFO - Setting next_dagrun for example_short_circuit_operator to 2024-12-16T23:56:05.754311+00:00, run_after=2024-12-17T23:56:05.754311+00:00
[2024-12-17T23:56:05.780+0000] {processor.py:179} INFO - Processing /home/airflow/.local/lib/python3.9/site-packages/airflow/example_dags/example_short_circuit_operator.py took 0.096 seconds
[2024-12-17T23:56:35.970+0000] {processor.py:157} INFO - Started process (PID=516) to work on /home/airflow/.local/lib/python3.9/site-packages/airflow/example_dags/example_short_circuit_operator.py
[2024-12-17T23:56:35.971+0000] {processor.py:829} INFO - Processing file /home/airflow/.local/lib/python3.9/site-packages/airflow/example_dags/example_short_circuit_operator.py for tasks to queue
[2024-12-17T23:56:35.974+0000] {logging_mixin.py:151} INFO - [2024-12-17T23:56:35.974+0000] {dagbag.py:539} INFO - Filling up the DagBag from /home/airflow/.local/lib/python3.9/site-packages/airflow/example_dags/example_short_circuit_operator.py
[2024-12-17T23:56:35.985+0000] {processor.py:839} INFO - DAG(s) dict_keys(['example_short_circuit_operator']) retrieved from /home/airflow/.local/lib/python3.9/site-packages/airflow/example_dags/example_short_circuit_operator.py
[2024-12-17T23:56:36.014+0000] {logging_mixin.py:151} INFO - [2024-12-17T23:56:36.013+0000] {dag.py:2907} INFO - Sync 1 DAGs
[2024-12-17T23:56:36.044+0000] {logging_mixin.py:151} INFO - [2024-12-17T23:56:36.043+0000] {dag.py:3677} INFO - Setting next_dagrun for example_short_circuit_operator to 2024-12-16T23:56:36.043551+00:00, run_after=2024-12-17T23:56:36.043551+00:00
[2024-12-17T23:56:36.077+0000] {processor.py:179} INFO - Processing /home/airflow/.local/lib/python3.9/site-packages/airflow/example_dags/example_short_circuit_operator.py took 0.111 seconds
[2024-12-17T23:57:06.208+0000] {processor.py:157} INFO - Started process (PID=578) to work on /home/airflow/.local/lib/python3.9/site-packages/airflow/example_dags/example_short_circuit_operator.py
[2024-12-17T23:57:06.210+0000] {processor.py:829} INFO - Processing file /home/airflow/.local/lib/python3.9/site-packages/airflow/example_dags/example_short_circuit_operator.py for tasks to queue
[2024-12-17T23:57:06.213+0000] {logging_mixin.py:151} INFO - [2024-12-17T23:57:06.212+0000] {dagbag.py:539} INFO - Filling up the DagBag from /home/airflow/.local/lib/python3.9/site-packages/airflow/example_dags/example_short_circuit_operator.py
[2024-12-17T23:57:06.221+0000] {processor.py:839} INFO - DAG(s) dict_keys(['example_short_circuit_operator']) retrieved from /home/airflow/.local/lib/python3.9/site-packages/airflow/example_dags/example_short_circuit_operator.py
[2024-12-17T23:57:06.246+0000] {logging_mixin.py:151} INFO - [2024-12-17T23:57:06.246+0000] {dag.py:2907} INFO - Sync 1 DAGs
[2024-12-17T23:57:06.270+0000] {logging_mixin.py:151} INFO - [2024-12-17T23:57:06.269+0000] {dag.py:3677} INFO - Setting next_dagrun for example_short_circuit_operator to 2024-12-16T23:57:06.269598+00:00, run_after=2024-12-17T23:57:06.269598+00:00
[2024-12-17T23:57:06.295+0000] {processor.py:179} INFO - Processing /home/airflow/.local/lib/python3.9/site-packages/airflow/example_dags/example_short_circuit_operator.py took 0.091 seconds
[2024-12-17T23:57:36.548+0000] {processor.py:157} INFO - Started process (PID=638) to work on /home/airflow/.local/lib/python3.9/site-packages/airflow/example_dags/example_short_circuit_operator.py
[2024-12-17T23:57:36.549+0000] {processor.py:829} INFO - Processing file /home/airflow/.local/lib/python3.9/site-packages/airflow/example_dags/example_short_circuit_operator.py for tasks to queue
[2024-12-17T23:57:36.552+0000] {logging_mixin.py:151} INFO - [2024-12-17T23:57:36.552+0000] {dagbag.py:539} INFO - Filling up the DagBag from /home/airflow/.local/lib/python3.9/site-packages/airflow/example_dags/example_short_circuit_operator.py
[2024-12-17T23:57:36.562+0000] {processor.py:839} INFO - DAG(s) dict_keys(['example_short_circuit_operator']) retrieved from /home/airflow/.local/lib/python3.9/site-packages/airflow/example_dags/example_short_circuit_operator.py
[2024-12-17T23:57:36.589+0000] {logging_mixin.py:151} INFO - [2024-12-17T23:57:36.589+0000] {dag.py:2907} INFO - Sync 1 DAGs
[2024-12-17T23:57:36.612+0000] {logging_mixin.py:151} INFO - [2024-12-17T23:57:36.612+0000] {dag.py:3677} INFO - Setting next_dagrun for example_short_circuit_operator to 2024-12-16T23:57:36.611966+00:00, run_after=2024-12-17T23:57:36.611966+00:00
[2024-12-17T23:57:36.638+0000] {processor.py:179} INFO - Processing /home/airflow/.local/lib/python3.9/site-packages/airflow/example_dags/example_short_circuit_operator.py took 0.093 seconds
[2024-12-17T23:58:07.090+0000] {processor.py:157} INFO - Started process (PID=700) to work on /home/airflow/.local/lib/python3.9/site-packages/airflow/example_dags/example_short_circuit_operator.py
[2024-12-17T23:58:07.091+0000] {processor.py:829} INFO - Processing file /home/airflow/.local/lib/python3.9/site-packages/airflow/example_dags/example_short_circuit_operator.py for tasks to queue
[2024-12-17T23:58:07.094+0000] {logging_mixin.py:151} INFO - [2024-12-17T23:58:07.094+0000] {dagbag.py:539} INFO - Filling up the DagBag from /home/airflow/.local/lib/python3.9/site-packages/airflow/example_dags/example_short_circuit_operator.py
[2024-12-17T23:58:07.104+0000] {processor.py:839} INFO - DAG(s) dict_keys(['example_short_circuit_operator']) retrieved from /home/airflow/.local/lib/python3.9/site-packages/airflow/example_dags/example_short_circuit_operator.py
[2024-12-17T23:58:07.133+0000] {logging_mixin.py:151} INFO - [2024-12-17T23:58:07.133+0000] {dag.py:2907} INFO - Sync 1 DAGs
[2024-12-17T23:58:07.160+0000] {logging_mixin.py:151} INFO - [2024-12-17T23:58:07.160+0000] {dag.py:3677} INFO - Setting next_dagrun for example_short_circuit_operator to 2024-12-16T23:58:07.160329+00:00, run_after=2024-12-17T23:58:07.160329+00:00
[2024-12-17T23:58:07.183+0000] {processor.py:179} INFO - Processing /home/airflow/.local/lib/python3.9/site-packages/airflow/example_dags/example_short_circuit_operator.py took 0.098 seconds
[2024-12-17T23:58:37.481+0000] {processor.py:157} INFO - Started process (PID=762) to work on /home/airflow/.local/lib/python3.9/site-packages/airflow/example_dags/example_short_circuit_operator.py
[2024-12-17T23:58:37.482+0000] {processor.py:829} INFO - Processing file /home/airflow/.local/lib/python3.9/site-packages/airflow/example_dags/example_short_circuit_operator.py for tasks to queue
[2024-12-17T23:58:37.485+0000] {logging_mixin.py:151} INFO - [2024-12-17T23:58:37.485+0000] {dagbag.py:539} INFO - Filling up the DagBag from /home/airflow/.local/lib/python3.9/site-packages/airflow/example_dags/example_short_circuit_operator.py
[2024-12-17T23:58:37.494+0000] {processor.py:839} INFO - DAG(s) dict_keys(['example_short_circuit_operator']) retrieved from /home/airflow/.local/lib/python3.9/site-packages/airflow/example_dags/example_short_circuit_operator.py
[2024-12-17T23:58:37.518+0000] {logging_mixin.py:151} INFO - [2024-12-17T23:58:37.518+0000] {dag.py:2907} INFO - Sync 1 DAGs
[2024-12-17T23:58:37.542+0000] {logging_mixin.py:151} INFO - [2024-12-17T23:58:37.541+0000] {dag.py:3677} INFO - Setting next_dagrun for example_short_circuit_operator to 2024-12-16T23:58:37.541714+00:00, run_after=2024-12-17T23:58:37.541714+00:00
[2024-12-17T23:58:37.562+0000] {processor.py:179} INFO - Processing /home/airflow/.local/lib/python3.9/site-packages/airflow/example_dags/example_short_circuit_operator.py took 0.084 seconds
[2024-12-17T23:59:07.650+0000] {processor.py:157} INFO - Started process (PID=824) to work on /home/airflow/.local/lib/python3.9/site-packages/airflow/example_dags/example_short_circuit_operator.py
[2024-12-17T23:59:07.651+0000] {processor.py:829} INFO - Processing file /home/airflow/.local/lib/python3.9/site-packages/airflow/example_dags/example_short_circuit_operator.py for tasks to queue
[2024-12-17T23:59:07.654+0000] {logging_mixin.py:151} INFO - [2024-12-17T23:59:07.653+0000] {dagbag.py:539} INFO - Filling up the DagBag from /home/airflow/.local/lib/python3.9/site-packages/airflow/example_dags/example_short_circuit_operator.py
[2024-12-17T23:59:07.662+0000] {processor.py:839} INFO - DAG(s) dict_keys(['example_short_circuit_operator']) retrieved from /home/airflow/.local/lib/python3.9/site-packages/airflow/example_dags/example_short_circuit_operator.py
[2024-12-17T23:59:07.687+0000] {logging_mixin.py:151} INFO - [2024-12-17T23:59:07.686+0000] {dag.py:2907} INFO - Sync 1 DAGs
[2024-12-17T23:59:07.710+0000] {logging_mixin.py:151} INFO - [2024-12-17T23:59:07.710+0000] {dag.py:3677} INFO - Setting next_dagrun for example_short_circuit_operator to 2024-12-16T23:59:07.710225+00:00, run_after=2024-12-17T23:59:07.710225+00:00
[2024-12-17T23:59:07.734+0000] {processor.py:179} INFO - Processing /home/airflow/.local/lib/python3.9/site-packages/airflow/example_dags/example_short_circuit_operator.py took 0.089 seconds
[2024-12-17T23:59:38.816+0000] {processor.py:157} INFO - Started process (PID=886) to work on /home/airflow/.local/lib/python3.9/site-packages/airflow/example_dags/example_short_circuit_operator.py
[2024-12-17T23:59:38.817+0000] {processor.py:829} INFO - Processing file /home/airflow/.local/lib/python3.9/site-packages/airflow/example_dags/example_short_circuit_operator.py for tasks to queue
[2024-12-17T23:59:38.821+0000] {logging_mixin.py:151} INFO - [2024-12-17T23:59:38.820+0000] {dagbag.py:539} INFO - Filling up the DagBag from /home/airflow/.local/lib/python3.9/site-packages/airflow/example_dags/example_short_circuit_operator.py
[2024-12-17T23:59:38.830+0000] {processor.py:839} INFO - DAG(s) dict_keys(['example_short_circuit_operator']) retrieved from /home/airflow/.local/lib/python3.9/site-packages/airflow/example_dags/example_short_circuit_operator.py
[2024-12-17T23:59:38.857+0000] {logging_mixin.py:151} INFO - [2024-12-17T23:59:38.857+0000] {dag.py:2907} INFO - Sync 1 DAGs
[2024-12-17T23:59:38.884+0000] {logging_mixin.py:151} INFO - [2024-12-17T23:59:38.884+0000] {dag.py:3677} INFO - Setting next_dagrun for example_short_circuit_operator to 2024-12-16T23:59:38.884081+00:00, run_after=2024-12-17T23:59:38.884081+00:00
[2024-12-17T23:59:38.910+0000] {processor.py:179} INFO - Processing /home/airflow/.local/lib/python3.9/site-packages/airflow/example_dags/example_short_circuit_operator.py took 0.099 seconds
