[2024-12-17T23:53:02.569+0000] {processor.py:157} INFO - Started process (PID=87) to work on /home/airflow/.local/lib/python3.9/site-packages/airflow/example_dags/example_datasets.py
[2024-12-17T23:53:02.570+0000] {processor.py:829} INFO - Processing file /home/airflow/.local/lib/python3.9/site-packages/airflow/example_dags/example_datasets.py for tasks to queue
[2024-12-17T23:53:02.573+0000] {logging_mixin.py:151} INFO - [2024-12-17T23:53:02.573+0000] {dagbag.py:539} INFO - Filling up the DagBag from /home/airflow/.local/lib/python3.9/site-packages/airflow/example_dags/example_datasets.py
[2024-12-17T23:53:02.588+0000] {processor.py:839} INFO - DAG(s) dict_keys(['dataset_consumes_1_never_scheduled', 'dataset_consumes_1_and_2', 'dataset_consumes_unknown_never_scheduled', 'dataset_produces_1', 'dataset_consumes_1', 'dataset_produces_2']) retrieved from /home/airflow/.local/lib/python3.9/site-packages/airflow/example_dags/example_datasets.py
[2024-12-17T23:53:02.767+0000] {logging_mixin.py:151} INFO - [2024-12-17T23:53:02.767+0000] {manager.py:501} INFO - Created Permission View: can read on DAG:dataset_consumes_1_never_scheduled
[2024-12-17T23:53:02.782+0000] {logging_mixin.py:151} INFO - [2024-12-17T23:53:02.781+0000] {manager.py:501} INFO - Created Permission View: can edit on DAG:dataset_consumes_1_never_scheduled
[2024-12-17T23:53:02.797+0000] {logging_mixin.py:151} INFO - [2024-12-17T23:53:02.796+0000] {manager.py:501} INFO - Created Permission View: can delete on DAG:dataset_consumes_1_never_scheduled
[2024-12-17T23:53:02.842+0000] {logging_mixin.py:151} INFO - [2024-12-17T23:53:02.842+0000] {manager.py:501} INFO - Created Permission View: can read on DAG:dataset_consumes_1_and_2
[2024-12-17T23:53:02.856+0000] {logging_mixin.py:151} INFO - [2024-12-17T23:53:02.856+0000] {manager.py:501} INFO - Created Permission View: can edit on DAG:dataset_consumes_1_and_2
[2024-12-17T23:53:02.867+0000] {logging_mixin.py:151} INFO - [2024-12-17T23:53:02.866+0000] {manager.py:501} INFO - Created Permission View: can delete on DAG:dataset_consumes_1_and_2
[2024-12-17T23:53:02.890+0000] {logging_mixin.py:151} INFO - [2024-12-17T23:53:02.890+0000] {manager.py:501} INFO - Created Permission View: can read on DAG:dataset_consumes_unknown_never_scheduled
[2024-12-17T23:53:02.900+0000] {logging_mixin.py:151} INFO - [2024-12-17T23:53:02.900+0000] {manager.py:501} INFO - Created Permission View: can edit on DAG:dataset_consumes_unknown_never_scheduled
[2024-12-17T23:53:02.911+0000] {logging_mixin.py:151} INFO - [2024-12-17T23:53:02.911+0000] {manager.py:501} INFO - Created Permission View: can delete on DAG:dataset_consumes_unknown_never_scheduled
[2024-12-17T23:53:02.941+0000] {logging_mixin.py:151} INFO - [2024-12-17T23:53:02.940+0000] {manager.py:501} INFO - Created Permission View: can read on DAG:dataset_produces_1
[2024-12-17T23:53:02.952+0000] {logging_mixin.py:151} INFO - [2024-12-17T23:53:02.952+0000] {manager.py:501} INFO - Created Permission View: can edit on DAG:dataset_produces_1
[2024-12-17T23:53:02.966+0000] {logging_mixin.py:151} INFO - [2024-12-17T23:53:02.965+0000] {manager.py:501} INFO - Created Permission View: can delete on DAG:dataset_produces_1
[2024-12-17T23:53:02.998+0000] {logging_mixin.py:151} INFO - [2024-12-17T23:53:02.997+0000] {manager.py:501} INFO - Created Permission View: can read on DAG:dataset_consumes_1
[2024-12-17T23:53:03.008+0000] {logging_mixin.py:151} INFO - [2024-12-17T23:53:03.008+0000] {manager.py:501} INFO - Created Permission View: can edit on DAG:dataset_consumes_1
[2024-12-17T23:53:03.020+0000] {logging_mixin.py:151} INFO - [2024-12-17T23:53:03.020+0000] {manager.py:501} INFO - Created Permission View: can delete on DAG:dataset_consumes_1
[2024-12-17T23:53:03.054+0000] {logging_mixin.py:151} INFO - [2024-12-17T23:53:03.054+0000] {manager.py:501} INFO - Created Permission View: can read on DAG:dataset_produces_2
[2024-12-17T23:53:03.066+0000] {logging_mixin.py:151} INFO - [2024-12-17T23:53:03.065+0000] {manager.py:501} INFO - Created Permission View: can edit on DAG:dataset_produces_2
[2024-12-17T23:53:03.080+0000] {logging_mixin.py:151} INFO - [2024-12-17T23:53:03.080+0000] {manager.py:501} INFO - Created Permission View: can delete on DAG:dataset_produces_2
[2024-12-17T23:53:03.092+0000] {logging_mixin.py:151} INFO - [2024-12-17T23:53:03.092+0000] {dag.py:2907} INFO - Sync 6 DAGs
[2024-12-17T23:53:03.109+0000] {logging_mixin.py:151} INFO - [2024-12-17T23:53:03.109+0000] {dag.py:2929} INFO - Creating ORM DAG for dataset_consumes_1
[2024-12-17T23:53:03.110+0000] {logging_mixin.py:151} INFO - [2024-12-17T23:53:03.110+0000] {dag.py:2929} INFO - Creating ORM DAG for dataset_consumes_1_never_scheduled
[2024-12-17T23:53:03.111+0000] {logging_mixin.py:151} INFO - [2024-12-17T23:53:03.111+0000] {dag.py:2929} INFO - Creating ORM DAG for dataset_consumes_1_and_2
[2024-12-17T23:53:03.112+0000] {logging_mixin.py:151} INFO - [2024-12-17T23:53:03.112+0000] {dag.py:2929} INFO - Creating ORM DAG for dataset_consumes_unknown_never_scheduled
[2024-12-17T23:53:03.113+0000] {logging_mixin.py:151} INFO - [2024-12-17T23:53:03.113+0000] {dag.py:2929} INFO - Creating ORM DAG for dataset_produces_1
[2024-12-17T23:53:03.114+0000] {logging_mixin.py:151} INFO - [2024-12-17T23:53:03.114+0000] {dag.py:2929} INFO - Creating ORM DAG for dataset_produces_2
[2024-12-17T23:53:03.131+0000] {logging_mixin.py:151} INFO - [2024-12-17T23:53:03.131+0000] {dag.py:3677} INFO - Setting next_dagrun for dataset_consumes_1 to None, run_after=None
[2024-12-17T23:53:03.132+0000] {logging_mixin.py:151} INFO - [2024-12-17T23:53:03.132+0000] {dag.py:3677} INFO - Setting next_dagrun for dataset_consumes_1_and_2 to None, run_after=None
[2024-12-17T23:53:03.133+0000] {logging_mixin.py:151} INFO - [2024-12-17T23:53:03.133+0000] {dag.py:3677} INFO - Setting next_dagrun for dataset_consumes_1_never_scheduled to None, run_after=None
[2024-12-17T23:53:03.134+0000] {logging_mixin.py:151} INFO - [2024-12-17T23:53:03.134+0000] {dag.py:3677} INFO - Setting next_dagrun for dataset_consumes_unknown_never_scheduled to None, run_after=None
[2024-12-17T23:53:03.137+0000] {logging_mixin.py:151} INFO - [2024-12-17T23:53:03.137+0000] {dag.py:3677} INFO - Setting next_dagrun for dataset_produces_1 to 2024-12-16T00:00:00+00:00, run_after=2024-12-17T00:00:00+00:00
[2024-12-17T23:53:03.138+0000] {logging_mixin.py:151} INFO - [2024-12-17T23:53:03.138+0000] {dag.py:3677} INFO - Setting next_dagrun for dataset_produces_2 to None, run_after=None
[2024-12-17T23:53:03.193+0000] {processor.py:179} INFO - Processing /home/airflow/.local/lib/python3.9/site-packages/airflow/example_dags/example_datasets.py took 0.628 seconds
[2024-12-17T23:53:33.287+0000] {processor.py:157} INFO - Started process (PID=149) to work on /home/airflow/.local/lib/python3.9/site-packages/airflow/example_dags/example_datasets.py
[2024-12-17T23:53:33.288+0000] {processor.py:829} INFO - Processing file /home/airflow/.local/lib/python3.9/site-packages/airflow/example_dags/example_datasets.py for tasks to queue
[2024-12-17T23:53:33.291+0000] {logging_mixin.py:151} INFO - [2024-12-17T23:53:33.290+0000] {dagbag.py:539} INFO - Filling up the DagBag from /home/airflow/.local/lib/python3.9/site-packages/airflow/example_dags/example_datasets.py
[2024-12-17T23:53:33.302+0000] {processor.py:839} INFO - DAG(s) dict_keys(['dataset_consumes_1', 'dataset_produces_1', 'dataset_consumes_1_never_scheduled', 'dataset_produces_2', 'dataset_consumes_unknown_never_scheduled', 'dataset_consumes_1_and_2']) retrieved from /home/airflow/.local/lib/python3.9/site-packages/airflow/example_dags/example_datasets.py
[2024-12-17T23:53:33.349+0000] {logging_mixin.py:151} INFO - [2024-12-17T23:53:33.348+0000] {dag.py:2907} INFO - Sync 6 DAGs
[2024-12-17T23:53:33.378+0000] {logging_mixin.py:151} INFO - [2024-12-17T23:53:33.378+0000] {dag.py:3677} INFO - Setting next_dagrun for dataset_consumes_1 to None, run_after=None
[2024-12-17T23:53:33.383+0000] {logging_mixin.py:151} INFO - [2024-12-17T23:53:33.383+0000] {dag.py:3677} INFO - Setting next_dagrun for dataset_consumes_1_and_2 to None, run_after=None
[2024-12-17T23:53:33.385+0000] {logging_mixin.py:151} INFO - [2024-12-17T23:53:33.385+0000] {dag.py:3677} INFO - Setting next_dagrun for dataset_consumes_1_never_scheduled to None, run_after=None
[2024-12-17T23:53:33.388+0000] {logging_mixin.py:151} INFO - [2024-12-17T23:53:33.387+0000] {dag.py:3677} INFO - Setting next_dagrun for dataset_consumes_unknown_never_scheduled to None, run_after=None
[2024-12-17T23:53:33.392+0000] {logging_mixin.py:151} INFO - [2024-12-17T23:53:33.391+0000] {dag.py:3677} INFO - Setting next_dagrun for dataset_produces_1 to 2024-12-16T00:00:00+00:00, run_after=2024-12-17T00:00:00+00:00
[2024-12-17T23:53:33.394+0000] {logging_mixin.py:151} INFO - [2024-12-17T23:53:33.393+0000] {dag.py:3677} INFO - Setting next_dagrun for dataset_produces_2 to None, run_after=None
[2024-12-17T23:53:33.453+0000] {processor.py:179} INFO - Processing /home/airflow/.local/lib/python3.9/site-packages/airflow/example_dags/example_datasets.py took 0.170 seconds
[2024-12-17T23:54:03.970+0000] {processor.py:157} INFO - Started process (PID=209) to work on /home/airflow/.local/lib/python3.9/site-packages/airflow/example_dags/example_datasets.py
[2024-12-17T23:54:03.971+0000] {processor.py:829} INFO - Processing file /home/airflow/.local/lib/python3.9/site-packages/airflow/example_dags/example_datasets.py for tasks to queue
[2024-12-17T23:54:03.974+0000] {logging_mixin.py:151} INFO - [2024-12-17T23:54:03.974+0000] {dagbag.py:539} INFO - Filling up the DagBag from /home/airflow/.local/lib/python3.9/site-packages/airflow/example_dags/example_datasets.py
[2024-12-17T23:54:03.987+0000] {processor.py:839} INFO - DAG(s) dict_keys(['dataset_produces_2', 'dataset_consumes_1_and_2', 'dataset_produces_1', 'dataset_consumes_1_never_scheduled', 'dataset_consumes_unknown_never_scheduled', 'dataset_consumes_1']) retrieved from /home/airflow/.local/lib/python3.9/site-packages/airflow/example_dags/example_datasets.py
[2024-12-17T23:54:04.035+0000] {logging_mixin.py:151} INFO - [2024-12-17T23:54:04.035+0000] {dag.py:2907} INFO - Sync 6 DAGs
[2024-12-17T23:54:04.067+0000] {logging_mixin.py:151} INFO - [2024-12-17T23:54:04.066+0000] {dag.py:3677} INFO - Setting next_dagrun for dataset_consumes_1 to None, run_after=None
[2024-12-17T23:54:04.073+0000] {logging_mixin.py:151} INFO - [2024-12-17T23:54:04.072+0000] {dag.py:3677} INFO - Setting next_dagrun for dataset_consumes_1_and_2 to None, run_after=None
[2024-12-17T23:54:04.075+0000] {logging_mixin.py:151} INFO - [2024-12-17T23:54:04.075+0000] {dag.py:3677} INFO - Setting next_dagrun for dataset_consumes_1_never_scheduled to None, run_after=None
[2024-12-17T23:54:04.077+0000] {logging_mixin.py:151} INFO - [2024-12-17T23:54:04.077+0000] {dag.py:3677} INFO - Setting next_dagrun for dataset_consumes_unknown_never_scheduled to None, run_after=None
[2024-12-17T23:54:04.084+0000] {logging_mixin.py:151} INFO - [2024-12-17T23:54:04.084+0000] {dag.py:3677} INFO - Setting next_dagrun for dataset_produces_1 to 2024-12-16T00:00:00+00:00, run_after=2024-12-17T00:00:00+00:00
[2024-12-17T23:54:04.086+0000] {logging_mixin.py:151} INFO - [2024-12-17T23:54:04.086+0000] {dag.py:3677} INFO - Setting next_dagrun for dataset_produces_2 to None, run_after=None
[2024-12-17T23:54:04.125+0000] {processor.py:179} INFO - Processing /home/airflow/.local/lib/python3.9/site-packages/airflow/example_dags/example_datasets.py took 0.159 seconds
[2024-12-17T23:54:34.185+0000] {processor.py:157} INFO - Started process (PID=271) to work on /home/airflow/.local/lib/python3.9/site-packages/airflow/example_dags/example_datasets.py
[2024-12-17T23:54:34.186+0000] {processor.py:829} INFO - Processing file /home/airflow/.local/lib/python3.9/site-packages/airflow/example_dags/example_datasets.py for tasks to queue
[2024-12-17T23:54:34.189+0000] {logging_mixin.py:151} INFO - [2024-12-17T23:54:34.189+0000] {dagbag.py:539} INFO - Filling up the DagBag from /home/airflow/.local/lib/python3.9/site-packages/airflow/example_dags/example_datasets.py
[2024-12-17T23:54:34.200+0000] {processor.py:839} INFO - DAG(s) dict_keys(['dataset_produces_2', 'dataset_consumes_unknown_never_scheduled', 'dataset_consumes_1', 'dataset_consumes_1_never_scheduled', 'dataset_consumes_1_and_2', 'dataset_produces_1']) retrieved from /home/airflow/.local/lib/python3.9/site-packages/airflow/example_dags/example_datasets.py
[2024-12-17T23:54:34.237+0000] {logging_mixin.py:151} INFO - [2024-12-17T23:54:34.237+0000] {dag.py:2907} INFO - Sync 6 DAGs
[2024-12-17T23:54:34.262+0000] {logging_mixin.py:151} INFO - [2024-12-17T23:54:34.261+0000] {dag.py:3677} INFO - Setting next_dagrun for dataset_consumes_1 to None, run_after=None
[2024-12-17T23:54:34.266+0000] {logging_mixin.py:151} INFO - [2024-12-17T23:54:34.266+0000] {dag.py:3677} INFO - Setting next_dagrun for dataset_consumes_1_and_2 to None, run_after=None
[2024-12-17T23:54:34.268+0000] {logging_mixin.py:151} INFO - [2024-12-17T23:54:34.268+0000] {dag.py:3677} INFO - Setting next_dagrun for dataset_consumes_1_never_scheduled to None, run_after=None
[2024-12-17T23:54:34.269+0000] {logging_mixin.py:151} INFO - [2024-12-17T23:54:34.269+0000] {dag.py:3677} INFO - Setting next_dagrun for dataset_consumes_unknown_never_scheduled to None, run_after=None
[2024-12-17T23:54:34.273+0000] {logging_mixin.py:151} INFO - [2024-12-17T23:54:34.273+0000] {dag.py:3677} INFO - Setting next_dagrun for dataset_produces_1 to 2024-12-16T00:00:00+00:00, run_after=2024-12-17T00:00:00+00:00
[2024-12-17T23:54:34.275+0000] {logging_mixin.py:151} INFO - [2024-12-17T23:54:34.274+0000] {dag.py:3677} INFO - Setting next_dagrun for dataset_produces_2 to None, run_after=None
[2024-12-17T23:54:34.307+0000] {processor.py:179} INFO - Processing /home/airflow/.local/lib/python3.9/site-packages/airflow/example_dags/example_datasets.py took 0.126 seconds
[2024-12-17T23:55:04.645+0000] {processor.py:157} INFO - Started process (PID=333) to work on /home/airflow/.local/lib/python3.9/site-packages/airflow/example_dags/example_datasets.py
[2024-12-17T23:55:04.647+0000] {processor.py:829} INFO - Processing file /home/airflow/.local/lib/python3.9/site-packages/airflow/example_dags/example_datasets.py for tasks to queue
[2024-12-17T23:55:04.650+0000] {logging_mixin.py:151} INFO - [2024-12-17T23:55:04.649+0000] {dagbag.py:539} INFO - Filling up the DagBag from /home/airflow/.local/lib/python3.9/site-packages/airflow/example_dags/example_datasets.py
[2024-12-17T23:55:04.661+0000] {processor.py:839} INFO - DAG(s) dict_keys(['dataset_consumes_1_never_scheduled', 'dataset_produces_2', 'dataset_produces_1', 'dataset_consumes_1', 'dataset_consumes_unknown_never_scheduled', 'dataset_consumes_1_and_2']) retrieved from /home/airflow/.local/lib/python3.9/site-packages/airflow/example_dags/example_datasets.py
[2024-12-17T23:55:04.706+0000] {logging_mixin.py:151} INFO - [2024-12-17T23:55:04.706+0000] {dag.py:2907} INFO - Sync 6 DAGs
[2024-12-17T23:55:04.734+0000] {logging_mixin.py:151} INFO - [2024-12-17T23:55:04.733+0000] {dag.py:3677} INFO - Setting next_dagrun for dataset_consumes_1 to None, run_after=None
[2024-12-17T23:55:04.740+0000] {logging_mixin.py:151} INFO - [2024-12-17T23:55:04.740+0000] {dag.py:3677} INFO - Setting next_dagrun for dataset_consumes_1_and_2 to None, run_after=None
[2024-12-17T23:55:04.742+0000] {logging_mixin.py:151} INFO - [2024-12-17T23:55:04.742+0000] {dag.py:3677} INFO - Setting next_dagrun for dataset_consumes_1_never_scheduled to None, run_after=None
[2024-12-17T23:55:04.744+0000] {logging_mixin.py:151} INFO - [2024-12-17T23:55:04.744+0000] {dag.py:3677} INFO - Setting next_dagrun for dataset_consumes_unknown_never_scheduled to None, run_after=None
[2024-12-17T23:55:04.748+0000] {logging_mixin.py:151} INFO - [2024-12-17T23:55:04.748+0000] {dag.py:3677} INFO - Setting next_dagrun for dataset_produces_1 to 2024-12-16T00:00:00+00:00, run_after=2024-12-17T00:00:00+00:00
[2024-12-17T23:55:04.750+0000] {logging_mixin.py:151} INFO - [2024-12-17T23:55:04.750+0000] {dag.py:3677} INFO - Setting next_dagrun for dataset_produces_2 to None, run_after=None
[2024-12-17T23:55:04.791+0000] {processor.py:179} INFO - Processing /home/airflow/.local/lib/python3.9/site-packages/airflow/example_dags/example_datasets.py took 0.149 seconds
[2024-12-17T23:55:34.875+0000] {processor.py:157} INFO - Started process (PID=395) to work on /home/airflow/.local/lib/python3.9/site-packages/airflow/example_dags/example_datasets.py
[2024-12-17T23:55:34.876+0000] {processor.py:829} INFO - Processing file /home/airflow/.local/lib/python3.9/site-packages/airflow/example_dags/example_datasets.py for tasks to queue
[2024-12-17T23:55:34.879+0000] {logging_mixin.py:151} INFO - [2024-12-17T23:55:34.878+0000] {dagbag.py:539} INFO - Filling up the DagBag from /home/airflow/.local/lib/python3.9/site-packages/airflow/example_dags/example_datasets.py
[2024-12-17T23:55:34.890+0000] {processor.py:839} INFO - DAG(s) dict_keys(['dataset_consumes_1', 'dataset_consumes_1_and_2', 'dataset_consumes_unknown_never_scheduled', 'dataset_produces_2', 'dataset_produces_1', 'dataset_consumes_1_never_scheduled']) retrieved from /home/airflow/.local/lib/python3.9/site-packages/airflow/example_dags/example_datasets.py
[2024-12-17T23:55:34.935+0000] {logging_mixin.py:151} INFO - [2024-12-17T23:55:34.935+0000] {dag.py:2907} INFO - Sync 6 DAGs
[2024-12-17T23:55:34.966+0000] {logging_mixin.py:151} INFO - [2024-12-17T23:55:34.965+0000] {dag.py:3677} INFO - Setting next_dagrun for dataset_consumes_1 to None, run_after=None
[2024-12-17T23:55:34.970+0000] {logging_mixin.py:151} INFO - [2024-12-17T23:55:34.970+0000] {dag.py:3677} INFO - Setting next_dagrun for dataset_consumes_1_and_2 to None, run_after=None
[2024-12-17T23:55:34.972+0000] {logging_mixin.py:151} INFO - [2024-12-17T23:55:34.972+0000] {dag.py:3677} INFO - Setting next_dagrun for dataset_consumes_1_never_scheduled to None, run_after=None
[2024-12-17T23:55:34.974+0000] {logging_mixin.py:151} INFO - [2024-12-17T23:55:34.974+0000] {dag.py:3677} INFO - Setting next_dagrun for dataset_consumes_unknown_never_scheduled to None, run_after=None
[2024-12-17T23:55:34.978+0000] {logging_mixin.py:151} INFO - [2024-12-17T23:55:34.978+0000] {dag.py:3677} INFO - Setting next_dagrun for dataset_produces_1 to 2024-12-16T00:00:00+00:00, run_after=2024-12-17T00:00:00+00:00
[2024-12-17T23:55:34.980+0000] {logging_mixin.py:151} INFO - [2024-12-17T23:55:34.980+0000] {dag.py:3677} INFO - Setting next_dagrun for dataset_produces_2 to None, run_after=None
[2024-12-17T23:55:35.024+0000] {processor.py:179} INFO - Processing /home/airflow/.local/lib/python3.9/site-packages/airflow/example_dags/example_datasets.py took 0.153 seconds
[2024-12-17T23:56:05.802+0000] {processor.py:157} INFO - Started process (PID=456) to work on /home/airflow/.local/lib/python3.9/site-packages/airflow/example_dags/example_datasets.py
[2024-12-17T23:56:05.803+0000] {processor.py:829} INFO - Processing file /home/airflow/.local/lib/python3.9/site-packages/airflow/example_dags/example_datasets.py for tasks to queue
[2024-12-17T23:56:05.806+0000] {logging_mixin.py:151} INFO - [2024-12-17T23:56:05.805+0000] {dagbag.py:539} INFO - Filling up the DagBag from /home/airflow/.local/lib/python3.9/site-packages/airflow/example_dags/example_datasets.py
[2024-12-17T23:56:05.817+0000] {processor.py:839} INFO - DAG(s) dict_keys(['dataset_consumes_1_never_scheduled', 'dataset_consumes_unknown_never_scheduled', 'dataset_produces_2', 'dataset_produces_1', 'dataset_consumes_1', 'dataset_consumes_1_and_2']) retrieved from /home/airflow/.local/lib/python3.9/site-packages/airflow/example_dags/example_datasets.py
[2024-12-17T23:56:05.857+0000] {logging_mixin.py:151} INFO - [2024-12-17T23:56:05.857+0000] {dag.py:2907} INFO - Sync 6 DAGs
[2024-12-17T23:56:05.880+0000] {logging_mixin.py:151} INFO - [2024-12-17T23:56:05.880+0000] {dag.py:3677} INFO - Setting next_dagrun for dataset_consumes_1 to None, run_after=None
[2024-12-17T23:56:05.884+0000] {logging_mixin.py:151} INFO - [2024-12-17T23:56:05.884+0000] {dag.py:3677} INFO - Setting next_dagrun for dataset_consumes_1_and_2 to None, run_after=None
[2024-12-17T23:56:05.886+0000] {logging_mixin.py:151} INFO - [2024-12-17T23:56:05.886+0000] {dag.py:3677} INFO - Setting next_dagrun for dataset_consumes_1_never_scheduled to None, run_after=None
[2024-12-17T23:56:05.888+0000] {logging_mixin.py:151} INFO - [2024-12-17T23:56:05.888+0000] {dag.py:3677} INFO - Setting next_dagrun for dataset_consumes_unknown_never_scheduled to None, run_after=None
[2024-12-17T23:56:05.891+0000] {logging_mixin.py:151} INFO - [2024-12-17T23:56:05.891+0000] {dag.py:3677} INFO - Setting next_dagrun for dataset_produces_1 to 2024-12-16T00:00:00+00:00, run_after=2024-12-17T00:00:00+00:00
[2024-12-17T23:56:05.893+0000] {logging_mixin.py:151} INFO - [2024-12-17T23:56:05.893+0000] {dag.py:3677} INFO - Setting next_dagrun for dataset_produces_2 to None, run_after=None
[2024-12-17T23:56:05.924+0000] {processor.py:179} INFO - Processing /home/airflow/.local/lib/python3.9/site-packages/airflow/example_dags/example_datasets.py took 0.126 seconds
[2024-12-17T23:56:36.115+0000] {processor.py:157} INFO - Started process (PID=518) to work on /home/airflow/.local/lib/python3.9/site-packages/airflow/example_dags/example_datasets.py
[2024-12-17T23:56:36.117+0000] {processor.py:829} INFO - Processing file /home/airflow/.local/lib/python3.9/site-packages/airflow/example_dags/example_datasets.py for tasks to queue
[2024-12-17T23:56:36.122+0000] {logging_mixin.py:151} INFO - [2024-12-17T23:56:36.122+0000] {dagbag.py:539} INFO - Filling up the DagBag from /home/airflow/.local/lib/python3.9/site-packages/airflow/example_dags/example_datasets.py
[2024-12-17T23:56:36.147+0000] {processor.py:839} INFO - DAG(s) dict_keys(['dataset_consumes_1_never_scheduled', 'dataset_produces_2', 'dataset_consumes_unknown_never_scheduled', 'dataset_consumes_1_and_2', 'dataset_produces_1', 'dataset_consumes_1']) retrieved from /home/airflow/.local/lib/python3.9/site-packages/airflow/example_dags/example_datasets.py
[2024-12-17T23:56:36.218+0000] {logging_mixin.py:151} INFO - [2024-12-17T23:56:36.218+0000] {dag.py:2907} INFO - Sync 6 DAGs
[2024-12-17T23:56:36.278+0000] {logging_mixin.py:151} INFO - [2024-12-17T23:56:36.278+0000] {dag.py:3677} INFO - Setting next_dagrun for dataset_consumes_1 to None, run_after=None
[2024-12-17T23:56:36.286+0000] {logging_mixin.py:151} INFO - [2024-12-17T23:56:36.285+0000] {dag.py:3677} INFO - Setting next_dagrun for dataset_consumes_1_and_2 to None, run_after=None
[2024-12-17T23:56:36.289+0000] {logging_mixin.py:151} INFO - [2024-12-17T23:56:36.288+0000] {dag.py:3677} INFO - Setting next_dagrun for dataset_consumes_1_never_scheduled to None, run_after=None
[2024-12-17T23:56:36.292+0000] {logging_mixin.py:151} INFO - [2024-12-17T23:56:36.292+0000] {dag.py:3677} INFO - Setting next_dagrun for dataset_consumes_unknown_never_scheduled to None, run_after=None
[2024-12-17T23:56:36.299+0000] {logging_mixin.py:151} INFO - [2024-12-17T23:56:36.298+0000] {dag.py:3677} INFO - Setting next_dagrun for dataset_produces_1 to 2024-12-16T00:00:00+00:00, run_after=2024-12-17T00:00:00+00:00
[2024-12-17T23:56:36.305+0000] {logging_mixin.py:151} INFO - [2024-12-17T23:56:36.304+0000] {dag.py:3677} INFO - Setting next_dagrun for dataset_produces_2 to None, run_after=None
[2024-12-17T23:56:36.362+0000] {processor.py:179} INFO - Processing /home/airflow/.local/lib/python3.9/site-packages/airflow/example_dags/example_datasets.py took 0.254 seconds
[2024-12-17T23:57:06.434+0000] {processor.py:157} INFO - Started process (PID=580) to work on /home/airflow/.local/lib/python3.9/site-packages/airflow/example_dags/example_datasets.py
[2024-12-17T23:57:06.435+0000] {processor.py:829} INFO - Processing file /home/airflow/.local/lib/python3.9/site-packages/airflow/example_dags/example_datasets.py for tasks to queue
[2024-12-17T23:57:06.439+0000] {logging_mixin.py:151} INFO - [2024-12-17T23:57:06.438+0000] {dagbag.py:539} INFO - Filling up the DagBag from /home/airflow/.local/lib/python3.9/site-packages/airflow/example_dags/example_datasets.py
[2024-12-17T23:57:06.456+0000] {processor.py:839} INFO - DAG(s) dict_keys(['dataset_produces_2', 'dataset_produces_1', 'dataset_consumes_unknown_never_scheduled', 'dataset_consumes_1', 'dataset_consumes_1_never_scheduled', 'dataset_consumes_1_and_2']) retrieved from /home/airflow/.local/lib/python3.9/site-packages/airflow/example_dags/example_datasets.py
[2024-12-17T23:57:06.506+0000] {logging_mixin.py:151} INFO - [2024-12-17T23:57:06.506+0000] {dag.py:2907} INFO - Sync 6 DAGs
[2024-12-17T23:57:06.541+0000] {logging_mixin.py:151} INFO - [2024-12-17T23:57:06.540+0000] {dag.py:3677} INFO - Setting next_dagrun for dataset_consumes_1 to None, run_after=None
[2024-12-17T23:57:06.547+0000] {logging_mixin.py:151} INFO - [2024-12-17T23:57:06.547+0000] {dag.py:3677} INFO - Setting next_dagrun for dataset_consumes_1_and_2 to None, run_after=None
[2024-12-17T23:57:06.550+0000] {logging_mixin.py:151} INFO - [2024-12-17T23:57:06.549+0000] {dag.py:3677} INFO - Setting next_dagrun for dataset_consumes_1_never_scheduled to None, run_after=None
[2024-12-17T23:57:06.552+0000] {logging_mixin.py:151} INFO - [2024-12-17T23:57:06.552+0000] {dag.py:3677} INFO - Setting next_dagrun for dataset_consumes_unknown_never_scheduled to None, run_after=None
[2024-12-17T23:57:06.558+0000] {logging_mixin.py:151} INFO - [2024-12-17T23:57:06.557+0000] {dag.py:3677} INFO - Setting next_dagrun for dataset_produces_1 to 2024-12-16T00:00:00+00:00, run_after=2024-12-17T00:00:00+00:00
[2024-12-17T23:57:06.560+0000] {logging_mixin.py:151} INFO - [2024-12-17T23:57:06.560+0000] {dag.py:3677} INFO - Setting next_dagrun for dataset_produces_2 to None, run_after=None
[2024-12-17T23:57:06.597+0000] {processor.py:179} INFO - Processing /home/airflow/.local/lib/python3.9/site-packages/airflow/example_dags/example_datasets.py took 0.169 seconds
[2024-12-17T23:57:36.666+0000] {processor.py:157} INFO - Started process (PID=640) to work on /home/airflow/.local/lib/python3.9/site-packages/airflow/example_dags/example_datasets.py
[2024-12-17T23:57:36.667+0000] {processor.py:829} INFO - Processing file /home/airflow/.local/lib/python3.9/site-packages/airflow/example_dags/example_datasets.py for tasks to queue
[2024-12-17T23:57:36.670+0000] {logging_mixin.py:151} INFO - [2024-12-17T23:57:36.670+0000] {dagbag.py:539} INFO - Filling up the DagBag from /home/airflow/.local/lib/python3.9/site-packages/airflow/example_dags/example_datasets.py
[2024-12-17T23:57:36.685+0000] {processor.py:839} INFO - DAG(s) dict_keys(['dataset_consumes_1_never_scheduled', 'dataset_consumes_1', 'dataset_produces_2', 'dataset_produces_1', 'dataset_consumes_1_and_2', 'dataset_consumes_unknown_never_scheduled']) retrieved from /home/airflow/.local/lib/python3.9/site-packages/airflow/example_dags/example_datasets.py
[2024-12-17T23:57:36.733+0000] {logging_mixin.py:151} INFO - [2024-12-17T23:57:36.733+0000] {dag.py:2907} INFO - Sync 6 DAGs
[2024-12-17T23:57:36.768+0000] {logging_mixin.py:151} INFO - [2024-12-17T23:57:36.768+0000] {dag.py:3677} INFO - Setting next_dagrun for dataset_consumes_1 to None, run_after=None
[2024-12-17T23:57:36.773+0000] {logging_mixin.py:151} INFO - [2024-12-17T23:57:36.772+0000] {dag.py:3677} INFO - Setting next_dagrun for dataset_consumes_1_and_2 to None, run_after=None
[2024-12-17T23:57:36.775+0000] {logging_mixin.py:151} INFO - [2024-12-17T23:57:36.774+0000] {dag.py:3677} INFO - Setting next_dagrun for dataset_consumes_1_never_scheduled to None, run_after=None
[2024-12-17T23:57:36.777+0000] {logging_mixin.py:151} INFO - [2024-12-17T23:57:36.776+0000] {dag.py:3677} INFO - Setting next_dagrun for dataset_consumes_unknown_never_scheduled to None, run_after=None
[2024-12-17T23:57:36.782+0000] {logging_mixin.py:151} INFO - [2024-12-17T23:57:36.781+0000] {dag.py:3677} INFO - Setting next_dagrun for dataset_produces_1 to 2024-12-16T00:00:00+00:00, run_after=2024-12-17T00:00:00+00:00
[2024-12-17T23:57:36.784+0000] {logging_mixin.py:151} INFO - [2024-12-17T23:57:36.784+0000] {dag.py:3677} INFO - Setting next_dagrun for dataset_produces_2 to None, run_after=None
[2024-12-17T23:57:36.825+0000] {processor.py:179} INFO - Processing /home/airflow/.local/lib/python3.9/site-packages/airflow/example_dags/example_datasets.py took 0.163 seconds
[2024-12-17T23:58:07.212+0000] {processor.py:157} INFO - Started process (PID=702) to work on /home/airflow/.local/lib/python3.9/site-packages/airflow/example_dags/example_datasets.py
[2024-12-17T23:58:07.214+0000] {processor.py:829} INFO - Processing file /home/airflow/.local/lib/python3.9/site-packages/airflow/example_dags/example_datasets.py for tasks to queue
[2024-12-17T23:58:07.217+0000] {logging_mixin.py:151} INFO - [2024-12-17T23:58:07.216+0000] {dagbag.py:539} INFO - Filling up the DagBag from /home/airflow/.local/lib/python3.9/site-packages/airflow/example_dags/example_datasets.py
[2024-12-17T23:58:07.230+0000] {processor.py:839} INFO - DAG(s) dict_keys(['dataset_consumes_1_never_scheduled', 'dataset_consumes_unknown_never_scheduled', 'dataset_consumes_1_and_2', 'dataset_produces_1', 'dataset_produces_2', 'dataset_consumes_1']) retrieved from /home/airflow/.local/lib/python3.9/site-packages/airflow/example_dags/example_datasets.py
[2024-12-17T23:58:07.274+0000] {logging_mixin.py:151} INFO - [2024-12-17T23:58:07.273+0000] {dag.py:2907} INFO - Sync 6 DAGs
[2024-12-17T23:58:07.301+0000] {logging_mixin.py:151} INFO - [2024-12-17T23:58:07.301+0000] {dag.py:3677} INFO - Setting next_dagrun for dataset_consumes_1 to None, run_after=None
[2024-12-17T23:58:07.305+0000] {logging_mixin.py:151} INFO - [2024-12-17T23:58:07.305+0000] {dag.py:3677} INFO - Setting next_dagrun for dataset_consumes_1_and_2 to None, run_after=None
[2024-12-17T23:58:07.308+0000] {logging_mixin.py:151} INFO - [2024-12-17T23:58:07.307+0000] {dag.py:3677} INFO - Setting next_dagrun for dataset_consumes_1_never_scheduled to None, run_after=None
[2024-12-17T23:58:07.310+0000] {logging_mixin.py:151} INFO - [2024-12-17T23:58:07.310+0000] {dag.py:3677} INFO - Setting next_dagrun for dataset_consumes_unknown_never_scheduled to None, run_after=None
[2024-12-17T23:58:07.315+0000] {logging_mixin.py:151} INFO - [2024-12-17T23:58:07.315+0000] {dag.py:3677} INFO - Setting next_dagrun for dataset_produces_1 to 2024-12-16T00:00:00+00:00, run_after=2024-12-17T00:00:00+00:00
[2024-12-17T23:58:07.317+0000] {logging_mixin.py:151} INFO - [2024-12-17T23:58:07.317+0000] {dag.py:3677} INFO - Setting next_dagrun for dataset_produces_2 to None, run_after=None
[2024-12-17T23:58:07.358+0000] {processor.py:179} INFO - Processing /home/airflow/.local/lib/python3.9/site-packages/airflow/example_dags/example_datasets.py took 0.150 seconds
[2024-12-17T23:58:37.680+0000] {processor.py:157} INFO - Started process (PID=764) to work on /home/airflow/.local/lib/python3.9/site-packages/airflow/example_dags/example_datasets.py
[2024-12-17T23:58:37.681+0000] {processor.py:829} INFO - Processing file /home/airflow/.local/lib/python3.9/site-packages/airflow/example_dags/example_datasets.py for tasks to queue
[2024-12-17T23:58:37.684+0000] {logging_mixin.py:151} INFO - [2024-12-17T23:58:37.684+0000] {dagbag.py:539} INFO - Filling up the DagBag from /home/airflow/.local/lib/python3.9/site-packages/airflow/example_dags/example_datasets.py
[2024-12-17T23:58:37.696+0000] {processor.py:839} INFO - DAG(s) dict_keys(['dataset_produces_1', 'dataset_produces_2', 'dataset_consumes_1_and_2', 'dataset_consumes_1', 'dataset_consumes_1_never_scheduled', 'dataset_consumes_unknown_never_scheduled']) retrieved from /home/airflow/.local/lib/python3.9/site-packages/airflow/example_dags/example_datasets.py
[2024-12-17T23:58:37.740+0000] {logging_mixin.py:151} INFO - [2024-12-17T23:58:37.740+0000] {dag.py:2907} INFO - Sync 6 DAGs
[2024-12-17T23:58:37.766+0000] {logging_mixin.py:151} INFO - [2024-12-17T23:58:37.766+0000] {dag.py:3677} INFO - Setting next_dagrun for dataset_consumes_1 to None, run_after=None
[2024-12-17T23:58:37.771+0000] {logging_mixin.py:151} INFO - [2024-12-17T23:58:37.771+0000] {dag.py:3677} INFO - Setting next_dagrun for dataset_consumes_1_and_2 to None, run_after=None
[2024-12-17T23:58:37.774+0000] {logging_mixin.py:151} INFO - [2024-12-17T23:58:37.774+0000] {dag.py:3677} INFO - Setting next_dagrun for dataset_consumes_1_never_scheduled to None, run_after=None
[2024-12-17T23:58:37.776+0000] {logging_mixin.py:151} INFO - [2024-12-17T23:58:37.776+0000] {dag.py:3677} INFO - Setting next_dagrun for dataset_consumes_unknown_never_scheduled to None, run_after=None
[2024-12-17T23:58:37.781+0000] {logging_mixin.py:151} INFO - [2024-12-17T23:58:37.781+0000] {dag.py:3677} INFO - Setting next_dagrun for dataset_produces_1 to 2024-12-16T00:00:00+00:00, run_after=2024-12-17T00:00:00+00:00
[2024-12-17T23:58:37.784+0000] {logging_mixin.py:151} INFO - [2024-12-17T23:58:37.783+0000] {dag.py:3677} INFO - Setting next_dagrun for dataset_produces_2 to None, run_after=None
[2024-12-17T23:58:37.829+0000] {processor.py:179} INFO - Processing /home/airflow/.local/lib/python3.9/site-packages/airflow/example_dags/example_datasets.py took 0.153 seconds
[2024-12-17T23:59:07.855+0000] {processor.py:157} INFO - Started process (PID=826) to work on /home/airflow/.local/lib/python3.9/site-packages/airflow/example_dags/example_datasets.py
[2024-12-17T23:59:07.856+0000] {processor.py:829} INFO - Processing file /home/airflow/.local/lib/python3.9/site-packages/airflow/example_dags/example_datasets.py for tasks to queue
[2024-12-17T23:59:07.859+0000] {logging_mixin.py:151} INFO - [2024-12-17T23:59:07.858+0000] {dagbag.py:539} INFO - Filling up the DagBag from /home/airflow/.local/lib/python3.9/site-packages/airflow/example_dags/example_datasets.py
[2024-12-17T23:59:07.870+0000] {processor.py:839} INFO - DAG(s) dict_keys(['dataset_consumes_unknown_never_scheduled', 'dataset_consumes_1_and_2', 'dataset_produces_1', 'dataset_produces_2', 'dataset_consumes_1', 'dataset_consumes_1_never_scheduled']) retrieved from /home/airflow/.local/lib/python3.9/site-packages/airflow/example_dags/example_datasets.py
[2024-12-17T23:59:07.918+0000] {logging_mixin.py:151} INFO - [2024-12-17T23:59:07.917+0000] {dag.py:2907} INFO - Sync 6 DAGs
[2024-12-17T23:59:07.947+0000] {logging_mixin.py:151} INFO - [2024-12-17T23:59:07.946+0000] {dag.py:3677} INFO - Setting next_dagrun for dataset_consumes_1 to None, run_after=None
[2024-12-17T23:59:07.953+0000] {logging_mixin.py:151} INFO - [2024-12-17T23:59:07.952+0000] {dag.py:3677} INFO - Setting next_dagrun for dataset_consumes_1_and_2 to None, run_after=None
[2024-12-17T23:59:07.955+0000] {logging_mixin.py:151} INFO - [2024-12-17T23:59:07.955+0000] {dag.py:3677} INFO - Setting next_dagrun for dataset_consumes_1_never_scheduled to None, run_after=None
[2024-12-17T23:59:07.958+0000] {logging_mixin.py:151} INFO - [2024-12-17T23:59:07.958+0000] {dag.py:3677} INFO - Setting next_dagrun for dataset_consumes_unknown_never_scheduled to None, run_after=None
[2024-12-17T23:59:07.962+0000] {logging_mixin.py:151} INFO - [2024-12-17T23:59:07.962+0000] {dag.py:3677} INFO - Setting next_dagrun for dataset_produces_1 to 2024-12-16T00:00:00+00:00, run_after=2024-12-17T00:00:00+00:00
[2024-12-17T23:59:07.964+0000] {logging_mixin.py:151} INFO - [2024-12-17T23:59:07.964+0000] {dag.py:3677} INFO - Setting next_dagrun for dataset_produces_2 to None, run_after=None
[2024-12-17T23:59:08.009+0000] {processor.py:179} INFO - Processing /home/airflow/.local/lib/python3.9/site-packages/airflow/example_dags/example_datasets.py took 0.158 seconds
[2024-12-17T23:59:38.937+0000] {processor.py:157} INFO - Started process (PID=888) to work on /home/airflow/.local/lib/python3.9/site-packages/airflow/example_dags/example_datasets.py
[2024-12-17T23:59:38.938+0000] {processor.py:829} INFO - Processing file /home/airflow/.local/lib/python3.9/site-packages/airflow/example_dags/example_datasets.py for tasks to queue
[2024-12-17T23:59:38.942+0000] {logging_mixin.py:151} INFO - [2024-12-17T23:59:38.941+0000] {dagbag.py:539} INFO - Filling up the DagBag from /home/airflow/.local/lib/python3.9/site-packages/airflow/example_dags/example_datasets.py
[2024-12-17T23:59:38.957+0000] {processor.py:839} INFO - DAG(s) dict_keys(['dataset_consumes_1_never_scheduled', 'dataset_consumes_1', 'dataset_consumes_unknown_never_scheduled', 'dataset_consumes_1_and_2', 'dataset_produces_1', 'dataset_produces_2']) retrieved from /home/airflow/.local/lib/python3.9/site-packages/airflow/example_dags/example_datasets.py
[2024-12-17T23:59:39.004+0000] {logging_mixin.py:151} INFO - [2024-12-17T23:59:39.003+0000] {dag.py:2907} INFO - Sync 6 DAGs
[2024-12-17T23:59:39.034+0000] {logging_mixin.py:151} INFO - [2024-12-17T23:59:39.034+0000] {dag.py:3677} INFO - Setting next_dagrun for dataset_consumes_1 to None, run_after=None
[2024-12-17T23:59:39.039+0000] {logging_mixin.py:151} INFO - [2024-12-17T23:59:39.039+0000] {dag.py:3677} INFO - Setting next_dagrun for dataset_consumes_1_and_2 to None, run_after=None
[2024-12-17T23:59:39.043+0000] {logging_mixin.py:151} INFO - [2024-12-17T23:59:39.043+0000] {dag.py:3677} INFO - Setting next_dagrun for dataset_consumes_1_never_scheduled to None, run_after=None
[2024-12-17T23:59:39.045+0000] {logging_mixin.py:151} INFO - [2024-12-17T23:59:39.045+0000] {dag.py:3677} INFO - Setting next_dagrun for dataset_consumes_unknown_never_scheduled to None, run_after=None
[2024-12-17T23:59:39.052+0000] {logging_mixin.py:151} INFO - [2024-12-17T23:59:39.051+0000] {dag.py:3677} INFO - Setting next_dagrun for dataset_produces_1 to 2024-12-16T00:00:00+00:00, run_after=2024-12-17T00:00:00+00:00
[2024-12-17T23:59:39.055+0000] {logging_mixin.py:151} INFO - [2024-12-17T23:59:39.055+0000] {dag.py:3677} INFO - Setting next_dagrun for dataset_produces_2 to None, run_after=None
[2024-12-17T23:59:39.097+0000] {processor.py:179} INFO - Processing /home/airflow/.local/lib/python3.9/site-packages/airflow/example_dags/example_datasets.py took 0.166 seconds
