[2024-12-17T23:53:01.252+0000] {processor.py:157} INFO - Started process (PID=79) to work on /home/airflow/.local/lib/python3.9/site-packages/airflow/example_dags/example_subdag_operator.py
[2024-12-17T23:53:01.255+0000] {processor.py:829} INFO - Processing file /home/airflow/.local/lib/python3.9/site-packages/airflow/example_dags/example_subdag_operator.py for tasks to queue
[2024-12-17T23:53:01.258+0000] {logging_mixin.py:151} INFO - [2024-12-17T23:53:01.258+0000] {dagbag.py:539} INFO - Filling up the DagBag from /home/airflow/.local/lib/python3.9/site-packages/airflow/example_dags/example_subdag_operator.py
[2024-12-17T23:53:01.297+0000] {processor.py:839} INFO - DAG(s) dict_keys(['example_subdag_operator.section-1', 'example_subdag_operator.section-2', 'example_subdag_operator']) retrieved from /home/airflow/.local/lib/python3.9/site-packages/airflow/example_dags/example_subdag_operator.py
[2024-12-17T23:53:01.465+0000] {logging_mixin.py:151} INFO - [2024-12-17T23:53:01.464+0000] {manager.py:501} INFO - Created Permission View: can read on DAG:example_subdag_operator
[2024-12-17T23:53:01.485+0000] {logging_mixin.py:151} INFO - [2024-12-17T23:53:01.485+0000] {manager.py:501} INFO - Created Permission View: can edit on DAG:example_subdag_operator
[2024-12-17T23:53:01.495+0000] {logging_mixin.py:151} INFO - [2024-12-17T23:53:01.495+0000] {manager.py:501} INFO - Created Permission View: can delete on DAG:example_subdag_operator
[2024-12-17T23:53:01.519+0000] {logging_mixin.py:151} INFO - [2024-12-17T23:53:01.519+0000] {dag.py:2907} INFO - Sync 3 DAGs
[2024-12-17T23:53:01.534+0000] {logging_mixin.py:151} INFO - [2024-12-17T23:53:01.534+0000] {dag.py:2929} INFO - Creating ORM DAG for example_subdag_operator
[2024-12-17T23:53:01.535+0000] {logging_mixin.py:151} INFO - [2024-12-17T23:53:01.535+0000] {dag.py:2929} INFO - Creating ORM DAG for example_subdag_operator.section-2
[2024-12-17T23:53:01.537+0000] {logging_mixin.py:151} INFO - [2024-12-17T23:53:01.536+0000] {dag.py:2929} INFO - Creating ORM DAG for example_subdag_operator.section-1
[2024-12-17T23:53:01.551+0000] {logging_mixin.py:151} INFO - [2024-12-17T23:53:01.551+0000] {dag.py:3677} INFO - Setting next_dagrun for example_subdag_operator to 2022-01-01T00:00:00+00:00, run_after=2022-01-01T00:00:00+00:00
[2024-12-17T23:53:01.553+0000] {logging_mixin.py:151} INFO - [2024-12-17T23:53:01.553+0000] {dag.py:3677} INFO - Setting next_dagrun for example_subdag_operator.section-1 to None, run_after=None
[2024-12-17T23:53:01.556+0000] {logging_mixin.py:151} INFO - [2024-12-17T23:53:01.555+0000] {dag.py:3677} INFO - Setting next_dagrun for example_subdag_operator.section-2 to None, run_after=None
[2024-12-17T23:53:01.577+0000] {logging_mixin.py:151} INFO - [2024-12-17T23:53:01.576+0000] {dag.py:2907} INFO - Sync 2 DAGs
[2024-12-17T23:53:01.585+0000] {logging_mixin.py:151} INFO - [2024-12-17T23:53:01.585+0000] {dag.py:3677} INFO - Setting next_dagrun for example_subdag_operator.section-1 to None, run_after=None
[2024-12-17T23:53:01.591+0000] {logging_mixin.py:151} INFO - [2024-12-17T23:53:01.591+0000] {dag.py:3677} INFO - Setting next_dagrun for example_subdag_operator.section-2 to None, run_after=None
[2024-12-17T23:53:01.613+0000] {processor.py:179} INFO - Processing /home/airflow/.local/lib/python3.9/site-packages/airflow/example_dags/example_subdag_operator.py took 0.364 seconds
[2024-12-17T23:53:32.096+0000] {processor.py:157} INFO - Started process (PID=140) to work on /home/airflow/.local/lib/python3.9/site-packages/airflow/example_dags/example_subdag_operator.py
[2024-12-17T23:53:32.097+0000] {processor.py:829} INFO - Processing file /home/airflow/.local/lib/python3.9/site-packages/airflow/example_dags/example_subdag_operator.py for tasks to queue
[2024-12-17T23:53:32.099+0000] {logging_mixin.py:151} INFO - [2024-12-17T23:53:32.099+0000] {dagbag.py:539} INFO - Filling up the DagBag from /home/airflow/.local/lib/python3.9/site-packages/airflow/example_dags/example_subdag_operator.py
[2024-12-17T23:53:32.124+0000] {processor.py:839} INFO - DAG(s) dict_keys(['example_subdag_operator.section-1', 'example_subdag_operator.section-2', 'example_subdag_operator']) retrieved from /home/airflow/.local/lib/python3.9/site-packages/airflow/example_dags/example_subdag_operator.py
[2024-12-17T23:53:32.140+0000] {logging_mixin.py:151} INFO - [2024-12-17T23:53:32.140+0000] {dag.py:2907} INFO - Sync 3 DAGs
[2024-12-17T23:53:32.162+0000] {logging_mixin.py:151} INFO - [2024-12-17T23:53:32.162+0000] {dag.py:3677} INFO - Setting next_dagrun for example_subdag_operator to 2022-01-01T00:00:00+00:00, run_after=2022-01-01T00:00:00+00:00
[2024-12-17T23:53:32.166+0000] {logging_mixin.py:151} INFO - [2024-12-17T23:53:32.166+0000] {dag.py:3677} INFO - Setting next_dagrun for example_subdag_operator.section-1 to None, run_after=None
[2024-12-17T23:53:32.168+0000] {logging_mixin.py:151} INFO - [2024-12-17T23:53:32.168+0000] {dag.py:3677} INFO - Setting next_dagrun for example_subdag_operator.section-2 to None, run_after=None
[2024-12-17T23:53:32.178+0000] {logging_mixin.py:151} INFO - [2024-12-17T23:53:32.178+0000] {dag.py:2907} INFO - Sync 2 DAGs
[2024-12-17T23:53:32.184+0000] {logging_mixin.py:151} INFO - [2024-12-17T23:53:32.184+0000] {dag.py:3677} INFO - Setting next_dagrun for example_subdag_operator.section-1 to None, run_after=None
[2024-12-17T23:53:32.185+0000] {logging_mixin.py:151} INFO - [2024-12-17T23:53:32.185+0000] {dag.py:3677} INFO - Setting next_dagrun for example_subdag_operator.section-2 to None, run_after=None
[2024-12-17T23:53:32.212+0000] {processor.py:179} INFO - Processing /home/airflow/.local/lib/python3.9/site-packages/airflow/example_dags/example_subdag_operator.py took 0.120 seconds
[2024-12-17T23:54:02.249+0000] {processor.py:157} INFO - Started process (PID=201) to work on /home/airflow/.local/lib/python3.9/site-packages/airflow/example_dags/example_subdag_operator.py
[2024-12-17T23:54:02.251+0000] {processor.py:829} INFO - Processing file /home/airflow/.local/lib/python3.9/site-packages/airflow/example_dags/example_subdag_operator.py for tasks to queue
[2024-12-17T23:54:02.254+0000] {logging_mixin.py:151} INFO - [2024-12-17T23:54:02.253+0000] {dagbag.py:539} INFO - Filling up the DagBag from /home/airflow/.local/lib/python3.9/site-packages/airflow/example_dags/example_subdag_operator.py
[2024-12-17T23:54:02.289+0000] {processor.py:839} INFO - DAG(s) dict_keys(['example_subdag_operator.section-1', 'example_subdag_operator.section-2', 'example_subdag_operator']) retrieved from /home/airflow/.local/lib/python3.9/site-packages/airflow/example_dags/example_subdag_operator.py
[2024-12-17T23:54:02.305+0000] {logging_mixin.py:151} INFO - [2024-12-17T23:54:02.305+0000] {dag.py:2907} INFO - Sync 3 DAGs
[2024-12-17T23:54:02.328+0000] {logging_mixin.py:151} INFO - [2024-12-17T23:54:02.328+0000] {dag.py:3677} INFO - Setting next_dagrun for example_subdag_operator to 2022-01-01T00:00:00+00:00, run_after=2022-01-01T00:00:00+00:00
[2024-12-17T23:54:02.334+0000] {logging_mixin.py:151} INFO - [2024-12-17T23:54:02.333+0000] {dag.py:3677} INFO - Setting next_dagrun for example_subdag_operator.section-1 to None, run_after=None
[2024-12-17T23:54:02.336+0000] {logging_mixin.py:151} INFO - [2024-12-17T23:54:02.335+0000] {dag.py:3677} INFO - Setting next_dagrun for example_subdag_operator.section-2 to None, run_after=None
[2024-12-17T23:54:02.346+0000] {logging_mixin.py:151} INFO - [2024-12-17T23:54:02.345+0000] {dag.py:2907} INFO - Sync 2 DAGs
[2024-12-17T23:54:02.353+0000] {logging_mixin.py:151} INFO - [2024-12-17T23:54:02.353+0000] {dag.py:3677} INFO - Setting next_dagrun for example_subdag_operator.section-1 to None, run_after=None
[2024-12-17T23:54:02.354+0000] {logging_mixin.py:151} INFO - [2024-12-17T23:54:02.354+0000] {dag.py:3677} INFO - Setting next_dagrun for example_subdag_operator.section-2 to None, run_after=None
[2024-12-17T23:54:02.369+0000] {processor.py:179} INFO - Processing /home/airflow/.local/lib/python3.9/site-packages/airflow/example_dags/example_subdag_operator.py took 0.124 seconds
[2024-12-17T23:54:32.595+0000] {processor.py:157} INFO - Started process (PID=263) to work on /home/airflow/.local/lib/python3.9/site-packages/airflow/example_dags/example_subdag_operator.py
[2024-12-17T23:54:32.597+0000] {processor.py:829} INFO - Processing file /home/airflow/.local/lib/python3.9/site-packages/airflow/example_dags/example_subdag_operator.py for tasks to queue
[2024-12-17T23:54:32.600+0000] {logging_mixin.py:151} INFO - [2024-12-17T23:54:32.599+0000] {dagbag.py:539} INFO - Filling up the DagBag from /home/airflow/.local/lib/python3.9/site-packages/airflow/example_dags/example_subdag_operator.py
[2024-12-17T23:54:32.628+0000] {processor.py:839} INFO - DAG(s) dict_keys(['example_subdag_operator.section-1', 'example_subdag_operator.section-2', 'example_subdag_operator']) retrieved from /home/airflow/.local/lib/python3.9/site-packages/airflow/example_dags/example_subdag_operator.py
[2024-12-17T23:54:32.645+0000] {logging_mixin.py:151} INFO - [2024-12-17T23:54:32.644+0000] {dag.py:2907} INFO - Sync 3 DAGs
[2024-12-17T23:54:32.668+0000] {logging_mixin.py:151} INFO - [2024-12-17T23:54:32.668+0000] {dag.py:3677} INFO - Setting next_dagrun for example_subdag_operator to 2022-01-01T00:00:00+00:00, run_after=2022-01-01T00:00:00+00:00
[2024-12-17T23:54:32.673+0000] {logging_mixin.py:151} INFO - [2024-12-17T23:54:32.673+0000] {dag.py:3677} INFO - Setting next_dagrun for example_subdag_operator.section-1 to None, run_after=None
[2024-12-17T23:54:32.675+0000] {logging_mixin.py:151} INFO - [2024-12-17T23:54:32.674+0000] {dag.py:3677} INFO - Setting next_dagrun for example_subdag_operator.section-2 to None, run_after=None
[2024-12-17T23:54:32.682+0000] {logging_mixin.py:151} INFO - [2024-12-17T23:54:32.682+0000] {dag.py:2907} INFO - Sync 2 DAGs
[2024-12-17T23:54:32.688+0000] {logging_mixin.py:151} INFO - [2024-12-17T23:54:32.688+0000] {dag.py:3677} INFO - Setting next_dagrun for example_subdag_operator.section-1 to None, run_after=None
[2024-12-17T23:54:32.688+0000] {logging_mixin.py:151} INFO - [2024-12-17T23:54:32.688+0000] {dag.py:3677} INFO - Setting next_dagrun for example_subdag_operator.section-2 to None, run_after=None
[2024-12-17T23:54:32.700+0000] {processor.py:179} INFO - Processing /home/airflow/.local/lib/python3.9/site-packages/airflow/example_dags/example_subdag_operator.py took 0.109 seconds
[2024-12-17T23:55:03.115+0000] {processor.py:157} INFO - Started process (PID=325) to work on /home/airflow/.local/lib/python3.9/site-packages/airflow/example_dags/example_subdag_operator.py
[2024-12-17T23:55:03.116+0000] {processor.py:829} INFO - Processing file /home/airflow/.local/lib/python3.9/site-packages/airflow/example_dags/example_subdag_operator.py for tasks to queue
[2024-12-17T23:55:03.120+0000] {logging_mixin.py:151} INFO - [2024-12-17T23:55:03.119+0000] {dagbag.py:539} INFO - Filling up the DagBag from /home/airflow/.local/lib/python3.9/site-packages/airflow/example_dags/example_subdag_operator.py
[2024-12-17T23:55:03.151+0000] {processor.py:839} INFO - DAG(s) dict_keys(['example_subdag_operator.section-1', 'example_subdag_operator.section-2', 'example_subdag_operator']) retrieved from /home/airflow/.local/lib/python3.9/site-packages/airflow/example_dags/example_subdag_operator.py
[2024-12-17T23:55:03.168+0000] {logging_mixin.py:151} INFO - [2024-12-17T23:55:03.168+0000] {dag.py:2907} INFO - Sync 3 DAGs
[2024-12-17T23:55:03.194+0000] {logging_mixin.py:151} INFO - [2024-12-17T23:55:03.194+0000] {dag.py:3677} INFO - Setting next_dagrun for example_subdag_operator to 2022-01-01T00:00:00+00:00, run_after=2022-01-01T00:00:00+00:00
[2024-12-17T23:55:03.201+0000] {logging_mixin.py:151} INFO - [2024-12-17T23:55:03.200+0000] {dag.py:3677} INFO - Setting next_dagrun for example_subdag_operator.section-1 to None, run_after=None
[2024-12-17T23:55:03.202+0000] {logging_mixin.py:151} INFO - [2024-12-17T23:55:03.202+0000] {dag.py:3677} INFO - Setting next_dagrun for example_subdag_operator.section-2 to None, run_after=None
[2024-12-17T23:55:03.212+0000] {logging_mixin.py:151} INFO - [2024-12-17T23:55:03.212+0000] {dag.py:2907} INFO - Sync 2 DAGs
[2024-12-17T23:55:03.219+0000] {logging_mixin.py:151} INFO - [2024-12-17T23:55:03.219+0000] {dag.py:3677} INFO - Setting next_dagrun for example_subdag_operator.section-1 to None, run_after=None
[2024-12-17T23:55:03.220+0000] {logging_mixin.py:151} INFO - [2024-12-17T23:55:03.220+0000] {dag.py:3677} INFO - Setting next_dagrun for example_subdag_operator.section-2 to None, run_after=None
[2024-12-17T23:55:03.237+0000] {processor.py:179} INFO - Processing /home/airflow/.local/lib/python3.9/site-packages/airflow/example_dags/example_subdag_operator.py took 0.126 seconds
[2024-12-17T23:55:33.313+0000] {processor.py:157} INFO - Started process (PID=387) to work on /home/airflow/.local/lib/python3.9/site-packages/airflow/example_dags/example_subdag_operator.py
[2024-12-17T23:55:33.314+0000] {processor.py:829} INFO - Processing file /home/airflow/.local/lib/python3.9/site-packages/airflow/example_dags/example_subdag_operator.py for tasks to queue
[2024-12-17T23:55:33.318+0000] {logging_mixin.py:151} INFO - [2024-12-17T23:55:33.318+0000] {dagbag.py:539} INFO - Filling up the DagBag from /home/airflow/.local/lib/python3.9/site-packages/airflow/example_dags/example_subdag_operator.py
[2024-12-17T23:55:33.348+0000] {processor.py:839} INFO - DAG(s) dict_keys(['example_subdag_operator.section-1', 'example_subdag_operator.section-2', 'example_subdag_operator']) retrieved from /home/airflow/.local/lib/python3.9/site-packages/airflow/example_dags/example_subdag_operator.py
[2024-12-17T23:55:33.365+0000] {logging_mixin.py:151} INFO - [2024-12-17T23:55:33.365+0000] {dag.py:2907} INFO - Sync 3 DAGs
[2024-12-17T23:55:33.391+0000] {logging_mixin.py:151} INFO - [2024-12-17T23:55:33.391+0000] {dag.py:3677} INFO - Setting next_dagrun for example_subdag_operator to 2022-01-01T00:00:00+00:00, run_after=2022-01-01T00:00:00+00:00
[2024-12-17T23:55:33.398+0000] {logging_mixin.py:151} INFO - [2024-12-17T23:55:33.398+0000] {dag.py:3677} INFO - Setting next_dagrun for example_subdag_operator.section-1 to None, run_after=None
[2024-12-17T23:55:33.400+0000] {logging_mixin.py:151} INFO - [2024-12-17T23:55:33.400+0000] {dag.py:3677} INFO - Setting next_dagrun for example_subdag_operator.section-2 to None, run_after=None
[2024-12-17T23:55:33.408+0000] {logging_mixin.py:151} INFO - [2024-12-17T23:55:33.408+0000] {dag.py:2907} INFO - Sync 2 DAGs
[2024-12-17T23:55:33.415+0000] {logging_mixin.py:151} INFO - [2024-12-17T23:55:33.415+0000] {dag.py:3677} INFO - Setting next_dagrun for example_subdag_operator.section-1 to None, run_after=None
[2024-12-17T23:55:33.416+0000] {logging_mixin.py:151} INFO - [2024-12-17T23:55:33.416+0000] {dag.py:3677} INFO - Setting next_dagrun for example_subdag_operator.section-2 to None, run_after=None
[2024-12-17T23:55:33.431+0000] {processor.py:179} INFO - Processing /home/airflow/.local/lib/python3.9/site-packages/airflow/example_dags/example_subdag_operator.py took 0.122 seconds
[2024-12-17T23:56:04.142+0000] {processor.py:157} INFO - Started process (PID=448) to work on /home/airflow/.local/lib/python3.9/site-packages/airflow/example_dags/example_subdag_operator.py
[2024-12-17T23:56:04.144+0000] {processor.py:829} INFO - Processing file /home/airflow/.local/lib/python3.9/site-packages/airflow/example_dags/example_subdag_operator.py for tasks to queue
[2024-12-17T23:56:04.148+0000] {logging_mixin.py:151} INFO - [2024-12-17T23:56:04.147+0000] {dagbag.py:539} INFO - Filling up the DagBag from /home/airflow/.local/lib/python3.9/site-packages/airflow/example_dags/example_subdag_operator.py
[2024-12-17T23:56:04.179+0000] {processor.py:839} INFO - DAG(s) dict_keys(['example_subdag_operator.section-1', 'example_subdag_operator.section-2', 'example_subdag_operator']) retrieved from /home/airflow/.local/lib/python3.9/site-packages/airflow/example_dags/example_subdag_operator.py
[2024-12-17T23:56:04.196+0000] {logging_mixin.py:151} INFO - [2024-12-17T23:56:04.196+0000] {dag.py:2907} INFO - Sync 3 DAGs
[2024-12-17T23:56:04.228+0000] {logging_mixin.py:151} INFO - [2024-12-17T23:56:04.228+0000] {dag.py:3677} INFO - Setting next_dagrun for example_subdag_operator to 2022-01-01T00:00:00+00:00, run_after=2022-01-01T00:00:00+00:00
[2024-12-17T23:56:04.233+0000] {logging_mixin.py:151} INFO - [2024-12-17T23:56:04.233+0000] {dag.py:3677} INFO - Setting next_dagrun for example_subdag_operator.section-1 to None, run_after=None
[2024-12-17T23:56:04.234+0000] {logging_mixin.py:151} INFO - [2024-12-17T23:56:04.234+0000] {dag.py:3677} INFO - Setting next_dagrun for example_subdag_operator.section-2 to None, run_after=None
[2024-12-17T23:56:04.242+0000] {logging_mixin.py:151} INFO - [2024-12-17T23:56:04.242+0000] {dag.py:2907} INFO - Sync 2 DAGs
[2024-12-17T23:56:04.248+0000] {logging_mixin.py:151} INFO - [2024-12-17T23:56:04.248+0000] {dag.py:3677} INFO - Setting next_dagrun for example_subdag_operator.section-1 to None, run_after=None
[2024-12-17T23:56:04.248+0000] {logging_mixin.py:151} INFO - [2024-12-17T23:56:04.248+0000] {dag.py:3677} INFO - Setting next_dagrun for example_subdag_operator.section-2 to None, run_after=None
[2024-12-17T23:56:04.265+0000] {processor.py:179} INFO - Processing /home/airflow/.local/lib/python3.9/site-packages/airflow/example_dags/example_subdag_operator.py took 0.128 seconds
[2024-12-17T23:56:34.331+0000] {processor.py:157} INFO - Started process (PID=508) to work on /home/airflow/.local/lib/python3.9/site-packages/airflow/example_dags/example_subdag_operator.py
[2024-12-17T23:56:34.332+0000] {processor.py:829} INFO - Processing file /home/airflow/.local/lib/python3.9/site-packages/airflow/example_dags/example_subdag_operator.py for tasks to queue
[2024-12-17T23:56:34.335+0000] {logging_mixin.py:151} INFO - [2024-12-17T23:56:34.335+0000] {dagbag.py:539} INFO - Filling up the DagBag from /home/airflow/.local/lib/python3.9/site-packages/airflow/example_dags/example_subdag_operator.py
[2024-12-17T23:56:34.362+0000] {processor.py:839} INFO - DAG(s) dict_keys(['example_subdag_operator.section-1', 'example_subdag_operator.section-2', 'example_subdag_operator']) retrieved from /home/airflow/.local/lib/python3.9/site-packages/airflow/example_dags/example_subdag_operator.py
[2024-12-17T23:56:34.378+0000] {logging_mixin.py:151} INFO - [2024-12-17T23:56:34.378+0000] {dag.py:2907} INFO - Sync 3 DAGs
[2024-12-17T23:56:34.401+0000] {logging_mixin.py:151} INFO - [2024-12-17T23:56:34.401+0000] {dag.py:3677} INFO - Setting next_dagrun for example_subdag_operator to 2022-01-01T00:00:00+00:00, run_after=2022-01-01T00:00:00+00:00
[2024-12-17T23:56:34.406+0000] {logging_mixin.py:151} INFO - [2024-12-17T23:56:34.406+0000] {dag.py:3677} INFO - Setting next_dagrun for example_subdag_operator.section-1 to None, run_after=None
[2024-12-17T23:56:34.408+0000] {logging_mixin.py:151} INFO - [2024-12-17T23:56:34.408+0000] {dag.py:3677} INFO - Setting next_dagrun for example_subdag_operator.section-2 to None, run_after=None
[2024-12-17T23:56:34.419+0000] {logging_mixin.py:151} INFO - [2024-12-17T23:56:34.418+0000] {dag.py:2907} INFO - Sync 2 DAGs
[2024-12-17T23:56:34.427+0000] {logging_mixin.py:151} INFO - [2024-12-17T23:56:34.427+0000] {dag.py:3677} INFO - Setting next_dagrun for example_subdag_operator.section-1 to None, run_after=None
[2024-12-17T23:56:34.428+0000] {logging_mixin.py:151} INFO - [2024-12-17T23:56:34.428+0000] {dag.py:3677} INFO - Setting next_dagrun for example_subdag_operator.section-2 to None, run_after=None
[2024-12-17T23:56:34.447+0000] {processor.py:179} INFO - Processing /home/airflow/.local/lib/python3.9/site-packages/airflow/example_dags/example_subdag_operator.py took 0.120 seconds
[2024-12-17T23:57:04.646+0000] {processor.py:157} INFO - Started process (PID=570) to work on /home/airflow/.local/lib/python3.9/site-packages/airflow/example_dags/example_subdag_operator.py
[2024-12-17T23:57:04.647+0000] {processor.py:829} INFO - Processing file /home/airflow/.local/lib/python3.9/site-packages/airflow/example_dags/example_subdag_operator.py for tasks to queue
[2024-12-17T23:57:04.651+0000] {logging_mixin.py:151} INFO - [2024-12-17T23:57:04.650+0000] {dagbag.py:539} INFO - Filling up the DagBag from /home/airflow/.local/lib/python3.9/site-packages/airflow/example_dags/example_subdag_operator.py
[2024-12-17T23:57:04.684+0000] {processor.py:839} INFO - DAG(s) dict_keys(['example_subdag_operator.section-1', 'example_subdag_operator.section-2', 'example_subdag_operator']) retrieved from /home/airflow/.local/lib/python3.9/site-packages/airflow/example_dags/example_subdag_operator.py
[2024-12-17T23:57:04.704+0000] {logging_mixin.py:151} INFO - [2024-12-17T23:57:04.703+0000] {dag.py:2907} INFO - Sync 3 DAGs
[2024-12-17T23:57:04.735+0000] {logging_mixin.py:151} INFO - [2024-12-17T23:57:04.734+0000] {dag.py:3677} INFO - Setting next_dagrun for example_subdag_operator to 2022-01-01T00:00:00+00:00, run_after=2022-01-01T00:00:00+00:00
[2024-12-17T23:57:04.741+0000] {logging_mixin.py:151} INFO - [2024-12-17T23:57:04.740+0000] {dag.py:3677} INFO - Setting next_dagrun for example_subdag_operator.section-1 to None, run_after=None
[2024-12-17T23:57:04.743+0000] {logging_mixin.py:151} INFO - [2024-12-17T23:57:04.743+0000] {dag.py:3677} INFO - Setting next_dagrun for example_subdag_operator.section-2 to None, run_after=None
[2024-12-17T23:57:04.752+0000] {logging_mixin.py:151} INFO - [2024-12-17T23:57:04.751+0000] {dag.py:2907} INFO - Sync 2 DAGs
[2024-12-17T23:57:04.760+0000] {logging_mixin.py:151} INFO - [2024-12-17T23:57:04.759+0000] {dag.py:3677} INFO - Setting next_dagrun for example_subdag_operator.section-1 to None, run_after=None
[2024-12-17T23:57:04.761+0000] {logging_mixin.py:151} INFO - [2024-12-17T23:57:04.760+0000] {dag.py:3677} INFO - Setting next_dagrun for example_subdag_operator.section-2 to None, run_after=None
[2024-12-17T23:57:04.775+0000] {processor.py:179} INFO - Processing /home/airflow/.local/lib/python3.9/site-packages/airflow/example_dags/example_subdag_operator.py took 0.133 seconds
[2024-12-17T23:57:35.127+0000] {processor.py:157} INFO - Started process (PID=632) to work on /home/airflow/.local/lib/python3.9/site-packages/airflow/example_dags/example_subdag_operator.py
[2024-12-17T23:57:35.129+0000] {processor.py:829} INFO - Processing file /home/airflow/.local/lib/python3.9/site-packages/airflow/example_dags/example_subdag_operator.py for tasks to queue
[2024-12-17T23:57:35.132+0000] {logging_mixin.py:151} INFO - [2024-12-17T23:57:35.131+0000] {dagbag.py:539} INFO - Filling up the DagBag from /home/airflow/.local/lib/python3.9/site-packages/airflow/example_dags/example_subdag_operator.py
[2024-12-17T23:57:35.161+0000] {processor.py:839} INFO - DAG(s) dict_keys(['example_subdag_operator.section-1', 'example_subdag_operator.section-2', 'example_subdag_operator']) retrieved from /home/airflow/.local/lib/python3.9/site-packages/airflow/example_dags/example_subdag_operator.py
[2024-12-17T23:57:35.179+0000] {logging_mixin.py:151} INFO - [2024-12-17T23:57:35.179+0000] {dag.py:2907} INFO - Sync 3 DAGs
[2024-12-17T23:57:35.204+0000] {logging_mixin.py:151} INFO - [2024-12-17T23:57:35.204+0000] {dag.py:3677} INFO - Setting next_dagrun for example_subdag_operator to 2022-01-01T00:00:00+00:00, run_after=2022-01-01T00:00:00+00:00
[2024-12-17T23:57:35.209+0000] {logging_mixin.py:151} INFO - [2024-12-17T23:57:35.209+0000] {dag.py:3677} INFO - Setting next_dagrun for example_subdag_operator.section-1 to None, run_after=None
[2024-12-17T23:57:35.211+0000] {logging_mixin.py:151} INFO - [2024-12-17T23:57:35.210+0000] {dag.py:3677} INFO - Setting next_dagrun for example_subdag_operator.section-2 to None, run_after=None
[2024-12-17T23:57:35.220+0000] {logging_mixin.py:151} INFO - [2024-12-17T23:57:35.220+0000] {dag.py:2907} INFO - Sync 2 DAGs
[2024-12-17T23:57:35.228+0000] {logging_mixin.py:151} INFO - [2024-12-17T23:57:35.227+0000] {dag.py:3677} INFO - Setting next_dagrun for example_subdag_operator.section-1 to None, run_after=None
[2024-12-17T23:57:35.229+0000] {logging_mixin.py:151} INFO - [2024-12-17T23:57:35.228+0000] {dag.py:3677} INFO - Setting next_dagrun for example_subdag_operator.section-2 to None, run_after=None
[2024-12-17T23:57:35.250+0000] {processor.py:179} INFO - Processing /home/airflow/.local/lib/python3.9/site-packages/airflow/example_dags/example_subdag_operator.py took 0.127 seconds
[2024-12-17T23:58:05.692+0000] {processor.py:157} INFO - Started process (PID=694) to work on /home/airflow/.local/lib/python3.9/site-packages/airflow/example_dags/example_subdag_operator.py
[2024-12-17T23:58:05.693+0000] {processor.py:829} INFO - Processing file /home/airflow/.local/lib/python3.9/site-packages/airflow/example_dags/example_subdag_operator.py for tasks to queue
[2024-12-17T23:58:05.696+0000] {logging_mixin.py:151} INFO - [2024-12-17T23:58:05.695+0000] {dagbag.py:539} INFO - Filling up the DagBag from /home/airflow/.local/lib/python3.9/site-packages/airflow/example_dags/example_subdag_operator.py
[2024-12-17T23:58:05.726+0000] {processor.py:839} INFO - DAG(s) dict_keys(['example_subdag_operator.section-1', 'example_subdag_operator.section-2', 'example_subdag_operator']) retrieved from /home/airflow/.local/lib/python3.9/site-packages/airflow/example_dags/example_subdag_operator.py
[2024-12-17T23:58:05.744+0000] {logging_mixin.py:151} INFO - [2024-12-17T23:58:05.744+0000] {dag.py:2907} INFO - Sync 3 DAGs
[2024-12-17T23:58:05.769+0000] {logging_mixin.py:151} INFO - [2024-12-17T23:58:05.769+0000] {dag.py:3677} INFO - Setting next_dagrun for example_subdag_operator to 2022-01-01T00:00:00+00:00, run_after=2022-01-01T00:00:00+00:00
[2024-12-17T23:58:05.776+0000] {logging_mixin.py:151} INFO - [2024-12-17T23:58:05.776+0000] {dag.py:3677} INFO - Setting next_dagrun for example_subdag_operator.section-1 to None, run_after=None
[2024-12-17T23:58:05.778+0000] {logging_mixin.py:151} INFO - [2024-12-17T23:58:05.778+0000] {dag.py:3677} INFO - Setting next_dagrun for example_subdag_operator.section-2 to None, run_after=None
[2024-12-17T23:58:05.786+0000] {logging_mixin.py:151} INFO - [2024-12-17T23:58:05.786+0000] {dag.py:2907} INFO - Sync 2 DAGs
[2024-12-17T23:58:05.792+0000] {logging_mixin.py:151} INFO - [2024-12-17T23:58:05.792+0000] {dag.py:3677} INFO - Setting next_dagrun for example_subdag_operator.section-1 to None, run_after=None
[2024-12-17T23:58:05.793+0000] {logging_mixin.py:151} INFO - [2024-12-17T23:58:05.793+0000] {dag.py:3677} INFO - Setting next_dagrun for example_subdag_operator.section-2 to None, run_after=None
[2024-12-17T23:58:05.808+0000] {processor.py:179} INFO - Processing /home/airflow/.local/lib/python3.9/site-packages/airflow/example_dags/example_subdag_operator.py took 0.120 seconds
[2024-12-17T23:58:36.065+0000] {processor.py:157} INFO - Started process (PID=756) to work on /home/airflow/.local/lib/python3.9/site-packages/airflow/example_dags/example_subdag_operator.py
[2024-12-17T23:58:36.067+0000] {processor.py:829} INFO - Processing file /home/airflow/.local/lib/python3.9/site-packages/airflow/example_dags/example_subdag_operator.py for tasks to queue
[2024-12-17T23:58:36.070+0000] {logging_mixin.py:151} INFO - [2024-12-17T23:58:36.069+0000] {dagbag.py:539} INFO - Filling up the DagBag from /home/airflow/.local/lib/python3.9/site-packages/airflow/example_dags/example_subdag_operator.py
[2024-12-17T23:58:36.103+0000] {processor.py:839} INFO - DAG(s) dict_keys(['example_subdag_operator.section-1', 'example_subdag_operator.section-2', 'example_subdag_operator']) retrieved from /home/airflow/.local/lib/python3.9/site-packages/airflow/example_dags/example_subdag_operator.py
[2024-12-17T23:58:36.121+0000] {logging_mixin.py:151} INFO - [2024-12-17T23:58:36.121+0000] {dag.py:2907} INFO - Sync 3 DAGs
[2024-12-17T23:58:36.151+0000] {logging_mixin.py:151} INFO - [2024-12-17T23:58:36.150+0000] {dag.py:3677} INFO - Setting next_dagrun for example_subdag_operator to 2022-01-01T00:00:00+00:00, run_after=2022-01-01T00:00:00+00:00
[2024-12-17T23:58:36.156+0000] {logging_mixin.py:151} INFO - [2024-12-17T23:58:36.156+0000] {dag.py:3677} INFO - Setting next_dagrun for example_subdag_operator.section-1 to None, run_after=None
[2024-12-17T23:58:36.158+0000] {logging_mixin.py:151} INFO - [2024-12-17T23:58:36.158+0000] {dag.py:3677} INFO - Setting next_dagrun for example_subdag_operator.section-2 to None, run_after=None
[2024-12-17T23:58:36.168+0000] {logging_mixin.py:151} INFO - [2024-12-17T23:58:36.167+0000] {dag.py:2907} INFO - Sync 2 DAGs
[2024-12-17T23:58:36.175+0000] {logging_mixin.py:151} INFO - [2024-12-17T23:58:36.175+0000] {dag.py:3677} INFO - Setting next_dagrun for example_subdag_operator.section-1 to None, run_after=None
[2024-12-17T23:58:36.176+0000] {logging_mixin.py:151} INFO - [2024-12-17T23:58:36.176+0000] {dag.py:3677} INFO - Setting next_dagrun for example_subdag_operator.section-2 to None, run_after=None
[2024-12-17T23:58:36.190+0000] {processor.py:179} INFO - Processing /home/airflow/.local/lib/python3.9/site-packages/airflow/example_dags/example_subdag_operator.py took 0.129 seconds
[2024-12-17T23:59:07.182+0000] {processor.py:157} INFO - Started process (PID=818) to work on /home/airflow/.local/lib/python3.9/site-packages/airflow/example_dags/example_subdag_operator.py
[2024-12-17T23:59:07.183+0000] {processor.py:829} INFO - Processing file /home/airflow/.local/lib/python3.9/site-packages/airflow/example_dags/example_subdag_operator.py for tasks to queue
[2024-12-17T23:59:07.187+0000] {logging_mixin.py:151} INFO - [2024-12-17T23:59:07.186+0000] {dagbag.py:539} INFO - Filling up the DagBag from /home/airflow/.local/lib/python3.9/site-packages/airflow/example_dags/example_subdag_operator.py
[2024-12-17T23:59:07.220+0000] {processor.py:839} INFO - DAG(s) dict_keys(['example_subdag_operator.section-1', 'example_subdag_operator.section-2', 'example_subdag_operator']) retrieved from /home/airflow/.local/lib/python3.9/site-packages/airflow/example_dags/example_subdag_operator.py
[2024-12-17T23:59:07.246+0000] {logging_mixin.py:151} INFO - [2024-12-17T23:59:07.246+0000] {dag.py:2907} INFO - Sync 3 DAGs
[2024-12-17T23:59:07.281+0000] {logging_mixin.py:151} INFO - [2024-12-17T23:59:07.280+0000] {dag.py:3677} INFO - Setting next_dagrun for example_subdag_operator to 2022-01-01T00:00:00+00:00, run_after=2022-01-01T00:00:00+00:00
[2024-12-17T23:59:07.287+0000] {logging_mixin.py:151} INFO - [2024-12-17T23:59:07.286+0000] {dag.py:3677} INFO - Setting next_dagrun for example_subdag_operator.section-1 to None, run_after=None
[2024-12-17T23:59:07.288+0000] {logging_mixin.py:151} INFO - [2024-12-17T23:59:07.288+0000] {dag.py:3677} INFO - Setting next_dagrun for example_subdag_operator.section-2 to None, run_after=None
[2024-12-17T23:59:07.297+0000] {logging_mixin.py:151} INFO - [2024-12-17T23:59:07.297+0000] {dag.py:2907} INFO - Sync 2 DAGs
[2024-12-17T23:59:07.306+0000] {logging_mixin.py:151} INFO - [2024-12-17T23:59:07.306+0000] {dag.py:3677} INFO - Setting next_dagrun for example_subdag_operator.section-1 to None, run_after=None
[2024-12-17T23:59:07.308+0000] {logging_mixin.py:151} INFO - [2024-12-17T23:59:07.307+0000] {dag.py:3677} INFO - Setting next_dagrun for example_subdag_operator.section-2 to None, run_after=None
[2024-12-17T23:59:07.329+0000] {processor.py:179} INFO - Processing /home/airflow/.local/lib/python3.9/site-packages/airflow/example_dags/example_subdag_operator.py took 0.152 seconds
[2024-12-17T23:59:38.210+0000] {processor.py:157} INFO - Started process (PID=880) to work on /home/airflow/.local/lib/python3.9/site-packages/airflow/example_dags/example_subdag_operator.py
[2024-12-17T23:59:38.211+0000] {processor.py:829} INFO - Processing file /home/airflow/.local/lib/python3.9/site-packages/airflow/example_dags/example_subdag_operator.py for tasks to queue
[2024-12-17T23:59:38.214+0000] {logging_mixin.py:151} INFO - [2024-12-17T23:59:38.214+0000] {dagbag.py:539} INFO - Filling up the DagBag from /home/airflow/.local/lib/python3.9/site-packages/airflow/example_dags/example_subdag_operator.py
[2024-12-17T23:59:38.242+0000] {processor.py:839} INFO - DAG(s) dict_keys(['example_subdag_operator.section-1', 'example_subdag_operator.section-2', 'example_subdag_operator']) retrieved from /home/airflow/.local/lib/python3.9/site-packages/airflow/example_dags/example_subdag_operator.py
[2024-12-17T23:59:38.258+0000] {logging_mixin.py:151} INFO - [2024-12-17T23:59:38.258+0000] {dag.py:2907} INFO - Sync 3 DAGs
[2024-12-17T23:59:38.281+0000] {logging_mixin.py:151} INFO - [2024-12-17T23:59:38.281+0000] {dag.py:3677} INFO - Setting next_dagrun for example_subdag_operator to 2022-01-01T00:00:00+00:00, run_after=2022-01-01T00:00:00+00:00
[2024-12-17T23:59:38.285+0000] {logging_mixin.py:151} INFO - [2024-12-17T23:59:38.285+0000] {dag.py:3677} INFO - Setting next_dagrun for example_subdag_operator.section-1 to None, run_after=None
[2024-12-17T23:59:38.287+0000] {logging_mixin.py:151} INFO - [2024-12-17T23:59:38.287+0000] {dag.py:3677} INFO - Setting next_dagrun for example_subdag_operator.section-2 to None, run_after=None
[2024-12-17T23:59:38.295+0000] {logging_mixin.py:151} INFO - [2024-12-17T23:59:38.295+0000] {dag.py:2907} INFO - Sync 2 DAGs
[2024-12-17T23:59:38.302+0000] {logging_mixin.py:151} INFO - [2024-12-17T23:59:38.302+0000] {dag.py:3677} INFO - Setting next_dagrun for example_subdag_operator.section-1 to None, run_after=None
[2024-12-17T23:59:38.303+0000] {logging_mixin.py:151} INFO - [2024-12-17T23:59:38.302+0000] {dag.py:3677} INFO - Setting next_dagrun for example_subdag_operator.section-2 to None, run_after=None
[2024-12-17T23:59:38.315+0000] {processor.py:179} INFO - Processing /home/airflow/.local/lib/python3.9/site-packages/airflow/example_dags/example_subdag_operator.py took 0.109 seconds
