[2024-12-17T23:53:03.092+0000] {processor.py:157} INFO - Started process (PID=89) to work on /home/airflow/.local/lib/python3.9/site-packages/airflow/example_dags/tutorial.py
[2024-12-17T23:53:03.095+0000] {processor.py:829} INFO - Processing file /home/airflow/.local/lib/python3.9/site-packages/airflow/example_dags/tutorial.py for tasks to queue
[2024-12-17T23:53:03.098+0000] {logging_mixin.py:151} INFO - [2024-12-17T23:53:03.097+0000] {dagbag.py:539} INFO - Filling up the DagBag from /home/airflow/.local/lib/python3.9/site-packages/airflow/example_dags/tutorial.py
[2024-12-17T23:53:03.111+0000] {processor.py:839} INFO - DAG(s) dict_keys(['tutorial']) retrieved from /home/airflow/.local/lib/python3.9/site-packages/airflow/example_dags/tutorial.py
[2024-12-17T23:53:03.259+0000] {logging_mixin.py:151} INFO - [2024-12-17T23:53:03.259+0000] {manager.py:501} INFO - Created Permission View: can read on DAG:tutorial
[2024-12-17T23:53:03.275+0000] {logging_mixin.py:151} INFO - [2024-12-17T23:53:03.275+0000] {manager.py:501} INFO - Created Permission View: can edit on DAG:tutorial
[2024-12-17T23:53:03.284+0000] {logging_mixin.py:151} INFO - [2024-12-17T23:53:03.284+0000] {manager.py:501} INFO - Created Permission View: can delete on DAG:tutorial
[2024-12-17T23:53:03.300+0000] {logging_mixin.py:151} INFO - [2024-12-17T23:53:03.300+0000] {dag.py:2907} INFO - Sync 1 DAGs
[2024-12-17T23:53:03.313+0000] {logging_mixin.py:151} INFO - [2024-12-17T23:53:03.313+0000] {dag.py:2929} INFO - Creating ORM DAG for tutorial
[2024-12-17T23:53:03.325+0000] {logging_mixin.py:151} INFO - [2024-12-17T23:53:03.325+0000] {dag.py:3677} INFO - Setting next_dagrun for tutorial to 2024-12-16T23:53:03.325261+00:00, run_after=2024-12-17T23:53:03.325261+00:00
[2024-12-17T23:53:03.347+0000] {processor.py:179} INFO - Processing /home/airflow/.local/lib/python3.9/site-packages/airflow/example_dags/tutorial.py took 0.261 seconds
[2024-12-17T23:53:33.477+0000] {processor.py:157} INFO - Started process (PID=150) to work on /home/airflow/.local/lib/python3.9/site-packages/airflow/example_dags/tutorial.py
[2024-12-17T23:53:33.478+0000] {processor.py:829} INFO - Processing file /home/airflow/.local/lib/python3.9/site-packages/airflow/example_dags/tutorial.py for tasks to queue
[2024-12-17T23:53:33.481+0000] {logging_mixin.py:151} INFO - [2024-12-17T23:53:33.481+0000] {dagbag.py:539} INFO - Filling up the DagBag from /home/airflow/.local/lib/python3.9/site-packages/airflow/example_dags/tutorial.py
[2024-12-17T23:53:33.490+0000] {processor.py:839} INFO - DAG(s) dict_keys(['tutorial']) retrieved from /home/airflow/.local/lib/python3.9/site-packages/airflow/example_dags/tutorial.py
[2024-12-17T23:53:33.520+0000] {logging_mixin.py:151} INFO - [2024-12-17T23:53:33.520+0000] {dag.py:2907} INFO - Sync 1 DAGs
[2024-12-17T23:53:33.545+0000] {logging_mixin.py:151} INFO - [2024-12-17T23:53:33.544+0000] {dag.py:3677} INFO - Setting next_dagrun for tutorial to 2024-12-16T23:53:33.544642+00:00, run_after=2024-12-17T23:53:33.544642+00:00
[2024-12-17T23:53:33.615+0000] {processor.py:179} INFO - Processing /home/airflow/.local/lib/python3.9/site-packages/airflow/example_dags/tutorial.py took 0.141 seconds
[2024-12-17T23:54:04.149+0000] {processor.py:157} INFO - Started process (PID=211) to work on /home/airflow/.local/lib/python3.9/site-packages/airflow/example_dags/tutorial.py
[2024-12-17T23:54:04.151+0000] {processor.py:829} INFO - Processing file /home/airflow/.local/lib/python3.9/site-packages/airflow/example_dags/tutorial.py for tasks to queue
[2024-12-17T23:54:04.154+0000] {logging_mixin.py:151} INFO - [2024-12-17T23:54:04.154+0000] {dagbag.py:539} INFO - Filling up the DagBag from /home/airflow/.local/lib/python3.9/site-packages/airflow/example_dags/tutorial.py
[2024-12-17T23:54:04.162+0000] {processor.py:839} INFO - DAG(s) dict_keys(['tutorial']) retrieved from /home/airflow/.local/lib/python3.9/site-packages/airflow/example_dags/tutorial.py
[2024-12-17T23:54:04.190+0000] {logging_mixin.py:151} INFO - [2024-12-17T23:54:04.190+0000] {dag.py:2907} INFO - Sync 1 DAGs
[2024-12-17T23:54:04.224+0000] {logging_mixin.py:151} INFO - [2024-12-17T23:54:04.223+0000] {dag.py:3677} INFO - Setting next_dagrun for tutorial to 2024-12-16T23:54:04.223509+00:00, run_after=2024-12-17T23:54:04.223509+00:00
[2024-12-17T23:54:04.247+0000] {processor.py:179} INFO - Processing /home/airflow/.local/lib/python3.9/site-packages/airflow/example_dags/tutorial.py took 0.102 seconds
[2024-12-17T23:54:34.340+0000] {processor.py:157} INFO - Started process (PID=273) to work on /home/airflow/.local/lib/python3.9/site-packages/airflow/example_dags/tutorial.py
[2024-12-17T23:54:34.341+0000] {processor.py:829} INFO - Processing file /home/airflow/.local/lib/python3.9/site-packages/airflow/example_dags/tutorial.py for tasks to queue
[2024-12-17T23:54:34.344+0000] {logging_mixin.py:151} INFO - [2024-12-17T23:54:34.344+0000] {dagbag.py:539} INFO - Filling up the DagBag from /home/airflow/.local/lib/python3.9/site-packages/airflow/example_dags/tutorial.py
[2024-12-17T23:54:34.355+0000] {processor.py:839} INFO - DAG(s) dict_keys(['tutorial']) retrieved from /home/airflow/.local/lib/python3.9/site-packages/airflow/example_dags/tutorial.py
[2024-12-17T23:54:34.387+0000] {logging_mixin.py:151} INFO - [2024-12-17T23:54:34.387+0000] {dag.py:2907} INFO - Sync 1 DAGs
[2024-12-17T23:54:34.425+0000] {logging_mixin.py:151} INFO - [2024-12-17T23:54:34.425+0000] {dag.py:3677} INFO - Setting next_dagrun for tutorial to 2024-12-16T23:54:34.424595+00:00, run_after=2024-12-17T23:54:34.424595+00:00
[2024-12-17T23:54:34.464+0000] {processor.py:179} INFO - Processing /home/airflow/.local/lib/python3.9/site-packages/airflow/example_dags/tutorial.py took 0.129 seconds
[2024-12-17T23:55:04.813+0000] {processor.py:157} INFO - Started process (PID=335) to work on /home/airflow/.local/lib/python3.9/site-packages/airflow/example_dags/tutorial.py
[2024-12-17T23:55:04.814+0000] {processor.py:829} INFO - Processing file /home/airflow/.local/lib/python3.9/site-packages/airflow/example_dags/tutorial.py for tasks to queue
[2024-12-17T23:55:04.817+0000] {logging_mixin.py:151} INFO - [2024-12-17T23:55:04.817+0000] {dagbag.py:539} INFO - Filling up the DagBag from /home/airflow/.local/lib/python3.9/site-packages/airflow/example_dags/tutorial.py
[2024-12-17T23:55:04.825+0000] {processor.py:839} INFO - DAG(s) dict_keys(['tutorial']) retrieved from /home/airflow/.local/lib/python3.9/site-packages/airflow/example_dags/tutorial.py
[2024-12-17T23:55:04.851+0000] {logging_mixin.py:151} INFO - [2024-12-17T23:55:04.851+0000] {dag.py:2907} INFO - Sync 1 DAGs
[2024-12-17T23:55:04.882+0000] {logging_mixin.py:151} INFO - [2024-12-17T23:55:04.882+0000] {dag.py:3677} INFO - Setting next_dagrun for tutorial to 2024-12-16T23:55:04.881960+00:00, run_after=2024-12-17T23:55:04.881960+00:00
[2024-12-17T23:55:04.906+0000] {processor.py:179} INFO - Processing /home/airflow/.local/lib/python3.9/site-packages/airflow/example_dags/tutorial.py took 0.096 seconds
[2024-12-17T23:55:34.986+0000] {processor.py:157} INFO - Started process (PID=397) to work on /home/airflow/.local/lib/python3.9/site-packages/airflow/example_dags/tutorial.py
[2024-12-17T23:55:34.987+0000] {processor.py:829} INFO - Processing file /home/airflow/.local/lib/python3.9/site-packages/airflow/example_dags/tutorial.py for tasks to queue
[2024-12-17T23:55:34.990+0000] {logging_mixin.py:151} INFO - [2024-12-17T23:55:34.990+0000] {dagbag.py:539} INFO - Filling up the DagBag from /home/airflow/.local/lib/python3.9/site-packages/airflow/example_dags/tutorial.py
[2024-12-17T23:55:34.998+0000] {processor.py:839} INFO - DAG(s) dict_keys(['tutorial']) retrieved from /home/airflow/.local/lib/python3.9/site-packages/airflow/example_dags/tutorial.py
[2024-12-17T23:55:35.026+0000] {logging_mixin.py:151} INFO - [2024-12-17T23:55:35.026+0000] {dag.py:2907} INFO - Sync 1 DAGs
[2024-12-17T23:55:35.052+0000] {logging_mixin.py:151} INFO - [2024-12-17T23:55:35.052+0000] {dag.py:3677} INFO - Setting next_dagrun for tutorial to 2024-12-16T23:55:35.051695+00:00, run_after=2024-12-17T23:55:35.051695+00:00
[2024-12-17T23:55:35.077+0000] {processor.py:179} INFO - Processing /home/airflow/.local/lib/python3.9/site-packages/airflow/example_dags/tutorial.py took 0.095 seconds
[2024-12-17T23:56:05.952+0000] {processor.py:157} INFO - Started process (PID=458) to work on /home/airflow/.local/lib/python3.9/site-packages/airflow/example_dags/tutorial.py
[2024-12-17T23:56:05.953+0000] {processor.py:829} INFO - Processing file /home/airflow/.local/lib/python3.9/site-packages/airflow/example_dags/tutorial.py for tasks to queue
[2024-12-17T23:56:05.956+0000] {logging_mixin.py:151} INFO - [2024-12-17T23:56:05.956+0000] {dagbag.py:539} INFO - Filling up the DagBag from /home/airflow/.local/lib/python3.9/site-packages/airflow/example_dags/tutorial.py
[2024-12-17T23:56:05.964+0000] {processor.py:839} INFO - DAG(s) dict_keys(['tutorial']) retrieved from /home/airflow/.local/lib/python3.9/site-packages/airflow/example_dags/tutorial.py
[2024-12-17T23:56:05.988+0000] {logging_mixin.py:151} INFO - [2024-12-17T23:56:05.988+0000] {dag.py:2907} INFO - Sync 1 DAGs
[2024-12-17T23:56:06.013+0000] {logging_mixin.py:151} INFO - [2024-12-17T23:56:06.013+0000] {dag.py:3677} INFO - Setting next_dagrun for tutorial to 2024-12-16T23:56:06.012957+00:00, run_after=2024-12-17T23:56:06.012957+00:00
[2024-12-17T23:56:06.037+0000] {processor.py:179} INFO - Processing /home/airflow/.local/lib/python3.9/site-packages/airflow/example_dags/tutorial.py took 0.089 seconds
[2024-12-17T23:56:36.335+0000] {processor.py:157} INFO - Started process (PID=520) to work on /home/airflow/.local/lib/python3.9/site-packages/airflow/example_dags/tutorial.py
[2024-12-17T23:56:36.336+0000] {processor.py:829} INFO - Processing file /home/airflow/.local/lib/python3.9/site-packages/airflow/example_dags/tutorial.py for tasks to queue
[2024-12-17T23:56:36.340+0000] {logging_mixin.py:151} INFO - [2024-12-17T23:56:36.340+0000] {dagbag.py:539} INFO - Filling up the DagBag from /home/airflow/.local/lib/python3.9/site-packages/airflow/example_dags/tutorial.py
[2024-12-17T23:56:36.349+0000] {processor.py:839} INFO - DAG(s) dict_keys(['tutorial']) retrieved from /home/airflow/.local/lib/python3.9/site-packages/airflow/example_dags/tutorial.py
[2024-12-17T23:56:36.381+0000] {logging_mixin.py:151} INFO - [2024-12-17T23:56:36.381+0000] {dag.py:2907} INFO - Sync 1 DAGs
[2024-12-17T23:56:36.412+0000] {logging_mixin.py:151} INFO - [2024-12-17T23:56:36.412+0000] {dag.py:3677} INFO - Setting next_dagrun for tutorial to 2024-12-16T23:56:36.412161+00:00, run_after=2024-12-17T23:56:36.412161+00:00
[2024-12-17T23:56:36.435+0000] {processor.py:179} INFO - Processing /home/airflow/.local/lib/python3.9/site-packages/airflow/example_dags/tutorial.py took 0.106 seconds
[2024-12-17T23:57:06.747+0000] {processor.py:157} INFO - Started process (PID=582) to work on /home/airflow/.local/lib/python3.9/site-packages/airflow/example_dags/tutorial.py
[2024-12-17T23:57:06.748+0000] {processor.py:829} INFO - Processing file /home/airflow/.local/lib/python3.9/site-packages/airflow/example_dags/tutorial.py for tasks to queue
[2024-12-17T23:57:06.752+0000] {logging_mixin.py:151} INFO - [2024-12-17T23:57:06.751+0000] {dagbag.py:539} INFO - Filling up the DagBag from /home/airflow/.local/lib/python3.9/site-packages/airflow/example_dags/tutorial.py
[2024-12-17T23:57:06.761+0000] {processor.py:839} INFO - DAG(s) dict_keys(['tutorial']) retrieved from /home/airflow/.local/lib/python3.9/site-packages/airflow/example_dags/tutorial.py
[2024-12-17T23:57:06.786+0000] {logging_mixin.py:151} INFO - [2024-12-17T23:57:06.786+0000] {dag.py:2907} INFO - Sync 1 DAGs
[2024-12-17T23:57:06.818+0000] {logging_mixin.py:151} INFO - [2024-12-17T23:57:06.818+0000] {dag.py:3677} INFO - Setting next_dagrun for tutorial to 2024-12-16T23:57:06.817948+00:00, run_after=2024-12-17T23:57:06.817948+00:00
[2024-12-17T23:57:06.844+0000] {processor.py:179} INFO - Processing /home/airflow/.local/lib/python3.9/site-packages/airflow/example_dags/tutorial.py took 0.100 seconds
[2024-12-17T23:57:36.882+0000] {processor.py:157} INFO - Started process (PID=642) to work on /home/airflow/.local/lib/python3.9/site-packages/airflow/example_dags/tutorial.py
[2024-12-17T23:57:36.883+0000] {processor.py:829} INFO - Processing file /home/airflow/.local/lib/python3.9/site-packages/airflow/example_dags/tutorial.py for tasks to queue
[2024-12-17T23:57:36.887+0000] {logging_mixin.py:151} INFO - [2024-12-17T23:57:36.886+0000] {dagbag.py:539} INFO - Filling up the DagBag from /home/airflow/.local/lib/python3.9/site-packages/airflow/example_dags/tutorial.py
[2024-12-17T23:57:36.894+0000] {processor.py:839} INFO - DAG(s) dict_keys(['tutorial']) retrieved from /home/airflow/.local/lib/python3.9/site-packages/airflow/example_dags/tutorial.py
[2024-12-17T23:57:36.920+0000] {logging_mixin.py:151} INFO - [2024-12-17T23:57:36.920+0000] {dag.py:2907} INFO - Sync 1 DAGs
[2024-12-17T23:57:36.947+0000] {logging_mixin.py:151} INFO - [2024-12-17T23:57:36.947+0000] {dag.py:3677} INFO - Setting next_dagrun for tutorial to 2024-12-16T23:57:36.946832+00:00, run_after=2024-12-17T23:57:36.946832+00:00
[2024-12-17T23:57:36.969+0000] {processor.py:179} INFO - Processing /home/airflow/.local/lib/python3.9/site-packages/airflow/example_dags/tutorial.py took 0.091 seconds
[2024-12-17T23:58:07.386+0000] {processor.py:157} INFO - Started process (PID=704) to work on /home/airflow/.local/lib/python3.9/site-packages/airflow/example_dags/tutorial.py
[2024-12-17T23:58:07.387+0000] {processor.py:829} INFO - Processing file /home/airflow/.local/lib/python3.9/site-packages/airflow/example_dags/tutorial.py for tasks to queue
[2024-12-17T23:58:07.390+0000] {logging_mixin.py:151} INFO - [2024-12-17T23:58:07.390+0000] {dagbag.py:539} INFO - Filling up the DagBag from /home/airflow/.local/lib/python3.9/site-packages/airflow/example_dags/tutorial.py
[2024-12-17T23:58:07.399+0000] {processor.py:839} INFO - DAG(s) dict_keys(['tutorial']) retrieved from /home/airflow/.local/lib/python3.9/site-packages/airflow/example_dags/tutorial.py
[2024-12-17T23:58:07.425+0000] {logging_mixin.py:151} INFO - [2024-12-17T23:58:07.424+0000] {dag.py:2907} INFO - Sync 1 DAGs
[2024-12-17T23:58:07.458+0000] {logging_mixin.py:151} INFO - [2024-12-17T23:58:07.457+0000] {dag.py:3677} INFO - Setting next_dagrun for tutorial to 2024-12-16T23:58:07.457632+00:00, run_after=2024-12-17T23:58:07.457632+00:00
[2024-12-17T23:58:07.479+0000] {processor.py:179} INFO - Processing /home/airflow/.local/lib/python3.9/site-packages/airflow/example_dags/tutorial.py took 0.098 seconds
[2024-12-17T23:58:37.793+0000] {processor.py:157} INFO - Started process (PID=766) to work on /home/airflow/.local/lib/python3.9/site-packages/airflow/example_dags/tutorial.py
[2024-12-17T23:58:37.794+0000] {processor.py:829} INFO - Processing file /home/airflow/.local/lib/python3.9/site-packages/airflow/example_dags/tutorial.py for tasks to queue
[2024-12-17T23:58:37.798+0000] {logging_mixin.py:151} INFO - [2024-12-17T23:58:37.797+0000] {dagbag.py:539} INFO - Filling up the DagBag from /home/airflow/.local/lib/python3.9/site-packages/airflow/example_dags/tutorial.py
[2024-12-17T23:58:37.807+0000] {processor.py:839} INFO - DAG(s) dict_keys(['tutorial']) retrieved from /home/airflow/.local/lib/python3.9/site-packages/airflow/example_dags/tutorial.py
[2024-12-17T23:58:37.837+0000] {logging_mixin.py:151} INFO - [2024-12-17T23:58:37.837+0000] {dag.py:2907} INFO - Sync 1 DAGs
[2024-12-17T23:58:37.868+0000] {logging_mixin.py:151} INFO - [2024-12-17T23:58:37.867+0000] {dag.py:3677} INFO - Setting next_dagrun for tutorial to 2024-12-16T23:58:37.867704+00:00, run_after=2024-12-17T23:58:37.867704+00:00
[2024-12-17T23:58:37.893+0000] {processor.py:179} INFO - Processing /home/airflow/.local/lib/python3.9/site-packages/airflow/example_dags/tutorial.py took 0.103 seconds
[2024-12-17T23:59:07.973+0000] {processor.py:157} INFO - Started process (PID=828) to work on /home/airflow/.local/lib/python3.9/site-packages/airflow/example_dags/tutorial.py
[2024-12-17T23:59:07.974+0000] {processor.py:829} INFO - Processing file /home/airflow/.local/lib/python3.9/site-packages/airflow/example_dags/tutorial.py for tasks to queue
[2024-12-17T23:59:07.977+0000] {logging_mixin.py:151} INFO - [2024-12-17T23:59:07.977+0000] {dagbag.py:539} INFO - Filling up the DagBag from /home/airflow/.local/lib/python3.9/site-packages/airflow/example_dags/tutorial.py
[2024-12-17T23:59:07.986+0000] {processor.py:839} INFO - DAG(s) dict_keys(['tutorial']) retrieved from /home/airflow/.local/lib/python3.9/site-packages/airflow/example_dags/tutorial.py
[2024-12-17T23:59:08.014+0000] {logging_mixin.py:151} INFO - [2024-12-17T23:59:08.014+0000] {dag.py:2907} INFO - Sync 1 DAGs
[2024-12-17T23:59:08.048+0000] {logging_mixin.py:151} INFO - [2024-12-17T23:59:08.048+0000] {dag.py:3677} INFO - Setting next_dagrun for tutorial to 2024-12-16T23:59:08.047747+00:00, run_after=2024-12-17T23:59:08.047747+00:00
[2024-12-17T23:59:08.071+0000] {processor.py:179} INFO - Processing /home/airflow/.local/lib/python3.9/site-packages/airflow/example_dags/tutorial.py took 0.103 seconds
[2024-12-17T23:59:39.121+0000] {processor.py:157} INFO - Started process (PID=890) to work on /home/airflow/.local/lib/python3.9/site-packages/airflow/example_dags/tutorial.py
[2024-12-17T23:59:39.122+0000] {processor.py:829} INFO - Processing file /home/airflow/.local/lib/python3.9/site-packages/airflow/example_dags/tutorial.py for tasks to queue
[2024-12-17T23:59:39.125+0000] {logging_mixin.py:151} INFO - [2024-12-17T23:59:39.125+0000] {dagbag.py:539} INFO - Filling up the DagBag from /home/airflow/.local/lib/python3.9/site-packages/airflow/example_dags/tutorial.py
[2024-12-17T23:59:39.133+0000] {processor.py:839} INFO - DAG(s) dict_keys(['tutorial']) retrieved from /home/airflow/.local/lib/python3.9/site-packages/airflow/example_dags/tutorial.py
[2024-12-17T23:59:39.156+0000] {logging_mixin.py:151} INFO - [2024-12-17T23:59:39.156+0000] {dag.py:2907} INFO - Sync 1 DAGs
[2024-12-17T23:59:39.181+0000] {logging_mixin.py:151} INFO - [2024-12-17T23:59:39.180+0000] {dag.py:3677} INFO - Setting next_dagrun for tutorial to 2024-12-16T23:59:39.180517+00:00, run_after=2024-12-17T23:59:39.180517+00:00
[2024-12-17T23:59:39.206+0000] {processor.py:179} INFO - Processing /home/airflow/.local/lib/python3.9/site-packages/airflow/example_dags/tutorial.py took 0.088 seconds
